<?xml version="1.0" encoding="UTF-8"?>
<!-- Generated by org.testng.reporters.JUnitXMLReporter -->
<testsuite hostname="DESKTOP-4VG4ENC" name="Home" tests="13" failures="2" timestamp="12 Jan 2023 15:00:54 GMT" time="131.351" errors="0">
  <testcase name="launchHomePage_Test" time="1.401" classname="com.automation.ui.digitaldeployer.testcases.index.IndexPageTest"/>
  <testcase name="launchAddNewWorkspace_Test" time="30.61" classname="com.automation.ui.digitaldeployer.testcases.home.HomePageTest"/>
  <testcase name="launchAddNewWorkspacename_Test" time="18.774" classname="com.automation.ui.digitaldeployer.testcases.home.HomePageTest">
    <failure type="java.lang.AssertionError" message="ERROR WHILE EXECUTION ">
      <![CDATA[java.lang.AssertionError: ERROR WHILE EXECUTION 
	at com.automation.ui.digitaldeployer.pageobjectsfactory.pageobject.home.pages.HomePage.addws(HomePage.java:133)
	at com.automation.ui.digitaldeployer.testcases.home.HomePageTest.launchAddNewWorkspacename_Test(HomePageTest.java:102)
... Removed 34 stack frames]]>
    </failure>
  </testcase> <!-- launchAddNewWorkspacename_Test -->
  <testcase name="launchSearchText_Test" time="7.982" classname="com.automation.ui.digitaldeployer.testcases.home.HomePageTest"/>
  <testcase name="launchClearall_Test" time="1.609" classname="com.automation.ui.digitaldeployer.testcases.home.HomePageTest">
    <failure type="java.lang.AssertionError" message="ERROR WHILE EXECUTION ">
      <![CDATA[java.lang.AssertionError: ERROR WHILE EXECUTION 
	at com.automation.ui.digitaldeployer.pageobjectsfactory.pageobject.home.pages.HomePage.clearall(HomePage.java:231)
	at com.automation.ui.digitaldeployer.testcases.home.HomePageTest.launchClearall_Test(HomePageTest.java:117)
... Removed 34 stack frames]]>
    </failure>
  </testcase> <!-- launchClearall_Test -->
  <testcase name="launchwsdropdown_Test" time="7.069" classname="com.automation.ui.digitaldeployer.testcases.home.HomePageTest"/>
  <testcase name="launchOverview_Test" time="6.252" classname="com.automation.ui.digitaldeployer.testcases.home.HomePageTest"/>
  <testcase name="launchlangselect_Test" time="6.28" classname="com.automation.ui.digitaldeployer.testcases.home.HomePageTest"/>
  <testcase name="launchApi_Test" time="6.205" classname="com.automation.ui.digitaldeployer.testcases.home.HomePageTest"/>
  <testcase name="launchdocumentation_Test" time="5.524" classname="com.automation.ui.digitaldeployer.testcases.home.HomePageTest"/>
  <testcase name="launchhealth_Test" time="5.209" classname="com.automation.ui.digitaldeployer.testcases.home.HomePageTest"/>
  <testcase name="launchhelp_Test" time="5.246" classname="com.automation.ui.digitaldeployer.testcases.home.HomePageTest"/>
  <testcase name="launchnotification_Test" time="5.287" classname="com.automation.ui.digitaldeployer.testcases.home.HomePageTest"/>
</testsuite> <!-- Home -->
