<!DOCTYPE html PUBLIC "-//W3C//DTD XHTML 1.1//EN" "http://www.w3.org/TR/xhtml11/DTD/xhtml11.dtd">
<html xmlns="http://www.w3.org/1999/xhtml"><head><title>TestNG Report</title><style type="text/css">table {margin-bottom:10px;border-collapse:collapse;empty-cells:show}th,td {border:1px solid #009;padding:.25em .5em}th {vertical-align:bottom}td {vertical-align:top}table a {font-weight:bold}.stripe td {background-color: #E6EBF9}.num {text-align:right}.passedodd td {background-color: #3F3}.passedeven td {background-color: #0A0}.skippedodd td {background-color: #DDD}.skippedeven td {background-color: #CCC}.failedodd td,.attn {background-color: #F33}.failedeven td,.stripe .attn {background-color: #D00}.stacktrace {white-space:pre;font-family:monospace}.totop {font-size:85%;text-align:center;border-bottom:2px solid #000}</style></head><body><table><tr><th>Test</th><th># Passed</th><th># Skipped</th><th># Failed</th><th>Time (ms)</th><th>Included Groups</th><th>Excluded Groups</th></tr><tr><th colspan="7">portalautomation</th></tr><tr><td><a href="#t0">Home</a></td><td class="num">1</td><td class="num">0</td><td class="num attn">3</td><td class="num">94,956</td><td></td><td></td></tr></table><table><thead><tr><th>Class</th><th>Method</th><th>Start</th><th>Time (ms)</th></tr></thead><tbody><tr><th colspan="4">portalautomation</th></tr></tbody><tbody id="t0"><tr><th colspan="4">Home &#8212; failed</th></tr><tr class="failedeven"><td rowspan="1">com.automation.ui.digitaldeployer.testcases.context.ContextPageTest</td><td><a href="#m0">clickEmail_Test</a></td><td rowspan="1">1673241042075</td><td rowspan="1">30388</td></tr><tr class="failedodd"><td rowspan="2">com.automation.ui.digitaldeployer.testcases.index.HomePageTest</td><td><a href="#m1">continue_Test</a></td><td rowspan="1">1673240989716</td><td rowspan="1">15857</td></tr><tr class="failedodd"><td><a href="#m2">search_Test</a></td><td rowspan="1">1673241008367</td><td rowspan="1">30470</td></tr><tr><th colspan="4">Home &#8212; passed</th></tr><tr class="passedeven"><td rowspan="1">com.automation.ui.digitaldeployer.testcases.index.HomePageTest</td><td><a href="#m3">launchHomePage_Test</a></td><td rowspan="1">1673240982813</td><td rowspan="1">4572</td></tr></tbody></table><h2>Home</h2><h3 id="m0">com.automation.ui.digitaldeployer.testcases.context.ContextPageTest#clickEmail_Test</h3><table class="result"><tr class="param"><th>Parameter #1</th></tr><tr class="param stripe"><td>com.automation.ui.digitaldeployer.pageobjectsfactory.pageobject.context.vo.ContextVO@5ff60a8c</td></tr><tr><th>Exception</th></tr><tr><td><div class="stacktrace">java.lang.AssertionError:
    ERROR WHILE EXECUTION
    at com.automation.ui.digitaldeployer.pageobjectsfactory.pageobject.index.pages.IndexPage.search(HomePage.java:197)
    at com.automation.ui.digitaldeployer.testcases.context.ContextPageTest.clickEmail_Test(ContextPageTest.java:74)
    ... Removed 34 stack frames</div></td></tr></table><p class="totop"><a href="#summary">back to summary</a></p><h3 id="m1">com.automation.ui.digitaldeployer.testcases.index.HomePageTest#continue_Test</h3><table class="result"><tr class="param"><th>Parameter #1</th></tr><tr class="param stripe"><td>com.automation.ui.digitaldeployer.pageobjectsfactory.pageobject.index.vo.InitialSearchVO@9255c05</td></tr><tr><th>Exception</th></tr><tr><td><div class="stacktrace">java.lang.AssertionError:
    ERROR WHILE EXECUTION
    at
    com.automation.ui.digitaldeployer.pageobjectsfactory.pageobject.index.pages.IndexPage.continueButton(HomePage.java:124)
    at com.automation.ui.digitaldeployer.testcases.index.HomePageTest.continue_Test(HomePageTest.java:60)
    ... Removed 34 stack frames</div></td></tr></table><p class="totop"><a href="#summary">back to summary</a></p><h3 id="m2">com.automation.ui.digitaldeployer.testcases.index.HomePageTest#search_Test</h3><table class="result"><tr class="param"><th>Parameter #1</th></tr><tr class="param stripe"><td>com.automation.ui.digitaldeployer.pageobjectsfactory.pageobject.index.vo.InitialSearchVO@c6a6c1d</td></tr><tr><th>Exception</th></tr><tr><td><div class="stacktrace">java.lang.AssertionError:
    ERROR WHILE EXECUTION
    at com.automation.ui.digitaldeployer.pageobjectsfactory.pageobject.index.pages.IndexPage.search(HomePage.java:197)
    at com.automation.ui.digitaldeployer.testcases.index.HomePageTest.search_Test(HomePageTest.java:114)
    ... Removed 34 stack frames</div></td></tr></table><p class="totop"><a href="#summary">back to summary</a></p><h3 id="m3">com.automation.ui.digitaldeployer.testcases.index.HomePageTest#launchHomePage_Test</h3><table class="result"><tr class="param"><th>Parameter #1</th></tr><tr class="param stripe"><td>com.automation.ui.digitaldeployer.pageobjectsfactory.pageobject.index.vo.InitialSearchVO@693e4d19</td></tr></table><p class="totop"><a href="#summary">back to summary</a></p></body></html>