<?xml version="1.0" encoding="UTF-8"?>
<!-- Generated by org.testng.reporters.JUnitXMLReporter -->
<testsuite hostname="DESKTOP-4VG4ENC" name="Home" tests="4" failures="3" timestamp="9 Jan 2023 05:17:12 GMT" time="93.25" errors="0">
  <testcase name="launchHomePage_Test" time="5.905" classname="com.automation.ui.digitaldeployer.testcases.index.HomePageTest"/>
  <testcase name="continue_Test" time="15.252" classname="com.automation.ui.digitaldeployer.testcases.index.HomePageTest">
    <failure type="java.lang.AssertionError" message="ERROR WHILE EXECUTION ">
        <![CDATA[java.lang.AssertionError: ERROR WHILE EXECUTION
	at com.automation.ui.digitaldeployer.pageobjectsfactory.pageobject.index.pages.IndexPage.continueButton(HomePage.java:124)
	at com.automation.ui.digitaldeployer.testcases.index.HomePageTest.continue_Test(HomePageTest.java:60)
... Removed 34 stack frames]]>
    </failure>
  </testcase> <!-- continue_Test -->
  <testcase name="search_Test" time="30.477" classname="com.automation.ui.digitaldeployer.testcases.index.HomePageTest">
    <failure type="java.lang.AssertionError" message="ERROR WHILE EXECUTION ">
        <![CDATA[java.lang.AssertionError: ERROR WHILE EXECUTION
	at com.automation.ui.digitaldeployer.pageobjectsfactory.pageobject.index.pages.IndexPage.search(HomePage.java:197)
	at com.automation.ui.digitaldeployer.testcases.index.HomePageTest.search_Test(HomePageTest.java:114)
... Removed 34 stack frames]]>
    </failure>
  </testcase> <!-- search_Test -->
  <testcase name="clickEmail_Test" time="30.314" classname="com.automation.ui.digitaldeployer.testcases.context.ContextPageTest">
    <failure type="java.lang.AssertionError" message="ERROR WHILE EXECUTION ">
      <![CDATA[java.lang.AssertionError: ERROR WHILE EXECUTION 
	at com.automation.ui.digitaldeployer.pageobjectsfactory.pageobject.index.pages.IndexPage.search(HomePage.java:197)
	at com.automation.ui.digitaldeployer.testcases.context.ContextPageTest.clickEmail_Test(ContextPageTest.java:74)
... Removed 34 stack frames]]>
    </failure>
  </testcase> <!-- clickEmail_Test -->
</testsuite> <!-- Home -->
