-------------------------------------------------------------------------------
Test set: TestSuite
-------------------------------------------------------------------------------
Tests run: 8, Failures: 1, Errors: 0, Skipped: 0, Time elapsed: 104.583 sec <<< FAILURE!
launchClearall_Test(com.automation.ui.digitaldeployer.testcases.home.HomePageTest)  Time elapsed: 1.964 sec  <<< FAILURE!
java.lang.AssertionError: ERROR WHILE EXECUTION 
	at org.testng.Assert.fail(Assert.java:94)
	at com.automation.ui.digitaldeployer.pageobjectsfactory.pageobject.home.pages.HomePage.clearall(HomePage.java:219)
	at com.automation.ui.digitaldeployer.testcases.home.HomePageTest.launchClearall_Test(HomePageTest.java:115)

