<?xml version="1.0" encoding="UTF-8"?>
<testsuite name="TestSuite" time="8.724" tests="3" errors="0" skipped="0" failures="1">
  <properties>
    <property name="dependencyLocationsEnabled" value="false"/>
    <property name="java.runtime.name" value="Java(TM) SE Runtime Environment"/>
    <property name="sun.boot.library.path" value="C:\Software\jdk1.8.0_60\jre\bin"/>
    <property name="java.vm.version" value="25.60-b23"/>
    <property name="java.vm.vendor" value="Oracle Corporation"/>
    <property name="maven.multiModuleProjectDirectory" value="C:\Project\Automation"/>
    <property name="java.vendor.url" value="http://java.oracle.com/"/>
    <property name="path.separator" value=";"/>
    <property name="guice.disable.misplaced.annotation.check" value="true"/>
    <property name="java.vm.name" value="Java HotSpot(TM) 64-Bit Server VM"/>
    <property name="file.encoding.pkg" value="sun.io"/>
    <property name="user.script" value=""/>
    <property name="user.country" value="IN"/>
    <property name="sun.java.launcher" value="SUN_STANDARD"/>
    <property name="sun.os.patch.level" value=""/>
    <property name="java.vm.specification.name" value="Java Virtual Machine Specification"/>
    <property name="user.dir" value="C:\Project\Automation"/>
    <property name="java.runtime.version" value="1.8.0_60-b27"/>
    <property name="java.awt.graphicsenv" value="sun.awt.Win32GraphicsEnvironment"/>
    <property name="java.endorsed.dirs" value="C:\Software\jdk1.8.0_60\jre\lib\endorsed"/>
    <property name="os.arch" value="amd64"/>
    <property name="java.io.tmpdir" value="C:\Users\kkscl\AppData\Local\Temp\"/>
    <property name="line.separator" value="&#10;"/>
    <property name="java.vm.specification.vendor" value="Oracle Corporation"/>
    <property name="user.variant" value=""/>
    <property name="os.name" value="Windows 10"/>
    <property name="suiteXmlFile" value="portal_starter.xml"/>
    <property name="classworlds.conf" value="C:\Software\apache-maven-3.3.9-bin\apache-maven-3.3.9\bin\m2.conf"/>
    <property name="sun.jnu.encoding" value="Cp1252"/>
    <property name="java.library.path" value="C:\Software\jdk1.8.0_60\bin;C:\Windows\Sun\Java\bin;C:\Windows\system32;C:\Windows;C:\Program Files (x86)\VMware\VMware Workstation\bin\;C:\Windows\system32;C:\Windows;C:\Windows\System32\Wbem;C:\Windows\System32\WindowsPowerShell\v1.0\;C:\Windows\System32\OpenSSH\;C:\Program Files (x86)\NVIDIA Corporation\PhysX\Common;C:\Program Files\PuTTY\;C:\Program Files\Git\cmd;C:\Users\kkscl\AppData\Local\Microsoft\WindowsApps;C:\Software\apache-maven-3.3.9-bin\apache-maven-3.3.9\bin;C:\Software\jdk1.8.0_60\bin;;."/>
    <property name="java.specification.name" value="Java Platform API Specification"/>
    <property name="java.class.version" value="52.0"/>
    <property name="sun.management.compiler" value="HotSpot 64-Bit Tiered Compilers"/>
    <property name="os.version" value="10.0"/>
    <property name="user.home" value="C:\Users\kkscl"/>
    <property name="user.timezone" value="Asia/Calcutta"/>
    <property name="java.awt.printerjob" value="sun.awt.windows.WPrinterJob"/>
    <property name="java.specification.version" value="1.8"/>
    <property name="file.encoding" value="Cp1252"/>
    <property name="user.name" value="kkscl"/>
    <property name="java.class.path" value="C:\Software\apache-maven-3.3.9-bin\apache-maven-3.3.9\boot\plexus-classworlds-2.5.2.jar"/>
    <property name="java.vm.specification.version" value="1.8"/>
    <property name="sun.arch.data.model" value="64"/>
    <property name="java.home" value="C:\Software\jdk1.8.0_60\jre"/>
    <property name="sun.java.command" value="org.codehaus.plexus.classworlds.launcher.Launcher -T 2 -DdependencyLocationsEnabled=false -DsuiteXmlFile=portal_starter.xml antrun:run@ant-execute validate initialize compile test clean"/>
    <property name="java.specification.vendor" value="Oracle Corporation"/>
    <property name="user.language" value="en"/>
    <property name="awt.toolkit" value="sun.awt.windows.WToolkit"/>
    <property name="java.vm.info" value="mixed mode"/>
    <property name="java.version" value="1.8.0_60"/>
    <property name="java.ext.dirs" value="C:\Software\jdk1.8.0_60\jre\lib\ext;C:\Windows\Sun\Java\lib\ext"/>
    <property name="sun.boot.class.path" value="C:\Software\jdk1.8.0_60\jre\lib\resources.jar;C:\Software\jdk1.8.0_60\jre\lib\rt.jar;C:\Software\jdk1.8.0_60\jre\lib\sunrsasign.jar;C:\Software\jdk1.8.0_60\jre\lib\jsse.jar;C:\Software\jdk1.8.0_60\jre\lib\jce.jar;C:\Software\jdk1.8.0_60\jre\lib\charsets.jar;C:\Software\jdk1.8.0_60\jre\lib\jfr.jar;C:\Software\jdk1.8.0_60\jre\classes"/>
    <property name="sun.stderr.encoding" value="cp437"/>
    <property name="java.vendor" value="Oracle Corporation"/>
    <property name="maven.home" value="C:\Software\apache-maven-3.3.9-bin\apache-maven-3.3.9"/>
    <property name="file.separator" value="\"/>
    <property name="java.vendor.url.bug" value="http://bugreport.sun.com/bugreport/"/>
    <property name="sun.cpu.endian" value="little"/>
    <property name="sun.io.unicode.encoding" value="UnicodeLittle"/>
    <property name="sun.stdout.encoding" value="cp437"/>
    <property name="sun.desktop" value="windows"/>
    <property name="sun.cpu.isalist" value="amd64"/>
  </properties>
  <testcase name="launchHomePage_Test" classname="com.automation.ui.digitaldeployer.testcases.index.IndexPageTest" time="1.421"/>
  <testcase name="verifyContinueBeforeLogin" classname="com.automation.ui.digitaldeployer.testcases.login.LoginTest" time="7.077"/>
  <testcase name="launchAddNewWorkspace_Test" classname="com.automation.ui.digitaldeployer.testcases.home.HomePageTest" time="0.226">
    <failure message="argument type mismatch" type="java.lang.IllegalArgumentException">java.lang.IllegalArgumentException: argument type mismatch
	at sun.reflect.NativeMethodAccessorImpl.invoke0(Native Method)
	at sun.reflect.NativeMethodAccessorImpl.invoke(NativeMethodAccessorImpl.java:62)
	at sun.reflect.DelegatingMethodAccessorImpl.invoke(DelegatingMethodAccessorImpl.java:43)
	at java.lang.reflect.Method.invoke(Method.java:497)
	at org.testng.internal.MethodInvocationHelper.invokeMethod(MethodInvocationHelper.java:86)
	at org.testng.internal.Invoker.invokeMethod(Invoker.java:643)
	at org.testng.internal.Invoker.invokeTestMethod(Invoker.java:820)
	at org.testng.internal.Invoker.invokeTestMethods(Invoker.java:1128)
	at org.testng.internal.TestMethodWorker.invokeTestMethods(TestMethodWorker.java:129)
	at org.testng.internal.TestMethodWorker.run(TestMethodWorker.java:112)
	at org.testng.TestRunner.privateRun(TestRunner.java:782)
	at org.testng.TestRunner.run(TestRunner.java:632)
	at org.testng.SuiteRunner.runTest(SuiteRunner.java:366)
	at org.testng.SuiteRunner.runSequentially(SuiteRunner.java:361)
	at org.testng.SuiteRunner.privateRun(SuiteRunner.java:319)
	at org.testng.SuiteRunner.run(SuiteRunner.java:268)
	at org.testng.SuiteRunnerWorker.runSuite(SuiteRunnerWorker.java:52)
	at org.testng.SuiteRunnerWorker.run(SuiteRunnerWorker.java:86)
	at org.testng.TestNG.runSuitesSequentially(TestNG.java:1244)
	at org.testng.TestNG.runSuitesLocally(TestNG.java:1169)
	at org.testng.TestNG.run(TestNG.java:1064)
	at org.apache.maven.surefire.testng.TestNGExecutor.run(TestNGExecutor.java:178)
	at org.apache.maven.surefire.testng.TestNGXmlTestSuite.execute(TestNGXmlTestSuite.java:92)
	at org.apache.maven.surefire.testng.TestNGProvider.invoke(TestNGProvider.java:96)
	at sun.reflect.NativeMethodAccessorImpl.invoke0(Native Method)
	at sun.reflect.NativeMethodAccessorImpl.invoke(NativeMethodAccessorImpl.java:62)
	at sun.reflect.DelegatingMethodAccessorImpl.invoke(DelegatingMethodAccessorImpl.java:43)
	at java.lang.reflect.Method.invoke(Method.java:497)
	at org.apache.maven.surefire.util.ReflectionUtils.invokeMethodWithArray2(ReflectionUtils.java:208)
	at org.apache.maven.surefire.booter.ProviderFactory$ProviderProxy.invoke(ProviderFactory.java:159)
	at org.apache.maven.surefire.booter.ProviderFactory.invokeProvider(ProviderFactory.java:87)
	at org.apache.maven.surefire.booter.ForkedBooter.runSuitesInProcess(ForkedBooter.java:153)
	at org.apache.maven.surefire.booter.ForkedBooter.main(ForkedBooter.java:95)
</failure>
    <system-out>2023-01-09 14:01:23 DEBUG CoreTestTemplate:110 - beforeClass initTestClass 
2023-01-09 14:01:23 INFO  Log:68 - ****************************************************************************************
2023-01-09 14:01:23 INFO  Log:69 - $$$$$$$$$$$$$$$$$$$$$                 launchAddNewWorkspace_Test       $$$$$$$$$$$$$$$$$$$$$$$$$
2023-01-09 14:01:23 INFO  Log:70 - ****************************************************************************************
**********
**********
2023-01-09 14:01:23 INFO  UrlBuilder:349 - getSiteGlobalName SITE : digital-deployer-app this.env :galuctussandbox
2023-01-09 14:01:23 INFO  UrlBuilder:213 - SANDBOX getFormattedSiteHost  www:  siteName digital-deployer-appenvType app
2023-01-09 14:01:23 INFO  UrlBuilder:121 - getUrl host details:digital-deployer-app.galuctussandbox.app
**********
2023-01-09 14:01:23 DEBUG DriverProvider:37 - getActiveDriver0
2023-01-09 14:01:23 DEBUG DriverProvider:28 - drivers count1
2023-01-09 14:01:23 INFO  UrlBuilder:349 - getSiteGlobalName SITE : digital-deployer-app this.env :galuctussandbox
2023-01-09 14:01:23 INFO  UrlBuilder:213 - SANDBOX getFormattedSiteHost  www:  siteName digital-deployer-appenvType app
2023-01-09 14:01:23 INFO  UrlBuilder:121 - getUrl host details:digital-deployer-app.galuctussandbox.app
2023-01-09 14:01:23 DEBUG Configuration:93 -  Configuration For Property Name qs value dose not exist in the config.yml file 
**********
**********
**********
**********
2023-01-09 14:01:24 INFO  BrowserAndTestEventListener:76 -  cookieDomain afterNavigateTo .app Configuration.getEnvType().getSiteDomain() :app:
**********
2023-01-09 14:01:24 DEBUG DriverProvider:37 - getActiveDriver0
2023-01-09 14:01:24 DEBUG DriverProvider:28 - drivers count1
2023-01-09 14:01:24 DEBUG DriverProvider:37 - getActiveDriver0
2023-01-09 14:01:24 DEBUG DriverProvider:28 - drivers count1
com.automation.ui.digitaldeployer.testcases.home.HomePageTest launchAddNewWorkspace_Test
2023-01-09 14:01:24 DEBUG DriverProvider:37 - getActiveDriver0
2023-01-09 14:01:24 DEBUG DriverProvider:28 - drivers count1
2023-01-09 14:01:24 INFO  BrowserAndTestEventListener:253 - onTestFailure create issue
2023-01-09 14:01:24 INFO  BrowserAndTestEventListener:257 - onTestFailure added  issue
2023-01-09 14:01:24 DEBUG DriverProvider:37 - getActiveDriver0
2023-01-09 14:01:24 DEBUG DriverProvider:28 - drivers count1
2023-01-09 14:01:24 DEBUG DriverProvider:37 - getActiveDriver0
2023-01-09 14:01:24 DEBUG DriverProvider:28 - drivers count1
2023-01-09 14:01:24 DEBUG Configuration:93 -  Configuration For Property Name mobileSiteVersion value dose not exist in the config.yml file 
</system-out>
  </testcase>
</testsuite>