<?xml version="1.0" encoding="UTF-8"?>
<testsuite name="TestSuite" time="2.123" tests="3" errors="0" skipped="0" failures="3">
  <properties>
    <property name="dependencyLocationsEnabled" value="false"/>
    <property name="java.runtime.name" value="Java(TM) SE Runtime Environment"/>
    <property name="sun.boot.library.path" value="C:\Software\jdk1.8.0_60\jre\bin"/>
    <property name="java.vm.version" value="25.60-b23"/>
    <property name="java.vm.vendor" value="Oracle Corporation"/>
    <property name="maven.multiModuleProjectDirectory" value="C:\Project\Automation"/>
    <property name="java.vendor.url" value="http://java.oracle.com/"/>
    <property name="path.separator" value=";"/>
    <property name="guice.disable.misplaced.annotation.check" value="true"/>
    <property name="java.vm.name" value="Java HotSpot(TM) 64-Bit Server VM"/>
    <property name="file.encoding.pkg" value="sun.io"/>
    <property name="user.script" value=""/>
    <property name="user.country" value="IN"/>
    <property name="sun.java.launcher" value="SUN_STANDARD"/>
    <property name="sun.os.patch.level" value=""/>
    <property name="java.vm.specification.name" value="Java Virtual Machine Specification"/>
    <property name="user.dir" value="C:\Project\Automation"/>
    <property name="java.runtime.version" value="1.8.0_60-b27"/>
    <property name="java.awt.graphicsenv" value="sun.awt.Win32GraphicsEnvironment"/>
    <property name="java.endorsed.dirs" value="C:\Software\jdk1.8.0_60\jre\lib\endorsed"/>
    <property name="os.arch" value="amd64"/>
    <property name="java.io.tmpdir" value="C:\Users\kkscl\AppData\Local\Temp\"/>
    <property name="line.separator" value="&#10;"/>
    <property name="java.vm.specification.vendor" value="Oracle Corporation"/>
    <property name="user.variant" value=""/>
    <property name="os.name" value="Windows 10"/>
    <property name="suiteXmlFile" value="portal_starter.xml"/>
    <property name="classworlds.conf" value="C:\Software\apache-maven-3.3.9-bin\apache-maven-3.3.9\bin\m2.conf"/>
    <property name="sun.jnu.encoding" value="Cp1252"/>
    <property name="java.library.path" value="C:\Software\jdk1.8.0_60\bin;C:\Windows\Sun\Java\bin;C:\Windows\system32;C:\Windows;C:\Program Files (x86)\VMware\VMware Workstation\bin\;C:\Windows\system32;C:\Windows;C:\Windows\System32\Wbem;C:\Windows\System32\WindowsPowerShell\v1.0\;C:\Windows\System32\OpenSSH\;C:\Program Files (x86)\NVIDIA Corporation\PhysX\Common;C:\Program Files\PuTTY\;C:\Program Files\Git\cmd;C:\Users\kkscl\AppData\Local\Microsoft\WindowsApps;C:\Software\apache-maven-3.3.9-bin\apache-maven-3.3.9\bin;C:\Software\jdk1.8.0_60\bin;;."/>
    <property name="java.specification.name" value="Java Platform API Specification"/>
    <property name="java.class.version" value="52.0"/>
    <property name="sun.management.compiler" value="HotSpot 64-Bit Tiered Compilers"/>
    <property name="os.version" value="10.0"/>
    <property name="user.home" value="C:\Users\kkscl"/>
    <property name="user.timezone" value="Asia/Calcutta"/>
    <property name="java.awt.printerjob" value="sun.awt.windows.WPrinterJob"/>
    <property name="java.specification.version" value="1.8"/>
    <property name="file.encoding" value="Cp1252"/>
    <property name="user.name" value="kkscl"/>
    <property name="java.class.path" value="C:\Software\apache-maven-3.3.9-bin\apache-maven-3.3.9\boot\plexus-classworlds-2.5.2.jar"/>
    <property name="java.vm.specification.version" value="1.8"/>
    <property name="sun.arch.data.model" value="64"/>
    <property name="java.home" value="C:\Software\jdk1.8.0_60\jre"/>
    <property name="sun.java.command" value="org.codehaus.plexus.classworlds.launcher.Launcher -T 2 -DdependencyLocationsEnabled=false -DsuiteXmlFile=portal_starter.xml antrun:run@ant-execute validate initialize compile test clean"/>
    <property name="java.specification.vendor" value="Oracle Corporation"/>
    <property name="user.language" value="en"/>
    <property name="awt.toolkit" value="sun.awt.windows.WToolkit"/>
    <property name="java.vm.info" value="mixed mode"/>
    <property name="java.version" value="1.8.0_60"/>
    <property name="java.ext.dirs" value="C:\Software\jdk1.8.0_60\jre\lib\ext;C:\Windows\Sun\Java\lib\ext"/>
    <property name="sun.boot.class.path" value="C:\Software\jdk1.8.0_60\jre\lib\resources.jar;C:\Software\jdk1.8.0_60\jre\lib\rt.jar;C:\Software\jdk1.8.0_60\jre\lib\sunrsasign.jar;C:\Software\jdk1.8.0_60\jre\lib\jsse.jar;C:\Software\jdk1.8.0_60\jre\lib\jce.jar;C:\Software\jdk1.8.0_60\jre\lib\charsets.jar;C:\Software\jdk1.8.0_60\jre\lib\jfr.jar;C:\Software\jdk1.8.0_60\jre\classes"/>
    <property name="sun.stderr.encoding" value="cp437"/>
    <property name="java.vendor" value="Oracle Corporation"/>
    <property name="maven.home" value="C:\Software\apache-maven-3.3.9-bin\apache-maven-3.3.9"/>
    <property name="file.separator" value="\"/>
    <property name="java.vendor.url.bug" value="http://bugreport.sun.com/bugreport/"/>
    <property name="sun.cpu.endian" value="little"/>
    <property name="sun.io.unicode.encoding" value="UnicodeLittle"/>
    <property name="sun.stdout.encoding" value="cp437"/>
    <property name="sun.desktop" value="windows"/>
    <property name="sun.cpu.isalist" value="amd64"/>
  </properties>
  <testcase name="launchHomePage_Test" classname="com.automation.ui.digitaldeployer.testcases.index.IndexPageTest" time="0.243">
    <failure type="java.lang.NullPointerException:">java.lang.NullPointerException: null
	at com.automation.ui.digitaldeployer.testcases.index.IndexPageTest.launchHomePage_Test(IndexPageTest.java:61)
</failure>
    <system-out>...
... TestNG 6.9.10 by CÃ©dric Beust (cedric@beust.com)
...

2023-01-09 13:45:39 DEBUG IndexPageTest:40 - HomePageTest
2023-01-09 13:45:40 DEBUG DriverProvider:37 - getActiveDriver0
2023-01-09 13:45:40 DEBUG DriverProvider:28 - drivers count0
2023-01-09 13:45:40 DEBUG ChromeBrowser:69 - Using chromedriver logs at ChromeDriver/chromedriver_win32/chromedriver.exe
2023-01-09 13:45:40 INFO  ChromeBrowser:90 - Using chromedriver logs at C:\Project\Automation\logs\chromelogs
2023-01-09 13:45:40 DEBUG Configuration:93 -  Configuration For Property Name strictTransportSecurity value dose not exist in the config.yml file 
2023-01-09 13:45:40 DEBUG Configuration:93 -  Configuration For Property Name useProxy value dose not exist in the config.yml file 
2023-01-09 13:45:40 DEBUG Configuration:93 -  Configuration For Property Name countryCode value dose not exist in the config.yml file 
2023-01-09 13:45:40 DEBUG Configuration:93 -  Configuration For Property Name extensions value dose not exist in the config.yml file 
2023-01-09 13:45:40 DEBUG Configuration:93 -  Configuration For Property Name unsafePageLoad value dose not exist in the config.yml file 
2023-01-09 13:45:40 DEBUG Configuration:93 -  Configuration For Property Name strictTransportSecurity value dose not exist in the config.yml file 
**********
2023-01-09 13:45:41 DEBUG Configuration:93 -  Configuration For Property Name sitePort value dose not exist in the config.yml file 
2023-01-09 13:45:41 DEBUG Configuration:93 -  Configuration For Property Name sitePort value dose not exist in the config.yml file 
2023-01-09 13:45:41 DEBUG Configuration:93 -  Configuration For Property Name sitePort value dose not exist in the config.yml file 
2023-01-09 13:45:41 DEBUG CheckBoxOrRadioButton:20 - CheckBoxOrRadioButtonHelper : 1543518287
2023-01-09 13:45:41 DEBUG HomePageTest:41 - HomePageTest
2023-01-09 13:45:41 DEBUG DriverProvider:37 - getActiveDriver0
2023-01-09 13:45:41 DEBUG DriverProvider:28 - drivers count1
**********
2023-01-09 13:45:41 DEBUG CheckBoxOrRadioButton:20 - CheckBoxOrRadioButtonHelper : 1543518287
2023-01-09 13:45:41 INFO  HomePage:39 - default constructor called
[DEBUG] ConfigurationUtils.locate(): base is null, name is null
2023-01-09 13:45:42 DEBUG CoreTestTemplate:72 - Setting the Site Specific Langauge :en
2023-01-09 13:45:42 DEBUG DriverProvider:37 - getActiveDriver0
2023-01-09 13:45:42 DEBUG DriverProvider:28 - drivers count1
**********
2023-01-09 13:45:42 INFO  UrlBuilder:349 - getSiteGlobalName SITE : digital-deployer-app this.env :galuctussandbox
2023-01-09 13:45:42 INFO  UrlBuilder:213 - SANDBOX getFormattedSiteHost  www:  siteName digital-deployer-appenvType app
2023-01-09 13:45:42 INFO  UrlBuilder:121 - getUrl host details:digital-deployer-app.galuctussandbox.app
2023-01-09 13:45:42 DEBUG CoreTestTemplate:110 - beforeClass initTestClass 
2023-01-09 13:45:42 INFO  Log:68 - ****************************************************************************************
2023-01-09 13:45:42 INFO  Log:69 - $$$$$$$$$$$$$$$$$$$$$                 launchHomePage_Test       $$$$$$$$$$$$$$$$$$$$$$$$$
2023-01-09 13:45:42 INFO  Log:70 - ****************************************************************************************
**********
**********
2023-01-09 13:45:42 INFO  UrlBuilder:349 - getSiteGlobalName SITE : digital-deployer-app this.env :galuctussandbox
2023-01-09 13:45:42 INFO  UrlBuilder:213 - SANDBOX getFormattedSiteHost  www:  siteName digital-deployer-appenvType app
2023-01-09 13:45:42 INFO  UrlBuilder:121 - getUrl host details:digital-deployer-app.galuctussandbox.app
**********
2023-01-09 13:45:42 DEBUG DriverProvider:37 - getActiveDriver0
2023-01-09 13:45:42 DEBUG DriverProvider:28 - drivers count1
2023-01-09 13:45:42 INFO  UrlBuilder:349 - getSiteGlobalName SITE : digital-deployer-app this.env :galuctussandbox
2023-01-09 13:45:42 INFO  UrlBuilder:213 - SANDBOX getFormattedSiteHost  www:  siteName digital-deployer-appenvType app
2023-01-09 13:45:42 INFO  UrlBuilder:121 - getUrl host details:digital-deployer-app.galuctussandbox.app
2023-01-09 13:45:42 DEBUG Configuration:93 -  Configuration For Property Name qs value dose not exist in the config.yml file 
**********
**********
**********
**********
2023-01-09 13:45:47 INFO  BrowserAndTestEventListener:76 -  cookieDomain afterNavigateTo .app Configuration.getEnvType().getSiteDomain() :app:
**********
2023-01-09 13:45:47 DEBUG DriverProvider:37 - getActiveDriver0
2023-01-09 13:45:47 DEBUG DriverProvider:28 - drivers count1
2023-01-09 13:45:47 DEBUG DriverProvider:37 - getActiveDriver0
2023-01-09 13:45:47 DEBUG DriverProvider:28 - drivers count1
com.automation.ui.digitaldeployer.testcases.index.IndexPageTest launchHomePage_Test
2023-01-09 13:45:47 DEBUG DriverProvider:37 - getActiveDriver0
2023-01-09 13:45:47 DEBUG DriverProvider:28 - drivers count1
2023-01-09 13:45:47 INFO  BrowserAndTestEventListener:253 - onTestFailure create issue
2023-01-09 13:45:47 INFO  BrowserAndTestEventListener:257 - onTestFailure added  issue
2023-01-09 13:45:47 DEBUG DriverProvider:37 - getActiveDriver0
2023-01-09 13:45:47 DEBUG DriverProvider:28 - drivers count1
2023-01-09 13:45:47 DEBUG DriverProvider:37 - getActiveDriver0
2023-01-09 13:45:47 DEBUG DriverProvider:28 - drivers count1
2023-01-09 13:45:47 DEBUG Configuration:93 -  Configuration For Property Name mobileSiteVersion value dose not exist in the config.yml file 
</system-out>
    <system-err>Starting ChromeDriver 108.0.5359.71 (1e0e3868ee06e91ad636a874420e3ca3ae3756ac-refs/branch-heads/5359@{#1016}) on port 46517
Only local connections are allowed.
Please see https://chromedriver.chromium.org/security-considerations for suggestions on keeping ChromeDriver safe.
ChromeDriver was started successfully.
Jan 09, 2023 1:45:41 PM org.openqa.selenium.remote.ProtocolHandshake createSession
INFO: Detected dialect: W3C
SLF4J: Class path contains multiple SLF4J bindings.
SLF4J: Found binding in [jar:file:/C:/Users/kkscl/.m2/repository/ch/qos/logback/logback-classic/1.2.6/logback-classic-1.2.6.jar!/org/slf4j/impl/StaticLoggerBinder.class]
SLF4J: Found binding in [jar:file:/C:/Users/kkscl/.m2/repository/org/sonatype/gossip/gossip/1.0/gossip-1.0.jar!/org/slf4j/impl/StaticLoggerBinder.class]
SLF4J: Found binding in [jar:file:/C:/Users/kkscl/.m2/repository/org/slf4j/slf4j-nop/1.5.3/slf4j-nop-1.5.3.jar!/org/slf4j/impl/StaticLoggerBinder.class]
SLF4J: Found binding in [jar:file:/C:/Users/kkscl/.m2/repository/org/slf4j/slf4j-jdk14/1.5.6/slf4j-jdk14-1.5.6.jar!/org/slf4j/impl/StaticLoggerBinder.class]
SLF4J: See http://www.slf4j.org/codes.html#multiple_bindings for an explanation.
SLF4J: Actual binding is of type [ch.qos.logback.classic.util.ContextSelectorStaticBinder]
</system-err>
  </testcase>
  <testcase name="verifyContinueBeforeLogin" classname="com.automation.ui.digitaldeployer.testcases.login.LoginTest" time="1.689">
    <failure type="java.lang.NullPointerException:">java.lang.NullPointerException: null
	at com.automation.ui.digitaldeployer.testcases.login.LoginTest.verifyContinueBeforeLogin(LoginTest.java:66)
</failure>
    <system-out>2023-01-09 13:45:47 DEBUG CoreTestTemplate:110 - beforeClass initTestClass 
2023-01-09 13:45:47 INFO  Log:68 - ****************************************************************************************
2023-01-09 13:45:47 INFO  Log:69 - $$$$$$$$$$$$$$$$$$$$$                 verifyContinueBeforeLogin       $$$$$$$$$$$$$$$$$$$$$$$$$
2023-01-09 13:45:47 INFO  Log:70 - ****************************************************************************************
**********
**********
2023-01-09 13:45:47 INFO  UrlBuilder:349 - getSiteGlobalName SITE : digital-deployer-app this.env :galuctussandbox
2023-01-09 13:45:47 INFO  UrlBuilder:213 - SANDBOX getFormattedSiteHost  www:  siteName digital-deployer-appenvType app
2023-01-09 13:45:47 INFO  UrlBuilder:121 - getUrl host details:digital-deployer-app.galuctussandbox.app
**********
2023-01-09 13:45:47 DEBUG DriverProvider:37 - getActiveDriver0
2023-01-09 13:45:47 DEBUG DriverProvider:28 - drivers count1
2023-01-09 13:45:47 INFO  UrlBuilder:349 - getSiteGlobalName SITE : digital-deployer-app this.env :galuctussandbox
2023-01-09 13:45:47 INFO  UrlBuilder:213 - SANDBOX getFormattedSiteHost  www:  siteName digital-deployer-appenvType app
2023-01-09 13:45:47 INFO  UrlBuilder:121 - getUrl host details:digital-deployer-app.galuctussandbox.app
2023-01-09 13:45:47 DEBUG Configuration:93 -  Configuration For Property Name qs value dose not exist in the config.yml file 
**********
**********
**********
**********
2023-01-09 13:45:48 INFO  BrowserAndTestEventListener:76 -  cookieDomain afterNavigateTo .app Configuration.getEnvType().getSiteDomain() :app:
**********
2023-01-09 13:45:49 DEBUG DriverProvider:37 - getActiveDriver0
2023-01-09 13:45:49 DEBUG DriverProvider:28 - drivers count1
2023-01-09 13:45:49 DEBUG DriverProvider:37 - getActiveDriver0
2023-01-09 13:45:49 DEBUG DriverProvider:28 - drivers count1
com.automation.ui.digitaldeployer.testcases.login.LoginTest verifyContinueBeforeLogin
2023-01-09 13:45:49 INFO  LoginTest:59 - Entering verifyContinueBeforeLogin
2023-01-09 13:45:49 DEBUG DriverProvider:37 - getActiveDriver0
2023-01-09 13:45:49 DEBUG DriverProvider:28 - drivers count1
**********
2023-01-09 13:45:49 DEBUG CheckBoxOrRadioButton:20 - CheckBoxOrRadioButtonHelper : 1543518287
2023-01-09 13:45:49 INFO  HomePage:39 - default constructor called
2023-01-09 13:45:49 INFO  HomePage:45 - getCurrentUrl()https://digital-deployer-app.galuctussandbox.app/
**********
2023-01-09 13:45:49 INFO  UrlBuilder:349 - getSiteGlobalName SITE : digital-deployer-app this.env :galuctussandbox
2023-01-09 13:45:49 INFO  UrlBuilder:213 - SANDBOX getFormattedSiteHost  www:  siteName digital-deployer-appenvType app
2023-01-09 13:45:49 INFO  UrlBuilder:121 - getUrl host details:digital-deployer-app.galuctussandbox.app
2023-01-09 13:45:49 INFO  HomePage:46 - getSiteUrl()https://digital-deployer-app.galuctussandbox.app/
2023-01-09 13:45:49 INFO  HomePage:47 - getUrl()https://digital-deployer-app.galuctussandbox.app/
**********
2023-01-09 13:45:49 INFO  UrlBuilder:349 - getSiteGlobalName SITE : digital-deployer-app this.env :galuctussandbox
2023-01-09 13:45:49 INFO  UrlBuilder:213 - SANDBOX getFormattedSiteHost  www:  siteName digital-deployer-appenvType app
2023-01-09 13:45:49 INFO  UrlBuilder:121 - getUrl host details:digital-deployer-app.galuctussandbox.app
2023-01-09 13:45:49 DEBUG Configuration:93 -  Configuration For Property Name qs value dose not exist in the config.yml file 
2023-01-09 13:45:49 INFO  HomePage:48 - getSiteUrlWithPath()https://digital-deployer-app.galuctussandbox.app//login
**********
**********
2023-01-09 13:45:49 INFO  UrlBuilder:349 - getSiteGlobalName SITE : digital-deployer-app this.env :galuctussandbox
2023-01-09 13:45:49 INFO  UrlBuilder:213 - SANDBOX getFormattedSiteHost  www:  siteName digital-deployer-appenvType app
2023-01-09 13:45:49 INFO  UrlBuilder:121 - getUrl host details:digital-deployer-app.galuctussandbox.app
2023-01-09 13:45:49 DEBUG Configuration:93 -  Configuration For Property Name qs value dose not exist in the config.yml file 
2023-01-09 13:45:49 INFO  HomePage:57 - https://digital-deployer-app.galuctussandbox.app//login
2023-01-09 13:45:49 INFO  BasePageObject:424 - getUrlhttps://digital-deployer-app.galuctussandbox.app/login
**********
**********
**********
**********
2023-01-09 13:45:50 INFO  BrowserAndTestEventListener:76 -  cookieDomain afterNavigateTo .app Configuration.getEnvType().getSiteDomain() :app:
**********
2023-01-09 13:45:50 DEBUG DriverProvider:37 - getActiveDriver0
2023-01-09 13:45:50 DEBUG DriverProvider:28 - drivers count1
2023-01-09 13:45:50 INFO  BrowserAndTestEventListener:253 - onTestFailure create issue
2023-01-09 13:45:50 INFO  BrowserAndTestEventListener:257 - onTestFailure added  issue
2023-01-09 13:45:50 DEBUG DriverProvider:37 - getActiveDriver0
2023-01-09 13:45:50 DEBUG DriverProvider:28 - drivers count1
2023-01-09 13:45:50 DEBUG DriverProvider:37 - getActiveDriver0
2023-01-09 13:45:50 DEBUG DriverProvider:28 - drivers count1
2023-01-09 13:45:50 DEBUG Configuration:93 -  Configuration For Property Name mobileSiteVersion value dose not exist in the config.yml file 
</system-out>
  </testcase>
  <testcase name="launchAddNewWorkspace_Test" classname="com.automation.ui.digitaldeployer.testcases.home.HomePageTest" time="0.191">
    <failure message="argument type mismatch" type="java.lang.IllegalArgumentException">java.lang.IllegalArgumentException: argument type mismatch
	at sun.reflect.NativeMethodAccessorImpl.invoke0(Native Method)
	at sun.reflect.NativeMethodAccessorImpl.invoke(NativeMethodAccessorImpl.java:62)
	at sun.reflect.DelegatingMethodAccessorImpl.invoke(DelegatingMethodAccessorImpl.java:43)
	at java.lang.reflect.Method.invoke(Method.java:497)
	at org.testng.internal.MethodInvocationHelper.invokeMethod(MethodInvocationHelper.java:86)
	at org.testng.internal.Invoker.invokeMethod(Invoker.java:643)
	at org.testng.internal.Invoker.invokeTestMethod(Invoker.java:820)
	at org.testng.internal.Invoker.invokeTestMethods(Invoker.java:1128)
	at org.testng.internal.TestMethodWorker.invokeTestMethods(TestMethodWorker.java:129)
	at org.testng.internal.TestMethodWorker.run(TestMethodWorker.java:112)
	at org.testng.TestRunner.privateRun(TestRunner.java:782)
	at org.testng.TestRunner.run(TestRunner.java:632)
	at org.testng.SuiteRunner.runTest(SuiteRunner.java:366)
	at org.testng.SuiteRunner.runSequentially(SuiteRunner.java:361)
	at org.testng.SuiteRunner.privateRun(SuiteRunner.java:319)
	at org.testng.SuiteRunner.run(SuiteRunner.java:268)
	at org.testng.SuiteRunnerWorker.runSuite(SuiteRunnerWorker.java:52)
	at org.testng.SuiteRunnerWorker.run(SuiteRunnerWorker.java:86)
	at org.testng.TestNG.runSuitesSequentially(TestNG.java:1244)
	at org.testng.TestNG.runSuitesLocally(TestNG.java:1169)
	at org.testng.TestNG.run(TestNG.java:1064)
	at org.apache.maven.surefire.testng.TestNGExecutor.run(TestNGExecutor.java:178)
	at org.apache.maven.surefire.testng.TestNGXmlTestSuite.execute(TestNGXmlTestSuite.java:92)
	at org.apache.maven.surefire.testng.TestNGProvider.invoke(TestNGProvider.java:96)
	at sun.reflect.NativeMethodAccessorImpl.invoke0(Native Method)
	at sun.reflect.NativeMethodAccessorImpl.invoke(NativeMethodAccessorImpl.java:62)
	at sun.reflect.DelegatingMethodAccessorImpl.invoke(DelegatingMethodAccessorImpl.java:43)
	at java.lang.reflect.Method.invoke(Method.java:497)
	at org.apache.maven.surefire.util.ReflectionUtils.invokeMethodWithArray2(ReflectionUtils.java:208)
	at org.apache.maven.surefire.booter.ProviderFactory$ProviderProxy.invoke(ProviderFactory.java:159)
	at org.apache.maven.surefire.booter.ProviderFactory.invokeProvider(ProviderFactory.java:87)
	at org.apache.maven.surefire.booter.ForkedBooter.runSuitesInProcess(ForkedBooter.java:153)
	at org.apache.maven.surefire.booter.ForkedBooter.main(ForkedBooter.java:95)
</failure>
    <system-out>2023-01-09 13:45:50 DEBUG CoreTestTemplate:110 - beforeClass initTestClass 
2023-01-09 13:45:50 INFO  Log:68 - ****************************************************************************************
2023-01-09 13:45:50 INFO  Log:69 - $$$$$$$$$$$$$$$$$$$$$                 launchAddNewWorkspace_Test       $$$$$$$$$$$$$$$$$$$$$$$$$
2023-01-09 13:45:50 INFO  Log:70 - ****************************************************************************************
**********
**********
2023-01-09 13:45:50 INFO  UrlBuilder:349 - getSiteGlobalName SITE : digital-deployer-app this.env :galuctussandbox
2023-01-09 13:45:50 INFO  UrlBuilder:213 - SANDBOX getFormattedSiteHost  www:  siteName digital-deployer-appenvType app
2023-01-09 13:45:50 INFO  UrlBuilder:121 - getUrl host details:digital-deployer-app.galuctussandbox.app
**********
2023-01-09 13:45:50 DEBUG DriverProvider:37 - getActiveDriver0
2023-01-09 13:45:50 DEBUG DriverProvider:28 - drivers count1
2023-01-09 13:45:50 INFO  UrlBuilder:349 - getSiteGlobalName SITE : digital-deployer-app this.env :galuctussandbox
2023-01-09 13:45:50 INFO  UrlBuilder:213 - SANDBOX getFormattedSiteHost  www:  siteName digital-deployer-appenvType app
2023-01-09 13:45:50 INFO  UrlBuilder:121 - getUrl host details:digital-deployer-app.galuctussandbox.app
2023-01-09 13:45:50 DEBUG Configuration:93 -  Configuration For Property Name qs value dose not exist in the config.yml file 
**********
**********
**********
**********
2023-01-09 13:45:51 INFO  BrowserAndTestEventListener:76 -  cookieDomain afterNavigateTo .app Configuration.getEnvType().getSiteDomain() :app:
**********
2023-01-09 13:45:51 DEBUG DriverProvider:37 - getActiveDriver0
2023-01-09 13:45:51 DEBUG DriverProvider:28 - drivers count1
2023-01-09 13:45:51 DEBUG DriverProvider:37 - getActiveDriver0
2023-01-09 13:45:51 DEBUG DriverProvider:28 - drivers count1
com.automation.ui.digitaldeployer.testcases.home.HomePageTest launchAddNewWorkspace_Test
2023-01-09 13:45:51 DEBUG DriverProvider:37 - getActiveDriver0
2023-01-09 13:45:51 DEBUG DriverProvider:28 - drivers count1
2023-01-09 13:45:51 INFO  BrowserAndTestEventListener:253 - onTestFailure create issue
2023-01-09 13:45:51 INFO  BrowserAndTestEventListener:257 - onTestFailure added  issue
2023-01-09 13:45:51 DEBUG DriverProvider:37 - getActiveDriver0
2023-01-09 13:45:51 DEBUG DriverProvider:28 - drivers count1
2023-01-09 13:45:52 DEBUG DriverProvider:37 - getActiveDriver0
2023-01-09 13:45:52 DEBUG DriverProvider:28 - drivers count1
2023-01-09 13:45:52 DEBUG Configuration:93 -  Configuration For Property Name mobileSiteVersion value dose not exist in the config.yml file 
</system-out>
  </testcase>
</testsuite>