<?xml version="1.0" encoding="UTF-8"?>
<testsuite name="TestSuite" time="7.587" tests="3" errors="0" skipped="0" failures="2">
  <properties>
    <property name="dependencyLocationsEnabled" value="false"/>
    <property name="java.runtime.name" value="Java(TM) SE Runtime Environment"/>
    <property name="sun.boot.library.path" value="C:\Software\jdk1.8.0_60\jre\bin"/>
    <property name="java.vm.version" value="25.60-b23"/>
    <property name="java.vm.vendor" value="Oracle Corporation"/>
    <property name="maven.multiModuleProjectDirectory" value="C:\Project\Automation"/>
    <property name="java.vendor.url" value="http://java.oracle.com/"/>
    <property name="path.separator" value=";"/>
    <property name="guice.disable.misplaced.annotation.check" value="true"/>
    <property name="java.vm.name" value="Java HotSpot(TM) 64-Bit Server VM"/>
    <property name="file.encoding.pkg" value="sun.io"/>
    <property name="user.script" value=""/>
    <property name="user.country" value="IN"/>
    <property name="sun.java.launcher" value="SUN_STANDARD"/>
    <property name="sun.os.patch.level" value=""/>
    <property name="java.vm.specification.name" value="Java Virtual Machine Specification"/>
    <property name="user.dir" value="C:\Project\Automation"/>
    <property name="java.runtime.version" value="1.8.0_60-b27"/>
    <property name="java.awt.graphicsenv" value="sun.awt.Win32GraphicsEnvironment"/>
    <property name="java.endorsed.dirs" value="C:\Software\jdk1.8.0_60\jre\lib\endorsed"/>
    <property name="os.arch" value="amd64"/>
    <property name="java.io.tmpdir" value="C:\Users\kkscl\AppData\Local\Temp\"/>
    <property name="line.separator" value="&#10;"/>
    <property name="java.vm.specification.vendor" value="Oracle Corporation"/>
    <property name="user.variant" value=""/>
    <property name="os.name" value="Windows 10"/>
    <property name="suiteXmlFile" value="portal_starter.xml"/>
    <property name="classworlds.conf" value="C:\Software\apache-maven-3.3.9-bin\apache-maven-3.3.9\bin\m2.conf"/>
    <property name="sun.jnu.encoding" value="Cp1252"/>
    <property name="java.library.path" value="C:\Software\jdk1.8.0_60\bin;C:\Windows\Sun\Java\bin;C:\Windows\system32;C:\Windows;C:\Program Files (x86)\VMware\VMware Workstation\bin\;C:\Windows\system32;C:\Windows;C:\Windows\System32\Wbem;C:\Windows\System32\WindowsPowerShell\v1.0\;C:\Windows\System32\OpenSSH\;C:\Program Files (x86)\NVIDIA Corporation\PhysX\Common;C:\Program Files\PuTTY\;C:\Program Files\Git\cmd;C:\Users\kkscl\AppData\Local\Microsoft\WindowsApps;C:\Software\apache-maven-3.3.9-bin\apache-maven-3.3.9\bin;C:\Software\jdk1.8.0_60\bin;;."/>
    <property name="java.specification.name" value="Java Platform API Specification"/>
    <property name="java.class.version" value="52.0"/>
    <property name="sun.management.compiler" value="HotSpot 64-Bit Tiered Compilers"/>
    <property name="os.version" value="10.0"/>
    <property name="user.home" value="C:\Users\kkscl"/>
    <property name="user.timezone" value="Asia/Calcutta"/>
    <property name="java.awt.printerjob" value="sun.awt.windows.WPrinterJob"/>
    <property name="java.specification.version" value="1.8"/>
    <property name="file.encoding" value="Cp1252"/>
    <property name="user.name" value="kkscl"/>
    <property name="java.class.path" value="C:\Software\apache-maven-3.3.9-bin\apache-maven-3.3.9\boot\plexus-classworlds-2.5.2.jar"/>
    <property name="java.vm.specification.version" value="1.8"/>
    <property name="sun.arch.data.model" value="64"/>
    <property name="java.home" value="C:\Software\jdk1.8.0_60\jre"/>
    <property name="sun.java.command" value="org.codehaus.plexus.classworlds.launcher.Launcher -T 2 -DdependencyLocationsEnabled=false -DsuiteXmlFile=portal_starter.xml antrun:run@ant-execute validate initialize compile test clean"/>
    <property name="java.specification.vendor" value="Oracle Corporation"/>
    <property name="user.language" value="en"/>
    <property name="awt.toolkit" value="sun.awt.windows.WToolkit"/>
    <property name="java.vm.info" value="mixed mode"/>
    <property name="java.version" value="1.8.0_60"/>
    <property name="java.ext.dirs" value="C:\Software\jdk1.8.0_60\jre\lib\ext;C:\Windows\Sun\Java\lib\ext"/>
    <property name="sun.boot.class.path" value="C:\Software\jdk1.8.0_60\jre\lib\resources.jar;C:\Software\jdk1.8.0_60\jre\lib\rt.jar;C:\Software\jdk1.8.0_60\jre\lib\sunrsasign.jar;C:\Software\jdk1.8.0_60\jre\lib\jsse.jar;C:\Software\jdk1.8.0_60\jre\lib\jce.jar;C:\Software\jdk1.8.0_60\jre\lib\charsets.jar;C:\Software\jdk1.8.0_60\jre\lib\jfr.jar;C:\Software\jdk1.8.0_60\jre\classes"/>
    <property name="sun.stderr.encoding" value="cp437"/>
    <property name="java.vendor" value="Oracle Corporation"/>
    <property name="maven.home" value="C:\Software\apache-maven-3.3.9-bin\apache-maven-3.3.9"/>
    <property name="file.separator" value="\"/>
    <property name="java.vendor.url.bug" value="http://bugreport.sun.com/bugreport/"/>
    <property name="sun.cpu.endian" value="little"/>
    <property name="sun.io.unicode.encoding" value="UnicodeLittle"/>
    <property name="sun.stdout.encoding" value="cp437"/>
    <property name="sun.desktop" value="windows"/>
    <property name="sun.cpu.isalist" value="amd64"/>
  </properties>
  <testcase name="launchHomePage_Test" classname="com.automation.ui.digitaldeployer.testcases.index.IndexPageTest" time="1.516"/>
  <testcase name="verifyValidLogin" classname="com.automation.ui.digitaldeployer.testcases.login.LoginTest" time="2.939">
    <failure type="java.lang.NullPointerException:">java.lang.NullPointerException: null
	at com.automation.ui.digitaldeployer.testcases.login.LoginTest.verifyValidLogin(LoginTest.java:91)
</failure>
    <system-out>2023-01-13 12:04:10 DEBUG CoreTestTemplate:110 - beforeClass initTestClass 
2023-01-13 12:04:10 INFO  ExcelUtil:49 - FileNotFoundExceptionjava.io.FileNotFoundException: Login
2023-01-13 12:04:10 INFO  Log:68 - ****************************************************************************************
2023-01-13 12:04:10 INFO  Log:69 - $$$$$$$$$$$$$$$$$$$$$                 verifyValidLogin       $$$$$$$$$$$$$$$$$$$$$$$$$
2023-01-13 12:04:10 INFO  Log:70 - ****************************************************************************************
**********
**********
2023-01-13 12:04:10 INFO  UrlBuilder:349 - getSiteGlobalName SITE : digital-deployer-app this.env :galuctussandbox
2023-01-13 12:04:10 INFO  UrlBuilder:213 - SANDBOX getFormattedSiteHost  www:  siteName digital-deployer-appenvType app
2023-01-13 12:04:10 INFO  UrlBuilder:121 - getUrl host details:digital-deployer-app.galuctussandbox.app
**********
2023-01-13 12:04:10 DEBUG DriverProvider:37 - getActiveDriver0
2023-01-13 12:04:10 DEBUG DriverProvider:28 - drivers count1
2023-01-13 12:04:10 INFO  UrlBuilder:349 - getSiteGlobalName SITE : digital-deployer-app this.env :galuctussandbox
2023-01-13 12:04:10 INFO  UrlBuilder:213 - SANDBOX getFormattedSiteHost  www:  siteName digital-deployer-appenvType app
2023-01-13 12:04:10 INFO  UrlBuilder:121 - getUrl host details:digital-deployer-app.galuctussandbox.app
2023-01-13 12:04:10 DEBUG Configuration:93 -  Configuration For Property Name qs value dose not exist in the config.yml file 
**********
**********
**********
**********
2023-01-13 12:04:12 INFO  BrowserAndTestEventListener:76 -  cookieDomain afterNavigateTo .app Configuration.getEnvType().getSiteDomain() :app:
**********
2023-01-13 12:04:12 DEBUG DriverProvider:37 - getActiveDriver0
2023-01-13 12:04:12 DEBUG DriverProvider:28 - drivers count1
2023-01-13 12:04:12 DEBUG DriverProvider:37 - getActiveDriver0
2023-01-13 12:04:12 DEBUG DriverProvider:28 - drivers count1
com.automation.ui.digitaldeployer.testcases.login.LoginTest verifyValidLogin
2023-01-13 12:04:12 INFO  LoginTest:78 - Entering verifyValidLogin
2023-01-13 12:04:12 DEBUG DriverProvider:37 - getActiveDriver0
2023-01-13 12:04:12 DEBUG DriverProvider:28 - drivers count1
**********
2023-01-13 12:04:12 DEBUG CheckBoxOrRadioButton:20 - CheckBoxOrRadioButtonHelper : 57624756
2023-01-13 12:04:12 INFO  HomePage:82 - default constructor called
2023-01-13 12:04:12 INFO  HomePage:88 - getCurrentUrl()https://digital-deployer-app.galuctussandbox.app/
**********
2023-01-13 12:04:12 INFO  UrlBuilder:349 - getSiteGlobalName SITE : digital-deployer-app this.env :galuctussandbox
2023-01-13 12:04:12 INFO  UrlBuilder:213 - SANDBOX getFormattedSiteHost  www:  siteName digital-deployer-appenvType app
2023-01-13 12:04:12 INFO  UrlBuilder:121 - getUrl host details:digital-deployer-app.galuctussandbox.app
2023-01-13 12:04:12 INFO  HomePage:89 - getSiteUrl()https://digital-deployer-app.galuctussandbox.app/
2023-01-13 12:04:12 INFO  HomePage:90 - getUrl()https://digital-deployer-app.galuctussandbox.app/
**********
2023-01-13 12:04:12 INFO  UrlBuilder:349 - getSiteGlobalName SITE : digital-deployer-app this.env :galuctussandbox
2023-01-13 12:04:12 INFO  UrlBuilder:213 - SANDBOX getFormattedSiteHost  www:  siteName digital-deployer-appenvType app
2023-01-13 12:04:12 INFO  UrlBuilder:121 - getUrl host details:digital-deployer-app.galuctussandbox.app
2023-01-13 12:04:12 DEBUG Configuration:93 -  Configuration For Property Name qs value dose not exist in the config.yml file 
2023-01-13 12:04:12 INFO  HomePage:91 - getSiteUrlWithPath()https://digital-deployer-app.galuctussandbox.app//login
**********
**********
2023-01-13 12:04:12 INFO  UrlBuilder:349 - getSiteGlobalName SITE : digital-deployer-app this.env :galuctussandbox
2023-01-13 12:04:12 INFO  UrlBuilder:213 - SANDBOX getFormattedSiteHost  www:  siteName digital-deployer-appenvType app
2023-01-13 12:04:12 INFO  UrlBuilder:121 - getUrl host details:digital-deployer-app.galuctussandbox.app
2023-01-13 12:04:12 DEBUG Configuration:93 -  Configuration For Property Name qs value dose not exist in the config.yml file 
2023-01-13 12:04:12 INFO  HomePage:100 - https://digital-deployer-app.galuctussandbox.app//login
2023-01-13 12:04:12 INFO  BasePageObject:424 - getUrlhttps://digital-deployer-app.galuctussandbox.app/login
**********
**********
**********
**********
2023-01-13 12:04:13 INFO  BrowserAndTestEventListener:76 -  cookieDomain afterNavigateTo .app Configuration.getEnvType().getSiteDomain() :app:
**********
2023-01-13 12:04:13 DEBUG DriverProvider:37 - getActiveDriver0
2023-01-13 12:04:13 DEBUG DriverProvider:28 - drivers count1
**********
2023-01-13 12:04:13 DEBUG CheckBoxOrRadioButton:20 - CheckBoxOrRadioButtonHelper : 57624756
2023-01-13 12:04:13 INFO  LoginPage:65 - default constructor called
2023-01-13 12:04:13 INFO  LoginPage:208 - Entering  continue: 
2023-01-13 12:04:14 INFO  LoginPage:214 - Exiting  continue
2023-01-13 12:04:14 DEBUG DriverProvider:37 - getActiveDriver0
2023-01-13 12:04:14 DEBUG DriverProvider:28 - drivers count1
**********
2023-01-13 12:04:14 DEBUG CheckBoxOrRadioButton:20 - CheckBoxOrRadioButtonHelper : 57624756
2023-01-13 12:04:14 INFO  LoginTest:90 - -----loginVo------null
2023-01-13 12:04:14 DEBUG DriverProvider:37 - getActiveDriver0
2023-01-13 12:04:14 DEBUG DriverProvider:28 - drivers count1
2023-01-13 12:04:14 INFO  BrowserAndTestEventListener:253 - onTestFailure create issue
2023-01-13 12:04:14 INFO  BrowserAndTestEventListener:257 - onTestFailure added  issue
2023-01-13 12:04:14 DEBUG DriverProvider:37 - getActiveDriver0
2023-01-13 12:04:14 DEBUG DriverProvider:28 - drivers count1
2023-01-13 12:04:15 DEBUG DriverProvider:37 - getActiveDriver0
2023-01-13 12:04:15 DEBUG DriverProvider:28 - drivers count1
2023-01-13 12:04:15 DEBUG Configuration:93 -  Configuration For Property Name mobileSiteVersion value dose not exist in the config.yml file 
</system-out>
    <system-err>java.io.FileNotFoundException: Login
	at org.apache.poi.ss.usermodel.WorkbookFactory.create(WorkbookFactory.java:83)
	at com.automation.ui.base.common.utils.ExcelUtil.getWorkbook(ExcelUtil.java:43)
	at com.automation.ui.base.common.utils.ExcelUtil.getColumns(ExcelUtil.java:138)
	at com.automation.ui.digitaldeployer.pageobjectsfactory.pageobject.login.dataprovider.LoginDataProvider.getLoginInfo(LoginDataProvider.java:46)
	at sun.reflect.NativeMethodAccessorImpl.invoke0(Native Method)
	at sun.reflect.NativeMethodAccessorImpl.invoke(NativeMethodAccessorImpl.java:62)
	at sun.reflect.DelegatingMethodAccessorImpl.invoke(DelegatingMethodAccessorImpl.java:43)
	at java.lang.reflect.Method.invoke(Method.java:497)
	at org.testng.internal.MethodInvocationHelper.invokeMethod(MethodInvocationHelper.java:86)
	at org.testng.internal.MethodInvocationHelper.invokeDataProvider(MethodInvocationHelper.java:137)
	at org.testng.internal.Parameters.handleParameters(Parameters.java:430)
	at org.testng.internal.Invoker.handleParameters(Invoker.java:1274)
	at org.testng.internal.Invoker.createParameters(Invoker.java:989)
	at org.testng.internal.Invoker.invokeTestMethods(Invoker.java:1079)
	at org.testng.internal.TestMethodWorker.invokeTestMethods(TestMethodWorker.java:129)
	at org.testng.internal.TestMethodWorker.run(TestMethodWorker.java:112)
	at org.testng.TestRunner.privateRun(TestRunner.java:782)
	at org.testng.TestRunner.run(TestRunner.java:632)
	at org.testng.SuiteRunner.runTest(SuiteRunner.java:366)
	at org.testng.SuiteRunner.runSequentially(SuiteRunner.java:361)
	at org.testng.SuiteRunner.privateRun(SuiteRunner.java:319)
	at org.testng.SuiteRunner.run(SuiteRunner.java:268)
	at org.testng.SuiteRunnerWorker.runSuite(SuiteRunnerWorker.java:52)
	at org.testng.SuiteRunnerWorker.run(SuiteRunnerWorker.java:86)
	at org.testng.TestNG.runSuitesSequentially(TestNG.java:1244)
	at org.testng.TestNG.runSuitesLocally(TestNG.java:1169)
	at org.testng.TestNG.run(TestNG.java:1064)
	at org.apache.maven.surefire.testng.TestNGExecutor.run(TestNGExecutor.java:178)
	at org.apache.maven.surefire.testng.TestNGXmlTestSuite.execute(TestNGXmlTestSuite.java:92)
	at org.apache.maven.surefire.testng.TestNGProvider.invoke(TestNGProvider.java:96)
	at sun.reflect.NativeMethodAccessorImpl.invoke0(Native Method)
	at sun.reflect.NativeMethodAccessorImpl.invoke(NativeMethodAccessorImpl.java:62)
	at sun.reflect.DelegatingMethodAccessorImpl.invoke(DelegatingMethodAccessorImpl.java:43)
	at java.lang.reflect.Method.invoke(Method.java:497)
	at org.apache.maven.surefire.util.ReflectionUtils.invokeMethodWithArray2(ReflectionUtils.java:208)
	at org.apache.maven.surefire.booter.ProviderFactory$ProviderProxy.invoke(ProviderFactory.java:159)
	at org.apache.maven.surefire.booter.ProviderFactory.invokeProvider(ProviderFactory.java:87)
	at org.apache.maven.surefire.booter.ForkedBooter.runSuitesInProcess(ForkedBooter.java:153)
	at org.apache.maven.surefire.booter.ForkedBooter.main(ForkedBooter.java:95)
java.lang.NullPointerException
	at com.automation.ui.base.common.utils.ExcelUtil.getColumns(ExcelUtil.java:140)
	at com.automation.ui.digitaldeployer.pageobjectsfactory.pageobject.login.dataprovider.LoginDataProvider.getLoginInfo(LoginDataProvider.java:46)
	at sun.reflect.NativeMethodAccessorImpl.invoke0(Native Method)
	at sun.reflect.NativeMethodAccessorImpl.invoke(NativeMethodAccessorImpl.java:62)
	at sun.reflect.DelegatingMethodAccessorImpl.invoke(DelegatingMethodAccessorImpl.java:43)
	at java.lang.reflect.Method.invoke(Method.java:497)
	at org.testng.internal.MethodInvocationHelper.invokeMethod(MethodInvocationHelper.java:86)
	at org.testng.internal.MethodInvocationHelper.invokeDataProvider(MethodInvocationHelper.java:137)
	at org.testng.internal.Parameters.handleParameters(Parameters.java:430)
	at org.testng.internal.Invoker.handleParameters(Invoker.java:1274)
	at org.testng.internal.Invoker.createParameters(Invoker.java:989)
	at org.testng.internal.Invoker.invokeTestMethods(Invoker.java:1079)
	at org.testng.internal.TestMethodWorker.invokeTestMethods(TestMethodWorker.java:129)
	at org.testng.internal.TestMethodWorker.run(TestMethodWorker.java:112)
	at org.testng.TestRunner.privateRun(TestRunner.java:782)
	at org.testng.TestRunner.run(TestRunner.java:632)
	at org.testng.SuiteRunner.runTest(SuiteRunner.java:366)
	at org.testng.SuiteRunner.runSequentially(SuiteRunner.java:361)
	at org.testng.SuiteRunner.privateRun(SuiteRunner.java:319)
	at org.testng.SuiteRunner.run(SuiteRunner.java:268)
	at org.testng.SuiteRunnerWorker.runSuite(SuiteRunnerWorker.java:52)
	at org.testng.SuiteRunnerWorker.run(SuiteRunnerWorker.java:86)
	at org.testng.TestNG.runSuitesSequentially(TestNG.java:1244)
	at org.testng.TestNG.runSuitesLocally(TestNG.java:1169)
	at org.testng.TestNG.run(TestNG.java:1064)
	at org.apache.maven.surefire.testng.TestNGExecutor.run(TestNGExecutor.java:178)
	at org.apache.maven.surefire.testng.TestNGXmlTestSuite.execute(TestNGXmlTestSuite.java:92)
	at org.apache.maven.surefire.testng.TestNGProvider.invoke(TestNGProvider.java:96)
	at sun.reflect.NativeMethodAccessorImpl.invoke0(Native Method)
	at sun.reflect.NativeMethodAccessorImpl.invoke(NativeMethodAccessorImpl.java:62)
	at sun.reflect.DelegatingMethodAccessorImpl.invoke(DelegatingMethodAccessorImpl.java:43)
	at java.lang.reflect.Method.invoke(Method.java:497)
	at org.apache.maven.surefire.util.ReflectionUtils.invokeMethodWithArray2(ReflectionUtils.java:208)
	at org.apache.maven.surefire.booter.ProviderFactory$ProviderProxy.invoke(ProviderFactory.java:159)
	at org.apache.maven.surefire.booter.ProviderFactory.invokeProvider(ProviderFactory.java:87)
	at org.apache.maven.surefire.booter.ForkedBooter.runSuitesInProcess(ForkedBooter.java:153)
	at org.apache.maven.surefire.booter.ForkedBooter.main(ForkedBooter.java:95)
</system-err>
  </testcase>
  <testcase name="verifyValidLogin" classname="com.automation.ui.digitaldeployer.testcases.login.LoginTest" time="3.132">
    <failure type="java.lang.NullPointerException:">java.lang.NullPointerException: null
	at com.automation.ui.base.common.report.datahandler.DataPreparator.prepareMethodParameterList(DataPreparator.java:229)
	at com.automation.ui.base.common.report.xmlhandler.XMLGenerator.generateResultXML(XMLGenerator.java:41)
	at com.automation.ui.base.common.report.listener.RealTimeTestResultListener.onTestFailure(RealTimeTestResultListener.java:65)
	at org.testng.internal.Invoker.runTestListeners(Invoker.java:1691)
	at org.testng.internal.Invoker.runTestListeners(Invoker.java:1675)
	at org.testng.internal.Invoker.invokeMethod(Invoker.java:700)
	at org.testng.internal.Invoker.invokeTestMethod(Invoker.java:820)
	at org.testng.internal.Invoker.invokeTestMethods(Invoker.java:1128)
	at org.testng.internal.TestMethodWorker.invokeTestMethods(TestMethodWorker.java:129)
	at org.testng.internal.TestMethodWorker.run(TestMethodWorker.java:112)
	at org.testng.TestRunner.privateRun(TestRunner.java:782)
	at org.testng.TestRunner.run(TestRunner.java:632)
	at org.testng.SuiteRunner.runTest(SuiteRunner.java:366)
	at org.testng.SuiteRunner.runSequentially(SuiteRunner.java:361)
	at org.testng.SuiteRunner.privateRun(SuiteRunner.java:319)
	at org.testng.SuiteRunner.run(SuiteRunner.java:268)
	at org.testng.SuiteRunnerWorker.runSuite(SuiteRunnerWorker.java:52)
	at org.testng.SuiteRunnerWorker.run(SuiteRunnerWorker.java:86)
	at org.testng.TestNG.runSuitesSequentially(TestNG.java:1244)
	at org.testng.TestNG.runSuitesLocally(TestNG.java:1169)
	at org.testng.TestNG.run(TestNG.java:1064)
	at org.apache.maven.surefire.testng.TestNGExecutor.run(TestNGExecutor.java:178)
	at org.apache.maven.surefire.testng.TestNGXmlTestSuite.execute(TestNGXmlTestSuite.java:92)
	at org.apache.maven.surefire.testng.TestNGProvider.invoke(TestNGProvider.java:96)
	at sun.reflect.NativeMethodAccessorImpl.invoke0(Native Method)
	at sun.reflect.NativeMethodAccessorImpl.invoke(NativeMethodAccessorImpl.java:62)
	at sun.reflect.DelegatingMethodAccessorImpl.invoke(DelegatingMethodAccessorImpl.java:43)
	at java.lang.reflect.Method.invoke(Method.java:497)
	at org.apache.maven.surefire.util.ReflectionUtils.invokeMethodWithArray2(ReflectionUtils.java:208)
	at org.apache.maven.surefire.booter.ProviderFactory$ProviderProxy.invoke(ProviderFactory.java:159)
	at org.apache.maven.surefire.booter.ProviderFactory.invokeProvider(ProviderFactory.java:87)
	at org.apache.maven.surefire.booter.ForkedBooter.runSuitesInProcess(ForkedBooter.java:153)
	at org.apache.maven.surefire.booter.ForkedBooter.main(ForkedBooter.java:95)
</failure>
    <system-out>2023-01-13 12:04:15 DEBUG DriverProvider:37 - getActiveDriver0
2023-01-13 12:04:15 DEBUG DriverProvider:28 - drivers count1
2023-01-13 12:04:15 INFO  BrowserAndTestEventListener:253 - onTestFailure create issue
2023-01-13 12:04:15 INFO  BrowserAndTestEventListener:257 - onTestFailure added  issue
2023-01-13 12:04:15 DEBUG DriverProvider:37 - getActiveDriver0
2023-01-13 12:04:15 DEBUG DriverProvider:28 - drivers count1
2023-01-13 12:04:15 DEBUG DriverProvider:37 - getActiveDriver0
2023-01-13 12:04:15 DEBUG DriverProvider:28 - drivers count1
2023-01-13 12:04:15 DEBUG Configuration:93 -  Configuration For Property Name mobileSiteVersion value dose not exist in the config.yml file 
</system-out>
  </testcase>
</testsuite>