<!DOCTYPE html PUBLIC "-//W3C//DTD XHTML 1.1//EN" "http://www.w3.org/TR/xhtml11/DTD/xhtml11.dtd">
<html xmlns="http://www.w3.org/1999/xhtml"><head><title>TestNG Report</title><style type="text/css">table {margin-bottom:10px;border-collapse:collapse;empty-cells:show}th,td {border:1px solid #009;padding:.25em .5em}th {vertical-align:bottom}td {vertical-align:top}table a {font-weight:bold}.stripe td {background-color: #E6EBF9}.num {text-align:right}.passedodd td {background-color: #3F3}.passedeven td {background-color: #0A0}.skippedodd td {background-color: #DDD}.skippedeven td {background-color: #CCC}.failedodd td,.attn {background-color: #F33}.failedeven td,.stripe .attn {background-color: #D00}.stacktrace {white-space:pre;font-family:monospace}.totop {font-size:85%;text-align:center;border-bottom:2px solid #000}</style></head><body><table><tr><th>Test</th><th># Passed</th><th># Skipped</th><th># Failed</th><th>Time (ms)</th><th>Included Groups</th><th>Excluded Groups</th></tr><tr><th colspan="7">portalautomation</th></tr><tr><td><a href="#t0">Home</a></td><td class="num">5</td><td class="num">0</td><td class="num attn">5</td><td class="num">138,318</td><td></td><td></td></tr></table><table><thead><tr><th>Class</th><th>Method</th><th>Start</th><th>Time (ms)</th></tr></thead><tbody><tr><th colspan="4">portalautomation</th></tr></tbody><tbody id="t0"><tr><th colspan="4">Home &#8212; failed</th></tr><tr class="failedeven"><td rowspan="5">com.automation.ui.digitaldeployer.testcases.home.HomePageTest</td><td><a href="#m0">launchAddNewWorkspace_Test</a></td><td rowspan="1">1673533734739</td><td rowspan="1">30378</td></tr><tr class="failedeven"><td><a href="#m1">launchAddNewWorkspacename_Test</a></td><td rowspan="1">1673533766545</td><td rowspan="1">18655</td></tr><tr class="failedeven"><td><a href="#m2">launchClearall_Test</a></td><td rowspan="1">1673533803117</td><td rowspan="1">15059</td></tr><tr class="failedeven"><td><a href="#m3">launchSearchText_Test</a></td><td rowspan="1">1673533786645</td><td rowspan="1">15074</td></tr><tr class="failedeven"><td><a href="#m4">launchwsdropdown_Test</a></td><td rowspan="1">1673533819591</td><td rowspan="1">15789</td></tr><tr><th colspan="4">Home &#8212; passed</th></tr><tr class="passedeven"><td rowspan="4">com.automation.ui.digitaldeployer.testcases.home.HomePageTest</td><td><a href="#m5">launchApi_Test</a></td><td rowspan="1">1673533851845</td><td rowspan="1">6278</td></tr><tr class="passedeven"><td><a href="#m6">launchOverview_Test</a></td><td rowspan="1">1673533836786</td><td rowspan="1">6242</td></tr><tr class="passedeven"><td><a href="#m7">launchdocumentation_Test</a></td><td rowspan="1">1673533859347</td><td rowspan="1">5549</td></tr><tr class="passedeven"><td><a href="#m8">launchlangselect_Test</a></td><td rowspan="1">1673533844322</td><td rowspan="1">6250</td></tr><tr class="passedodd"><td rowspan="1">com.automation.ui.digitaldeployer.testcases.index.IndexPageTest</td><td><a href="#m9">launchHomePage_Test</a></td><td rowspan="1">1673533731621</td><td rowspan="1">1381</td></tr></tbody></table><h2>Home</h2><h3 id="m0">com.automation.ui.digitaldeployer.testcases.home.HomePageTest#launchAddNewWorkspace_Test</h3><table class="result"><tr class="param"><th>Parameter #1</th></tr><tr class="param stripe"><td>com.automation.ui.digitaldeployer.pageobjectsfactory.pageobject.home.vo.InitialSearchVO@3162743f</td></tr><tr><th>Messages</th></tr><tr><td><div class="messages">default constructor called<br/>default constructor called<br/>Entering  continue:<br/>Exiting  continue<br/>Entering  enterUser login:<br/>Exiting  enterUser login<br/>Entering  enterPassword:<br/>Exiting  enterPassword<br/>Entering  login:<br/>Exiting  login<br/>Entering  continueauth:</div></td></tr><tr><th>Exception</th></tr><tr><td><div class="stacktrace">java.util.MissingResourceException: Can&apos;t find resource for bundle java.util.PropertyResourceBundle, key OPCUA_LOGIN_LOGINMSG
	at java.util.ResourceBundle.getObject(ResourceBundle.java:450)
	at java.util.ResourceBundle.getString(ResourceBundle.java:407)
	at com.automation.ui.base.common.prpreaders.AssertDataReader.getValue(AssertDataReader.java:25)
	at com.automation.ui.digitaldeployer.pageobjectsfactory.pageobject.login.pages.LoginPage.continueauth(LoginPage.java:186)
	at com.automation.ui.digitaldeployer.testcases.home.HomePageTest.launchAddNewWorkspace_Test(HomePageTest.java:88)
... Removed 33 stack frames</div></td></tr></table><p class="totop"><a href="#summary">back to summary</a></p><h3 id="m1">com.automation.ui.digitaldeployer.testcases.home.HomePageTest#launchAddNewWorkspacename_Test</h3><table class="result"><tr class="param"><th>Parameter #1</th></tr><tr class="param stripe"><td>com.automation.ui.digitaldeployer.pageobjectsfactory.pageobject.home.vo.InitialSearchVO@35835e65</td></tr><tr><th>Messages</th></tr><tr><td><div class="messages">Entering  addws:</div></td></tr><tr><th>Exception</th></tr><tr><td><div class="stacktrace">java.lang.AssertionError: ERROR WHILE EXECUTION 
	at com.automation.ui.digitaldeployer.pageobjectsfactory.pageobject.home.pages.HomePage.addws(HomePage.java:124)
	at com.automation.ui.digitaldeployer.testcases.home.HomePageTest.launchAddNewWorkspacename_Test(HomePageTest.java:102)
... Removed 34 stack frames</div></td></tr></table><p class="totop"><a href="#summary">back to summary</a></p><h3 id="m2">com.automation.ui.digitaldeployer.testcases.home.HomePageTest#launchClearall_Test</h3><table class="result"><tr class="param"><th>Parameter #1</th></tr><tr class="param stripe"><td>com.automation.ui.digitaldeployer.pageobjectsfactory.pageobject.home.vo.InitialSearchVO@6f38a289</td></tr><tr><th>Exception</th></tr><tr><td><div class="stacktrace">java.lang.AssertionError: ERROR WHILE EXECUTION 
	at com.automation.ui.digitaldeployer.pageobjectsfactory.pageobject.home.pages.HomePage.clearall(HomePage.java:222)
	at com.automation.ui.digitaldeployer.testcases.home.HomePageTest.launchClearall_Test(HomePageTest.java:117)
... Removed 34 stack frames</div></td></tr></table><p class="totop"><a href="#summary">back to summary</a></p><h3 id="m3">com.automation.ui.digitaldeployer.testcases.home.HomePageTest#launchSearchText_Test</h3><table class="result"><tr class="param"><th>Parameter #1</th></tr><tr class="param stripe"><td>com.automation.ui.digitaldeployer.pageobjectsfactory.pageobject.home.vo.InitialSearchVO@5109e8cf</td></tr><tr><th>Exception</th></tr><tr><td><div class="stacktrace">java.lang.AssertionError: ERROR WHILE EXECUTION 
	at com.automation.ui.digitaldeployer.pageobjectsfactory.pageobject.home.pages.HomePage.searchtext(HomePage.java:206)
	at com.automation.ui.digitaldeployer.testcases.home.HomePageTest.launchSearchText_Test(HomePageTest.java:111)
... Removed 34 stack frames</div></td></tr></table><p class="totop"><a href="#summary">back to summary</a></p><h3 id="m4">com.automation.ui.digitaldeployer.testcases.home.HomePageTest#launchwsdropdown_Test</h3><table class="result"><tr class="param"><th>Parameter #1</th></tr><tr class="param stripe"><td>com.automation.ui.digitaldeployer.pageobjectsfactory.pageobject.home.vo.InitialSearchVO@442f92e6</td></tr><tr><th>Exception</th></tr><tr><td><div class="stacktrace">java.lang.AssertionError: ERROR WHILE EXECUTION 
	at com.automation.ui.digitaldeployer.pageobjectsfactory.pageobject.home.pages.HomePage.wsdropdown(HomePage.java:159)
	at com.automation.ui.digitaldeployer.testcases.home.HomePageTest.launchwsdropdown_Test(HomePageTest.java:123)
... Removed 34 stack frames</div></td></tr></table><p class="totop"><a href="#summary">back to summary</a></p><h3 id="m5">com.automation.ui.digitaldeployer.testcases.home.HomePageTest#launchApi_Test</h3><table class="result"><tr class="param"><th>Parameter #1</th></tr><tr class="param stripe"><td>com.automation.ui.digitaldeployer.pageobjectsfactory.pageobject.home.vo.InitialSearchVO@53dad875</td></tr><tr><th>Messages</th></tr><tr><td><div class="messages">default constructor called</div></td></tr></table><p class="totop"><a href="#summary">back to summary</a></p><h3 id="m6">com.automation.ui.digitaldeployer.testcases.home.HomePageTest#launchOverview_Test</h3><table class="result"><tr class="param"><th>Parameter #1</th></tr><tr class="param stripe"><td>com.automation.ui.digitaldeployer.pageobjectsfactory.pageobject.home.vo.InitialSearchVO@7a93b263</td></tr><tr><th>Messages</th></tr><tr><td><div class="messages">default constructor called</div></td></tr></table><p class="totop"><a href="#summary">back to summary</a></p><h3 id="m7">com.automation.ui.digitaldeployer.testcases.home.HomePageTest#launchdocumentation_Test</h3><table class="result"><tr class="param"><th>Parameter #1</th></tr><tr class="param stripe"><td>com.automation.ui.digitaldeployer.pageobjectsfactory.pageobject.home.vo.InitialSearchVO@f3021cb</td></tr><tr><th>Messages</th></tr><tr><td><div class="messages">default constructor called</div></td></tr></table><p class="totop"><a href="#summary">back to summary</a></p><h3 id="m8">com.automation.ui.digitaldeployer.testcases.home.HomePageTest#launchlangselect_Test</h3><table class="result"><tr class="param"><th>Parameter #1</th></tr><tr class="param stripe"><td>com.automation.ui.digitaldeployer.pageobjectsfactory.pageobject.home.vo.InitialSearchVO@288cdaab</td></tr><tr><th>Messages</th></tr><tr><td><div class="messages">default constructor called</div></td></tr></table><p class="totop"><a href="#summary">back to summary</a></p><h3 id="m9">com.automation.ui.digitaldeployer.testcases.index.IndexPageTest#launchHomePage_Test</h3><table class="result"><tr class="param"><th>Parameter #1</th></tr><tr class="param stripe"><td>com.automation.ui.digitaldeployer.pageobjectsfactory.pageobject.index.vo.InitialSearchVO@6d467c87</td></tr></table><p class="totop"><a href="#summary">back to summary</a></p></body></html>