<?xml version="1.0" encoding="UTF-8"?>
<!-- Generated by org.testng.reporters.JUnitXMLReporter -->
<testsuite hostname="DESKTOP-4VG4ENC" name="Home" tests="20" failures="18" timestamp="13 Jan 2023 07:26:13 GMT" time="75.241" errors="0">
  <testcase name="@BeforeMethod initTestContext" time="0.0" classname="com.automation.ui.digitaldeployer.testcases.home.HomePageTest">
    <failure type="java.net.ConnectException" message="Failed to connect to localhost/0:0:0:0:0:0:0:1:41489">
      <![CDATA[java.net.ConnectException: Failed to connect to localhost/0:0:0:0:0:0:0:1:41489
	at okhttp3.internal.connection.RealConnection.connectSocket(RealConnection.java:240)
	at okhttp3.internal.connection.RealConnection.connect(RealConnection.java:158)
	at okhttp3.internal.connection.StreamAllocation.findConnection(StreamAllocation.java:256)
	at okhttp3.internal.connection.StreamAllocation.findHealthyConnection(StreamAllocation.java:134)
	at okhttp3.internal.connection.StreamAllocation.newStream(StreamAllocation.java:113)
	at okhttp3.internal.connection.ConnectInterceptor.intercept(ConnectInterceptor.java:42)
	at okhttp3.internal.http.RealInterceptorChain.proceed(RealInterceptorChain.java:147)
	at okhttp3.internal.http.RealInterceptorChain.proceed(RealInterceptorChain.java:121)
	at okhttp3.internal.cache.CacheInterceptor.intercept(CacheInterceptor.java:93)
	at okhttp3.internal.http.RealInterceptorChain.proceed(RealInterceptorChain.java:147)
	at okhttp3.internal.http.RealInterceptorChain.proceed(RealInterceptorChain.java:121)
	at okhttp3.internal.http.BridgeInterceptor.intercept(BridgeInterceptor.java:93)
	at okhttp3.internal.http.RealInterceptorChain.proceed(RealInterceptorChain.java:147)
	at okhttp3.internal.http.RetryAndFollowUpInterceptor.intercept(RetryAndFollowUpInterceptor.java:125)
	at okhttp3.internal.http.RealInterceptorChain.proceed(RealInterceptorChain.java:147)
	at okhttp3.internal.http.RealInterceptorChain.proceed(RealInterceptorChain.java:121)
	at okhttp3.RealCall.getResponseWithInterceptorChain(RealCall.java:200)
	at okhttp3.RealCall.execute(RealCall.java:77)
	at org.openqa.selenium.remote.internal.OkHttpClient.execute(OkHttpClient.java:101)
	at org.openqa.selenium.remote.HttpCommandExecutor.execute(HttpCommandExecutor.java:155)
	at org.openqa.selenium.remote.service.DriverCommandExecutor.execute(DriverCommandExecutor.java:83)
	at org.openqa.selenium.remote.RemoteWebDriver.execute(RemoteWebDriver.java:545)
	at org.openqa.selenium.remote.RemoteWebDriver.execute(RemoteWebDriver.java:602)
	at org.openqa.selenium.remote.RemoteWebDriver.getScreenshotAs(RemoteWebDriver.java:291)
	at org.openqa.selenium.support.events.EventFiringWebDriver.lambda$new$1(EventFiringWebDriver.java:105)
	at com.sun.proxy.$Proxy8.getScreenshotAs(Unknown Source)
	at org.openqa.selenium.support.events.EventFiringWebDriver.getScreenshotAs(EventFiringWebDriver.java:302)
	at com.automation.ui.base.common.core.imageutilities.Shooter.capturePage(Shooter.java:36)
	at com.automation.ui.base.common.core.imageutilities.Shooter.savePageScreenshot(Shooter.java:31)
	at com.automation.ui.base.common.logging.Log.log(Log.java:114)
	at com.automation.ui.base.common.logging.Log.logError(Log.java:188)
	at com.automation.ui.base.common.testnglisteners.InvokeMethodAdapter.afterInvocation(InvokeMethodAdapter.java:41)
Caused by: java.net.ConnectException: Connection refused: connect
	at java.net.DualStackPlainSocketImpl.waitForConnect(Native Method)
	at java.net.DualStackPlainSocketImpl.socketConnect(DualStackPlainSocketImpl.java:85)
	at java.net.AbstractPlainSocketImpl.doConnect(AbstractPlainSocketImpl.java:350)
	at java.net.AbstractPlainSocketImpl.connectToAddress(AbstractPlainSocketImpl.java:206)
	at java.net.AbstractPlainSocketImpl.connect(AbstractPlainSocketImpl.java:188)
	at java.net.PlainSocketImpl.connect(PlainSocketImpl.java:172)
	at java.net.SocksSocketImpl.connect(SocksSocketImpl.java:392)
	at java.net.Socket.connect(Socket.java:589)
	at okhttp3.internal.platform.Platform.connectSocket(Platform.java:125)
	at okhttp3.internal.connection.RealConnection.connectSocket(RealConnection.java:238)
	... 67 more
... Removed 36 stack frames]]>
    </failure>
  </testcase> <!-- @BeforeMethod initTestContext -->
  <testcase name="launchHomePage_Test" time="1.406" classname="com.automation.ui.digitaldeployer.testcases.index.IndexPageTest"/>
  <testcase name="verifyValidLogin" time="13.847" classname="com.automation.ui.digitaldeployer.testcases.login.LoginTest"/>
  <testcase name="launchAddNewWorkspacename_create_Test" time="0.001" classname="com.automation.ui.digitaldeployer.testcases.home.HomePageTest">
    <failure type="java.lang.IllegalArgumentException" message="argument type mismatch">
      <![CDATA[java.lang.IllegalArgumentException: argument type mismatch
... Removed 33 stack frames]]>
    </failure>
  </testcase> <!-- launchAddNewWorkspacename_create_Test -->
  <testcase name="launchAddNewWorkspacename_create_Test" time="0.0" classname="com.automation.ui.digitaldeployer.testcases.home.HomePageTest">
    <failure type="java.lang.IllegalArgumentException" message="argument type mismatch">
      <![CDATA[java.lang.IllegalArgumentException: argument type mismatch
... Removed 33 stack frames]]>
    </failure>
  </testcase> <!-- launchAddNewWorkspacename_create_Test -->
  <testcase name="launchAddNewWorkspacename_create_Test" time="0.0" classname="com.automation.ui.digitaldeployer.testcases.home.HomePageTest">
    <failure type="java.lang.IllegalArgumentException" message="argument type mismatch">
      <![CDATA[java.lang.IllegalArgumentException: argument type mismatch
... Removed 33 stack frames]]>
    </failure>
  </testcase> <!-- launchAddNewWorkspacename_create_Test -->
  <testcase name="launchAddNewWorkspacename_create_Test" time="0.0" classname="com.automation.ui.digitaldeployer.testcases.home.HomePageTest">
    <failure type="java.lang.IllegalArgumentException" message="argument type mismatch">
      <![CDATA[java.lang.IllegalArgumentException: argument type mismatch
... Removed 33 stack frames]]>
    </failure>
  </testcase> <!-- launchAddNewWorkspacename_create_Test -->
  <testcase name="launchAddNewWorkspacename_create_Test" time="0.001" classname="com.automation.ui.digitaldeployer.testcases.home.HomePageTest">
    <failure type="java.lang.IllegalArgumentException" message="argument type mismatch">
      <![CDATA[java.lang.IllegalArgumentException: argument type mismatch
... Removed 33 stack frames]]>
    </failure>
  </testcase> <!-- launchAddNewWorkspacename_create_Test -->
  <testcase name="launchAddNewWorkspacename_create_Test" time="0.0" classname="com.automation.ui.digitaldeployer.testcases.home.HomePageTest">
    <failure type="java.lang.IllegalArgumentException" message="argument type mismatch">
      <![CDATA[java.lang.IllegalArgumentException: argument type mismatch
... Removed 33 stack frames]]>
    </failure>
  </testcase> <!-- launchAddNewWorkspacename_create_Test -->
  <testcase name="launchAddNewWorkspacename_create_Test" time="0.0" classname="com.automation.ui.digitaldeployer.testcases.home.HomePageTest">
    <failure type="java.lang.IllegalArgumentException" message="argument type mismatch">
      <![CDATA[java.lang.IllegalArgumentException: argument type mismatch
... Removed 33 stack frames]]>
    </failure>
  </testcase> <!-- launchAddNewWorkspacename_create_Test -->
  <testcase name="launchAddNewWorkspacename_create_Test" time="0.0" classname="com.automation.ui.digitaldeployer.testcases.home.HomePageTest">
    <failure type="java.lang.IllegalArgumentException" message="argument type mismatch">
      <![CDATA[java.lang.IllegalArgumentException: argument type mismatch
... Removed 33 stack frames]]>
    </failure>
  </testcase> <!-- launchAddNewWorkspacename_create_Test -->
  <testcase name="launchAddNewWorkspacename_create_Test" time="0.0" classname="com.automation.ui.digitaldeployer.testcases.home.HomePageTest">
    <failure type="java.lang.IllegalArgumentException" message="argument type mismatch">
      <![CDATA[java.lang.IllegalArgumentException: argument type mismatch
... Removed 33 stack frames]]>
    </failure>
  </testcase> <!-- launchAddNewWorkspacename_create_Test -->
  <testcase name="launchAddNewWorkspacename_create_Test" time="0.0" classname="com.automation.ui.digitaldeployer.testcases.home.HomePageTest">
    <failure type="java.lang.IllegalArgumentException" message="argument type mismatch">
      <![CDATA[java.lang.IllegalArgumentException: argument type mismatch
... Removed 33 stack frames]]>
    </failure>
  </testcase> <!-- launchAddNewWorkspacename_create_Test -->
  <testcase name="launchAddNewWorkspacename_create_Test" time="0.001" classname="com.automation.ui.digitaldeployer.testcases.home.HomePageTest">
    <failure type="java.lang.IllegalArgumentException" message="argument type mismatch">
      <![CDATA[java.lang.IllegalArgumentException: argument type mismatch
... Removed 33 stack frames]]>
    </failure>
  </testcase> <!-- launchAddNewWorkspacename_create_Test -->
  <testcase name="launchAddNewWorkspacename_create_Test" time="0.0" classname="com.automation.ui.digitaldeployer.testcases.home.HomePageTest">
    <failure type="java.lang.IllegalArgumentException" message="argument type mismatch">
      <![CDATA[java.lang.IllegalArgumentException: argument type mismatch
... Removed 33 stack frames]]>
    </failure>
  </testcase> <!-- launchAddNewWorkspacename_create_Test -->
  <testcase name="launchAddNewWorkspacename_create_Test" time="0.001" classname="com.automation.ui.digitaldeployer.testcases.home.HomePageTest">
    <failure type="java.lang.IllegalArgumentException" message="argument type mismatch">
      <![CDATA[java.lang.IllegalArgumentException: argument type mismatch
... Removed 33 stack frames]]>
    </failure>
  </testcase> <!-- launchAddNewWorkspacename_create_Test -->
  <testcase name="launchAddNewWorkspacename_create_Test" time="0.0" classname="com.automation.ui.digitaldeployer.testcases.home.HomePageTest">
    <failure type="java.lang.IllegalArgumentException" message="argument type mismatch">
      <![CDATA[java.lang.IllegalArgumentException: argument type mismatch
... Removed 33 stack frames]]>
    </failure>
  </testcase> <!-- launchAddNewWorkspacename_create_Test -->
  <testcase name="launchAddNewWorkspacename_create_Test" time="0.0" classname="com.automation.ui.digitaldeployer.testcases.home.HomePageTest">
    <failure type="java.lang.IllegalArgumentException" message="argument type mismatch">
      <![CDATA[java.lang.IllegalArgumentException: argument type mismatch
... Removed 33 stack frames]]>
    </failure>
  </testcase> <!-- launchAddNewWorkspacename_create_Test -->
  <testcase name="launchAddNewWorkspacename_create_Test" time="0.0" classname="com.automation.ui.digitaldeployer.testcases.home.HomePageTest">
    <failure type="java.lang.IllegalArgumentException" message="argument type mismatch">
      <![CDATA[java.lang.IllegalArgumentException: argument type mismatch
... Removed 33 stack frames]]>
    </failure>
  </testcase> <!-- launchAddNewWorkspacename_create_Test -->
  <testcase name="launchAddNewWorkspacename_create_Test" time="0.001" classname="com.automation.ui.digitaldeployer.testcases.home.HomePageTest">
    <failure type="java.lang.IllegalArgumentException" message="java.lang.ClassCastException@5c8e67b9">
      <![CDATA[java.lang.IllegalArgumentException: java.lang.ClassCastException@5c8e67b9
... Removed 32 stack frames]]>
    </failure>
  </testcase> <!-- launchAddNewWorkspacename_create_Test -->
  <testcase name="launchAddNewWorkspacename_create_Test" time="0.0" classname="com.automation.ui.digitaldeployer.testcases.home.HomePageTest">
    <failure type="java.lang.IllegalArgumentException" message="java.lang.ClassCastException@1a2909ae">
      <![CDATA[java.lang.IllegalArgumentException: java.lang.ClassCastException@1a2909ae
... Removed 32 stack frames]]>
    </failure>
  </testcase> <!-- launchAddNewWorkspacename_create_Test -->
</testsuite> <!-- Home -->
