<!DOCTYPE html PUBLIC "-//W3C//DTD XHTML 1.1//EN" "http://www.w3.org/TR/xhtml11/DTD/xhtml11.dtd">
<html xmlns="http://www.w3.org/1999/xhtml"><head><title>TestNG Report</title><style type="text/css">table {margin-bottom:10px;border-collapse:collapse;empty-cells:show}th,td {border:1px solid #009;padding:.25em .5em}th {vertical-align:bottom}td {vertical-align:top}table a {font-weight:bold}.stripe td {background-color: #E6EBF9}.num {text-align:right}.passedodd td {background-color: #3F3}.passedeven td {background-color: #0A0}.skippedodd td {background-color: #DDD}.skippedeven td {background-color: #CCC}.failedodd td,.attn {background-color: #F33}.failedeven td,.stripe .attn {background-color: #D00}.stacktrace {white-space:pre;font-family:monospace}.totop {font-size:85%;text-align:center;border-bottom:2px solid #000}</style></head><body><table><tr><th>Test</th><th># Passed</th><th># Skipped</th><th># Failed</th><th>Time (ms)</th><th>Included Groups</th><th>Excluded Groups</th></tr><tr><th colspan="7">portalautomation</th></tr><tr><td><a href="#t0">Home</a></td><td class="num">0</td><td class="num attn">4</td><td class="num">0</td><td class="num">7,026</td><td></td><td></td></tr></table><table><thead><tr><th>Class</th><th>Method</th><th>Start</th><th>Time (ms)</th></tr></thead><tbody><tr><th colspan="4">portalautomation</th></tr></tbody><tbody id="t0"><tr><th colspan="4">Home &#8212; failed (configuration methods)</th></tr><tr class="failedeven"><td rowspan="1">com.automation.ui.digitaldeployer.testcases.context.ContextPageTest</td><td><a href="#m0">initTestContext</a></td><td rowspan="1">1673239767326</td><td rowspan="1">0</td></tr><tr class="failedodd"><td rowspan="3">com.automation.ui.digitaldeployer.testcases.index.HomePageTest</td><td><a href="#m1">initTestContext</a></td><td rowspan="3">1673239765731</td><td rowspan="3">0</td></tr><tr class="failedodd"><td><a href="#m2">initTestContext</a></td></tr><tr class="failedodd"><td><a href="#m3">initTestContext</a></td></tr><tr><th colspan="4">Home &#8212; skipped (configuration methods)</th></tr><tr class="skippedeven"><td rowspan="1">com.automation.ui.digitaldeployer.testcases.index.HomePageTest</td><td><a href="#m4">tearDownAfterTestSuite</a></td><td rowspan="1">1673239769801</td><td rowspan="1">0</td></tr><tr><th colspan="4">Home &#8212; skipped</th></tr><tr class="skippedeven"><td rowspan="1">com.automation.ui.digitaldeployer.testcases.context.ContextPageTest</td><td><a href="#m5">clickEmail_Test</a></td><td rowspan="1">1673239768812</td><td rowspan="1">0</td></tr><tr class="skippedodd"><td rowspan="3">com.automation.ui.digitaldeployer.testcases.index.HomePageTest</td><td><a href="#m6">continue_Test</a></td><td rowspan="1">1673239765535</td><td rowspan="1">0</td></tr><tr class="skippedodd"><td><a href="#m7">launchHomePage_Test</a></td><td rowspan="1">1673239763944</td><td rowspan="1">1</td></tr><tr class="skippedodd"><td><a href="#m8">search_Test</a></td><td rowspan="1">1673239767134</td><td rowspan="1">0</td></tr></tbody></table><h2>Home</h2><h3 id="m0">com.automation.ui.digitaldeployer.testcases.context.ContextPageTest#initTestContext</h3><table class="result"><tr class="param"><th>Parameter #1</th></tr><tr class="param stripe"><td>public void com.automation.ui.digitaldeployer.testcases.context.ContextPageTest.clickEmail_Test(com.automation.ui.digitaldeployer.pageobjectsfactory.pageobject.context.vo.ContextVO) throws java.lang.Throwable</td></tr><tr><th>Exception</th></tr><tr><td><div class="stacktrace">org.openqa.selenium.WebDriverException:
    unknown error: net::ERR_NAME_NOT_RESOLVED
    (Session info: chrome=108.0.5359.125)
    Build info: version: &apos;3.141.59&apos;, revision: &apos;e82be7d358&apos;, time: &apos;2018-11-14T08:17:03&apos;
    System info: host: &apos;DESKTOP-4VG4ENC&apos;, ip: &apos;192.168.184.1&apos;, os.name: &apos;Windows 10&apos;,
    os.arch: &apos;amd64&apos;, os.version: &apos;10.0&apos;, java.version: &apos;1.8.0_60&apos;
    Driver info: org.openqa.selenium.chrome.ChromeDriver
    Capabilities {acceptInsecureCerts: false, browserName: chrome, browserVersion: 108.0.5359.125, chrome:
    {chromedriverVersion: 108.0.5359.71 (1e0e3868ee06..., userDataDir: C:\Users\kkscl\AppData\Loca...},
    goog:chromeOptions: {debuggerAddress: localhost:60400}, javascriptEnabled: true, networkConnectionEnabled: false,
    pageLoadStrategy: normal, platform: WINDOWS, platformName: WINDOWS, proxy: Proxy(), setWindowRect: true,
    strictFileInteractability: false, timeouts: {implicit: 0, pageLoad: 300000, script: 30000}, unhandledPromptBehavior:
    dismiss and notify, webauthn:extension:credBlob: true, webauthn:extension:largeBlob: true,
    webauthn:virtualAuthenticators: true}
    Session ID: 23ea1216ac4687f0bd8aa806a914208c
    at org.openqa.selenium.remote.http.W3CHttpResponseCodec.createException(W3CHttpResponseCodec.java:187)
    at org.openqa.selenium.remote.http.W3CHttpResponseCodec.decode(W3CHttpResponseCodec.java:122)
    at org.openqa.selenium.remote.http.W3CHttpResponseCodec.decode(W3CHttpResponseCodec.java:49)
    at org.openqa.selenium.remote.HttpCommandExecutor.execute(HttpCommandExecutor.java:158)
    at org.openqa.selenium.remote.service.DriverCommandExecutor.execute(DriverCommandExecutor.java:83)
    at org.openqa.selenium.remote.RemoteWebDriver.execute(RemoteWebDriver.java:545)
    at org.openqa.selenium.remote.RemoteWebDriver.get(RemoteWebDriver.java:273)
    at org.openqa.selenium.support.events.EventFiringWebDriver.lambda$new$1(EventFiringWebDriver.java:105)
    at com.sun.proxy.$Proxy8.get(Unknown Source)
    at org.openqa.selenium.support.events.EventFiringWebDriver.get(EventFiringWebDriver.java:165)
    at com.automation.ui.digitaldeployer.testcases.base.ProjectBaseTest.loadFirstPage(DigitalDeployerBaseTest.java:53)
    at com.automation.ui.base.common.templates.core.CoreTestTemplate.initTestContext(CoreTestTemplate.java:134)
    ... Removed 43 stack frames</div></td></tr></table><p class="totop"><a href="#summary">back to summary</a></p><h3 id="m1">com.automation.ui.digitaldeployer.testcases.index.HomePageTest#initTestContext</h3><table class="result"><tr class="param"><th>Parameter #1</th></tr><tr class="param stripe"><td>public
    void
    com.automation.ui.digitaldeployer.testcases.index.HomePageTest.search_Test(com.automation.ui.digitaldeployer.pageobjectsfactory.pageobject.index.vo.InitialSearchVO)
    throws java.lang.Throwable</td></tr><tr><th>Exception</th></tr><tr><td><div class="stacktrace">org.openqa.selenium.WebDriverException:
    unknown error: net::ERR_NAME_NOT_RESOLVED
    (Session info: chrome=108.0.5359.125)
    Build info: version: &apos;3.141.59&apos;, revision: &apos;e82be7d358&apos;, time: &apos;2018-11-14T08:17:03&apos;
    System info: host: &apos;DESKTOP-4VG4ENC&apos;, ip: &apos;192.168.184.1&apos;, os.name: &apos;Windows 10&apos;,
    os.arch: &apos;amd64&apos;, os.version: &apos;10.0&apos;, java.version: &apos;1.8.0_60&apos;
    Driver info: org.openqa.selenium.chrome.ChromeDriver
    Capabilities {acceptInsecureCerts: false, browserName: chrome, browserVersion: 108.0.5359.125, chrome:
    {chromedriverVersion: 108.0.5359.71 (1e0e3868ee06..., userDataDir: C:\Users\kkscl\AppData\Loca...},
    goog:chromeOptions: {debuggerAddress: localhost:60400}, javascriptEnabled: true, networkConnectionEnabled: false,
    pageLoadStrategy: normal, platform: WINDOWS, platformName: WINDOWS, proxy: Proxy(), setWindowRect: true,
    strictFileInteractability: false, timeouts: {implicit: 0, pageLoad: 300000, script: 30000}, unhandledPromptBehavior:
    dismiss and notify, webauthn:extension:credBlob: true, webauthn:extension:largeBlob: true,
    webauthn:virtualAuthenticators: true}
    Session ID: 23ea1216ac4687f0bd8aa806a914208c
    at org.openqa.selenium.remote.http.W3CHttpResponseCodec.createException(W3CHttpResponseCodec.java:187)
    at org.openqa.selenium.remote.http.W3CHttpResponseCodec.decode(W3CHttpResponseCodec.java:122)
    at org.openqa.selenium.remote.http.W3CHttpResponseCodec.decode(W3CHttpResponseCodec.java:49)
    at org.openqa.selenium.remote.HttpCommandExecutor.execute(HttpCommandExecutor.java:158)
    at org.openqa.selenium.remote.service.DriverCommandExecutor.execute(DriverCommandExecutor.java:83)
    at org.openqa.selenium.remote.RemoteWebDriver.execute(RemoteWebDriver.java:545)
    at org.openqa.selenium.remote.RemoteWebDriver.get(RemoteWebDriver.java:273)
    at org.openqa.selenium.support.events.EventFiringWebDriver.lambda$new$1(EventFiringWebDriver.java:105)
    at com.sun.proxy.$Proxy8.get(Unknown Source)
    at org.openqa.selenium.support.events.EventFiringWebDriver.get(EventFiringWebDriver.java:165)
    at com.automation.ui.digitaldeployer.testcases.base.ProjectBaseTest.loadFirstPage(DigitalDeployerBaseTest.java:53)
    at com.automation.ui.base.common.templates.core.CoreTestTemplate.initTestContext(CoreTestTemplate.java:134)
    ... Removed 43 stack frames</div></td></tr></table><p class="totop"><a href="#summary">back to summary</a></p><h3 id="m2">com.automation.ui.digitaldeployer.testcases.index.HomePageTest#initTestContext</h3><table class="result"><tr class="param"><th>Parameter #1</th></tr><tr class="param stripe"><td>public
    void
    com.automation.ui.digitaldeployer.testcases.index.HomePageTest.continue_Test(com.automation.ui.digitaldeployer.pageobjectsfactory.pageobject.index.vo.InitialSearchVO)
    throws java.lang.Throwable</td></tr><tr><th>Exception</th></tr><tr><td><div class="stacktrace">org.openqa.selenium.WebDriverException:
    unknown error: net::ERR_NAME_NOT_RESOLVED
    (Session info: chrome=108.0.5359.125)
    Build info: version: &apos;3.141.59&apos;, revision: &apos;e82be7d358&apos;, time: &apos;2018-11-14T08:17:03&apos;
    System info: host: &apos;DESKTOP-4VG4ENC&apos;, ip: &apos;192.168.184.1&apos;, os.name: &apos;Windows 10&apos;,
    os.arch: &apos;amd64&apos;, os.version: &apos;10.0&apos;, java.version: &apos;1.8.0_60&apos;
    Driver info: org.openqa.selenium.chrome.ChromeDriver
    Capabilities {acceptInsecureCerts: false, browserName: chrome, browserVersion: 108.0.5359.125, chrome:
    {chromedriverVersion: 108.0.5359.71 (1e0e3868ee06..., userDataDir: C:\Users\kkscl\AppData\Loca...},
    goog:chromeOptions: {debuggerAddress: localhost:60400}, javascriptEnabled: true, networkConnectionEnabled: false,
    pageLoadStrategy: normal, platform: WINDOWS, platformName: WINDOWS, proxy: Proxy(), setWindowRect: true,
    strictFileInteractability: false, timeouts: {implicit: 0, pageLoad: 300000, script: 30000}, unhandledPromptBehavior:
    dismiss and notify, webauthn:extension:credBlob: true, webauthn:extension:largeBlob: true,
    webauthn:virtualAuthenticators: true}
    Session ID: 23ea1216ac4687f0bd8aa806a914208c
    at org.openqa.selenium.remote.http.W3CHttpResponseCodec.createException(W3CHttpResponseCodec.java:187)
    at org.openqa.selenium.remote.http.W3CHttpResponseCodec.decode(W3CHttpResponseCodec.java:122)
    at org.openqa.selenium.remote.http.W3CHttpResponseCodec.decode(W3CHttpResponseCodec.java:49)
    at org.openqa.selenium.remote.HttpCommandExecutor.execute(HttpCommandExecutor.java:158)
    at org.openqa.selenium.remote.service.DriverCommandExecutor.execute(DriverCommandExecutor.java:83)
    at org.openqa.selenium.remote.RemoteWebDriver.execute(RemoteWebDriver.java:545)
    at org.openqa.selenium.remote.RemoteWebDriver.get(RemoteWebDriver.java:273)
    at org.openqa.selenium.support.events.EventFiringWebDriver.lambda$new$1(EventFiringWebDriver.java:105)
    at com.sun.proxy.$Proxy8.get(Unknown Source)
    at org.openqa.selenium.support.events.EventFiringWebDriver.get(EventFiringWebDriver.java:165)
    at com.automation.ui.digitaldeployer.testcases.base.ProjectBaseTest.loadFirstPage(DigitalDeployerBaseTest.java:53)
    at com.automation.ui.base.common.templates.core.CoreTestTemplate.initTestContext(CoreTestTemplate.java:134)
    ... Removed 43 stack frames</div></td></tr></table><p class="totop"><a href="#summary">back to summary</a></p><h3 id="m3">com.automation.ui.digitaldeployer.testcases.index.HomePageTest#initTestContext</h3><table class="result"><tr class="param"><th>Parameter #1</th></tr><tr class="param stripe"><td>public
    void
    com.automation.ui.digitaldeployer.testcases.index.HomePageTest.launchHomePage_Test(com.automation.ui.digitaldeployer.pageobjectsfactory.pageobject.index.vo.InitialSearchVO)
    throws java.lang.Throwable</td></tr><tr><th>Exception</th></tr><tr><td><div class="stacktrace">org.openqa.selenium.WebDriverException:
    unknown error: net::ERR_NAME_NOT_RESOLVED
    (Session info: chrome=108.0.5359.125)
    Build info: version: &apos;3.141.59&apos;, revision: &apos;e82be7d358&apos;, time: &apos;2018-11-14T08:17:03&apos;
    System info: host: &apos;DESKTOP-4VG4ENC&apos;, ip: &apos;192.168.184.1&apos;, os.name: &apos;Windows 10&apos;,
    os.arch: &apos;amd64&apos;, os.version: &apos;10.0&apos;, java.version: &apos;1.8.0_60&apos;
    Driver info: org.openqa.selenium.chrome.ChromeDriver
    Capabilities {acceptInsecureCerts: false, browserName: chrome, browserVersion: 108.0.5359.125, chrome:
    {chromedriverVersion: 108.0.5359.71 (1e0e3868ee06..., userDataDir: C:\Users\kkscl\AppData\Loca...},
    goog:chromeOptions: {debuggerAddress: localhost:60400}, javascriptEnabled: true, networkConnectionEnabled: false,
    pageLoadStrategy: normal, platform: WINDOWS, platformName: WINDOWS, proxy: Proxy(), setWindowRect: true,
    strictFileInteractability: false, timeouts: {implicit: 0, pageLoad: 300000, script: 30000}, unhandledPromptBehavior:
    dismiss and notify, webauthn:extension:credBlob: true, webauthn:extension:largeBlob: true,
    webauthn:virtualAuthenticators: true}
    Session ID: 23ea1216ac4687f0bd8aa806a914208c
    at org.openqa.selenium.remote.http.W3CHttpResponseCodec.createException(W3CHttpResponseCodec.java:187)
    at org.openqa.selenium.remote.http.W3CHttpResponseCodec.decode(W3CHttpResponseCodec.java:122)
    at org.openqa.selenium.remote.http.W3CHttpResponseCodec.decode(W3CHttpResponseCodec.java:49)
    at org.openqa.selenium.remote.HttpCommandExecutor.execute(HttpCommandExecutor.java:158)
    at org.openqa.selenium.remote.service.DriverCommandExecutor.execute(DriverCommandExecutor.java:83)
    at org.openqa.selenium.remote.RemoteWebDriver.execute(RemoteWebDriver.java:545)
    at org.openqa.selenium.remote.RemoteWebDriver.get(RemoteWebDriver.java:273)
    at org.openqa.selenium.support.events.EventFiringWebDriver.lambda$new$1(EventFiringWebDriver.java:105)
    at com.sun.proxy.$Proxy8.get(Unknown Source)
    at org.openqa.selenium.support.events.EventFiringWebDriver.get(EventFiringWebDriver.java:165)
    at com.automation.ui.digitaldeployer.testcases.base.ProjectBaseTest.loadFirstPage(DigitalDeployerBaseTest.java:53)
    at com.automation.ui.base.common.templates.core.CoreTestTemplate.initTestContext(CoreTestTemplate.java:134)
    ... Removed 43 stack frames</div></td></tr></table><p class="totop"><a href="#summary">back to summary</a></p><h3 id="m4">com.automation.ui.digitaldeployer.testcases.index.HomePageTest#tearDownAfterTestSuite</h3><table class="result"></table><p class="totop"><a href="#summary">back to summary</a></p><h3 id="m5">com.automation.ui.digitaldeployer.testcases.context.ContextPageTest#clickEmail_Test</h3><table class="result"><tr class="param"><th>Parameter #1</th></tr><tr class="param stripe"><td>com.automation.ui.digitaldeployer.pageobjectsfactory.pageobject.context.vo.ContextVO@34e20e6b</td></tr><tr><th>Exception</th></tr><tr><td><div class="stacktrace">org.testng.SkipException: TEST SKIPPED
	at com.automation.ui.base.common.testnglisteners.BrowserAndTestEventListener.onTestSkipped(BrowserAndTestEventListener.java:294)
... Removed 30 stack frames</div></td></tr></table><p class="totop"><a href="#summary">back to summary</a></p><h3 id="m6">com.automation.ui.digitaldeployer.testcases.index.HomePageTest#continue_Test</h3><table class="result"><tr class="param"><th>Parameter #1</th></tr><tr class="param stripe"><td>com.automation.ui.digitaldeployer.pageobjectsfactory.pageobject.index.vo.InitialSearchVO@35088e87</td></tr><tr><th>Exception</th></tr><tr><td><div class="stacktrace">org.testng.SkipException: TEST SKIPPED
	at com.automation.ui.base.common.testnglisteners.BrowserAndTestEventListener.onTestSkipped(BrowserAndTestEventListener.java:294)
... Removed 30 stack frames</div></td></tr></table><p class="totop"><a href="#summary">back to summary</a></p><h3 id="m7">com.automation.ui.digitaldeployer.testcases.index.HomePageTest#launchHomePage_Test</h3><table class="result"><tr class="param"><th>Parameter #1</th></tr><tr class="param stripe"><td>com.automation.ui.digitaldeployer.pageobjectsfactory.pageobject.index.vo.InitialSearchVO@6d171ce0</td></tr><tr><th>Exception</th></tr><tr><td><div class="stacktrace">org.testng.SkipException: TEST SKIPPED
	at com.automation.ui.base.common.testnglisteners.BrowserAndTestEventListener.onTestSkipped(BrowserAndTestEventListener.java:294)
... Removed 30 stack frames</div></td></tr></table><p class="totop"><a href="#summary">back to summary</a></p><h3 id="m8">com.automation.ui.digitaldeployer.testcases.index.HomePageTest#search_Test</h3><table class="result"><tr class="param"><th>Parameter #1</th></tr><tr class="param stripe"><td>com.automation.ui.digitaldeployer.pageobjectsfactory.pageobject.index.vo.InitialSearchVO@3e1624c7</td></tr><tr><th>Exception</th></tr><tr><td><div class="stacktrace">org.testng.SkipException: TEST SKIPPED
	at com.automation.ui.base.common.testnglisteners.BrowserAndTestEventListener.onTestSkipped(BrowserAndTestEventListener.java:294)
... Removed 30 stack frames</div></td></tr></table><p class="totop"><a href="#summary">back to summary</a></p></body></html>