<?xml version="1.0" encoding="UTF-8"?>
<!-- Generated by org.testng.reporters.JUnitXMLReporter -->
<testsuite hostname="DESKTOP-4VG4ENC" name="Home" tests="10" failures="1" timestamp="12 Jan 2023 14:25:25 GMT" time="107.073" errors="0">
  <testcase name="launchHomePage_Test" time="1.379" classname="com.automation.ui.digitaldeployer.testcases.index.IndexPageTest"/>
  <testcase name="launchAddNewWorkspace_Test" time="32.791" classname="com.automation.ui.digitaldeployer.testcases.home.HomePageTest"/>
  <testcase name="launchAddNewWorkspacename_Test" time="12.848" classname="com.automation.ui.digitaldeployer.testcases.home.HomePageTest"/>
  <testcase name="launchSearchText_Test" time="7.809" classname="com.automation.ui.digitaldeployer.testcases.home.HomePageTest"/>
  <testcase name="launchClearall_Test" time="1.62" classname="com.automation.ui.digitaldeployer.testcases.home.HomePageTest">
    <failure type="java.lang.AssertionError" message="ERROR WHILE EXECUTION ">
      <![CDATA[java.lang.AssertionError: ERROR WHILE EXECUTION 
	at com.automation.ui.digitaldeployer.pageobjectsfactory.pageobject.home.pages.HomePage.clearall(HomePage.java:228)
	at com.automation.ui.digitaldeployer.testcases.home.HomePageTest.launchClearall_Test(HomePageTest.java:116)
... Removed 34 stack frames]]>
    </failure>
  </testcase> <!-- launchClearall_Test -->
  <testcase name="launchwsdropdown_Test" time="7.059" classname="com.automation.ui.digitaldeployer.testcases.home.HomePageTest"/>
  <testcase name="launchOverview_Test" time="6.181" classname="com.automation.ui.digitaldeployer.testcases.home.HomePageTest"/>
  <testcase name="launchlangselect_Test" time="6.204" classname="com.automation.ui.digitaldeployer.testcases.home.HomePageTest"/>
  <testcase name="launchApi_Test" time="6.221" classname="com.automation.ui.digitaldeployer.testcases.home.HomePageTest"/>
  <testcase name="launchdocumentation_Test" time="6.508" classname="com.automation.ui.digitaldeployer.testcases.home.HomePageTest"/>
</testsuite> <!-- Home -->
