<?xml version="1.0" encoding="UTF-8"?>
<!-- Generated by org.testng.reporters.JUnitXMLReporter -->
<testsuite hostname="DESKTOP-4VG4ENC" name="Home" tests="3" failures="2" timestamp="9 Jan 2023 08:17:35 GMT" time="11.342" errors="0">
  <testcase name="launchHomePage_Test" time="2.414" classname="com.automation.ui.digitaldeployer.testcases.index.IndexPageTest"/>
  <testcase name="verifyContinueBeforeLogin" time="1.148" classname="com.automation.ui.digitaldeployer.testcases.login.LoginTest">
    <failure type="java.lang.NullPointerException">
      <![CDATA[java.lang.NullPointerException
	at com.automation.ui.digitaldeployer.testcases.login.LoginTest.verifyContinueBeforeLogin(LoginTest.java:66)
... Removed 33 stack frames]]>
    </failure>
  </testcase> <!-- verifyContinueBeforeLogin -->
  <testcase name="launchAddNewWorkspace_Test" time="0.0" classname="com.automation.ui.digitaldeployer.testcases.home.HomePageTest">
    <failure type="java.lang.IllegalArgumentException" message="argument type mismatch">
      <![CDATA[java.lang.IllegalArgumentException: argument type mismatch
... Removed 33 stack frames]]>
    </failure>
  </testcase> <!-- launchAddNewWorkspace_Test -->
</testsuite> <!-- Home -->
