<html>
    <style>
    table {
        margin:0 auto;
        width:100%;
        min-width:1300px;
        max-width:1600px;
    }
    td {border-top: 1px solid grey;}
    td:first-child {width:120px;}
    td:nth-child(2) {word-break: break-all;}
    pre {white-space: pre-wrap;}
    td:nth-child(3){width:100px;}
    tr.success{color:black;background-color:#8BC34A;}
    tr.warning{color:black;background-color:#f0e8b1;}
    tr.error{color:black;background-color:#F44336;}
    tr.info{color:white;background-color:#FFCA28}
    tr.step{color:black;background:#f7f7f7}
    tr.errormsg{color:black;background:#32c5d2}
    tr.endmsg{color:black;background:#3598dc}


    </style>
    <head>
        <meta http-equiv="content-type" content="text/html; charset=UTF-8">
    </head>
    <body>
        <script type="text/javascript" src="http://code.jquery.com/jquery-1.8.2.min.js"></script>
        <script>
            $(function() {
                $('.info').hide();
                $('.stacktrace').hide();
                $("table").click(function(event) {
                    event.stopPropagation();
                    var $target = $(event.target);
                    if ($target.closest("tr").attr("class") == "error stacktrace" ) {
                        $target.closest("tr").slideUp();
                    } else if ($target.closest("tr").next("tr").attr("class") == "error stacktrace") {
                        $target.closest("tr").next("tr").slideToggle();
                    }
                });
            });
        </script>
        <table class=".bootstrap-table">
        <tr><td></td><td></td></tr>
        <tr><td>Date:</td><td> 2023-01-09T04:49:22+00:00 </td></tr>
        <tr><td>Polish Time: </td><td> 09/01/2023 05:49:22 +01:00</td></tr>
        <tr><td>Browser:</td><td>  CHROME</td></tr>
       <tr><td>OS:</td><td> Windows 10</td></tr>
        <tr><td>Testing environment:</td><td>  https://digital-deployer-app.galuctussandbox.sandbox.galuctussandbox.app/</td></tr>
        <tr><td>Testing environment: </td><td> sandbox</td></tr>
        <tr><td>Tested version: Build :</td><td>  TO DO: GET site VERSION HERE</td></tr>
        <tr><td>Log Path:</td><td>  C:\Project\Automation\.\logs\realreport\log_2023-01-09_10-19-1.html</td></tr>
        
          
        </table>



        <div id='toc'></div>

<table class=".bootstrap-table"> 
<tr class="step">
<td><button id="hideLowLevel">hide low level actions</button></td>
</tr>
</table>

<table class=".bootstrap-table"> 
<tr class="step">
<td><button id="showLowLevel">show low level actions</button></td>
</tr>
</table>


<script>
function createToc()
{


	var h1 = $('td h1');
	var l = h1.length;
	var toc = "<ul>";
	for (var i=0; i<l; i++){
		var ident = "toc"+i;
		var tr = h1[i].parentNode.parentNode;
		h1[i].setAttribute('id', ident);
		if (tr.style.backgroundColor == "#F44336")
		{
			var temp = "<li><a style=\"color:#F44336;\" href='#" + ident + "' >" + h1[i].textContent + "</a></li>";
		}
		else
		{
			var temp = "<li><a href='#" + ident + "' >" + h1[i].textContent + "</a></li>";
		}
		toc += temp;
	}
	toc+="</ul>";
	var tocWrapper = document.getElementById('toc');
	console.log(toc);
	tocWrapper.innerHTML += toc;
}
function markMethodAsFailed() {
	var a = $('table tr.error').parent();
	var l = a.length;
	for (var i=0; i<l; i++)
	{
		var b = a[i].children[0];
		b.style.backgroundColor = "#F44336";
	}
}
function addLinkBackToTheJob() {
	if (location.pathname.indexOf('/job/') > -1) {
		var jobPath = location.pathname.replace(/(\/job\/[^/]*)\/.*$/, '$1'),
			$a = $('<a></a>').attr('href', jobPath).text('Back to job'),
			$a = $a.wrap('<p></p>');
			$p = $('p').first();
		$p.before($a);
	}
}

$(document).ready(function () {
	markMethodAsFailed();
	createToc();
	addLinkBackToTheJob();
});

(function (ctx) {
    var hideButton, showButton, document;
    document = ctx.document;
    hideButton = document.getElementById('hideLowLevel');
    showButton = document.getElementById('showLowLevel');

    function manageActions(direction) {
        // get all elements with class lowLevelAction
        var elements = document.getElementsByClassName("info");
        for (var i = 0; i < elements.length; i++) {
            if (direction === 'hide') {
                //hide lowLevelActions
                elements[i].style.display = "none";
            } else if (direction === 'show') {
                //show lowLevelActions
                elements[i].style.display = "";
            }
        }
    }
    hideButton.addEventListener('click', function () {
        manageActions('hide');
    }, false);
    showButton.addEventListener('click', function () {
        manageActions('show');
    }, false);
}(this));
</script>
<table style="background-color: #e7505a;"> 
     <tr class="step">
         <td ><em>Test Method Name</td>
         <td colspan="2"><em>com.automation.ui.digitaldeployer.testcases.home.HomePageTest.launchHomePage_Test</td>
         
     </tr>

 <tr class="step">
        <td></td>
        <td><em>launchHomePage_Test</em></td>
        <td> <br/> &nbsp;</td>
    </tr>

<tr class="success">
    <td>NavigatePage to</td>
    <td><a href="https://digital-deployer-app.galuctussandbox.sandbox.galuctussandbox.app/">https://digital-deployer-app.galuctussandbox.sandbox.galuctussandbox.app/</a>
</td>
    <td> <br/> &nbsp;</td>
</tr>

<tr class="error">
    <td>TEST CONFIGURATION FAILED</td>
    <td>unknown error: net::ERR_NAME_NOT_RESOLVED
  (Session info: chrome=108.0.5359.125)
Build info: version: '3.141.59', revision: 'e82be7d358', time: '2018-11-14T08:17:03'
System info: host: 'DESKTOP-4VG4ENC', ip: '192.168.184.1', os.name: 'Windows 10', os.arch: 'amd64', os.version: '10.0', java.version: '1.8.0_60'
Driver info: org.openqa.selenium.chrome.ChromeDriver
Capabilities {acceptInsecureCerts: false, browserName: chrome, browserVersion: 108.0.5359.125, chrome: {chromedriverVersion: 108.0.5359.71 (1e0e3868ee06..., userDataDir: C:\Users\kkscl\AppData\Loca...}, goog:chromeOptions: {debuggerAddress: localhost:60400}, javascriptEnabled: true, networkConnectionEnabled: false, pageLoadStrategy: normal, platform: WINDOWS, platformName: WINDOWS, proxy: Proxy(), setWindowRect: true, strictFileInteractability: false, timeouts: {implicit: 0, pageLoad: 300000, script: 30000}, unhandledPromptBehavior: dismiss and notify, webauthn:extension:credBlob: true, webauthn:extension:largeBlob: true, webauthn:virtualAuthenticators: true}
Session ID: 23ea1216ac4687f0bd8aa806a914208c</td>
    <td> <br/>
        <a href='screenshots/screenshot1.png'>Screenshot</a><br/>
      <!--   <a href='screenshots/screenshot1.html'>HTML Source</a> -->
    </td>
</tr>

<tr class="error stacktrace">
    <td>STACKTRACE</td>
    <td>org.openqa.selenium.WebDriverException: unknown error: net::ERR_NAME_NOT_RESOLVED<br>  (Session info: chrome=108.0.5359.125)<br>Build info: version: '3.141.59', revision: 'e82be7d358', time: '2018-11-14T08:17:03'<br>System info: host: 'DESKTOP-4VG4ENC', ip: '192.168.184.1', os.name: 'Windows 10', os.arch: 'amd64', os.version: '10.0', java.version: '1.8.0_60'<br>Driver info: org.openqa.selenium.chrome.ChromeDriver<br>Capabilities {acceptInsecureCerts: false, browserName: chrome, browserVersion: 108.0.5359.125, chrome: {chromedriverVersion: 108.0.5359.71 (1e0e3868ee06..., userDataDir: C:\Users\kkscl\AppData\Loca...}, goog:chromeOptions: {debuggerAddress: localhost:60400}, javascriptEnabled: true, networkConnectionEnabled: false, pageLoadStrategy: normal, platform: WINDOWS, platformName: WINDOWS, proxy: Proxy(), setWindowRect: true, strictFileInteractability: false, timeouts: {implicit: 0, pageLoad: 300000, script: 30000}, unhandledPromptBehavior: dismiss and notify, webauthn:extension:credBlob: true, webauthn:extension:largeBlob: true, webauthn:virtualAuthenticators: true}<br>Session ID: 23ea1216ac4687f0bd8aa806a914208c<br>	at sun.reflect.NativeConstructorAccessorImpl.newInstance0(Native Method)<br>	at sun.reflect.NativeConstructorAccessorImpl.newInstance(NativeConstructorAccessorImpl.java:62)<br>	at sun.reflect.DelegatingConstructorAccessorImpl.newInstance(DelegatingConstructorAccessorImpl.java:45)<br>	at java.lang.reflect.Constructor.newInstance(Constructor.java:422)<br>	at org.openqa.selenium.remote.http.W3CHttpResponseCodec.createException(W3CHttpResponseCodec.java:187)<br>	at org.openqa.selenium.remote.http.W3CHttpResponseCodec.decode(W3CHttpResponseCodec.java:122)<br>	at org.openqa.selenium.remote.http.W3CHttpResponseCodec.decode(W3CHttpResponseCodec.java:49)<br>	at org.openqa.selenium.remote.HttpCommandExecutor.execute(HttpCommandExecutor.java:158)<br>	at org.openqa.selenium.remote.service.DriverCommandExecutor.execute(DriverCommandExecutor.java:83)<br>	at org.openqa.selenium.remote.RemoteWebDriver.execute(RemoteWebDriver.java:545)<br>	at org.openqa.selenium.remote.RemoteWebDriver.get(RemoteWebDriver.java:273)<br>	at sun.reflect.NativeMethodAccessorImpl.invoke0(Native Method)<br>	at sun.reflect.NativeMethodAccessorImpl.invoke(NativeMethodAccessorImpl.java:62)<br>	at sun.reflect.DelegatingMethodAccessorImpl.invoke(DelegatingMethodAccessorImpl.java:43)<br>	at java.lang.reflect.Method.invoke(Method.java:497)<br>	at org.openqa.selenium.support.events.EventFiringWebDriver.lambda$new$1(EventFiringWebDriver.java:105)<br>	at com.sun.proxy.$Proxy8.get(Unknown Source)<br>	at org.openqa.selenium.support.events.EventFiringWebDriver.get(EventFiringWebDriver.java:165)<br>	at com.automation.ui.digitaldeployer.testcases.base.DigitalDeployerBaseTest.loadFirstPage(DigitalDeployerBaseTest.java:53)<br>	at com.automation.ui.base.common.templates.core.CoreTestTemplate.initTestContext(CoreTestTemplate.java:134)<br>	at sun.reflect.NativeMethodAccessorImpl.invoke0(Native Method)<br>	at sun.reflect.NativeMethodAccessorImpl.invoke(NativeMethodAccessorImpl.java:62)<br>	at sun.reflect.DelegatingMethodAccessorImpl.invoke(DelegatingMethodAccessorImpl.java:43)<br>	at java.lang.reflect.Method.invoke(Method.java:497)<br>	at org.testng.internal.MethodInvocationHelper.invokeMethod(MethodInvocationHelper.java:86)<br>	at org.testng.internal.Invoker.invokeConfigurationMethod(Invoker.java:514)<br>	at org.testng.internal.Invoker.invokeConfigurations(Invoker.java:215)<br>	at org.testng.internal.Invoker.invokeMethod(Invoker.java:589)<br>	at org.testng.internal.Invoker.invokeTestMethod(Invoker.java:820)<br>	at org.testng.internal.Invoker.invokeTestMethods(Invoker.java:1128)<br>	at org.testng.internal.TestMethodWorker.invokeTestMethods(TestMethodWorker.java:129)<br>	at org.testng.internal.TestMethodWorker.run(TestMethodWorker.java:112)<br>	at org.testng.TestRunner.privateRun(TestRunner.java:782)<br>	at org.testng.TestRunner.run(TestRunner.java:632)<br>	at org.testng.SuiteRunner.runTest(SuiteRunner.java:366)<br>	at org.testng.SuiteRunner.runSequentially(SuiteRunner.java:361)<br>	at org.testng.SuiteRunner.privateRun(SuiteRunner.java:319)<br>	at org.testng.SuiteRunner.run(SuiteRunner.java:268)<br>	at org.testng.SuiteRunnerWorker.runSuite(SuiteRunnerWorker.java:52)<br>	at org.testng.SuiteRunnerWorker.run(SuiteRunnerWorker.java:86)<br>	at org.testng.TestNG.runSuitesSequentially(TestNG.java:1244)<br>	at org.testng.TestNG.runSuitesLocally(TestNG.java:1169)<br>	at org.testng.TestNG.run(TestNG.java:1064)<br>	at org.apache.maven.surefire.testng.TestNGExecutor.run(TestNGExecutor.java:178)<br>	at org.apache.maven.surefire.testng.TestNGXmlTestSuite.execute(TestNGXmlTestSuite.java:92)<br>	at org.apache.maven.surefire.testng.TestNGProvider.invoke(TestNGProvider.java:96)<br>	at sun.reflect.NativeMethodAccessorImpl.invoke0(Native Method)<br>	at sun.reflect.NativeMethodAccessorImpl.invoke(NativeMethodAccessorImpl.java:62)<br>	at sun.reflect.DelegatingMethodAccessorImpl.invoke(DelegatingMethodAccessorImpl.java:43)<br>	at java.lang.reflect.Method.invoke(Method.java:497)<br>	at org.apache.maven.surefire.util.ReflectionUtils.invokeMethodWithArray2(ReflectionUtils.java:208)<br>	at org.apache.maven.surefire.booter.ProviderFactory$ProviderProxy.invoke(ProviderFactory.java:159)<br>	at org.apache.maven.surefire.booter.ProviderFactory.invokeProvider(ProviderFactory.java:87)<br>	at org.apache.maven.surefire.booter.ForkedBooter.runSuitesInProcess(ForkedBooter.java:153)<br>	at org.apache.maven.surefire.booter.ForkedBooter.main(ForkedBooter.java:95)<br></td>
    <td> <br/> &nbsp;</td>
</tr>

<tr class="error">
    <td>Test Failed</td>
    <td>TEST SKIPPED</td>
    <td> <br/>
        <a href='screenshots/screenshot2.png'>Screenshot</a><br/>
      <!--   <a href='screenshots/screenshot2.html'>HTML Source</a> -->
    </td>
</tr>

<tr class="error stacktrace">
    <td>STACKTRACE</td>
    <td>org.testng.SkipException: TEST SKIPPED<br>	at com.automation.ui.base.common.testnglisteners.BrowserAndTestEventListener.onTestSkipped(BrowserAndTestEventListener.java:294)<br>	at org.testng.internal.Invoker.runTestListeners(Invoker.java:1683)<br>	at org.testng.internal.Invoker.runTestListeners(Invoker.java:1675)<br>	at org.testng.internal.Invoker.invokeMethod(Invoker.java:700)<br>	at org.testng.internal.Invoker.invokeTestMethod(Invoker.java:820)<br>	at org.testng.internal.Invoker.invokeTestMethods(Invoker.java:1128)<br>	at org.testng.internal.TestMethodWorker.invokeTestMethods(TestMethodWorker.java:129)<br>	at org.testng.internal.TestMethodWorker.run(TestMethodWorker.java:112)<br>	at org.testng.TestRunner.privateRun(TestRunner.java:782)<br>	at org.testng.TestRunner.run(TestRunner.java:632)<br>	at org.testng.SuiteRunner.runTest(SuiteRunner.java:366)<br>	at org.testng.SuiteRunner.runSequentially(SuiteRunner.java:361)<br>	at org.testng.SuiteRunner.privateRun(SuiteRunner.java:319)<br>	at org.testng.SuiteRunner.run(SuiteRunner.java:268)<br>	at org.testng.SuiteRunnerWorker.runSuite(SuiteRunnerWorker.java:52)<br>	at org.testng.SuiteRunnerWorker.run(SuiteRunnerWorker.java:86)<br>	at org.testng.TestNG.runSuitesSequentially(TestNG.java:1244)<br>	at org.testng.TestNG.runSuitesLocally(TestNG.java:1169)<br>	at org.testng.TestNG.run(TestNG.java:1064)<br>	at org.apache.maven.surefire.testng.TestNGExecutor.run(TestNGExecutor.java:178)<br>	at org.apache.maven.surefire.testng.TestNGXmlTestSuite.execute(TestNGXmlTestSuite.java:92)<br>	at org.apache.maven.surefire.testng.TestNGProvider.invoke(TestNGProvider.java:96)<br>	at sun.reflect.NativeMethodAccessorImpl.invoke0(Native Method)<br>	at sun.reflect.NativeMethodAccessorImpl.invoke(NativeMethodAccessorImpl.java:62)<br>	at sun.reflect.DelegatingMethodAccessorImpl.invoke(DelegatingMethodAccessorImpl.java:43)<br>	at java.lang.reflect.Method.invoke(Method.java:497)<br>	at org.apache.maven.surefire.util.ReflectionUtils.invokeMethodWithArray2(ReflectionUtils.java:208)<br>	at org.apache.maven.surefire.booter.ProviderFactory$ProviderProxy.invoke(ProviderFactory.java:159)<br>	at org.apache.maven.surefire.booter.ProviderFactory.invokeProvider(ProviderFactory.java:87)<br>	at org.apache.maven.surefire.booter.ForkedBooter.runSuitesInProcess(ForkedBooter.java:153)<br>	at org.apache.maven.surefire.booter.ForkedBooter.main(ForkedBooter.java:95)<br></td>
    <td> <br/> &nbsp;</td>
</tr>

    <tr class="endmsg">
        <td>&nbsp</td>
        <td class="">STOP LOGGING METHOD
            <div style="text-align:center"><a href="#toc" style="color:blue">
            <b>BACK TO MENU</b></a>
            </div>
        </td>
        <td> <br/> &nbsp;</td>
    </tr>
</table>

<table style="background-color: #e7505a;"> 
     <tr class="step">
         <td ><em>Test Method Name</td>
         <td colspan="2"><em>com.automation.ui.digitaldeployer.testcases.home.HomePageTest.continue_Test</td>
         
     </tr>

 <tr class="step">
        <td></td>
        <td><em>continue_Test</em></td>
        <td> <br/> &nbsp;</td>
    </tr>

<tr class="success">
    <td>NavigatePage to</td>
    <td><a href="https://digital-deployer-app.galuctussandbox.sandbox.galuctussandbox.app/">https://digital-deployer-app.galuctussandbox.sandbox.galuctussandbox.app/</a>
</td>
    <td> <br/> &nbsp;</td>
</tr>

<tr class="error">
    <td>TEST CONFIGURATION FAILED</td>
    <td>unknown error: net::ERR_NAME_NOT_RESOLVED
  (Session info: chrome=108.0.5359.125)
Build info: version: '3.141.59', revision: 'e82be7d358', time: '2018-11-14T08:17:03'
System info: host: 'DESKTOP-4VG4ENC', ip: '192.168.184.1', os.name: 'Windows 10', os.arch: 'amd64', os.version: '10.0', java.version: '1.8.0_60'
Driver info: org.openqa.selenium.chrome.ChromeDriver
Capabilities {acceptInsecureCerts: false, browserName: chrome, browserVersion: 108.0.5359.125, chrome: {chromedriverVersion: 108.0.5359.71 (1e0e3868ee06..., userDataDir: C:\Users\kkscl\AppData\Loca...}, goog:chromeOptions: {debuggerAddress: localhost:60400}, javascriptEnabled: true, networkConnectionEnabled: false, pageLoadStrategy: normal, platform: WINDOWS, platformName: WINDOWS, proxy: Proxy(), setWindowRect: true, strictFileInteractability: false, timeouts: {implicit: 0, pageLoad: 300000, script: 30000}, unhandledPromptBehavior: dismiss and notify, webauthn:extension:credBlob: true, webauthn:extension:largeBlob: true, webauthn:virtualAuthenticators: true}
Session ID: 23ea1216ac4687f0bd8aa806a914208c</td>
    <td> <br/>
        <a href='screenshots/screenshot3.png'>Screenshot</a><br/>
      <!--   <a href='screenshots/screenshot3.html'>HTML Source</a> -->
    </td>
</tr>

<tr class="error stacktrace">
    <td>STACKTRACE</td>
    <td>org.openqa.selenium.WebDriverException: unknown error: net::ERR_NAME_NOT_RESOLVED<br>  (Session info: chrome=108.0.5359.125)<br>Build info: version: '3.141.59', revision: 'e82be7d358', time: '2018-11-14T08:17:03'<br>System info: host: 'DESKTOP-4VG4ENC', ip: '192.168.184.1', os.name: 'Windows 10', os.arch: 'amd64', os.version: '10.0', java.version: '1.8.0_60'<br>Driver info: org.openqa.selenium.chrome.ChromeDriver<br>Capabilities {acceptInsecureCerts: false, browserName: chrome, browserVersion: 108.0.5359.125, chrome: {chromedriverVersion: 108.0.5359.71 (1e0e3868ee06..., userDataDir: C:\Users\kkscl\AppData\Loca...}, goog:chromeOptions: {debuggerAddress: localhost:60400}, javascriptEnabled: true, networkConnectionEnabled: false, pageLoadStrategy: normal, platform: WINDOWS, platformName: WINDOWS, proxy: Proxy(), setWindowRect: true, strictFileInteractability: false, timeouts: {implicit: 0, pageLoad: 300000, script: 30000}, unhandledPromptBehavior: dismiss and notify, webauthn:extension:credBlob: true, webauthn:extension:largeBlob: true, webauthn:virtualAuthenticators: true}<br>Session ID: 23ea1216ac4687f0bd8aa806a914208c<br>	at sun.reflect.NativeConstructorAccessorImpl.newInstance0(Native Method)<br>	at sun.reflect.NativeConstructorAccessorImpl.newInstance(NativeConstructorAccessorImpl.java:62)<br>	at sun.reflect.DelegatingConstructorAccessorImpl.newInstance(DelegatingConstructorAccessorImpl.java:45)<br>	at java.lang.reflect.Constructor.newInstance(Constructor.java:422)<br>	at org.openqa.selenium.remote.http.W3CHttpResponseCodec.createException(W3CHttpResponseCodec.java:187)<br>	at org.openqa.selenium.remote.http.W3CHttpResponseCodec.decode(W3CHttpResponseCodec.java:122)<br>	at org.openqa.selenium.remote.http.W3CHttpResponseCodec.decode(W3CHttpResponseCodec.java:49)<br>	at org.openqa.selenium.remote.HttpCommandExecutor.execute(HttpCommandExecutor.java:158)<br>	at org.openqa.selenium.remote.service.DriverCommandExecutor.execute(DriverCommandExecutor.java:83)<br>	at org.openqa.selenium.remote.RemoteWebDriver.execute(RemoteWebDriver.java:545)<br>	at org.openqa.selenium.remote.RemoteWebDriver.get(RemoteWebDriver.java:273)<br>	at sun.reflect.NativeMethodAccessorImpl.invoke0(Native Method)<br>	at sun.reflect.NativeMethodAccessorImpl.invoke(NativeMethodAccessorImpl.java:62)<br>	at sun.reflect.DelegatingMethodAccessorImpl.invoke(DelegatingMethodAccessorImpl.java:43)<br>	at java.lang.reflect.Method.invoke(Method.java:497)<br>	at org.openqa.selenium.support.events.EventFiringWebDriver.lambda$new$1(EventFiringWebDriver.java:105)<br>	at com.sun.proxy.$Proxy8.get(Unknown Source)<br>	at org.openqa.selenium.support.events.EventFiringWebDriver.get(EventFiringWebDriver.java:165)<br>	at com.automation.ui.digitaldeployer.testcases.base.DigitalDeployerBaseTest.loadFirstPage(DigitalDeployerBaseTest.java:53)<br>	at com.automation.ui.base.common.templates.core.CoreTestTemplate.initTestContext(CoreTestTemplate.java:134)<br>	at sun.reflect.NativeMethodAccessorImpl.invoke0(Native Method)<br>	at sun.reflect.NativeMethodAccessorImpl.invoke(NativeMethodAccessorImpl.java:62)<br>	at sun.reflect.DelegatingMethodAccessorImpl.invoke(DelegatingMethodAccessorImpl.java:43)<br>	at java.lang.reflect.Method.invoke(Method.java:497)<br>	at org.testng.internal.MethodInvocationHelper.invokeMethod(MethodInvocationHelper.java:86)<br>	at org.testng.internal.Invoker.invokeConfigurationMethod(Invoker.java:514)<br>	at org.testng.internal.Invoker.invokeConfigurations(Invoker.java:215)<br>	at org.testng.internal.Invoker.invokeMethod(Invoker.java:589)<br>	at org.testng.internal.Invoker.invokeTestMethod(Invoker.java:820)<br>	at org.testng.internal.Invoker.invokeTestMethods(Invoker.java:1128)<br>	at org.testng.internal.TestMethodWorker.invokeTestMethods(TestMethodWorker.java:129)<br>	at org.testng.internal.TestMethodWorker.run(TestMethodWorker.java:112)<br>	at org.testng.TestRunner.privateRun(TestRunner.java:782)<br>	at org.testng.TestRunner.run(TestRunner.java:632)<br>	at org.testng.SuiteRunner.runTest(SuiteRunner.java:366)<br>	at org.testng.SuiteRunner.runSequentially(SuiteRunner.java:361)<br>	at org.testng.SuiteRunner.privateRun(SuiteRunner.java:319)<br>	at org.testng.SuiteRunner.run(SuiteRunner.java:268)<br>	at org.testng.SuiteRunnerWorker.runSuite(SuiteRunnerWorker.java:52)<br>	at org.testng.SuiteRunnerWorker.run(SuiteRunnerWorker.java:86)<br>	at org.testng.TestNG.runSuitesSequentially(TestNG.java:1244)<br>	at org.testng.TestNG.runSuitesLocally(TestNG.java:1169)<br>	at org.testng.TestNG.run(TestNG.java:1064)<br>	at org.apache.maven.surefire.testng.TestNGExecutor.run(TestNGExecutor.java:178)<br>	at org.apache.maven.surefire.testng.TestNGXmlTestSuite.execute(TestNGXmlTestSuite.java:92)<br>	at org.apache.maven.surefire.testng.TestNGProvider.invoke(TestNGProvider.java:96)<br>	at sun.reflect.NativeMethodAccessorImpl.invoke0(Native Method)<br>	at sun.reflect.NativeMethodAccessorImpl.invoke(NativeMethodAccessorImpl.java:62)<br>	at sun.reflect.DelegatingMethodAccessorImpl.invoke(DelegatingMethodAccessorImpl.java:43)<br>	at java.lang.reflect.Method.invoke(Method.java:497)<br>	at org.apache.maven.surefire.util.ReflectionUtils.invokeMethodWithArray2(ReflectionUtils.java:208)<br>	at org.apache.maven.surefire.booter.ProviderFactory$ProviderProxy.invoke(ProviderFactory.java:159)<br>	at org.apache.maven.surefire.booter.ProviderFactory.invokeProvider(ProviderFactory.java:87)<br>	at org.apache.maven.surefire.booter.ForkedBooter.runSuitesInProcess(ForkedBooter.java:153)<br>	at org.apache.maven.surefire.booter.ForkedBooter.main(ForkedBooter.java:95)<br></td>
    <td> <br/> &nbsp;</td>
</tr>

<tr class="error">
    <td>Test Failed</td>
    <td>TEST SKIPPED</td>
    <td> <br/>
        <a href='screenshots/screenshot4.png'>Screenshot</a><br/>
      <!--   <a href='screenshots/screenshot4.html'>HTML Source</a> -->
    </td>
</tr>

<tr class="error stacktrace">
    <td>STACKTRACE</td>
    <td>org.testng.SkipException: TEST SKIPPED<br>	at com.automation.ui.base.common.testnglisteners.BrowserAndTestEventListener.onTestSkipped(BrowserAndTestEventListener.java:294)<br>	at org.testng.internal.Invoker.runTestListeners(Invoker.java:1683)<br>	at org.testng.internal.Invoker.runTestListeners(Invoker.java:1675)<br>	at org.testng.internal.Invoker.invokeMethod(Invoker.java:700)<br>	at org.testng.internal.Invoker.invokeTestMethod(Invoker.java:820)<br>	at org.testng.internal.Invoker.invokeTestMethods(Invoker.java:1128)<br>	at org.testng.internal.TestMethodWorker.invokeTestMethods(TestMethodWorker.java:129)<br>	at org.testng.internal.TestMethodWorker.run(TestMethodWorker.java:112)<br>	at org.testng.TestRunner.privateRun(TestRunner.java:782)<br>	at org.testng.TestRunner.run(TestRunner.java:632)<br>	at org.testng.SuiteRunner.runTest(SuiteRunner.java:366)<br>	at org.testng.SuiteRunner.runSequentially(SuiteRunner.java:361)<br>	at org.testng.SuiteRunner.privateRun(SuiteRunner.java:319)<br>	at org.testng.SuiteRunner.run(SuiteRunner.java:268)<br>	at org.testng.SuiteRunnerWorker.runSuite(SuiteRunnerWorker.java:52)<br>	at org.testng.SuiteRunnerWorker.run(SuiteRunnerWorker.java:86)<br>	at org.testng.TestNG.runSuitesSequentially(TestNG.java:1244)<br>	at org.testng.TestNG.runSuitesLocally(TestNG.java:1169)<br>	at org.testng.TestNG.run(TestNG.java:1064)<br>	at org.apache.maven.surefire.testng.TestNGExecutor.run(TestNGExecutor.java:178)<br>	at org.apache.maven.surefire.testng.TestNGXmlTestSuite.execute(TestNGXmlTestSuite.java:92)<br>	at org.apache.maven.surefire.testng.TestNGProvider.invoke(TestNGProvider.java:96)<br>	at sun.reflect.NativeMethodAccessorImpl.invoke0(Native Method)<br>	at sun.reflect.NativeMethodAccessorImpl.invoke(NativeMethodAccessorImpl.java:62)<br>	at sun.reflect.DelegatingMethodAccessorImpl.invoke(DelegatingMethodAccessorImpl.java:43)<br>	at java.lang.reflect.Method.invoke(Method.java:497)<br>	at org.apache.maven.surefire.util.ReflectionUtils.invokeMethodWithArray2(ReflectionUtils.java:208)<br>	at org.apache.maven.surefire.booter.ProviderFactory$ProviderProxy.invoke(ProviderFactory.java:159)<br>	at org.apache.maven.surefire.booter.ProviderFactory.invokeProvider(ProviderFactory.java:87)<br>	at org.apache.maven.surefire.booter.ForkedBooter.runSuitesInProcess(ForkedBooter.java:153)<br>	at org.apache.maven.surefire.booter.ForkedBooter.main(ForkedBooter.java:95)<br></td>
    <td> <br/> &nbsp;</td>
</tr>

    <tr class="endmsg">
        <td>&nbsp</td>
        <td class="">STOP LOGGING METHOD
            <div style="text-align:center"><a href="#toc" style="color:blue">
            <b>BACK TO MENU</b></a>
            </div>
        </td>
        <td> <br/> &nbsp;</td>
    </tr>
</table>

<table style="background-color: #e7505a;"> 
     <tr class="step">
         <td ><em>Test Method Name</td>
         <td colspan="2"><em>com.automation.ui.digitaldeployer.testcases.home.HomePageTest.search_Test</td>
         
     </tr>

 <tr class="step">
        <td></td>
        <td><em>search_Test</em></td>
        <td> <br/> &nbsp;</td>
    </tr>

<tr class="success">
    <td>NavigatePage to</td>
    <td><a href="https://digital-deployer-app.galuctussandbox.sandbox.galuctussandbox.app/">https://digital-deployer-app.galuctussandbox.sandbox.galuctussandbox.app/</a>
</td>
    <td> <br/> &nbsp;</td>
</tr>

<tr class="error">
    <td>TEST CONFIGURATION FAILED</td>
    <td>unknown error: net::ERR_NAME_NOT_RESOLVED
  (Session info: chrome=108.0.5359.125)
Build info: version: '3.141.59', revision: 'e82be7d358', time: '2018-11-14T08:17:03'
System info: host: 'DESKTOP-4VG4ENC', ip: '192.168.184.1', os.name: 'Windows 10', os.arch: 'amd64', os.version: '10.0', java.version: '1.8.0_60'
Driver info: org.openqa.selenium.chrome.ChromeDriver
Capabilities {acceptInsecureCerts: false, browserName: chrome, browserVersion: 108.0.5359.125, chrome: {chromedriverVersion: 108.0.5359.71 (1e0e3868ee06..., userDataDir: C:\Users\kkscl\AppData\Loca...}, goog:chromeOptions: {debuggerAddress: localhost:60400}, javascriptEnabled: true, networkConnectionEnabled: false, pageLoadStrategy: normal, platform: WINDOWS, platformName: WINDOWS, proxy: Proxy(), setWindowRect: true, strictFileInteractability: false, timeouts: {implicit: 0, pageLoad: 300000, script: 30000}, unhandledPromptBehavior: dismiss and notify, webauthn:extension:credBlob: true, webauthn:extension:largeBlob: true, webauthn:virtualAuthenticators: true}
Session ID: 23ea1216ac4687f0bd8aa806a914208c</td>
    <td> <br/>
        <a href='screenshots/screenshot5.png'>Screenshot</a><br/>
      <!--   <a href='screenshots/screenshot5.html'>HTML Source</a> -->
    </td>
</tr>

<tr class="error stacktrace">
    <td>STACKTRACE</td>
    <td>org.openqa.selenium.WebDriverException: unknown error: net::ERR_NAME_NOT_RESOLVED<br>  (Session info: chrome=108.0.5359.125)<br>Build info: version: '3.141.59', revision: 'e82be7d358', time: '2018-11-14T08:17:03'<br>System info: host: 'DESKTOP-4VG4ENC', ip: '192.168.184.1', os.name: 'Windows 10', os.arch: 'amd64', os.version: '10.0', java.version: '1.8.0_60'<br>Driver info: org.openqa.selenium.chrome.ChromeDriver<br>Capabilities {acceptInsecureCerts: false, browserName: chrome, browserVersion: 108.0.5359.125, chrome: {chromedriverVersion: 108.0.5359.71 (1e0e3868ee06..., userDataDir: C:\Users\kkscl\AppData\Loca...}, goog:chromeOptions: {debuggerAddress: localhost:60400}, javascriptEnabled: true, networkConnectionEnabled: false, pageLoadStrategy: normal, platform: WINDOWS, platformName: WINDOWS, proxy: Proxy(), setWindowRect: true, strictFileInteractability: false, timeouts: {implicit: 0, pageLoad: 300000, script: 30000}, unhandledPromptBehavior: dismiss and notify, webauthn:extension:credBlob: true, webauthn:extension:largeBlob: true, webauthn:virtualAuthenticators: true}<br>Session ID: 23ea1216ac4687f0bd8aa806a914208c<br>	at sun.reflect.NativeConstructorAccessorImpl.newInstance0(Native Method)<br>	at sun.reflect.NativeConstructorAccessorImpl.newInstance(NativeConstructorAccessorImpl.java:62)<br>	at sun.reflect.DelegatingConstructorAccessorImpl.newInstance(DelegatingConstructorAccessorImpl.java:45)<br>	at java.lang.reflect.Constructor.newInstance(Constructor.java:422)<br>	at org.openqa.selenium.remote.http.W3CHttpResponseCodec.createException(W3CHttpResponseCodec.java:187)<br>	at org.openqa.selenium.remote.http.W3CHttpResponseCodec.decode(W3CHttpResponseCodec.java:122)<br>	at org.openqa.selenium.remote.http.W3CHttpResponseCodec.decode(W3CHttpResponseCodec.java:49)<br>	at org.openqa.selenium.remote.HttpCommandExecutor.execute(HttpCommandExecutor.java:158)<br>	at org.openqa.selenium.remote.service.DriverCommandExecutor.execute(DriverCommandExecutor.java:83)<br>	at org.openqa.selenium.remote.RemoteWebDriver.execute(RemoteWebDriver.java:545)<br>	at org.openqa.selenium.remote.RemoteWebDriver.get(RemoteWebDriver.java:273)<br>	at sun.reflect.NativeMethodAccessorImpl.invoke0(Native Method)<br>	at sun.reflect.NativeMethodAccessorImpl.invoke(NativeMethodAccessorImpl.java:62)<br>	at sun.reflect.DelegatingMethodAccessorImpl.invoke(DelegatingMethodAccessorImpl.java:43)<br>	at java.lang.reflect.Method.invoke(Method.java:497)<br>	at org.openqa.selenium.support.events.EventFiringWebDriver.lambda$new$1(EventFiringWebDriver.java:105)<br>	at com.sun.proxy.$Proxy8.get(Unknown Source)<br>	at org.openqa.selenium.support.events.EventFiringWebDriver.get(EventFiringWebDriver.java:165)<br>	at com.automation.ui.digitaldeployer.testcases.base.DigitalDeployerBaseTest.loadFirstPage(DigitalDeployerBaseTest.java:53)<br>	at com.automation.ui.base.common.templates.core.CoreTestTemplate.initTestContext(CoreTestTemplate.java:134)<br>	at sun.reflect.NativeMethodAccessorImpl.invoke0(Native Method)<br>	at sun.reflect.NativeMethodAccessorImpl.invoke(NativeMethodAccessorImpl.java:62)<br>	at sun.reflect.DelegatingMethodAccessorImpl.invoke(DelegatingMethodAccessorImpl.java:43)<br>	at java.lang.reflect.Method.invoke(Method.java:497)<br>	at org.testng.internal.MethodInvocationHelper.invokeMethod(MethodInvocationHelper.java:86)<br>	at org.testng.internal.Invoker.invokeConfigurationMethod(Invoker.java:514)<br>	at org.testng.internal.Invoker.invokeConfigurations(Invoker.java:215)<br>	at org.testng.internal.Invoker.invokeMethod(Invoker.java:589)<br>	at org.testng.internal.Invoker.invokeTestMethod(Invoker.java:820)<br>	at org.testng.internal.Invoker.invokeTestMethods(Invoker.java:1128)<br>	at org.testng.internal.TestMethodWorker.invokeTestMethods(TestMethodWorker.java:129)<br>	at org.testng.internal.TestMethodWorker.run(TestMethodWorker.java:112)<br>	at org.testng.TestRunner.privateRun(TestRunner.java:782)<br>	at org.testng.TestRunner.run(TestRunner.java:632)<br>	at org.testng.SuiteRunner.runTest(SuiteRunner.java:366)<br>	at org.testng.SuiteRunner.runSequentially(SuiteRunner.java:361)<br>	at org.testng.SuiteRunner.privateRun(SuiteRunner.java:319)<br>	at org.testng.SuiteRunner.run(SuiteRunner.java:268)<br>	at org.testng.SuiteRunnerWorker.runSuite(SuiteRunnerWorker.java:52)<br>	at org.testng.SuiteRunnerWorker.run(SuiteRunnerWorker.java:86)<br>	at org.testng.TestNG.runSuitesSequentially(TestNG.java:1244)<br>	at org.testng.TestNG.runSuitesLocally(TestNG.java:1169)<br>	at org.testng.TestNG.run(TestNG.java:1064)<br>	at org.apache.maven.surefire.testng.TestNGExecutor.run(TestNGExecutor.java:178)<br>	at org.apache.maven.surefire.testng.TestNGXmlTestSuite.execute(TestNGXmlTestSuite.java:92)<br>	at org.apache.maven.surefire.testng.TestNGProvider.invoke(TestNGProvider.java:96)<br>	at sun.reflect.NativeMethodAccessorImpl.invoke0(Native Method)<br>	at sun.reflect.NativeMethodAccessorImpl.invoke(NativeMethodAccessorImpl.java:62)<br>	at sun.reflect.DelegatingMethodAccessorImpl.invoke(DelegatingMethodAccessorImpl.java:43)<br>	at java.lang.reflect.Method.invoke(Method.java:497)<br>	at org.apache.maven.surefire.util.ReflectionUtils.invokeMethodWithArray2(ReflectionUtils.java:208)<br>	at org.apache.maven.surefire.booter.ProviderFactory$ProviderProxy.invoke(ProviderFactory.java:159)<br>	at org.apache.maven.surefire.booter.ProviderFactory.invokeProvider(ProviderFactory.java:87)<br>	at org.apache.maven.surefire.booter.ForkedBooter.runSuitesInProcess(ForkedBooter.java:153)<br>	at org.apache.maven.surefire.booter.ForkedBooter.main(ForkedBooter.java:95)<br></td>
    <td> <br/> &nbsp;</td>
</tr>

<tr class="error">
    <td>Test Failed</td>
    <td>TEST SKIPPED</td>
    <td> <br/>
        <a href='screenshots/screenshot6.png'>Screenshot</a><br/>
      <!--   <a href='screenshots/screenshot6.html'>HTML Source</a> -->
    </td>
</tr>

<tr class="error stacktrace">
    <td>STACKTRACE</td>
    <td>org.testng.SkipException: TEST SKIPPED<br>	at com.automation.ui.base.common.testnglisteners.BrowserAndTestEventListener.onTestSkipped(BrowserAndTestEventListener.java:294)<br>	at org.testng.internal.Invoker.runTestListeners(Invoker.java:1683)<br>	at org.testng.internal.Invoker.runTestListeners(Invoker.java:1675)<br>	at org.testng.internal.Invoker.invokeMethod(Invoker.java:700)<br>	at org.testng.internal.Invoker.invokeTestMethod(Invoker.java:820)<br>	at org.testng.internal.Invoker.invokeTestMethods(Invoker.java:1128)<br>	at org.testng.internal.TestMethodWorker.invokeTestMethods(TestMethodWorker.java:129)<br>	at org.testng.internal.TestMethodWorker.run(TestMethodWorker.java:112)<br>	at org.testng.TestRunner.privateRun(TestRunner.java:782)<br>	at org.testng.TestRunner.run(TestRunner.java:632)<br>	at org.testng.SuiteRunner.runTest(SuiteRunner.java:366)<br>	at org.testng.SuiteRunner.runSequentially(SuiteRunner.java:361)<br>	at org.testng.SuiteRunner.privateRun(SuiteRunner.java:319)<br>	at org.testng.SuiteRunner.run(SuiteRunner.java:268)<br>	at org.testng.SuiteRunnerWorker.runSuite(SuiteRunnerWorker.java:52)<br>	at org.testng.SuiteRunnerWorker.run(SuiteRunnerWorker.java:86)<br>	at org.testng.TestNG.runSuitesSequentially(TestNG.java:1244)<br>	at org.testng.TestNG.runSuitesLocally(TestNG.java:1169)<br>	at org.testng.TestNG.run(TestNG.java:1064)<br>	at org.apache.maven.surefire.testng.TestNGExecutor.run(TestNGExecutor.java:178)<br>	at org.apache.maven.surefire.testng.TestNGXmlTestSuite.execute(TestNGXmlTestSuite.java:92)<br>	at org.apache.maven.surefire.testng.TestNGProvider.invoke(TestNGProvider.java:96)<br>	at sun.reflect.NativeMethodAccessorImpl.invoke0(Native Method)<br>	at sun.reflect.NativeMethodAccessorImpl.invoke(NativeMethodAccessorImpl.java:62)<br>	at sun.reflect.DelegatingMethodAccessorImpl.invoke(DelegatingMethodAccessorImpl.java:43)<br>	at java.lang.reflect.Method.invoke(Method.java:497)<br>	at org.apache.maven.surefire.util.ReflectionUtils.invokeMethodWithArray2(ReflectionUtils.java:208)<br>	at org.apache.maven.surefire.booter.ProviderFactory$ProviderProxy.invoke(ProviderFactory.java:159)<br>	at org.apache.maven.surefire.booter.ProviderFactory.invokeProvider(ProviderFactory.java:87)<br>	at org.apache.maven.surefire.booter.ForkedBooter.runSuitesInProcess(ForkedBooter.java:153)<br>	at org.apache.maven.surefire.booter.ForkedBooter.main(ForkedBooter.java:95)<br></td>
    <td> <br/> &nbsp;</td>
</tr>

    <tr class="endmsg">
        <td>&nbsp</td>
        <td class="">STOP LOGGING METHOD
            <div style="text-align:center"><a href="#toc" style="color:blue">
            <b>BACK TO MENU</b></a>
            </div>
        </td>
        <td> <br/> &nbsp;</td>
    </tr>
</table>

<table style="background-color: #e7505a;"> 
     <tr class="step">
         <td ><em>Test Method Name</td>
         <td colspan="2"><em>com.automation.ui.digitaldeployer.testcases.context.ContextPageTest.clickEmail_Test</td>
         
     </tr>

 <tr class="step">
        <td></td>
        <td><em>clickEmail_Test</em></td>
        <td> <br/> &nbsp;</td>
    </tr>

<tr class="success">
    <td>NavigatePage to</td>
    <td><a href="https://digital-deployer-app.galuctussandbox.sandbox.galuctussandbox.app/">https://digital-deployer-app.galuctussandbox.sandbox.galuctussandbox.app/</a>
</td>
    <td> <br/> &nbsp;</td>
</tr>

<tr class="error">
    <td>TEST CONFIGURATION FAILED</td>
    <td>unknown error: net::ERR_NAME_NOT_RESOLVED
  (Session info: chrome=108.0.5359.125)
Build info: version: '3.141.59', revision: 'e82be7d358', time: '2018-11-14T08:17:03'
System info: host: 'DESKTOP-4VG4ENC', ip: '192.168.184.1', os.name: 'Windows 10', os.arch: 'amd64', os.version: '10.0', java.version: '1.8.0_60'
Driver info: org.openqa.selenium.chrome.ChromeDriver
Capabilities {acceptInsecureCerts: false, browserName: chrome, browserVersion: 108.0.5359.125, chrome: {chromedriverVersion: 108.0.5359.71 (1e0e3868ee06..., userDataDir: C:\Users\kkscl\AppData\Loca...}, goog:chromeOptions: {debuggerAddress: localhost:60400}, javascriptEnabled: true, networkConnectionEnabled: false, pageLoadStrategy: normal, platform: WINDOWS, platformName: WINDOWS, proxy: Proxy(), setWindowRect: true, strictFileInteractability: false, timeouts: {implicit: 0, pageLoad: 300000, script: 30000}, unhandledPromptBehavior: dismiss and notify, webauthn:extension:credBlob: true, webauthn:extension:largeBlob: true, webauthn:virtualAuthenticators: true}
Session ID: 23ea1216ac4687f0bd8aa806a914208c</td>
    <td> <br/>
        <a href='screenshots/screenshot7.png'>Screenshot</a><br/>
      <!--   <a href='screenshots/screenshot7.html'>HTML Source</a> -->
    </td>
</tr>

<tr class="error stacktrace">
    <td>STACKTRACE</td>
    <td>org.openqa.selenium.WebDriverException: unknown error: net::ERR_NAME_NOT_RESOLVED<br>  (Session info: chrome=108.0.5359.125)<br>Build info: version: '3.141.59', revision: 'e82be7d358', time: '2018-11-14T08:17:03'<br>System info: host: 'DESKTOP-4VG4ENC', ip: '192.168.184.1', os.name: 'Windows 10', os.arch: 'amd64', os.version: '10.0', java.version: '1.8.0_60'<br>Driver info: org.openqa.selenium.chrome.ChromeDriver<br>Capabilities {acceptInsecureCerts: false, browserName: chrome, browserVersion: 108.0.5359.125, chrome: {chromedriverVersion: 108.0.5359.71 (1e0e3868ee06..., userDataDir: C:\Users\kkscl\AppData\Loca...}, goog:chromeOptions: {debuggerAddress: localhost:60400}, javascriptEnabled: true, networkConnectionEnabled: false, pageLoadStrategy: normal, platform: WINDOWS, platformName: WINDOWS, proxy: Proxy(), setWindowRect: true, strictFileInteractability: false, timeouts: {implicit: 0, pageLoad: 300000, script: 30000}, unhandledPromptBehavior: dismiss and notify, webauthn:extension:credBlob: true, webauthn:extension:largeBlob: true, webauthn:virtualAuthenticators: true}<br>Session ID: 23ea1216ac4687f0bd8aa806a914208c<br>	at sun.reflect.NativeConstructorAccessorImpl.newInstance0(Native Method)<br>	at sun.reflect.NativeConstructorAccessorImpl.newInstance(NativeConstructorAccessorImpl.java:62)<br>	at sun.reflect.DelegatingConstructorAccessorImpl.newInstance(DelegatingConstructorAccessorImpl.java:45)<br>	at java.lang.reflect.Constructor.newInstance(Constructor.java:422)<br>	at org.openqa.selenium.remote.http.W3CHttpResponseCodec.createException(W3CHttpResponseCodec.java:187)<br>	at org.openqa.selenium.remote.http.W3CHttpResponseCodec.decode(W3CHttpResponseCodec.java:122)<br>	at org.openqa.selenium.remote.http.W3CHttpResponseCodec.decode(W3CHttpResponseCodec.java:49)<br>	at org.openqa.selenium.remote.HttpCommandExecutor.execute(HttpCommandExecutor.java:158)<br>	at org.openqa.selenium.remote.service.DriverCommandExecutor.execute(DriverCommandExecutor.java:83)<br>	at org.openqa.selenium.remote.RemoteWebDriver.execute(RemoteWebDriver.java:545)<br>	at org.openqa.selenium.remote.RemoteWebDriver.get(RemoteWebDriver.java:273)<br>	at sun.reflect.NativeMethodAccessorImpl.invoke0(Native Method)<br>	at sun.reflect.NativeMethodAccessorImpl.invoke(NativeMethodAccessorImpl.java:62)<br>	at sun.reflect.DelegatingMethodAccessorImpl.invoke(DelegatingMethodAccessorImpl.java:43)<br>	at java.lang.reflect.Method.invoke(Method.java:497)<br>	at org.openqa.selenium.support.events.EventFiringWebDriver.lambda$new$1(EventFiringWebDriver.java:105)<br>	at com.sun.proxy.$Proxy8.get(Unknown Source)<br>	at org.openqa.selenium.support.events.EventFiringWebDriver.get(EventFiringWebDriver.java:165)<br>	at com.automation.ui.digitaldeployer.testcases.base.DigitalDeployerBaseTest.loadFirstPage(DigitalDeployerBaseTest.java:53)<br>	at com.automation.ui.base.common.templates.core.CoreTestTemplate.initTestContext(CoreTestTemplate.java:134)<br>	at sun.reflect.NativeMethodAccessorImpl.invoke0(Native Method)<br>	at sun.reflect.NativeMethodAccessorImpl.invoke(NativeMethodAccessorImpl.java:62)<br>	at sun.reflect.DelegatingMethodAccessorImpl.invoke(DelegatingMethodAccessorImpl.java:43)<br>	at java.lang.reflect.Method.invoke(Method.java:497)<br>	at org.testng.internal.MethodInvocationHelper.invokeMethod(MethodInvocationHelper.java:86)<br>	at org.testng.internal.Invoker.invokeConfigurationMethod(Invoker.java:514)<br>	at org.testng.internal.Invoker.invokeConfigurations(Invoker.java:215)<br>	at org.testng.internal.Invoker.invokeMethod(Invoker.java:589)<br>	at org.testng.internal.Invoker.invokeTestMethod(Invoker.java:820)<br>	at org.testng.internal.Invoker.invokeTestMethods(Invoker.java:1128)<br>	at org.testng.internal.TestMethodWorker.invokeTestMethods(TestMethodWorker.java:129)<br>	at org.testng.internal.TestMethodWorker.run(TestMethodWorker.java:112)<br>	at org.testng.TestRunner.privateRun(TestRunner.java:782)<br>	at org.testng.TestRunner.run(TestRunner.java:632)<br>	at org.testng.SuiteRunner.runTest(SuiteRunner.java:366)<br>	at org.testng.SuiteRunner.runSequentially(SuiteRunner.java:361)<br>	at org.testng.SuiteRunner.privateRun(SuiteRunner.java:319)<br>	at org.testng.SuiteRunner.run(SuiteRunner.java:268)<br>	at org.testng.SuiteRunnerWorker.runSuite(SuiteRunnerWorker.java:52)<br>	at org.testng.SuiteRunnerWorker.run(SuiteRunnerWorker.java:86)<br>	at org.testng.TestNG.runSuitesSequentially(TestNG.java:1244)<br>	at org.testng.TestNG.runSuitesLocally(TestNG.java:1169)<br>	at org.testng.TestNG.run(TestNG.java:1064)<br>	at org.apache.maven.surefire.testng.TestNGExecutor.run(TestNGExecutor.java:178)<br>	at org.apache.maven.surefire.testng.TestNGXmlTestSuite.execute(TestNGXmlTestSuite.java:92)<br>	at org.apache.maven.surefire.testng.TestNGProvider.invoke(TestNGProvider.java:96)<br>	at sun.reflect.NativeMethodAccessorImpl.invoke0(Native Method)<br>	at sun.reflect.NativeMethodAccessorImpl.invoke(NativeMethodAccessorImpl.java:62)<br>	at sun.reflect.DelegatingMethodAccessorImpl.invoke(DelegatingMethodAccessorImpl.java:43)<br>	at java.lang.reflect.Method.invoke(Method.java:497)<br>	at org.apache.maven.surefire.util.ReflectionUtils.invokeMethodWithArray2(ReflectionUtils.java:208)<br>	at org.apache.maven.surefire.booter.ProviderFactory$ProviderProxy.invoke(ProviderFactory.java:159)<br>	at org.apache.maven.surefire.booter.ProviderFactory.invokeProvider(ProviderFactory.java:87)<br>	at org.apache.maven.surefire.booter.ForkedBooter.runSuitesInProcess(ForkedBooter.java:153)<br>	at org.apache.maven.surefire.booter.ForkedBooter.main(ForkedBooter.java:95)<br></td>
    <td> <br/> &nbsp;</td>
</tr>

<tr class="error">
    <td>Test Failed</td>
    <td>TEST SKIPPED</td>
    <td> <br/>
        <a href='screenshots/screenshot8.png'>Screenshot</a><br/>
      <!--   <a href='screenshots/screenshot8.html'>HTML Source</a> -->
    </td>
</tr>

<tr class="error stacktrace">
    <td>STACKTRACE</td>
    <td>org.testng.SkipException: TEST SKIPPED<br>	at com.automation.ui.base.common.testnglisteners.BrowserAndTestEventListener.onTestSkipped(BrowserAndTestEventListener.java:294)<br>	at org.testng.internal.Invoker.runTestListeners(Invoker.java:1683)<br>	at org.testng.internal.Invoker.runTestListeners(Invoker.java:1675)<br>	at org.testng.internal.Invoker.invokeMethod(Invoker.java:700)<br>	at org.testng.internal.Invoker.invokeTestMethod(Invoker.java:820)<br>	at org.testng.internal.Invoker.invokeTestMethods(Invoker.java:1128)<br>	at org.testng.internal.TestMethodWorker.invokeTestMethods(TestMethodWorker.java:129)<br>	at org.testng.internal.TestMethodWorker.run(TestMethodWorker.java:112)<br>	at org.testng.TestRunner.privateRun(TestRunner.java:782)<br>	at org.testng.TestRunner.run(TestRunner.java:632)<br>	at org.testng.SuiteRunner.runTest(SuiteRunner.java:366)<br>	at org.testng.SuiteRunner.runSequentially(SuiteRunner.java:361)<br>	at org.testng.SuiteRunner.privateRun(SuiteRunner.java:319)<br>	at org.testng.SuiteRunner.run(SuiteRunner.java:268)<br>	at org.testng.SuiteRunnerWorker.runSuite(SuiteRunnerWorker.java:52)<br>	at org.testng.SuiteRunnerWorker.run(SuiteRunnerWorker.java:86)<br>	at org.testng.TestNG.runSuitesSequentially(TestNG.java:1244)<br>	at org.testng.TestNG.runSuitesLocally(TestNG.java:1169)<br>	at org.testng.TestNG.run(TestNG.java:1064)<br>	at org.apache.maven.surefire.testng.TestNGExecutor.run(TestNGExecutor.java:178)<br>	at org.apache.maven.surefire.testng.TestNGXmlTestSuite.execute(TestNGXmlTestSuite.java:92)<br>	at org.apache.maven.surefire.testng.TestNGProvider.invoke(TestNGProvider.java:96)<br>	at sun.reflect.NativeMethodAccessorImpl.invoke0(Native Method)<br>	at sun.reflect.NativeMethodAccessorImpl.invoke(NativeMethodAccessorImpl.java:62)<br>	at sun.reflect.DelegatingMethodAccessorImpl.invoke(DelegatingMethodAccessorImpl.java:43)<br>	at java.lang.reflect.Method.invoke(Method.java:497)<br>	at org.apache.maven.surefire.util.ReflectionUtils.invokeMethodWithArray2(ReflectionUtils.java:208)<br>	at org.apache.maven.surefire.booter.ProviderFactory$ProviderProxy.invoke(ProviderFactory.java:159)<br>	at org.apache.maven.surefire.booter.ProviderFactory.invokeProvider(ProviderFactory.java:87)<br>	at org.apache.maven.surefire.booter.ForkedBooter.runSuitesInProcess(ForkedBooter.java:153)<br>	at org.apache.maven.surefire.booter.ForkedBooter.main(ForkedBooter.java:95)<br></td>
    <td> <br/> &nbsp;</td>
</tr>

    <tr class="endmsg">
        <td>&nbsp</td>
        <td class="">STOP LOGGING METHOD
            <div style="text-align:center"><a href="#toc" style="color:blue">
            <b>BACK TO MENU</b></a>
            </div>
        </td>
        <td> <br/> &nbsp;</td>
    </tr>
</table>

<html>
<head>
<META http-equiv="Content-Type" content="text/html; charset=UTF-8">
<title>Real Time Report</title>
<meta content="width=device-width, initial-scale=1" name="viewport">
<meta content="text/html; charset=utf-8" http-equiv="Content-Type">
<link type="text/css" rel="stylesheet" href="css/bootstrap.min.css">
<link type="text/css" rel="stylesheet" href="css/new-style.css">
<link type="text/css" rel="stylesheet" href="css/font-awesome.min.css">
<link type="text/css" rel="stylesheet" href="css/bootstrap-table.min.css">
<script src="js/Chart2.0.js"></script><script src="js/bootstrap-table.min.js"></script><script src="js/jquery-1.10.2.min.js"></script><script src="js/bootstrap.min.js"></script><script src="js/moment.js"></script>
</head>
<body class="bdy-clr">
<div class="navbar navbar-fixed-top container-fluid head-colr">
<script language="JavaScript">
				$(document).ready(function(){
					$('.refresh').click(function(){
						document.location.reload(true);
					});
					$('.pa_italic').click(function(){
						$(this).children('span').toggle();
					});
					$('input[name="filter"]').on("change",function(){
						$('.accordian-panel-heading').hide();
						if($(this).val() == "group"){
							$('#selGrp').show();
							$('#selGrp option:first-child').prop({ selected : true});
							$('#selCls').hide();
							$('#selVerd').hide();
							$('.accordian-panel-heading').each(function(){
								if($(this).attr('id') == 'config'){
									$(this).hide();
								}
							});
						}else if($(this).val() == "verdict"){
							$('#selVerd').show();
							$('#selVerd option:first-child').prop({ selected : true});
							$('#selGrp').hide();
							$('#selCls').hide();
							$('.accordian-panel-heading').each(function(){
								if($(this).attr('id') == 'config'){
									$(this).hide();
								}
							});
						}else if($(this).val() == "class"){
							$('#selGrp').hide();
							$('#selCls').show();
							$('#selVerd').hide();
							$('.accordian-panel-heading').each(function(){
								if($(this).attr('id') == 'config'){
									$(this).hide();
								}
							});
							$('#selCls option:first-child').prop({ selected : true});
						}else{
							$('#selGrp').hide();
							$('#selCls').hide();
							$('#selVerd').hide();
							$('.accordian-panel-heading').each(function(){
								if($(this).attr('id') == 'config'){
									$(this).show();
								}else{
									$(this).hide();
								}
							});
						}
					});
					var testClasses = [];
					var testClassValue = [];
					var testGroups = [];
						$('#selCls option').each(function(k,v){
							var currentClassName = $(this).text();
							var currentOptionVal = $(this).val();
							var currentClassVal = currentOptionVal.split('@');
							var matched = false;
							for(var i=0; i<testClasses.length; i++){
								if(currentClassName == testClasses[i]){
									matched = true;
								}
							}
							if(!matched){
								testClasses.push(currentClassName);
								testClassValue.push(currentClassVal[1]);
							}
						});
						$('#selGrp option').each(function(k,v){
							var currentGrpName = $(this).text();
							var matched = false;
							for(var i=0; i<testGroups.length; i++){
								if(currentGrpName == testGroups[i]){
									matched = true;
								}
							}
							if(!matched){
								testGroups.push(currentGrpName);
							}
						});
						$('#selCls option').remove();
						$('#selGrp option').remove();
						$('#selCls').append('<option selected="selected">--Select Test Class Name--</option>');
						$('#selGrp').append('<option selected="selected">--Select Test Group Name--</option>');
						$.each(testClasses,function(index){
							$('#selCls').append('<option value="'+testClassValue[index]+'">'+testClasses[index]+'</option>');
						});
						$.each(testGroups,function(k,v){
							$('#selGrp').append('<option>'+v+'</option>');
						});
						$('#selVerd').on("change",function(){
							var selectedVerdict = $(this).find("option:selected").val();
							$('.accordian-panel-heading').each(function(){
								var title = $(this).attr('title');
								if(selectedVerdict == title){
									$(this).show();
								}else{
									$(this).hide();
								}
							});
						});
						$('#selCls').on("change", function(){
							var selectedClassName = $(this).find("option:selected").val();
							$('.accordian-panel-heading').each(function(k,v){
								var idCls = $(this).attr('id').split('@');
								if(selectedClassName == idCls[1]){
									$(this).show();
								}else{
									$(this).hide();
								}
							});
						});
						$('#selGrp').on("change", function(){
							var selGroup = $(this).find("option:selected").text();
							var selectedGroup = selGroup.replace(new RegExp(' ','g'),'-');
							$('.accordian-panel-heading').each(function(k,v){
								var splitedID = $(this).attr('id').split('@');
								var groupArray = splitedID[0].split('_');
								if(groupArray.length > 0){
									var matched = false;
									for(var i=0; i<groupArray.length; i++){
										if(selectedGroup == groupArray[i]){
											matched = true;
										}
									}
									if(matched){
										$(this).show();
									}else{
										$(this).hide();
									}
								}
							});
						});
						setInterval(function(){
							var displayedResult = $('.accordian-panel-heading:visible').size();
							$('#show').html(displayedResult);
						},100);
				});
				function getHMS(ms,id){
					var tms = parseInt(ms);
					var tm = moment.duration(tms);
					var message = tm.hours()+"h "+tm.minutes()+"m "+tm.seconds()+"s";
					$('#'+id).html(message);
				}
				function getPercent(decimal,id){
					var deci = Math.round(decimal);
					$('#'+id).html(deci);
				}
				function getProgress(decimal){
					var deci = Math.round(decimal);
					$('div[role="progressbar"]').html(deci+' % Complete');
					$('div[role="progressbar"]').attr('aria-valuenow',deci);
					$('div[role="progressbar"]').width(deci+'%');
				}
			</script>
<div class="col-md-9">
<h2 class="header-title">Test Results for
                    portalautomation</h2>
</div>
<div class="col-md-3 gap-top-small">
<span title="Refresh" class="refresh btn btn-success"><i class="fa fa-refresh"></i>
                    Refresh
                </span>
</div>
</div>
<div class="container-fluid">
<div class="container gap-below gap-top">
<div class="progress">
<div aria-valuemax="100" aria-valuemin="0" role="progressbar" class="progress-bar progress-bar-info">
<script>getProgress('-200')
                        </script>
</div>
</div>
</div>
<div class="container gap-below">
<div class="col-md-4 gap-small-bottom">
<div class="r3_counter_box">
<i class="large fa fa-check"></i>
<div class="stats">
<h5 id="passPer">
<script>getPercent('0','passPer')
                                </script><span>%</span>
</h5>
<div class="grow">
<p>Pass</p>
</div>
</div>
</div>
</div>
<div class="col-md-4 gap-small-bottom">
<div class="r3_counter_box">
<i class="large fa fa-times"></i>
<div class="stats">
<h5 id="failPer">
<script>getPercent('-200','failPer')
                                </script><span>%</span>
</h5>
<div class="grow grow1">
<p>Fail</p>
</div>
</div>
</div>
</div>
<div class="col-md-4">
<div class="r3_counter_box">
<i class="large fa fa-forward"></i>
<div class="stats">
<h5 id="skipPer">
<script>getPercent('0','skipPer')
                                </script><span>%</span>
</h5>
<div class="grow grow2">
<p>Skip</p>
</div>
</div>
</div>
</div>
</div>
<div class="container gap-below">
<div class="col-md-6 gap-small-bottom">
<div class="r3_counter_box graphical">
<div class="white-box-title">
                            Result
                        </div>
<div style="width:70%;" id="canvas-holder">
<canvas height="150" width="300" id="chart-area"></canvas>
</div>
</div>
</div>
<script>
                    window.onload = function(){
                    var ctx = document.getElementById("chart-area").getContext("2d");
                    var myChart = new Chart(ctx, {
                    type: 'pie',
                    data: {
                    labels: [
                    "PASS",
                    "FAIL",
                    "SKIP"
                    ],
                    datasets: [
                    {
                    data: ['0', '4',
                    '0'],
                    backgroundColor: [
                    "#8bc34a",
                    "#f44336",
                    "#ffca28"
                    ],
                    hoverBackgroundColor: [
                    "#8bc75b",
                    "#f44448",
                    "#FFCE66"
                    ]
                    }]
                    }
                    });
                    }
                </script>
<div class="col-md-6">
<div class="col-md-6 gap-below highlight">
<div class="r3_counter_box blue">
<p class="title left">Suite</p>
<p class="number right">
                                    1
                                </p>
</div>
</div>
<div class="col-md-6 gap-below highlight">
<div class="r3_counter_box green">
<p class="title left">Executable Test Methods</p>
<p class="number right">-2</p>
</div>
</div>
<div class="col-md-6 highlight">
<div class="r3_counter_box purple">
<p class="title left">Running Parallel</p>
<p class="number right">false</p>
</div>
</div>
<div class="col-md-6 highlight">
<div class="r3_counter_box red">
<p class="title left">Suite Execution Time</p>
<p id="totTm" class="number right">
<script>getHMS('1','totTm')
                                </script>
</p>
</div>
</div>
</div>
</div>
<div class="container gap-below">
<div class="col-md-12">
<div class="r3_counter_box inner-gap">
<h3>Details</h3>
<div class="tab-content" id="myTabContent">
<div class="filter-area gap-below">
<p>Filter By :
                                    <form>
<input checked value="group" name="filter" type="radio"><i class="fa fa-users"></i>Group
                                        </input><input value="class" name="filter" type="radio"><i class="fa fa-book"></i>Test
                                            Class
                                        </input><input value="verdict" name="filter" type="radio"><i class="fa fa-balance-scale"></i>Verdict
                                        </input><input value="config" name="filter" type="radio"><i class="fa fa-wrench"></i>
                                            Failed Configuration Methods
                                        </input>
</form>
</p>
<select name="action" class="form-control" id="selGrp"><option>StarterRun</option></select><select style="display:none;" name="action" class="form-control" id="selCls"><option value="_StarterRun@20215">com.automation.ui.digitaldeployer.testcases.home.HomePageTest</option><option value="_StarterRun@20215">com.automation.ui.digitaldeployer.testcases.home.HomePageTest</option><option value="_StarterRun@20215">com.automation.ui.digitaldeployer.testcases.home.HomePageTest</option><option value="_StarterRun@21833">com.automation.ui.digitaldeployer.testcases.context.ContextPageTest</option></select><select style="display:none;" name="action" class="form-control" id="selVerd"><option>-- Select Verdict --</option><option value="PASS">Pass</option><option value="FAIL">Fail</option><option value="SKIP">Skip</option></select>
</div>
<div class="alert alert-info">
<strong>Showing <i id="show"></i> results
                                </strong>
</div>
<div aria-multiselectable="true" role="tablist" id="Accordion" class="panel-group accordian-top-margin">
<div style="display:none;" title="FAIL" id="_StarterRun@20215" class="panel accordian-panel-heading">
<div id="heading1" role="tab" class="panel-heading">
<h4 class="nw-page-title">
<a aria-controls="collapseOne" aria-expanded="true" href="#collapse1" data-parent="#Accordion" data-toggle="collapse" role="button" class="pa_italic"><span class="fa fa-chevron-down"></span><span class="fa fa-chevron-up"></span><label>launchHomePage_Test</label><i class="pass fa fa-times"></i></a>
</h4>
</div>
<div aria-labelledby="heading1" role="tabpanel" class="panel-collapse collapse" id="collapse1">
<div class="panel-body panel_text panel-body-new">
<p>
<strong>Name:</strong>launchHomePage_Test</p>
<p>
<strong>Instance:</strong>com.automation.ui.digitaldeployer.testcases.home.HomePageTest</p>
<p>
<strong>Parameters:</strong>1.
                                                        com.automation.ui.digitaldeployer.pageobjectsfactory.pageobject.home.vo.InitialSearchVO@6d171ce0</p>
<p>
<strong>Context Group Name:</strong>
</p>
<p>
<strong>Method Group Name:</strong>1.
                                                        StarterRun</p>
<p>
<strong>Start time:</strong>10:19:23</p>
<p>
<strong>End time:</strong>10:19:23</p>
<p>
<strong>Duration:</strong><i id="dura1"><script>getHMS('1','dura1')
                                                        </script></i>
</p>
<p class="breaker">
<strong>Reason:</strong>TEST SKIPPED
com.automation.ui.base.common.testnglisteners.BrowserAndTestEventListener.onTestSkipped(BrowserAndTestEventListener.java:294)
org.testng.internal.Invoker.runTestListeners(Invoker.java:1683)
org.testng.internal.Invoker.runTestListeners(Invoker.java:1675)
org.testng.internal.Invoker.invokeMethod(Invoker.java:700)
org.testng.internal.Invoker.invokeTestMethod(Invoker.java:820)
org.testng.internal.Invoker.invokeTestMethods(Invoker.java:1128)
org.testng.internal.TestMethodWorker.invokeTestMethods(TestMethodWorker.java:129)
org.testng.internal.TestMethodWorker.run(TestMethodWorker.java:112)
org.testng.TestRunner.privateRun(TestRunner.java:782)
org.testng.TestRunner.run(TestRunner.java:632)
org.testng.SuiteRunner.runTest(SuiteRunner.java:366)
org.testng.SuiteRunner.runSequentially(SuiteRunner.java:361)
org.testng.SuiteRunner.privateRun(SuiteRunner.java:319)
org.testng.SuiteRunner.run(SuiteRunner.java:268)
org.testng.SuiteRunnerWorker.runSuite(SuiteRunnerWorker.java:52)
org.testng.SuiteRunnerWorker.run(SuiteRunnerWorker.java:86)
org.testng.TestNG.runSuitesSequentially(TestNG.java:1244)
org.testng.TestNG.runSuitesLocally(TestNG.java:1169)
org.testng.TestNG.run(TestNG.java:1064)
org.apache.maven.surefire.testng.TestNGExecutor.run(TestNGExecutor.java:178)
org.apache.maven.surefire.testng.TestNGXmlTestSuite.execute(TestNGXmlTestSuite.java:92)
org.apache.maven.surefire.testng.TestNGProvider.invoke(TestNGProvider.java:96)
sun.reflect.NativeMethodAccessorImpl.invoke0(Native Method)
sun.reflect.NativeMethodAccessorImpl.invoke(NativeMethodAccessorImpl.java:62)
sun.reflect.DelegatingMethodAccessorImpl.invoke(DelegatingMethodAccessorImpl.java:43)
java.lang.reflect.Method.invoke(Method.java:497)
org.apache.maven.surefire.util.ReflectionUtils.invokeMethodWithArray2(ReflectionUtils.java:208)
org.apache.maven.surefire.booter.ProviderFactory$ProviderProxy.invoke(ProviderFactory.java:159)
org.apache.maven.surefire.booter.ProviderFactory.invokeProvider(ProviderFactory.java:87)
org.apache.maven.surefire.booter.ForkedBooter.runSuitesInProcess(ForkedBooter.java:153)
org.apache.maven.surefire.booter.ForkedBooter.main(ForkedBooter.java:95)
</p>
</div>
</div>
</div>
<div style="display:none;" title="FAIL" id="_StarterRun@20215" class="panel accordian-panel-heading">
<div id="heading2" role="tab" class="panel-heading">
<h4 class="nw-page-title">
<a aria-controls="collapseOne" aria-expanded="true" href="#collapse2" data-parent="#Accordion" data-toggle="collapse" role="button" class="pa_italic"><span class="fa fa-chevron-down"></span><span class="fa fa-chevron-up"></span><label>continue_Test</label><i class="pass fa fa-times"></i></a>
</h4>
</div>
<div aria-labelledby="heading2" role="tabpanel" class="panel-collapse collapse" id="collapse2">
<div class="panel-body panel_text panel-body-new">
<p>
<strong>Name:</strong>continue_Test</p>
<p>
<strong>Instance:</strong>com.automation.ui.digitaldeployer.testcases.home.HomePageTest</p>
<p>
<strong>Parameters:</strong>1.
                                                        com.automation.ui.digitaldeployer.pageobjectsfactory.pageobject.home.vo.InitialSearchVO@35088e87</p>
<p>
<strong>Context Group Name:</strong>
</p>
<p>
<strong>Method Group Name:</strong>1.
                                                        StarterRun</p>
<p>
<strong>Start time:</strong>10:19:25</p>
<p>
<strong>End time:</strong>10:19:25</p>
<p>
<strong>Duration:</strong><i id="dura2"><script>getHMS('0','dura2')
                                                        </script></i>
</p>
<p class="breaker">
<strong>Reason:</strong>TEST SKIPPED
com.automation.ui.base.common.testnglisteners.BrowserAndTestEventListener.onTestSkipped(BrowserAndTestEventListener.java:294)
org.testng.internal.Invoker.runTestListeners(Invoker.java:1683)
org.testng.internal.Invoker.runTestListeners(Invoker.java:1675)
org.testng.internal.Invoker.invokeMethod(Invoker.java:700)
org.testng.internal.Invoker.invokeTestMethod(Invoker.java:820)
org.testng.internal.Invoker.invokeTestMethods(Invoker.java:1128)
org.testng.internal.TestMethodWorker.invokeTestMethods(TestMethodWorker.java:129)
org.testng.internal.TestMethodWorker.run(TestMethodWorker.java:112)
org.testng.TestRunner.privateRun(TestRunner.java:782)
org.testng.TestRunner.run(TestRunner.java:632)
org.testng.SuiteRunner.runTest(SuiteRunner.java:366)
org.testng.SuiteRunner.runSequentially(SuiteRunner.java:361)
org.testng.SuiteRunner.privateRun(SuiteRunner.java:319)
org.testng.SuiteRunner.run(SuiteRunner.java:268)
org.testng.SuiteRunnerWorker.runSuite(SuiteRunnerWorker.java:52)
org.testng.SuiteRunnerWorker.run(SuiteRunnerWorker.java:86)
org.testng.TestNG.runSuitesSequentially(TestNG.java:1244)
org.testng.TestNG.runSuitesLocally(TestNG.java:1169)
org.testng.TestNG.run(TestNG.java:1064)
org.apache.maven.surefire.testng.TestNGExecutor.run(TestNGExecutor.java:178)
org.apache.maven.surefire.testng.TestNGXmlTestSuite.execute(TestNGXmlTestSuite.java:92)
org.apache.maven.surefire.testng.TestNGProvider.invoke(TestNGProvider.java:96)
sun.reflect.NativeMethodAccessorImpl.invoke0(Native Method)
sun.reflect.NativeMethodAccessorImpl.invoke(NativeMethodAccessorImpl.java:62)
sun.reflect.DelegatingMethodAccessorImpl.invoke(DelegatingMethodAccessorImpl.java:43)
java.lang.reflect.Method.invoke(Method.java:497)
org.apache.maven.surefire.util.ReflectionUtils.invokeMethodWithArray2(ReflectionUtils.java:208)
org.apache.maven.surefire.booter.ProviderFactory$ProviderProxy.invoke(ProviderFactory.java:159)
org.apache.maven.surefire.booter.ProviderFactory.invokeProvider(ProviderFactory.java:87)
org.apache.maven.surefire.booter.ForkedBooter.runSuitesInProcess(ForkedBooter.java:153)
org.apache.maven.surefire.booter.ForkedBooter.main(ForkedBooter.java:95)
</p>
</div>
</div>
</div>
<div style="display:none;" title="FAIL" id="_StarterRun@20215" class="panel accordian-panel-heading">
<div id="heading3" role="tab" class="panel-heading">
<h4 class="nw-page-title">
<a aria-controls="collapseOne" aria-expanded="true" href="#collapse3" data-parent="#Accordion" data-toggle="collapse" role="button" class="pa_italic"><span class="fa fa-chevron-down"></span><span class="fa fa-chevron-up"></span><label>search_Test</label><i class="pass fa fa-times"></i></a>
</h4>
</div>
<div aria-labelledby="heading3" role="tabpanel" class="panel-collapse collapse" id="collapse3">
<div class="panel-body panel_text panel-body-new">
<p>
<strong>Name:</strong>search_Test</p>
<p>
<strong>Instance:</strong>com.automation.ui.digitaldeployer.testcases.home.HomePageTest</p>
<p>
<strong>Parameters:</strong>1.
                                                        com.automation.ui.digitaldeployer.pageobjectsfactory.pageobject.home.vo.InitialSearchVO@3e1624c7</p>
<p>
<strong>Context Group Name:</strong>
</p>
<p>
<strong>Method Group Name:</strong>1.
                                                        StarterRun</p>
<p>
<strong>Start time:</strong>10:19:27</p>
<p>
<strong>End time:</strong>10:19:27</p>
<p>
<strong>Duration:</strong><i id="dura3"><script>getHMS('0','dura3')
                                                        </script></i>
</p>
<p class="breaker">
<strong>Reason:</strong>TEST SKIPPED
com.automation.ui.base.common.testnglisteners.BrowserAndTestEventListener.onTestSkipped(BrowserAndTestEventListener.java:294)
org.testng.internal.Invoker.runTestListeners(Invoker.java:1683)
org.testng.internal.Invoker.runTestListeners(Invoker.java:1675)
org.testng.internal.Invoker.invokeMethod(Invoker.java:700)
org.testng.internal.Invoker.invokeTestMethod(Invoker.java:820)
org.testng.internal.Invoker.invokeTestMethods(Invoker.java:1128)
org.testng.internal.TestMethodWorker.invokeTestMethods(TestMethodWorker.java:129)
org.testng.internal.TestMethodWorker.run(TestMethodWorker.java:112)
org.testng.TestRunner.privateRun(TestRunner.java:782)
org.testng.TestRunner.run(TestRunner.java:632)
org.testng.SuiteRunner.runTest(SuiteRunner.java:366)
org.testng.SuiteRunner.runSequentially(SuiteRunner.java:361)
org.testng.SuiteRunner.privateRun(SuiteRunner.java:319)
org.testng.SuiteRunner.run(SuiteRunner.java:268)
org.testng.SuiteRunnerWorker.runSuite(SuiteRunnerWorker.java:52)
org.testng.SuiteRunnerWorker.run(SuiteRunnerWorker.java:86)
org.testng.TestNG.runSuitesSequentially(TestNG.java:1244)
org.testng.TestNG.runSuitesLocally(TestNG.java:1169)
org.testng.TestNG.run(TestNG.java:1064)
org.apache.maven.surefire.testng.TestNGExecutor.run(TestNGExecutor.java:178)
org.apache.maven.surefire.testng.TestNGXmlTestSuite.execute(TestNGXmlTestSuite.java:92)
org.apache.maven.surefire.testng.TestNGProvider.invoke(TestNGProvider.java:96)
sun.reflect.NativeMethodAccessorImpl.invoke0(Native Method)
sun.reflect.NativeMethodAccessorImpl.invoke(NativeMethodAccessorImpl.java:62)
sun.reflect.DelegatingMethodAccessorImpl.invoke(DelegatingMethodAccessorImpl.java:43)
java.lang.reflect.Method.invoke(Method.java:497)
org.apache.maven.surefire.util.ReflectionUtils.invokeMethodWithArray2(ReflectionUtils.java:208)
org.apache.maven.surefire.booter.ProviderFactory$ProviderProxy.invoke(ProviderFactory.java:159)
org.apache.maven.surefire.booter.ProviderFactory.invokeProvider(ProviderFactory.java:87)
org.apache.maven.surefire.booter.ForkedBooter.runSuitesInProcess(ForkedBooter.java:153)
org.apache.maven.surefire.booter.ForkedBooter.main(ForkedBooter.java:95)
</p>
</div>
</div>
</div>
<div style="display:none;" title="FAIL" id="_StarterRun@21833" class="panel accordian-panel-heading">
<div id="heading4" role="tab" class="panel-heading">
<h4 class="nw-page-title">
<a aria-controls="collapseOne" aria-expanded="true" href="#collapse4" data-parent="#Accordion" data-toggle="collapse" role="button" class="pa_italic"><span class="fa fa-chevron-down"></span><span class="fa fa-chevron-up"></span><label>clickEmail_Test</label><i class="pass fa fa-times"></i></a>
</h4>
</div>
<div aria-labelledby="heading4" role="tabpanel" class="panel-collapse collapse" id="collapse4">
<div class="panel-body panel_text panel-body-new">
<p>
<strong>Name:</strong>clickEmail_Test</p>
<p>
<strong>Instance:</strong>com.automation.ui.digitaldeployer.testcases.context.ContextPageTest</p>
<p>
<strong>Parameters:</strong>1.
                                                        com.automation.ui.digitaldeployer.pageobjectsfactory.pageobject.context.vo.ContextVO@34e20e6b</p>
<p>
<strong>Context Group Name:</strong>
</p>
<p>
<strong>Method Group Name:</strong>1.
                                                        StarterRun</p>
<p>
<strong>Start time:</strong>10:19:28</p>
<p>
<strong>End time:</strong>10:19:28</p>
<p>
<strong>Duration:</strong><i id="dura4"><script>getHMS('0','dura4')
                                                        </script></i>
</p>
<p class="breaker">
<strong>Reason:</strong>TEST SKIPPED
com.automation.ui.base.common.testnglisteners.BrowserAndTestEventListener.onTestSkipped(BrowserAndTestEventListener.java:294)
org.testng.internal.Invoker.runTestListeners(Invoker.java:1683)
org.testng.internal.Invoker.runTestListeners(Invoker.java:1675)
org.testng.internal.Invoker.invokeMethod(Invoker.java:700)
org.testng.internal.Invoker.invokeTestMethod(Invoker.java:820)
org.testng.internal.Invoker.invokeTestMethods(Invoker.java:1128)
org.testng.internal.TestMethodWorker.invokeTestMethods(TestMethodWorker.java:129)
org.testng.internal.TestMethodWorker.run(TestMethodWorker.java:112)
org.testng.TestRunner.privateRun(TestRunner.java:782)
org.testng.TestRunner.run(TestRunner.java:632)
org.testng.SuiteRunner.runTest(SuiteRunner.java:366)
org.testng.SuiteRunner.runSequentially(SuiteRunner.java:361)
org.testng.SuiteRunner.privateRun(SuiteRunner.java:319)
org.testng.SuiteRunner.run(SuiteRunner.java:268)
org.testng.SuiteRunnerWorker.runSuite(SuiteRunnerWorker.java:52)
org.testng.SuiteRunnerWorker.run(SuiteRunnerWorker.java:86)
org.testng.TestNG.runSuitesSequentially(TestNG.java:1244)
org.testng.TestNG.runSuitesLocally(TestNG.java:1169)
org.testng.TestNG.run(TestNG.java:1064)
org.apache.maven.surefire.testng.TestNGExecutor.run(TestNGExecutor.java:178)
org.apache.maven.surefire.testng.TestNGXmlTestSuite.execute(TestNGXmlTestSuite.java:92)
org.apache.maven.surefire.testng.TestNGProvider.invoke(TestNGProvider.java:96)
sun.reflect.NativeMethodAccessorImpl.invoke0(Native Method)
sun.reflect.NativeMethodAccessorImpl.invoke(NativeMethodAccessorImpl.java:62)
sun.reflect.DelegatingMethodAccessorImpl.invoke(DelegatingMethodAccessorImpl.java:43)
java.lang.reflect.Method.invoke(Method.java:497)
org.apache.maven.surefire.util.ReflectionUtils.invokeMethodWithArray2(ReflectionUtils.java:208)
org.apache.maven.surefire.booter.ProviderFactory$ProviderProxy.invoke(ProviderFactory.java:159)
org.apache.maven.surefire.booter.ProviderFactory.invokeProvider(ProviderFactory.java:87)
org.apache.maven.surefire.booter.ForkedBooter.runSuitesInProcess(ForkedBooter.java:153)
org.apache.maven.surefire.booter.ForkedBooter.main(ForkedBooter.java:95)
</p>
</div>
</div>
</div>
<div style="display:none;" title="FAIL" id="config" class="panel accordian-panel-heading">
<div id="cheading1" role="tab" class="panel-heading">
<h4 class="nw-page-title">
<a aria-controls="collapseOne" aria-expanded="true" href="#ccollapse1" data-parent="#Accordion" data-toggle="collapse" role="button" class="pa_italic"><span class="fa fa-chevron-down"></span><span class="fa fa-chevron-up"></span><label>initTestContext</label><i class="pass fa fa-times"></i></a>
</h4>
</div>
<div aria-labelledby="cheading1" role="tabpanel" class="panel-collapse collapse" id="ccollapse1">
<div class="panel-body panel_text panel-body-new">
<p>
<strong>Name:</strong>initTestContext</p>
<p>
<strong>Annotation:</strong>BeforeMethodConfiguration_Method</p>
<p>
<strong>Instance:</strong>com.automation.ui.digitaldeployer.testcases.home.HomePageTest</p>
<p>
<strong>Parameters:</strong>1.
                                                        public void com.automation.ui.digitaldeployer.testcases.home.HomePageTest.launchHomePage_Test(com.automation.ui.digitaldeployer.pageobjectsfactory.pageobject.home.vo.InitialSearchVO) throws java.lang.Throwable</p>
<p>
<strong>Context Group Name:</strong>
</p>
<p>
<strong>Method Group Name:</strong>
</p>
<p>
<strong>Start time:</strong>10:19:22</p>
<p>
<strong>End time:</strong>10:19:22</p>
<p>
<strong>Duration:</strong><i id="cdura1"><script>getHMS('0','cdura1')
                                                        </script></i>
</p>
<p class="breaker">
<strong>Error:</strong>unknown error: net::ERR_NAME_NOT_RESOLVED
  (Session info: chrome=108.0.5359.125)
Build info: version: '3.141.59', revision: 'e82be7d358', time: '2018-11-14T08:17:03'
System info: host: 'DESKTOP-4VG4ENC', ip: '192.168.184.1', os.name: 'Windows 10', os.arch: 'amd64', os.version: '10.0', java.version: '1.8.0_60'
Driver info: org.openqa.selenium.chrome.ChromeDriver
Capabilities {acceptInsecureCerts: false, browserName: chrome, browserVersion: 108.0.5359.125, chrome: {chromedriverVersion: 108.0.5359.71 (1e0e3868ee06..., userDataDir: C:\Users\kkscl\AppData\Loca...}, goog:chromeOptions: {debuggerAddress: localhost:60400}, javascriptEnabled: true, networkConnectionEnabled: false, pageLoadStrategy: normal, platform: WINDOWS, platformName: WINDOWS, proxy: Proxy(), setWindowRect: true, strictFileInteractability: false, timeouts: {implicit: 0, pageLoad: 300000, script: 30000}, unhandledPromptBehavior: dismiss and notify, webauthn:extension:credBlob: true, webauthn:extension:largeBlob: true, webauthn:virtualAuthenticators: true}
Session ID: 23ea1216ac4687f0bd8aa806a914208c
sun.reflect.NativeConstructorAccessorImpl.newInstance0(Native Method)
sun.reflect.NativeConstructorAccessorImpl.newInstance(NativeConstructorAccessorImpl.java:62)
sun.reflect.DelegatingConstructorAccessorImpl.newInstance(DelegatingConstructorAccessorImpl.java:45)
java.lang.reflect.Constructor.newInstance(Constructor.java:422)
org.openqa.selenium.remote.http.W3CHttpResponseCodec.createException(W3CHttpResponseCodec.java:187)
org.openqa.selenium.remote.http.W3CHttpResponseCodec.decode(W3CHttpResponseCodec.java:122)
org.openqa.selenium.remote.http.W3CHttpResponseCodec.decode(W3CHttpResponseCodec.java:49)
org.openqa.selenium.remote.HttpCommandExecutor.execute(HttpCommandExecutor.java:158)
org.openqa.selenium.remote.service.DriverCommandExecutor.execute(DriverCommandExecutor.java:83)
org.openqa.selenium.remote.RemoteWebDriver.execute(RemoteWebDriver.java:545)
org.openqa.selenium.remote.RemoteWebDriver.get(RemoteWebDriver.java:273)
sun.reflect.NativeMethodAccessorImpl.invoke0(Native Method)
sun.reflect.NativeMethodAccessorImpl.invoke(NativeMethodAccessorImpl.java:62)
sun.reflect.DelegatingMethodAccessorImpl.invoke(DelegatingMethodAccessorImpl.java:43)
java.lang.reflect.Method.invoke(Method.java:497)
org.openqa.selenium.support.events.EventFiringWebDriver.lambda$new$1(EventFiringWebDriver.java:105)
com.sun.proxy.$Proxy8.get(Unknown Source)
org.openqa.selenium.support.events.EventFiringWebDriver.get(EventFiringWebDriver.java:165)
com.automation.ui.digitaldeployer.testcases.base.DigitalDeployerBaseTest.loadFirstPage(DigitalDeployerBaseTest.java:53)
com.automation.ui.base.common.templates.core.CoreTestTemplate.initTestContext(CoreTestTemplate.java:134)
sun.reflect.NativeMethodAccessorImpl.invoke0(Native Method)
sun.reflect.NativeMethodAccessorImpl.invoke(NativeMethodAccessorImpl.java:62)
sun.reflect.DelegatingMethodAccessorImpl.invoke(DelegatingMethodAccessorImpl.java:43)
java.lang.reflect.Method.invoke(Method.java:497)
org.testng.internal.MethodInvocationHelper.invokeMethod(MethodInvocationHelper.java:86)
org.testng.internal.Invoker.invokeConfigurationMethod(Invoker.java:514)
org.testng.internal.Invoker.invokeConfigurations(Invoker.java:215)
org.testng.internal.Invoker.invokeMethod(Invoker.java:589)
org.testng.internal.Invoker.invokeTestMethod(Invoker.java:820)
org.testng.internal.Invoker.invokeTestMethods(Invoker.java:1128)
org.testng.internal.TestMethodWorker.invokeTestMethods(TestMethodWorker.java:129)
org.testng.internal.TestMethodWorker.run(TestMethodWorker.java:112)
org.testng.TestRunner.privateRun(TestRunner.java:782)
org.testng.TestRunner.run(TestRunner.java:632)
org.testng.SuiteRunner.runTest(SuiteRunner.java:366)
org.testng.SuiteRunner.runSequentially(SuiteRunner.java:361)
org.testng.SuiteRunner.privateRun(SuiteRunner.java:319)
org.testng.SuiteRunner.run(SuiteRunner.java:268)
org.testng.SuiteRunnerWorker.runSuite(SuiteRunnerWorker.java:52)
org.testng.SuiteRunnerWorker.run(SuiteRunnerWorker.java:86)
org.testng.TestNG.runSuitesSequentially(TestNG.java:1244)
org.testng.TestNG.runSuitesLocally(TestNG.java:1169)
org.testng.TestNG.run(TestNG.java:1064)
org.apache.maven.surefire.testng.TestNGExecutor.run(TestNGExecutor.java:178)
org.apache.maven.surefire.testng.TestNGXmlTestSuite.execute(TestNGXmlTestSuite.java:92)
org.apache.maven.surefire.testng.TestNGProvider.invoke(TestNGProvider.java:96)
sun.reflect.NativeMethodAccessorImpl.invoke0(Native Method)
sun.reflect.NativeMethodAccessorImpl.invoke(NativeMethodAccessorImpl.java:62)
sun.reflect.DelegatingMethodAccessorImpl.invoke(DelegatingMethodAccessorImpl.java:43)
java.lang.reflect.Method.invoke(Method.java:497)
org.apache.maven.surefire.util.ReflectionUtils.invokeMethodWithArray2(ReflectionUtils.java:208)
org.apache.maven.surefire.booter.ProviderFactory$ProviderProxy.invoke(ProviderFactory.java:159)
org.apache.maven.surefire.booter.ProviderFactory.invokeProvider(ProviderFactory.java:87)
org.apache.maven.surefire.booter.ForkedBooter.runSuitesInProcess(ForkedBooter.java:153)
org.apache.maven.surefire.booter.ForkedBooter.main(ForkedBooter.java:95)
</p>
</div>
</div>
</div>
<div style="display:none;" title="FAIL" id="config" class="panel accordian-panel-heading">
<div id="cheading2" role="tab" class="panel-heading">
<h4 class="nw-page-title">
<a aria-controls="collapseOne" aria-expanded="true" href="#ccollapse2" data-parent="#Accordion" data-toggle="collapse" role="button" class="pa_italic"><span class="fa fa-chevron-down"></span><span class="fa fa-chevron-up"></span><label>initTestContext</label><i class="pass fa fa-times"></i></a>
</h4>
</div>
<div aria-labelledby="cheading2" role="tabpanel" class="panel-collapse collapse" id="ccollapse2">
<div class="panel-body panel_text panel-body-new">
<p>
<strong>Name:</strong>initTestContext</p>
<p>
<strong>Annotation:</strong>BeforeMethodConfiguration_Method</p>
<p>
<strong>Instance:</strong>com.automation.ui.digitaldeployer.testcases.home.HomePageTest</p>
<p>
<strong>Parameters:</strong>1.
                                                        public void com.automation.ui.digitaldeployer.testcases.home.HomePageTest.continue_Test(com.automation.ui.digitaldeployer.pageobjectsfactory.pageobject.home.vo.InitialSearchVO) throws java.lang.Throwable</p>
<p>
<strong>Context Group Name:</strong>
</p>
<p>
<strong>Method Group Name:</strong>
</p>
<p>
<strong>Start time:</strong>10:19:24</p>
<p>
<strong>End time:</strong>10:19:24</p>
<p>
<strong>Duration:</strong><i id="cdura2"><script>getHMS('0','cdura2')
                                                        </script></i>
</p>
<p class="breaker">
<strong>Error:</strong>unknown error: net::ERR_NAME_NOT_RESOLVED
  (Session info: chrome=108.0.5359.125)
Build info: version: '3.141.59', revision: 'e82be7d358', time: '2018-11-14T08:17:03'
System info: host: 'DESKTOP-4VG4ENC', ip: '192.168.184.1', os.name: 'Windows 10', os.arch: 'amd64', os.version: '10.0', java.version: '1.8.0_60'
Driver info: org.openqa.selenium.chrome.ChromeDriver
Capabilities {acceptInsecureCerts: false, browserName: chrome, browserVersion: 108.0.5359.125, chrome: {chromedriverVersion: 108.0.5359.71 (1e0e3868ee06..., userDataDir: C:\Users\kkscl\AppData\Loca...}, goog:chromeOptions: {debuggerAddress: localhost:60400}, javascriptEnabled: true, networkConnectionEnabled: false, pageLoadStrategy: normal, platform: WINDOWS, platformName: WINDOWS, proxy: Proxy(), setWindowRect: true, strictFileInteractability: false, timeouts: {implicit: 0, pageLoad: 300000, script: 30000}, unhandledPromptBehavior: dismiss and notify, webauthn:extension:credBlob: true, webauthn:extension:largeBlob: true, webauthn:virtualAuthenticators: true}
Session ID: 23ea1216ac4687f0bd8aa806a914208c
sun.reflect.NativeConstructorAccessorImpl.newInstance0(Native Method)
sun.reflect.NativeConstructorAccessorImpl.newInstance(NativeConstructorAccessorImpl.java:62)
sun.reflect.DelegatingConstructorAccessorImpl.newInstance(DelegatingConstructorAccessorImpl.java:45)
java.lang.reflect.Constructor.newInstance(Constructor.java:422)
org.openqa.selenium.remote.http.W3CHttpResponseCodec.createException(W3CHttpResponseCodec.java:187)
org.openqa.selenium.remote.http.W3CHttpResponseCodec.decode(W3CHttpResponseCodec.java:122)
org.openqa.selenium.remote.http.W3CHttpResponseCodec.decode(W3CHttpResponseCodec.java:49)
org.openqa.selenium.remote.HttpCommandExecutor.execute(HttpCommandExecutor.java:158)
org.openqa.selenium.remote.service.DriverCommandExecutor.execute(DriverCommandExecutor.java:83)
org.openqa.selenium.remote.RemoteWebDriver.execute(RemoteWebDriver.java:545)
org.openqa.selenium.remote.RemoteWebDriver.get(RemoteWebDriver.java:273)
sun.reflect.NativeMethodAccessorImpl.invoke0(Native Method)
sun.reflect.NativeMethodAccessorImpl.invoke(NativeMethodAccessorImpl.java:62)
sun.reflect.DelegatingMethodAccessorImpl.invoke(DelegatingMethodAccessorImpl.java:43)
java.lang.reflect.Method.invoke(Method.java:497)
org.openqa.selenium.support.events.EventFiringWebDriver.lambda$new$1(EventFiringWebDriver.java:105)
com.sun.proxy.$Proxy8.get(Unknown Source)
org.openqa.selenium.support.events.EventFiringWebDriver.get(EventFiringWebDriver.java:165)
com.automation.ui.digitaldeployer.testcases.base.DigitalDeployerBaseTest.loadFirstPage(DigitalDeployerBaseTest.java:53)
com.automation.ui.base.common.templates.core.CoreTestTemplate.initTestContext(CoreTestTemplate.java:134)
sun.reflect.NativeMethodAccessorImpl.invoke0(Native Method)
sun.reflect.NativeMethodAccessorImpl.invoke(NativeMethodAccessorImpl.java:62)
sun.reflect.DelegatingMethodAccessorImpl.invoke(DelegatingMethodAccessorImpl.java:43)
java.lang.reflect.Method.invoke(Method.java:497)
org.testng.internal.MethodInvocationHelper.invokeMethod(MethodInvocationHelper.java:86)
org.testng.internal.Invoker.invokeConfigurationMethod(Invoker.java:514)
org.testng.internal.Invoker.invokeConfigurations(Invoker.java:215)
org.testng.internal.Invoker.invokeMethod(Invoker.java:589)
org.testng.internal.Invoker.invokeTestMethod(Invoker.java:820)
org.testng.internal.Invoker.invokeTestMethods(Invoker.java:1128)
org.testng.internal.TestMethodWorker.invokeTestMethods(TestMethodWorker.java:129)
org.testng.internal.TestMethodWorker.run(TestMethodWorker.java:112)
org.testng.TestRunner.privateRun(TestRunner.java:782)
org.testng.TestRunner.run(TestRunner.java:632)
org.testng.SuiteRunner.runTest(SuiteRunner.java:366)
org.testng.SuiteRunner.runSequentially(SuiteRunner.java:361)
org.testng.SuiteRunner.privateRun(SuiteRunner.java:319)
org.testng.SuiteRunner.run(SuiteRunner.java:268)
org.testng.SuiteRunnerWorker.runSuite(SuiteRunnerWorker.java:52)
org.testng.SuiteRunnerWorker.run(SuiteRunnerWorker.java:86)
org.testng.TestNG.runSuitesSequentially(TestNG.java:1244)
org.testng.TestNG.runSuitesLocally(TestNG.java:1169)
org.testng.TestNG.run(TestNG.java:1064)
org.apache.maven.surefire.testng.TestNGExecutor.run(TestNGExecutor.java:178)
org.apache.maven.surefire.testng.TestNGXmlTestSuite.execute(TestNGXmlTestSuite.java:92)
org.apache.maven.surefire.testng.TestNGProvider.invoke(TestNGProvider.java:96)
sun.reflect.NativeMethodAccessorImpl.invoke0(Native Method)
sun.reflect.NativeMethodAccessorImpl.invoke(NativeMethodAccessorImpl.java:62)
sun.reflect.DelegatingMethodAccessorImpl.invoke(DelegatingMethodAccessorImpl.java:43)
java.lang.reflect.Method.invoke(Method.java:497)
org.apache.maven.surefire.util.ReflectionUtils.invokeMethodWithArray2(ReflectionUtils.java:208)
org.apache.maven.surefire.booter.ProviderFactory$ProviderProxy.invoke(ProviderFactory.java:159)
org.apache.maven.surefire.booter.ProviderFactory.invokeProvider(ProviderFactory.java:87)
org.apache.maven.surefire.booter.ForkedBooter.runSuitesInProcess(ForkedBooter.java:153)
org.apache.maven.surefire.booter.ForkedBooter.main(ForkedBooter.java:95)
</p>
</div>
</div>
</div>
<div style="display:none;" title="FAIL" id="config" class="panel accordian-panel-heading">
<div id="cheading3" role="tab" class="panel-heading">
<h4 class="nw-page-title">
<a aria-controls="collapseOne" aria-expanded="true" href="#ccollapse3" data-parent="#Accordion" data-toggle="collapse" role="button" class="pa_italic"><span class="fa fa-chevron-down"></span><span class="fa fa-chevron-up"></span><label>initTestContext</label><i class="pass fa fa-times"></i></a>
</h4>
</div>
<div aria-labelledby="cheading3" role="tabpanel" class="panel-collapse collapse" id="ccollapse3">
<div class="panel-body panel_text panel-body-new">
<p>
<strong>Name:</strong>initTestContext</p>
<p>
<strong>Annotation:</strong>BeforeMethodConfiguration_Method</p>
<p>
<strong>Instance:</strong>com.automation.ui.digitaldeployer.testcases.home.HomePageTest</p>
<p>
<strong>Parameters:</strong>1.
                                                        public void com.automation.ui.digitaldeployer.testcases.home.HomePageTest.search_Test(com.automation.ui.digitaldeployer.pageobjectsfactory.pageobject.home.vo.InitialSearchVO) throws java.lang.Throwable</p>
<p>
<strong>Context Group Name:</strong>
</p>
<p>
<strong>Method Group Name:</strong>
</p>
<p>
<strong>Start time:</strong>10:19:25</p>
<p>
<strong>End time:</strong>10:19:25</p>
<p>
<strong>Duration:</strong><i id="cdura3"><script>getHMS('0','cdura3')
                                                        </script></i>
</p>
<p class="breaker">
<strong>Error:</strong>unknown error: net::ERR_NAME_NOT_RESOLVED
  (Session info: chrome=108.0.5359.125)
Build info: version: '3.141.59', revision: 'e82be7d358', time: '2018-11-14T08:17:03'
System info: host: 'DESKTOP-4VG4ENC', ip: '192.168.184.1', os.name: 'Windows 10', os.arch: 'amd64', os.version: '10.0', java.version: '1.8.0_60'
Driver info: org.openqa.selenium.chrome.ChromeDriver
Capabilities {acceptInsecureCerts: false, browserName: chrome, browserVersion: 108.0.5359.125, chrome: {chromedriverVersion: 108.0.5359.71 (1e0e3868ee06..., userDataDir: C:\Users\kkscl\AppData\Loca...}, goog:chromeOptions: {debuggerAddress: localhost:60400}, javascriptEnabled: true, networkConnectionEnabled: false, pageLoadStrategy: normal, platform: WINDOWS, platformName: WINDOWS, proxy: Proxy(), setWindowRect: true, strictFileInteractability: false, timeouts: {implicit: 0, pageLoad: 300000, script: 30000}, unhandledPromptBehavior: dismiss and notify, webauthn:extension:credBlob: true, webauthn:extension:largeBlob: true, webauthn:virtualAuthenticators: true}
Session ID: 23ea1216ac4687f0bd8aa806a914208c
sun.reflect.NativeConstructorAccessorImpl.newInstance0(Native Method)
sun.reflect.NativeConstructorAccessorImpl.newInstance(NativeConstructorAccessorImpl.java:62)
sun.reflect.DelegatingConstructorAccessorImpl.newInstance(DelegatingConstructorAccessorImpl.java:45)
java.lang.reflect.Constructor.newInstance(Constructor.java:422)
org.openqa.selenium.remote.http.W3CHttpResponseCodec.createException(W3CHttpResponseCodec.java:187)
org.openqa.selenium.remote.http.W3CHttpResponseCodec.decode(W3CHttpResponseCodec.java:122)
org.openqa.selenium.remote.http.W3CHttpResponseCodec.decode(W3CHttpResponseCodec.java:49)
org.openqa.selenium.remote.HttpCommandExecutor.execute(HttpCommandExecutor.java:158)
org.openqa.selenium.remote.service.DriverCommandExecutor.execute(DriverCommandExecutor.java:83)
org.openqa.selenium.remote.RemoteWebDriver.execute(RemoteWebDriver.java:545)
org.openqa.selenium.remote.RemoteWebDriver.get(RemoteWebDriver.java:273)
sun.reflect.NativeMethodAccessorImpl.invoke0(Native Method)
sun.reflect.NativeMethodAccessorImpl.invoke(NativeMethodAccessorImpl.java:62)
sun.reflect.DelegatingMethodAccessorImpl.invoke(DelegatingMethodAccessorImpl.java:43)
java.lang.reflect.Method.invoke(Method.java:497)
org.openqa.selenium.support.events.EventFiringWebDriver.lambda$new$1(EventFiringWebDriver.java:105)
com.sun.proxy.$Proxy8.get(Unknown Source)
org.openqa.selenium.support.events.EventFiringWebDriver.get(EventFiringWebDriver.java:165)
com.automation.ui.digitaldeployer.testcases.base.DigitalDeployerBaseTest.loadFirstPage(DigitalDeployerBaseTest.java:53)
com.automation.ui.base.common.templates.core.CoreTestTemplate.initTestContext(CoreTestTemplate.java:134)
sun.reflect.NativeMethodAccessorImpl.invoke0(Native Method)
sun.reflect.NativeMethodAccessorImpl.invoke(NativeMethodAccessorImpl.java:62)
sun.reflect.DelegatingMethodAccessorImpl.invoke(DelegatingMethodAccessorImpl.java:43)
java.lang.reflect.Method.invoke(Method.java:497)
org.testng.internal.MethodInvocationHelper.invokeMethod(MethodInvocationHelper.java:86)
org.testng.internal.Invoker.invokeConfigurationMethod(Invoker.java:514)
org.testng.internal.Invoker.invokeConfigurations(Invoker.java:215)
org.testng.internal.Invoker.invokeMethod(Invoker.java:589)
org.testng.internal.Invoker.invokeTestMethod(Invoker.java:820)
org.testng.internal.Invoker.invokeTestMethods(Invoker.java:1128)
org.testng.internal.TestMethodWorker.invokeTestMethods(TestMethodWorker.java:129)
org.testng.internal.TestMethodWorker.run(TestMethodWorker.java:112)
org.testng.TestRunner.privateRun(TestRunner.java:782)
org.testng.TestRunner.run(TestRunner.java:632)
org.testng.SuiteRunner.runTest(SuiteRunner.java:366)
org.testng.SuiteRunner.runSequentially(SuiteRunner.java:361)
org.testng.SuiteRunner.privateRun(SuiteRunner.java:319)
org.testng.SuiteRunner.run(SuiteRunner.java:268)
org.testng.SuiteRunnerWorker.runSuite(SuiteRunnerWorker.java:52)
org.testng.SuiteRunnerWorker.run(SuiteRunnerWorker.java:86)
org.testng.TestNG.runSuitesSequentially(TestNG.java:1244)
org.testng.TestNG.runSuitesLocally(TestNG.java:1169)
org.testng.TestNG.run(TestNG.java:1064)
org.apache.maven.surefire.testng.TestNGExecutor.run(TestNGExecutor.java:178)
org.apache.maven.surefire.testng.TestNGXmlTestSuite.execute(TestNGXmlTestSuite.java:92)
org.apache.maven.surefire.testng.TestNGProvider.invoke(TestNGProvider.java:96)
sun.reflect.NativeMethodAccessorImpl.invoke0(Native Method)
sun.reflect.NativeMethodAccessorImpl.invoke(NativeMethodAccessorImpl.java:62)
sun.reflect.DelegatingMethodAccessorImpl.invoke(DelegatingMethodAccessorImpl.java:43)
java.lang.reflect.Method.invoke(Method.java:497)
org.apache.maven.surefire.util.ReflectionUtils.invokeMethodWithArray2(ReflectionUtils.java:208)
org.apache.maven.surefire.booter.ProviderFactory$ProviderProxy.invoke(ProviderFactory.java:159)
org.apache.maven.surefire.booter.ProviderFactory.invokeProvider(ProviderFactory.java:87)
org.apache.maven.surefire.booter.ForkedBooter.runSuitesInProcess(ForkedBooter.java:153)
org.apache.maven.surefire.booter.ForkedBooter.main(ForkedBooter.java:95)
</p>
</div>
</div>
</div>
<div style="display:none;" title="FAIL" id="config" class="panel accordian-panel-heading">
<div id="cheading4" role="tab" class="panel-heading">
<h4 class="nw-page-title">
<a aria-controls="collapseOne" aria-expanded="true" href="#ccollapse4" data-parent="#Accordion" data-toggle="collapse" role="button" class="pa_italic"><span class="fa fa-chevron-down"></span><span class="fa fa-chevron-up"></span><label>initTestContext</label><i class="pass fa fa-times"></i></a>
</h4>
</div>
<div aria-labelledby="cheading4" role="tabpanel" class="panel-collapse collapse" id="ccollapse4">
<div class="panel-body panel_text panel-body-new">
<p>
<strong>Name:</strong>initTestContext</p>
<p>
<strong>Annotation:</strong>BeforeMethodConfiguration_Method</p>
<p>
<strong>Instance:</strong>com.automation.ui.digitaldeployer.testcases.context.ContextPageTest</p>
<p>
<strong>Parameters:</strong>1.
                                                        public void com.automation.ui.digitaldeployer.testcases.context.ContextPageTest.clickEmail_Test(com.automation.ui.digitaldeployer.pageobjectsfactory.pageobject.context.vo.ContextVO) throws java.lang.Throwable</p>
<p>
<strong>Context Group Name:</strong>
</p>
<p>
<strong>Method Group Name:</strong>
</p>
<p>
<strong>Start time:</strong>10:19:27</p>
<p>
<strong>End time:</strong>10:19:27</p>
<p>
<strong>Duration:</strong><i id="cdura4"><script>getHMS('0','cdura4')
                                                        </script></i>
</p>
<p class="breaker">
<strong>Error:</strong>unknown error: net::ERR_NAME_NOT_RESOLVED
  (Session info: chrome=108.0.5359.125)
Build info: version: '3.141.59', revision: 'e82be7d358', time: '2018-11-14T08:17:03'
System info: host: 'DESKTOP-4VG4ENC', ip: '192.168.184.1', os.name: 'Windows 10', os.arch: 'amd64', os.version: '10.0', java.version: '1.8.0_60'
Driver info: org.openqa.selenium.chrome.ChromeDriver
Capabilities {acceptInsecureCerts: false, browserName: chrome, browserVersion: 108.0.5359.125, chrome: {chromedriverVersion: 108.0.5359.71 (1e0e3868ee06..., userDataDir: C:\Users\kkscl\AppData\Loca...}, goog:chromeOptions: {debuggerAddress: localhost:60400}, javascriptEnabled: true, networkConnectionEnabled: false, pageLoadStrategy: normal, platform: WINDOWS, platformName: WINDOWS, proxy: Proxy(), setWindowRect: true, strictFileInteractability: false, timeouts: {implicit: 0, pageLoad: 300000, script: 30000}, unhandledPromptBehavior: dismiss and notify, webauthn:extension:credBlob: true, webauthn:extension:largeBlob: true, webauthn:virtualAuthenticators: true}
Session ID: 23ea1216ac4687f0bd8aa806a914208c
sun.reflect.NativeConstructorAccessorImpl.newInstance0(Native Method)
sun.reflect.NativeConstructorAccessorImpl.newInstance(NativeConstructorAccessorImpl.java:62)
sun.reflect.DelegatingConstructorAccessorImpl.newInstance(DelegatingConstructorAccessorImpl.java:45)
java.lang.reflect.Constructor.newInstance(Constructor.java:422)
org.openqa.selenium.remote.http.W3CHttpResponseCodec.createException(W3CHttpResponseCodec.java:187)
org.openqa.selenium.remote.http.W3CHttpResponseCodec.decode(W3CHttpResponseCodec.java:122)
org.openqa.selenium.remote.http.W3CHttpResponseCodec.decode(W3CHttpResponseCodec.java:49)
org.openqa.selenium.remote.HttpCommandExecutor.execute(HttpCommandExecutor.java:158)
org.openqa.selenium.remote.service.DriverCommandExecutor.execute(DriverCommandExecutor.java:83)
org.openqa.selenium.remote.RemoteWebDriver.execute(RemoteWebDriver.java:545)
org.openqa.selenium.remote.RemoteWebDriver.get(RemoteWebDriver.java:273)
sun.reflect.NativeMethodAccessorImpl.invoke0(Native Method)
sun.reflect.NativeMethodAccessorImpl.invoke(NativeMethodAccessorImpl.java:62)
sun.reflect.DelegatingMethodAccessorImpl.invoke(DelegatingMethodAccessorImpl.java:43)
java.lang.reflect.Method.invoke(Method.java:497)
org.openqa.selenium.support.events.EventFiringWebDriver.lambda$new$1(EventFiringWebDriver.java:105)
com.sun.proxy.$Proxy8.get(Unknown Source)
org.openqa.selenium.support.events.EventFiringWebDriver.get(EventFiringWebDriver.java:165)
com.automation.ui.digitaldeployer.testcases.base.DigitalDeployerBaseTest.loadFirstPage(DigitalDeployerBaseTest.java:53)
com.automation.ui.base.common.templates.core.CoreTestTemplate.initTestContext(CoreTestTemplate.java:134)
sun.reflect.NativeMethodAccessorImpl.invoke0(Native Method)
sun.reflect.NativeMethodAccessorImpl.invoke(NativeMethodAccessorImpl.java:62)
sun.reflect.DelegatingMethodAccessorImpl.invoke(DelegatingMethodAccessorImpl.java:43)
java.lang.reflect.Method.invoke(Method.java:497)
org.testng.internal.MethodInvocationHelper.invokeMethod(MethodInvocationHelper.java:86)
org.testng.internal.Invoker.invokeConfigurationMethod(Invoker.java:514)
org.testng.internal.Invoker.invokeConfigurations(Invoker.java:215)
org.testng.internal.Invoker.invokeMethod(Invoker.java:589)
org.testng.internal.Invoker.invokeTestMethod(Invoker.java:820)
org.testng.internal.Invoker.invokeTestMethods(Invoker.java:1128)
org.testng.internal.TestMethodWorker.invokeTestMethods(TestMethodWorker.java:129)
org.testng.internal.TestMethodWorker.run(TestMethodWorker.java:112)
org.testng.TestRunner.privateRun(TestRunner.java:782)
org.testng.TestRunner.run(TestRunner.java:632)
org.testng.SuiteRunner.runTest(SuiteRunner.java:366)
org.testng.SuiteRunner.runSequentially(SuiteRunner.java:361)
org.testng.SuiteRunner.privateRun(SuiteRunner.java:319)
org.testng.SuiteRunner.run(SuiteRunner.java:268)
org.testng.SuiteRunnerWorker.runSuite(SuiteRunnerWorker.java:52)
org.testng.SuiteRunnerWorker.run(SuiteRunnerWorker.java:86)
org.testng.TestNG.runSuitesSequentially(TestNG.java:1244)
org.testng.TestNG.runSuitesLocally(TestNG.java:1169)
org.testng.TestNG.run(TestNG.java:1064)
org.apache.maven.surefire.testng.TestNGExecutor.run(TestNGExecutor.java:178)
org.apache.maven.surefire.testng.TestNGXmlTestSuite.execute(TestNGXmlTestSuite.java:92)
org.apache.maven.surefire.testng.TestNGProvider.invoke(TestNGProvider.java:96)
sun.reflect.NativeMethodAccessorImpl.invoke0(Native Method)
sun.reflect.NativeMethodAccessorImpl.invoke(NativeMethodAccessorImpl.java:62)
sun.reflect.DelegatingMethodAccessorImpl.invoke(DelegatingMethodAccessorImpl.java:43)
java.lang.reflect.Method.invoke(Method.java:497)
org.apache.maven.surefire.util.ReflectionUtils.invokeMethodWithArray2(ReflectionUtils.java:208)
org.apache.maven.surefire.booter.ProviderFactory$ProviderProxy.invoke(ProviderFactory.java:159)
org.apache.maven.surefire.booter.ProviderFactory.invokeProvider(ProviderFactory.java:87)
org.apache.maven.surefire.booter.ForkedBooter.runSuitesInProcess(ForkedBooter.java:153)
org.apache.maven.surefire.booter.ForkedBooter.main(ForkedBooter.java:95)
</p>
</div>
</div>
</div>
</div>
</div>
</div>
</div>
</div>
</div>
<footer>
<p>Design by 'startingwithseleniumwebdriver' team</p>
</footer>
</body>
</html>

</body></html>
