<html>
<head>
<title>TestNG:  Home</title>
<link href="../testng.css" rel="stylesheet" type="text/css" />
<link href="../my-testng.css" rel="stylesheet" type="text/css" />

<style type="text/css">
.log { display: none;} 
.stack-trace { display: none;} 
</style>
<script type="text/javascript">
<!--
function flip(e) {
  current = e.style.display;
  if (current == 'block') {
    e.style.display = 'none';
    return 0;
  }
  else {
    e.style.display = 'block';
    return 1;
  }
}

function toggleBox(szDivId, elem, msg1, msg2)
{
  var res = -1;  if (document.getElementById) {
    res = flip(document.getElementById(szDivId));
  }
  else if (document.all) {
    // this is the way old msie versions work
    res = flip(document.all[szDivId]);
  }
  if(elem) {
    if(res == 0) elem.innerHTML = msg1; else elem.innerHTML = msg2;
  }

}

function toggleAllBoxes() {
  if (document.getElementsByTagName) {
    d = document.getElementsByTagName('div');
    for (i = 0; i < d.length; i++) {
      if (d[i].className == 'log') {
        flip(d[i]);
      }
    }
  }
}

// -->
</script>

</head>
<body>
<h2 align='center'>Home</h2><table border='1' align="center">
<tr>
<td>Tests passed/Failed/Skipped:</td><td>2/10/1</td>
</tr><tr>
<td>Started on:</td><td>Fri Jan 13 14:25:48 IST 2023</td>
</tr>
<tr><td>Total time:</td><td>255 seconds (255359 ms)</td>
</tr><tr>
<td>Included groups:</td><td></td>
</tr><tr>
<td>Excluded groups:</td><td></td>
</tr>
</table><p/>
<small><i>(Hover the method name to see the test class name)</i></small><p/>
<table width='100%' border='1' class='invocation-failed'>
<tr><td colspan='4' align='center'><b>FAILED CONFIGURATIONS</b></td></tr>
<tr><td><b>Test method</b></td>
<td width="30%"><b>Exception</b></td>
<td width="10%"><b>Time (seconds)</b></td>
<td><b>Instance</b></td>
</tr>
<tr>
<td title='com.automation.ui.digitaldeployer.testcases.home.HomePageTest.initTestContext()'><b>initTestContext</b><br>Test class: com.automation.ui.digitaldeployer.testcases.home.HomePageTest<br>Parameters: public void com.automation.ui.digitaldeployer.testcases.home.HomePageTest.launchAddNewWorkspacename_create_Test(java.lang.String) throws java.lang.Throwable</td>
<td><div><pre>org.openqa.selenium.NoSuchWindowException: no such window: target window already closed
from unknown error: web view not found
  (Session info: chrome=109.0.5414.75)
Build info: version: &apos;3.141.59&apos;, revision: &apos;e82be7d358&apos;, time: &apos;2018-11-14T08:17:03&apos;
System info: host: &apos;DESKTOP-4VG4ENC&apos;, ip: &apos;192.168.184.1&apos;, os.name: &apos;Windows 10&apos;, os.arch: &apos;amd64&apos;, os.version: &apos;10.0&apos;, java.version: &apos;1.8.0_60&apos;
Driver info: org.openqa.selenium.chrome.ChromeDriver
Capabilities {acceptInsecureCerts: false, browserName: chrome, browserVersion: 109.0.5414.75, chrome: {chromedriverVersion: 108.0.5359.71 (1e0e3868ee06..., userDataDir: C:\Users\kkscl\AppData\Loca...}, goog:chromeOptions: {debuggerAddress: localhost:50352}, javascriptEnabled: true, networkConnectionEnabled: false, pageLoadStrategy: normal, platform: WINDOWS, platformName: WINDOWS, proxy: Proxy(), setWindowRect: true, strictFileInteractability: false, timeouts: {implicit: 0, pageLoad: 300000, script: 30000}, unhandledPromptBehavior: dismiss and notify, webauthn:extension:credBlob: true, webauthn:extension:largeBlob: true, webauthn:virtualAuthenticators: true}
Session ID: 9813f22548953d25b9aa6826bfbaf185
	at org.openqa.selenium.remote.http.W3CHttpResponseCodec.createException(W3CHttpResponseCodec.java:187)
	at org.openqa.selenium.remote.http.W3CHttpResponseCodec.decode(W3CHttpResponseCodec.java:122)
	at org.openqa.selenium.remote.http.W3CHttpResponseCodec.decode(W3CHttpResponseCodec.java:49)
	at org.openqa.selenium.remote.HttpCommandExecutor.execute(HttpCommandExecutor.java:158)
	at org.openqa.selenium.remote.service.DriverCommandExecutor.execute(DriverCommandExecutor.java:83)
	at org.openqa.selenium.remote.RemoteWebDriver.execute(RemoteWebDriver.java:545)
	at org.openqa.selenium.remote.RemoteWebDriver.execute(RemoteWebDriver.java:602)
	at org.openqa.selenium.remote.RemoteWebDriver.getScreenshotAs(RemoteWebDriver.java:291)
	at org.openqa.selenium.support.events.EventFiringWebDriver.lambda$new$1(EventFiringWebDriver.java:105)
	at com.sun.proxy.$Proxy8.getScreenshotAs(Unknown Source)
	at org.openqa.selenium.support.events.EventFiringWebDriver.getScreenshotAs(EventFiringWebDriver.java:302)
	at com.automation.ui.base.common.core.imageutilities.Shooter.capturePage(Shooter.java:36)
	at com.automation.ui.base.common.core.imageutilities.Shooter.savePageScreenshot(Shooter.java:31)
	at com.automation.ui.base.common.logging.Log.log(Log.java:114)
	at com.automation.ui.base.common.logging.Log.logError(Log.java:188)
	at com.automation.ui.base.common.testnglisteners.InvokeMethodAdapter.afterInvocation(InvokeMethodAdapter.java:41)
... Removed 40 stack frames</pre></div><a href='#' onClick='toggleBox("stack-trace204844842", this, "Click to show all stack frames", "Click to hide stack frames")'>Click to show all stack frames</a>
<div class='stack-trace' id='stack-trace204844842'><pre>org.openqa.selenium.NoSuchWindowException: no such window: target window already closed
from unknown error: web view not found
  (Session info: chrome=109.0.5414.75)
Build info: version: &apos;3.141.59&apos;, revision: &apos;e82be7d358&apos;, time: &apos;2018-11-14T08:17:03&apos;
System info: host: &apos;DESKTOP-4VG4ENC&apos;, ip: &apos;192.168.184.1&apos;, os.name: &apos;Windows 10&apos;, os.arch: &apos;amd64&apos;, os.version: &apos;10.0&apos;, java.version: &apos;1.8.0_60&apos;
Driver info: org.openqa.selenium.chrome.ChromeDriver
Capabilities {acceptInsecureCerts: false, browserName: chrome, browserVersion: 109.0.5414.75, chrome: {chromedriverVersion: 108.0.5359.71 (1e0e3868ee06..., userDataDir: C:\Users\kkscl\AppData\Loca...}, goog:chromeOptions: {debuggerAddress: localhost:50352}, javascriptEnabled: true, networkConnectionEnabled: false, pageLoadStrategy: normal, platform: WINDOWS, platformName: WINDOWS, proxy: Proxy(), setWindowRect: true, strictFileInteractability: false, timeouts: {implicit: 0, pageLoad: 300000, script: 30000}, unhandledPromptBehavior: dismiss and notify, webauthn:extension:credBlob: true, webauthn:extension:largeBlob: true, webauthn:virtualAuthenticators: true}
Session ID: 9813f22548953d25b9aa6826bfbaf185
	at sun.reflect.NativeConstructorAccessorImpl.newInstance0(Native Method)
	at sun.reflect.NativeConstructorAccessorImpl.newInstance(NativeConstructorAccessorImpl.java:62)
	at sun.reflect.DelegatingConstructorAccessorImpl.newInstance(DelegatingConstructorAccessorImpl.java:45)
	at java.lang.reflect.Constructor.newInstance(Constructor.java:422)
	at org.openqa.selenium.remote.http.W3CHttpResponseCodec.createException(W3CHttpResponseCodec.java:187)
	at org.openqa.selenium.remote.http.W3CHttpResponseCodec.decode(W3CHttpResponseCodec.java:122)
	at org.openqa.selenium.remote.http.W3CHttpResponseCodec.decode(W3CHttpResponseCodec.java:49)
	at org.openqa.selenium.remote.HttpCommandExecutor.execute(HttpCommandExecutor.java:158)
	at org.openqa.selenium.remote.service.DriverCommandExecutor.execute(DriverCommandExecutor.java:83)
	at org.openqa.selenium.remote.RemoteWebDriver.execute(RemoteWebDriver.java:545)
	at org.openqa.selenium.remote.RemoteWebDriver.execute(RemoteWebDriver.java:602)
	at org.openqa.selenium.remote.RemoteWebDriver.getScreenshotAs(RemoteWebDriver.java:291)
	at sun.reflect.GeneratedMethodAccessor32.invoke(Unknown Source)
	at sun.reflect.DelegatingMethodAccessorImpl.invoke(DelegatingMethodAccessorImpl.java:43)
	at java.lang.reflect.Method.invoke(Method.java:497)
	at org.openqa.selenium.support.events.EventFiringWebDriver.lambda$new$1(EventFiringWebDriver.java:105)
	at com.sun.proxy.$Proxy8.getScreenshotAs(Unknown Source)
	at org.openqa.selenium.support.events.EventFiringWebDriver.getScreenshotAs(EventFiringWebDriver.java:302)
	at com.automation.ui.base.common.core.imageutilities.Shooter.capturePage(Shooter.java:36)
	at com.automation.ui.base.common.core.imageutilities.Shooter.savePageScreenshot(Shooter.java:31)
	at com.automation.ui.base.common.logging.Log.log(Log.java:114)
	at com.automation.ui.base.common.logging.Log.logError(Log.java:188)
	at com.automation.ui.base.common.testnglisteners.InvokeMethodAdapter.afterInvocation(InvokeMethodAdapter.java:41)
	at org.testng.internal.invokers.InvokedMethodListenerInvoker$InvokeAfterInvocationWithoutContextStrategy.callMethod(InvokedMethodListenerInvoker.java:100)
	at org.testng.internal.invokers.InvokedMethodListenerInvoker.invokeListener(InvokedMethodListenerInvoker.java:62)
	at org.testng.internal.Invoker.runInvokedMethodListeners(Invoker.java:556)
	at org.testng.internal.Invoker.invokeConfigurationMethod(Invoker.java:535)
	at org.testng.internal.Invoker.invokeConfigurations(Invoker.java:215)
	at org.testng.internal.Invoker.invokeMethod(Invoker.java:589)
	at org.testng.internal.Invoker.invokeTestMethod(Invoker.java:820)
	at org.testng.internal.Invoker.invokeTestMethods(Invoker.java:1128)
	at org.testng.internal.TestMethodWorker.invokeTestMethods(TestMethodWorker.java:129)
	at org.testng.internal.TestMethodWorker.run(TestMethodWorker.java:112)
	at org.testng.TestRunner.privateRun(TestRunner.java:782)
	at org.testng.TestRunner.run(TestRunner.java:632)
	at org.testng.SuiteRunner.runTest(SuiteRunner.java:366)
	at org.testng.SuiteRunner.runSequentially(SuiteRunner.java:361)
	at org.testng.SuiteRunner.privateRun(SuiteRunner.java:319)
	at org.testng.SuiteRunner.run(SuiteRunner.java:268)
	at org.testng.SuiteRunnerWorker.runSuite(SuiteRunnerWorker.java:52)
	at org.testng.SuiteRunnerWorker.run(SuiteRunnerWorker.java:86)
	at org.testng.TestNG.runSuitesSequentially(TestNG.java:1244)
	at org.testng.TestNG.runSuitesLocally(TestNG.java:1169)
	at org.testng.TestNG.run(TestNG.java:1064)
	at org.apache.maven.surefire.testng.TestNGExecutor.run(TestNGExecutor.java:178)
	at org.apache.maven.surefire.testng.TestNGXmlTestSuite.execute(TestNGXmlTestSuite.java:92)
	at org.apache.maven.surefire.testng.TestNGProvider.invoke(TestNGProvider.java:96)
	at sun.reflect.NativeMethodAccessorImpl.invoke0(Native Method)
	at sun.reflect.NativeMethodAccessorImpl.invoke(NativeMethodAccessorImpl.java:62)
	at sun.reflect.DelegatingMethodAccessorImpl.invoke(DelegatingMethodAccessorImpl.java:43)
	at java.lang.reflect.Method.invoke(Method.java:497)
	at org.apache.maven.surefire.util.ReflectionUtils.invokeMethodWithArray2(ReflectionUtils.java:208)
	at org.apache.maven.surefire.booter.ProviderFactory$ProviderProxy.invoke(ProviderFactory.java:159)
	at org.apache.maven.surefire.booter.ProviderFactory.invokeProvider(ProviderFactory.java:87)
	at org.apache.maven.surefire.booter.ForkedBooter.runSuitesInProcess(ForkedBooter.java:153)
	at org.apache.maven.surefire.booter.ForkedBooter.main(ForkedBooter.java:95)
</pre></div></td>
<td>0</td>
<td>com.automation.ui.digitaldeployer.testcases.home.HomePageTest@a4b2d8f</td></tr>
</table><p>
<table width='100%' border='1' class='invocation-failed'>
<tr><td colspan='4' align='center'><b>FAILED TESTS</b></td></tr>
<tr><td><b>Test method</b></td>
<td width="30%"><b>Exception</b></td>
<td width="10%"><b>Time (seconds)</b></td>
<td><b>Instance</b></td>
</tr>
<tr>
<td title='com.automation.ui.digitaldeployer.testcases.home.HomePageTest.launchAddNewWorkspacename_create_Test()'><b>launchAddNewWorkspacename_create_Test</b><br>Test class: com.automation.ui.digitaldeployer.testcases.home.HomePageTest<br>Test method: StarterRun<br>Parameters: qqwert`llllllllll~llllll<br/>
<a href="#Output-1181191753" onClick='toggleBox("Output-1181191753", this, "Show output", "Hide output");'>Show output</a>

<a href="#Output-1181191753" onClick="toggleAllBoxes();">Show all outputs</a>
<div class='log' id="Output-1181191753">
default constructor called<br/>
Entering  continuetogitlogin:<br/>
Exiting  continuetogitlogin<br/>
default constructor called<br/>
Entering  continueauth:<br/>
</div>
</td>
<td><div><pre>java.util.MissingResourceException: Can&apos;t find resource for bundle java.util.PropertyResourceBundle, key OPCUA_LOGIN_LOGINMSG
	at java.util.ResourceBundle.getObject(ResourceBundle.java:450)
	at java.util.ResourceBundle.getString(ResourceBundle.java:407)
	at com.automation.ui.base.common.prpreaders.AssertDataReader.getValue(AssertDataReader.java:25)
	at com.automation.ui.digitaldeployer.pageobjectsfactory.pageobject.login.pages.LoginPage.continueauth(LoginPage.java:199)
	at com.automation.ui.digitaldeployer.testcases.home.HomePageTest.launchAddNewWorkspacename_create_Test(HomePageTest.java:95)
... Removed 33 stack frames</pre></div><a href='#' onClick='toggleBox("stack-trace1181191753", this, "Click to show all stack frames", "Click to hide stack frames")'>Click to show all stack frames</a>
<div class='stack-trace' id='stack-trace1181191753'><pre>java.util.MissingResourceException: Can&apos;t find resource for bundle java.util.PropertyResourceBundle, key OPCUA_LOGIN_LOGINMSG
	at java.util.ResourceBundle.getObject(ResourceBundle.java:450)
	at java.util.ResourceBundle.getString(ResourceBundle.java:407)
	at com.automation.ui.base.common.prpreaders.AssertDataReader.getValue(AssertDataReader.java:25)
	at com.automation.ui.digitaldeployer.pageobjectsfactory.pageobject.login.pages.LoginPage.continueauth(LoginPage.java:199)
	at com.automation.ui.digitaldeployer.testcases.home.HomePageTest.launchAddNewWorkspacename_create_Test(HomePageTest.java:95)
	at sun.reflect.NativeMethodAccessorImpl.invoke0(Native Method)
	at sun.reflect.NativeMethodAccessorImpl.invoke(NativeMethodAccessorImpl.java:62)
	at sun.reflect.DelegatingMethodAccessorImpl.invoke(DelegatingMethodAccessorImpl.java:43)
	at java.lang.reflect.Method.invoke(Method.java:497)
	at org.testng.internal.MethodInvocationHelper.invokeMethod(MethodInvocationHelper.java:86)
	at org.testng.internal.Invoker.invokeMethod(Invoker.java:643)
	at org.testng.internal.Invoker.invokeTestMethod(Invoker.java:820)
	at org.testng.internal.Invoker.invokeTestMethods(Invoker.java:1128)
	at org.testng.internal.TestMethodWorker.invokeTestMethods(TestMethodWorker.java:129)
	at org.testng.internal.TestMethodWorker.run(TestMethodWorker.java:112)
	at org.testng.TestRunner.privateRun(TestRunner.java:782)
	at org.testng.TestRunner.run(TestRunner.java:632)
	at org.testng.SuiteRunner.runTest(SuiteRunner.java:366)
	at org.testng.SuiteRunner.runSequentially(SuiteRunner.java:361)
	at org.testng.SuiteRunner.privateRun(SuiteRunner.java:319)
	at org.testng.SuiteRunner.run(SuiteRunner.java:268)
	at org.testng.SuiteRunnerWorker.runSuite(SuiteRunnerWorker.java:52)
	at org.testng.SuiteRunnerWorker.run(SuiteRunnerWorker.java:86)
	at org.testng.TestNG.runSuitesSequentially(TestNG.java:1244)
	at org.testng.TestNG.runSuitesLocally(TestNG.java:1169)
	at org.testng.TestNG.run(TestNG.java:1064)
	at org.apache.maven.surefire.testng.TestNGExecutor.run(TestNGExecutor.java:178)
	at org.apache.maven.surefire.testng.TestNGXmlTestSuite.execute(TestNGXmlTestSuite.java:92)
	at org.apache.maven.surefire.testng.TestNGProvider.invoke(TestNGProvider.java:96)
	at sun.reflect.NativeMethodAccessorImpl.invoke0(Native Method)
	at sun.reflect.NativeMethodAccessorImpl.invoke(NativeMethodAccessorImpl.java:62)
	at sun.reflect.DelegatingMethodAccessorImpl.invoke(DelegatingMethodAccessorImpl.java:43)
	at java.lang.reflect.Method.invoke(Method.java:497)
	at org.apache.maven.surefire.util.ReflectionUtils.invokeMethodWithArray2(ReflectionUtils.java:208)
	at org.apache.maven.surefire.booter.ProviderFactory$ProviderProxy.invoke(ProviderFactory.java:159)
	at org.apache.maven.surefire.booter.ProviderFactory.invokeProvider(ProviderFactory.java:87)
	at org.apache.maven.surefire.booter.ForkedBooter.runSuitesInProcess(ForkedBooter.java:153)
	at org.apache.maven.surefire.booter.ForkedBooter.main(ForkedBooter.java:95)
</pre></div></td>
<td>20</td>
<td>com.automation.ui.digitaldeployer.testcases.home.HomePageTest@a4b2d8f</td></tr>
<tr>
<td title='com.automation.ui.digitaldeployer.testcases.home.HomePageTest.launchAddNewWorkspacename_create_Test()'><b>launchAddNewWorkspacename_create_Test</b><br>Test class: com.automation.ui.digitaldeployer.testcases.home.HomePageTest<br>Test method: StarterRun<br>Parameters: qqwerty'uiopasdf"ghjklzxcvbnm<br/>
<a href="#Output-1174737066" onClick='toggleBox("Output-1174737066", this, "Show output", "Hide output");'>Show output</a>

<a href="#Output-1174737066" onClick="toggleAllBoxes();">Show all outputs</a>
<div class='log' id="Output-1174737066">
default constructor called<br/>
Entering  continuetogitlogin:<br/>
Exiting  continuetogitlogin<br/>
default constructor called<br/>
Entering  continueauth:<br/>
</div>
</td>
<td><div><pre>java.util.MissingResourceException: Can&apos;t find resource for bundle java.util.PropertyResourceBundle, key OPCUA_LOGIN_LOGINMSG
	at java.util.ResourceBundle.getObject(ResourceBundle.java:450)
	at java.util.ResourceBundle.getString(ResourceBundle.java:407)
	at com.automation.ui.base.common.prpreaders.AssertDataReader.getValue(AssertDataReader.java:25)
	at com.automation.ui.digitaldeployer.pageobjectsfactory.pageobject.login.pages.LoginPage.continueauth(LoginPage.java:199)
	at com.automation.ui.digitaldeployer.testcases.home.HomePageTest.launchAddNewWorkspacename_create_Test(HomePageTest.java:95)
... Removed 33 stack frames</pre></div><a href='#' onClick='toggleBox("stack-trace1174737066", this, "Click to show all stack frames", "Click to hide stack frames")'>Click to show all stack frames</a>
<div class='stack-trace' id='stack-trace1174737066'><pre>java.util.MissingResourceException: Can&apos;t find resource for bundle java.util.PropertyResourceBundle, key OPCUA_LOGIN_LOGINMSG
	at java.util.ResourceBundle.getObject(ResourceBundle.java:450)
	at java.util.ResourceBundle.getString(ResourceBundle.java:407)
	at com.automation.ui.base.common.prpreaders.AssertDataReader.getValue(AssertDataReader.java:25)
	at com.automation.ui.digitaldeployer.pageobjectsfactory.pageobject.login.pages.LoginPage.continueauth(LoginPage.java:199)
	at com.automation.ui.digitaldeployer.testcases.home.HomePageTest.launchAddNewWorkspacename_create_Test(HomePageTest.java:95)
	at sun.reflect.NativeMethodAccessorImpl.invoke0(Native Method)
	at sun.reflect.NativeMethodAccessorImpl.invoke(NativeMethodAccessorImpl.java:62)
	at sun.reflect.DelegatingMethodAccessorImpl.invoke(DelegatingMethodAccessorImpl.java:43)
	at java.lang.reflect.Method.invoke(Method.java:497)
	at org.testng.internal.MethodInvocationHelper.invokeMethod(MethodInvocationHelper.java:86)
	at org.testng.internal.Invoker.invokeMethod(Invoker.java:643)
	at org.testng.internal.Invoker.invokeTestMethod(Invoker.java:820)
	at org.testng.internal.Invoker.invokeTestMethods(Invoker.java:1128)
	at org.testng.internal.TestMethodWorker.invokeTestMethods(TestMethodWorker.java:129)
	at org.testng.internal.TestMethodWorker.run(TestMethodWorker.java:112)
	at org.testng.TestRunner.privateRun(TestRunner.java:782)
	at org.testng.TestRunner.run(TestRunner.java:632)
	at org.testng.SuiteRunner.runTest(SuiteRunner.java:366)
	at org.testng.SuiteRunner.runSequentially(SuiteRunner.java:361)
	at org.testng.SuiteRunner.privateRun(SuiteRunner.java:319)
	at org.testng.SuiteRunner.run(SuiteRunner.java:268)
	at org.testng.SuiteRunnerWorker.runSuite(SuiteRunnerWorker.java:52)
	at org.testng.SuiteRunnerWorker.run(SuiteRunnerWorker.java:86)
	at org.testng.TestNG.runSuitesSequentially(TestNG.java:1244)
	at org.testng.TestNG.runSuitesLocally(TestNG.java:1169)
	at org.testng.TestNG.run(TestNG.java:1064)
	at org.apache.maven.surefire.testng.TestNGExecutor.run(TestNGExecutor.java:178)
	at org.apache.maven.surefire.testng.TestNGXmlTestSuite.execute(TestNGXmlTestSuite.java:92)
	at org.apache.maven.surefire.testng.TestNGProvider.invoke(TestNGProvider.java:96)
	at sun.reflect.NativeMethodAccessorImpl.invoke0(Native Method)
	at sun.reflect.NativeMethodAccessorImpl.invoke(NativeMethodAccessorImpl.java:62)
	at sun.reflect.DelegatingMethodAccessorImpl.invoke(DelegatingMethodAccessorImpl.java:43)
	at java.lang.reflect.Method.invoke(Method.java:497)
	at org.apache.maven.surefire.util.ReflectionUtils.invokeMethodWithArray2(ReflectionUtils.java:208)
	at org.apache.maven.surefire.booter.ProviderFactory$ProviderProxy.invoke(ProviderFactory.java:159)
	at org.apache.maven.surefire.booter.ProviderFactory.invokeProvider(ProviderFactory.java:87)
	at org.apache.maven.surefire.booter.ForkedBooter.runSuitesInProcess(ForkedBooter.java:153)
	at org.apache.maven.surefire.booter.ForkedBooter.main(ForkedBooter.java:95)
</pre></div></td>
<td>20</td>
<td>com.automation.ui.digitaldeployer.testcases.home.HomePageTest@a4b2d8f</td></tr>
<tr>
<td title='com.automation.ui.digitaldeployer.testcases.home.HomePageTest.launchAddNewWorkspacename_create_Test()'><b>launchAddNewWorkspacename_create_Test</b><br>Test class: com.automation.ui.digitaldeployer.testcases.home.HomePageTest<br>Test method: StarterRun<br>Parameters: ~~```:";;<br/>
<a href="#Output-150950036" onClick='toggleBox("Output-150950036", this, "Show output", "Hide output");'>Show output</a>

<a href="#Output-150950036" onClick="toggleAllBoxes();">Show all outputs</a>
<div class='log' id="Output-150950036">
default constructor called<br/>
Entering  continuetogitlogin:<br/>
Exiting  continuetogitlogin<br/>
default constructor called<br/>
Entering  continueauth:<br/>
</div>
</td>
<td><div><pre>java.util.MissingResourceException: Can&apos;t find resource for bundle java.util.PropertyResourceBundle, key OPCUA_LOGIN_LOGINMSG
	at java.util.ResourceBundle.getObject(ResourceBundle.java:450)
	at java.util.ResourceBundle.getString(ResourceBundle.java:407)
	at com.automation.ui.base.common.prpreaders.AssertDataReader.getValue(AssertDataReader.java:25)
	at com.automation.ui.digitaldeployer.pageobjectsfactory.pageobject.login.pages.LoginPage.continueauth(LoginPage.java:199)
	at com.automation.ui.digitaldeployer.testcases.home.HomePageTest.launchAddNewWorkspacename_create_Test(HomePageTest.java:95)
... Removed 33 stack frames</pre></div><a href='#' onClick='toggleBox("stack-trace150950036", this, "Click to show all stack frames", "Click to hide stack frames")'>Click to show all stack frames</a>
<div class='stack-trace' id='stack-trace150950036'><pre>java.util.MissingResourceException: Can&apos;t find resource for bundle java.util.PropertyResourceBundle, key OPCUA_LOGIN_LOGINMSG
	at java.util.ResourceBundle.getObject(ResourceBundle.java:450)
	at java.util.ResourceBundle.getString(ResourceBundle.java:407)
	at com.automation.ui.base.common.prpreaders.AssertDataReader.getValue(AssertDataReader.java:25)
	at com.automation.ui.digitaldeployer.pageobjectsfactory.pageobject.login.pages.LoginPage.continueauth(LoginPage.java:199)
	at com.automation.ui.digitaldeployer.testcases.home.HomePageTest.launchAddNewWorkspacename_create_Test(HomePageTest.java:95)
	at sun.reflect.NativeMethodAccessorImpl.invoke0(Native Method)
	at sun.reflect.NativeMethodAccessorImpl.invoke(NativeMethodAccessorImpl.java:62)
	at sun.reflect.DelegatingMethodAccessorImpl.invoke(DelegatingMethodAccessorImpl.java:43)
	at java.lang.reflect.Method.invoke(Method.java:497)
	at org.testng.internal.MethodInvocationHelper.invokeMethod(MethodInvocationHelper.java:86)
	at org.testng.internal.Invoker.invokeMethod(Invoker.java:643)
	at org.testng.internal.Invoker.invokeTestMethod(Invoker.java:820)
	at org.testng.internal.Invoker.invokeTestMethods(Invoker.java:1128)
	at org.testng.internal.TestMethodWorker.invokeTestMethods(TestMethodWorker.java:129)
	at org.testng.internal.TestMethodWorker.run(TestMethodWorker.java:112)
	at org.testng.TestRunner.privateRun(TestRunner.java:782)
	at org.testng.TestRunner.run(TestRunner.java:632)
	at org.testng.SuiteRunner.runTest(SuiteRunner.java:366)
	at org.testng.SuiteRunner.runSequentially(SuiteRunner.java:361)
	at org.testng.SuiteRunner.privateRun(SuiteRunner.java:319)
	at org.testng.SuiteRunner.run(SuiteRunner.java:268)
	at org.testng.SuiteRunnerWorker.runSuite(SuiteRunnerWorker.java:52)
	at org.testng.SuiteRunnerWorker.run(SuiteRunnerWorker.java:86)
	at org.testng.TestNG.runSuitesSequentially(TestNG.java:1244)
	at org.testng.TestNG.runSuitesLocally(TestNG.java:1169)
	at org.testng.TestNG.run(TestNG.java:1064)
	at org.apache.maven.surefire.testng.TestNGExecutor.run(TestNGExecutor.java:178)
	at org.apache.maven.surefire.testng.TestNGXmlTestSuite.execute(TestNGXmlTestSuite.java:92)
	at org.apache.maven.surefire.testng.TestNGProvider.invoke(TestNGProvider.java:96)
	at sun.reflect.NativeMethodAccessorImpl.invoke0(Native Method)
	at sun.reflect.NativeMethodAccessorImpl.invoke(NativeMethodAccessorImpl.java:62)
	at sun.reflect.DelegatingMethodAccessorImpl.invoke(DelegatingMethodAccessorImpl.java:43)
	at java.lang.reflect.Method.invoke(Method.java:497)
	at org.apache.maven.surefire.util.ReflectionUtils.invokeMethodWithArray2(ReflectionUtils.java:208)
	at org.apache.maven.surefire.booter.ProviderFactory$ProviderProxy.invoke(ProviderFactory.java:159)
	at org.apache.maven.surefire.booter.ProviderFactory.invokeProvider(ProviderFactory.java:87)
	at org.apache.maven.surefire.booter.ForkedBooter.runSuitesInProcess(ForkedBooter.java:153)
	at org.apache.maven.surefire.booter.ForkedBooter.main(ForkedBooter.java:95)
</pre></div></td>
<td>20</td>
<td>com.automation.ui.digitaldeployer.testcases.home.HomePageTest@a4b2d8f</td></tr>
<tr>
<td title='com.automation.ui.digitaldeployer.testcases.home.HomePageTest.launchAddNewWorkspacename_create_Test()'><b>launchAddNewWorkspacename_create_Test</b><br>Test class: com.automation.ui.digitaldeployer.testcases.home.HomePageTest<br>Test method: StarterRun<br>Parameters: !@#$%^&*():  :<br/>
<a href="#Output-1997753864" onClick='toggleBox("Output-1997753864", this, "Show output", "Hide output");'>Show output</a>

<a href="#Output-1997753864" onClick="toggleAllBoxes();">Show all outputs</a>
<div class='log' id="Output-1997753864">
default constructor called<br/>
Entering  continuetogitlogin:<br/>
Exiting  continuetogitlogin<br/>
default constructor called<br/>
Entering  continueauth:<br/>
</div>
</td>
<td><div><pre>java.util.MissingResourceException: Can&apos;t find resource for bundle java.util.PropertyResourceBundle, key OPCUA_LOGIN_LOGINMSG
	at java.util.ResourceBundle.getObject(ResourceBundle.java:450)
	at java.util.ResourceBundle.getString(ResourceBundle.java:407)
	at com.automation.ui.base.common.prpreaders.AssertDataReader.getValue(AssertDataReader.java:25)
	at com.automation.ui.digitaldeployer.pageobjectsfactory.pageobject.login.pages.LoginPage.continueauth(LoginPage.java:199)
	at com.automation.ui.digitaldeployer.testcases.home.HomePageTest.launchAddNewWorkspacename_create_Test(HomePageTest.java:95)
... Removed 33 stack frames</pre></div><a href='#' onClick='toggleBox("stack-trace1997753864", this, "Click to show all stack frames", "Click to hide stack frames")'>Click to show all stack frames</a>
<div class='stack-trace' id='stack-trace1997753864'><pre>java.util.MissingResourceException: Can&apos;t find resource for bundle java.util.PropertyResourceBundle, key OPCUA_LOGIN_LOGINMSG
	at java.util.ResourceBundle.getObject(ResourceBundle.java:450)
	at java.util.ResourceBundle.getString(ResourceBundle.java:407)
	at com.automation.ui.base.common.prpreaders.AssertDataReader.getValue(AssertDataReader.java:25)
	at com.automation.ui.digitaldeployer.pageobjectsfactory.pageobject.login.pages.LoginPage.continueauth(LoginPage.java:199)
	at com.automation.ui.digitaldeployer.testcases.home.HomePageTest.launchAddNewWorkspacename_create_Test(HomePageTest.java:95)
	at sun.reflect.NativeMethodAccessorImpl.invoke0(Native Method)
	at sun.reflect.NativeMethodAccessorImpl.invoke(NativeMethodAccessorImpl.java:62)
	at sun.reflect.DelegatingMethodAccessorImpl.invoke(DelegatingMethodAccessorImpl.java:43)
	at java.lang.reflect.Method.invoke(Method.java:497)
	at org.testng.internal.MethodInvocationHelper.invokeMethod(MethodInvocationHelper.java:86)
	at org.testng.internal.Invoker.invokeMethod(Invoker.java:643)
	at org.testng.internal.Invoker.invokeTestMethod(Invoker.java:820)
	at org.testng.internal.Invoker.invokeTestMethods(Invoker.java:1128)
	at org.testng.internal.TestMethodWorker.invokeTestMethods(TestMethodWorker.java:129)
	at org.testng.internal.TestMethodWorker.run(TestMethodWorker.java:112)
	at org.testng.TestRunner.privateRun(TestRunner.java:782)
	at org.testng.TestRunner.run(TestRunner.java:632)
	at org.testng.SuiteRunner.runTest(SuiteRunner.java:366)
	at org.testng.SuiteRunner.runSequentially(SuiteRunner.java:361)
	at org.testng.SuiteRunner.privateRun(SuiteRunner.java:319)
	at org.testng.SuiteRunner.run(SuiteRunner.java:268)
	at org.testng.SuiteRunnerWorker.runSuite(SuiteRunnerWorker.java:52)
	at org.testng.SuiteRunnerWorker.run(SuiteRunnerWorker.java:86)
	at org.testng.TestNG.runSuitesSequentially(TestNG.java:1244)
	at org.testng.TestNG.runSuitesLocally(TestNG.java:1169)
	at org.testng.TestNG.run(TestNG.java:1064)
	at org.apache.maven.surefire.testng.TestNGExecutor.run(TestNGExecutor.java:178)
	at org.apache.maven.surefire.testng.TestNGXmlTestSuite.execute(TestNGXmlTestSuite.java:92)
	at org.apache.maven.surefire.testng.TestNGProvider.invoke(TestNGProvider.java:96)
	at sun.reflect.NativeMethodAccessorImpl.invoke0(Native Method)
	at sun.reflect.NativeMethodAccessorImpl.invoke(NativeMethodAccessorImpl.java:62)
	at sun.reflect.DelegatingMethodAccessorImpl.invoke(DelegatingMethodAccessorImpl.java:43)
	at java.lang.reflect.Method.invoke(Method.java:497)
	at org.apache.maven.surefire.util.ReflectionUtils.invokeMethodWithArray2(ReflectionUtils.java:208)
	at org.apache.maven.surefire.booter.ProviderFactory$ProviderProxy.invoke(ProviderFactory.java:159)
	at org.apache.maven.surefire.booter.ProviderFactory.invokeProvider(ProviderFactory.java:87)
	at org.apache.maven.surefire.booter.ForkedBooter.runSuitesInProcess(ForkedBooter.java:153)
	at org.apache.maven.surefire.booter.ForkedBooter.main(ForkedBooter.java:95)
</pre></div></td>
<td>20</td>
<td>com.automation.ui.digitaldeployer.testcases.home.HomePageTest@a4b2d8f</td></tr>
<tr>
<td title='com.automation.ui.digitaldeployer.testcases.home.HomePageTest.launchAddNewWorkspacename_create_Test()'><b>launchAddNewWorkspacename_create_Test</b><br>Test class: com.automation.ui.digitaldeployer.testcases.home.HomePageTest<br>Test method: StarterRun<br>Parameters: test_1<br/>
<a href="#Output-142302025" onClick='toggleBox("Output-142302025", this, "Show output", "Hide output");'>Show output</a>

<a href="#Output-142302025" onClick="toggleAllBoxes();">Show all outputs</a>
<div class='log' id="Output-142302025">
default constructor called<br/>
Entering  continuetogitlogin:<br/>
Exiting  continuetogitlogin<br/>
default constructor called<br/>
Entering  continueauth:<br/>
</div>
</td>
<td><div><pre>java.util.MissingResourceException: Can&apos;t find resource for bundle java.util.PropertyResourceBundle, key OPCUA_LOGIN_LOGINMSG
	at java.util.ResourceBundle.getObject(ResourceBundle.java:450)
	at java.util.ResourceBundle.getString(ResourceBundle.java:407)
	at com.automation.ui.base.common.prpreaders.AssertDataReader.getValue(AssertDataReader.java:25)
	at com.automation.ui.digitaldeployer.pageobjectsfactory.pageobject.login.pages.LoginPage.continueauth(LoginPage.java:199)
	at com.automation.ui.digitaldeployer.testcases.home.HomePageTest.launchAddNewWorkspacename_create_Test(HomePageTest.java:95)
... Removed 33 stack frames</pre></div><a href='#' onClick='toggleBox("stack-trace142302025", this, "Click to show all stack frames", "Click to hide stack frames")'>Click to show all stack frames</a>
<div class='stack-trace' id='stack-trace142302025'><pre>java.util.MissingResourceException: Can&apos;t find resource for bundle java.util.PropertyResourceBundle, key OPCUA_LOGIN_LOGINMSG
	at java.util.ResourceBundle.getObject(ResourceBundle.java:450)
	at java.util.ResourceBundle.getString(ResourceBundle.java:407)
	at com.automation.ui.base.common.prpreaders.AssertDataReader.getValue(AssertDataReader.java:25)
	at com.automation.ui.digitaldeployer.pageobjectsfactory.pageobject.login.pages.LoginPage.continueauth(LoginPage.java:199)
	at com.automation.ui.digitaldeployer.testcases.home.HomePageTest.launchAddNewWorkspacename_create_Test(HomePageTest.java:95)
	at sun.reflect.NativeMethodAccessorImpl.invoke0(Native Method)
	at sun.reflect.NativeMethodAccessorImpl.invoke(NativeMethodAccessorImpl.java:62)
	at sun.reflect.DelegatingMethodAccessorImpl.invoke(DelegatingMethodAccessorImpl.java:43)
	at java.lang.reflect.Method.invoke(Method.java:497)
	at org.testng.internal.MethodInvocationHelper.invokeMethod(MethodInvocationHelper.java:86)
	at org.testng.internal.Invoker.invokeMethod(Invoker.java:643)
	at org.testng.internal.Invoker.invokeTestMethod(Invoker.java:820)
	at org.testng.internal.Invoker.invokeTestMethods(Invoker.java:1128)
	at org.testng.internal.TestMethodWorker.invokeTestMethods(TestMethodWorker.java:129)
	at org.testng.internal.TestMethodWorker.run(TestMethodWorker.java:112)
	at org.testng.TestRunner.privateRun(TestRunner.java:782)
	at org.testng.TestRunner.run(TestRunner.java:632)
	at org.testng.SuiteRunner.runTest(SuiteRunner.java:366)
	at org.testng.SuiteRunner.runSequentially(SuiteRunner.java:361)
	at org.testng.SuiteRunner.privateRun(SuiteRunner.java:319)
	at org.testng.SuiteRunner.run(SuiteRunner.java:268)
	at org.testng.SuiteRunnerWorker.runSuite(SuiteRunnerWorker.java:52)
	at org.testng.SuiteRunnerWorker.run(SuiteRunnerWorker.java:86)
	at org.testng.TestNG.runSuitesSequentially(TestNG.java:1244)
	at org.testng.TestNG.runSuitesLocally(TestNG.java:1169)
	at org.testng.TestNG.run(TestNG.java:1064)
	at org.apache.maven.surefire.testng.TestNGExecutor.run(TestNGExecutor.java:178)
	at org.apache.maven.surefire.testng.TestNGXmlTestSuite.execute(TestNGXmlTestSuite.java:92)
	at org.apache.maven.surefire.testng.TestNGProvider.invoke(TestNGProvider.java:96)
	at sun.reflect.NativeMethodAccessorImpl.invoke0(Native Method)
	at sun.reflect.NativeMethodAccessorImpl.invoke(NativeMethodAccessorImpl.java:62)
	at sun.reflect.DelegatingMethodAccessorImpl.invoke(DelegatingMethodAccessorImpl.java:43)
	at java.lang.reflect.Method.invoke(Method.java:497)
	at org.apache.maven.surefire.util.ReflectionUtils.invokeMethodWithArray2(ReflectionUtils.java:208)
	at org.apache.maven.surefire.booter.ProviderFactory$ProviderProxy.invoke(ProviderFactory.java:159)
	at org.apache.maven.surefire.booter.ProviderFactory.invokeProvider(ProviderFactory.java:87)
	at org.apache.maven.surefire.booter.ForkedBooter.runSuitesInProcess(ForkedBooter.java:153)
	at org.apache.maven.surefire.booter.ForkedBooter.main(ForkedBooter.java:95)
</pre></div></td>
<td>20</td>
<td>com.automation.ui.digitaldeployer.testcases.home.HomePageTest@a4b2d8f</td></tr>
<tr>
<td title='com.automation.ui.digitaldeployer.testcases.home.HomePageTest.launchAddNewWorkspacename_create_Test()'><b>launchAddNewWorkspacename_create_Test</b><br>Test class: com.automation.ui.digitaldeployer.testcases.home.HomePageTest<br>Test method: StarterRun<br>Parameters: test_#1<br/>
<a href="#Output-1765865093" onClick='toggleBox("Output-1765865093", this, "Show output", "Hide output");'>Show output</a>

<a href="#Output-1765865093" onClick="toggleAllBoxes();">Show all outputs</a>
<div class='log' id="Output-1765865093">
default constructor called<br/>
Entering  continuetogitlogin:<br/>
Exiting  continuetogitlogin<br/>
default constructor called<br/>
Entering  continueauth:<br/>
</div>
</td>
<td><div><pre>java.util.MissingResourceException: Can&apos;t find resource for bundle java.util.PropertyResourceBundle, key OPCUA_LOGIN_LOGINMSG
	at java.util.ResourceBundle.getObject(ResourceBundle.java:450)
	at java.util.ResourceBundle.getString(ResourceBundle.java:407)
	at com.automation.ui.base.common.prpreaders.AssertDataReader.getValue(AssertDataReader.java:25)
	at com.automation.ui.digitaldeployer.pageobjectsfactory.pageobject.login.pages.LoginPage.continueauth(LoginPage.java:199)
	at com.automation.ui.digitaldeployer.testcases.home.HomePageTest.launchAddNewWorkspacename_create_Test(HomePageTest.java:95)
... Removed 33 stack frames</pre></div><a href='#' onClick='toggleBox("stack-trace1765865093", this, "Click to show all stack frames", "Click to hide stack frames")'>Click to show all stack frames</a>
<div class='stack-trace' id='stack-trace1765865093'><pre>java.util.MissingResourceException: Can&apos;t find resource for bundle java.util.PropertyResourceBundle, key OPCUA_LOGIN_LOGINMSG
	at java.util.ResourceBundle.getObject(ResourceBundle.java:450)
	at java.util.ResourceBundle.getString(ResourceBundle.java:407)
	at com.automation.ui.base.common.prpreaders.AssertDataReader.getValue(AssertDataReader.java:25)
	at com.automation.ui.digitaldeployer.pageobjectsfactory.pageobject.login.pages.LoginPage.continueauth(LoginPage.java:199)
	at com.automation.ui.digitaldeployer.testcases.home.HomePageTest.launchAddNewWorkspacename_create_Test(HomePageTest.java:95)
	at sun.reflect.NativeMethodAccessorImpl.invoke0(Native Method)
	at sun.reflect.NativeMethodAccessorImpl.invoke(NativeMethodAccessorImpl.java:62)
	at sun.reflect.DelegatingMethodAccessorImpl.invoke(DelegatingMethodAccessorImpl.java:43)
	at java.lang.reflect.Method.invoke(Method.java:497)
	at org.testng.internal.MethodInvocationHelper.invokeMethod(MethodInvocationHelper.java:86)
	at org.testng.internal.Invoker.invokeMethod(Invoker.java:643)
	at org.testng.internal.Invoker.invokeTestMethod(Invoker.java:820)
	at org.testng.internal.Invoker.invokeTestMethods(Invoker.java:1128)
	at org.testng.internal.TestMethodWorker.invokeTestMethods(TestMethodWorker.java:129)
	at org.testng.internal.TestMethodWorker.run(TestMethodWorker.java:112)
	at org.testng.TestRunner.privateRun(TestRunner.java:782)
	at org.testng.TestRunner.run(TestRunner.java:632)
	at org.testng.SuiteRunner.runTest(SuiteRunner.java:366)
	at org.testng.SuiteRunner.runSequentially(SuiteRunner.java:361)
	at org.testng.SuiteRunner.privateRun(SuiteRunner.java:319)
	at org.testng.SuiteRunner.run(SuiteRunner.java:268)
	at org.testng.SuiteRunnerWorker.runSuite(SuiteRunnerWorker.java:52)
	at org.testng.SuiteRunnerWorker.run(SuiteRunnerWorker.java:86)
	at org.testng.TestNG.runSuitesSequentially(TestNG.java:1244)
	at org.testng.TestNG.runSuitesLocally(TestNG.java:1169)
	at org.testng.TestNG.run(TestNG.java:1064)
	at org.apache.maven.surefire.testng.TestNGExecutor.run(TestNGExecutor.java:178)
	at org.apache.maven.surefire.testng.TestNGXmlTestSuite.execute(TestNGXmlTestSuite.java:92)
	at org.apache.maven.surefire.testng.TestNGProvider.invoke(TestNGProvider.java:96)
	at sun.reflect.NativeMethodAccessorImpl.invoke0(Native Method)
	at sun.reflect.NativeMethodAccessorImpl.invoke(NativeMethodAccessorImpl.java:62)
	at sun.reflect.DelegatingMethodAccessorImpl.invoke(DelegatingMethodAccessorImpl.java:43)
	at java.lang.reflect.Method.invoke(Method.java:497)
	at org.apache.maven.surefire.util.ReflectionUtils.invokeMethodWithArray2(ReflectionUtils.java:208)
	at org.apache.maven.surefire.booter.ProviderFactory$ProviderProxy.invoke(ProviderFactory.java:159)
	at org.apache.maven.surefire.booter.ProviderFactory.invokeProvider(ProviderFactory.java:87)
	at org.apache.maven.surefire.booter.ForkedBooter.runSuitesInProcess(ForkedBooter.java:153)
	at org.apache.maven.surefire.booter.ForkedBooter.main(ForkedBooter.java:95)
</pre></div></td>
<td>20</td>
<td>com.automation.ui.digitaldeployer.testcases.home.HomePageTest@a4b2d8f</td></tr>
<tr>
<td title='com.automation.ui.digitaldeployer.testcases.home.HomePageTest.launchAddNewWorkspacename_create_Test()'><b>launchAddNewWorkspacename_create_Test</b><br>Test class: com.automation.ui.digitaldeployer.testcases.home.HomePageTest<br>Test method: StarterRun<br>Parameters: test_#1-test<br/>
<a href="#Output-604990529" onClick='toggleBox("Output-604990529", this, "Show output", "Hide output");'>Show output</a>

<a href="#Output-604990529" onClick="toggleAllBoxes();">Show all outputs</a>
<div class='log' id="Output-604990529">
default constructor called<br/>
Entering  continuetogitlogin:<br/>
Exiting  continuetogitlogin<br/>
default constructor called<br/>
Entering  continueauth:<br/>
</div>
</td>
<td><div><pre>java.util.MissingResourceException: Can&apos;t find resource for bundle java.util.PropertyResourceBundle, key OPCUA_LOGIN_LOGINMSG
	at java.util.ResourceBundle.getObject(ResourceBundle.java:450)
	at java.util.ResourceBundle.getString(ResourceBundle.java:407)
	at com.automation.ui.base.common.prpreaders.AssertDataReader.getValue(AssertDataReader.java:25)
	at com.automation.ui.digitaldeployer.pageobjectsfactory.pageobject.login.pages.LoginPage.continueauth(LoginPage.java:199)
	at com.automation.ui.digitaldeployer.testcases.home.HomePageTest.launchAddNewWorkspacename_create_Test(HomePageTest.java:95)
... Removed 33 stack frames</pre></div><a href='#' onClick='toggleBox("stack-trace604990529", this, "Click to show all stack frames", "Click to hide stack frames")'>Click to show all stack frames</a>
<div class='stack-trace' id='stack-trace604990529'><pre>java.util.MissingResourceException: Can&apos;t find resource for bundle java.util.PropertyResourceBundle, key OPCUA_LOGIN_LOGINMSG
	at java.util.ResourceBundle.getObject(ResourceBundle.java:450)
	at java.util.ResourceBundle.getString(ResourceBundle.java:407)
	at com.automation.ui.base.common.prpreaders.AssertDataReader.getValue(AssertDataReader.java:25)
	at com.automation.ui.digitaldeployer.pageobjectsfactory.pageobject.login.pages.LoginPage.continueauth(LoginPage.java:199)
	at com.automation.ui.digitaldeployer.testcases.home.HomePageTest.launchAddNewWorkspacename_create_Test(HomePageTest.java:95)
	at sun.reflect.NativeMethodAccessorImpl.invoke0(Native Method)
	at sun.reflect.NativeMethodAccessorImpl.invoke(NativeMethodAccessorImpl.java:62)
	at sun.reflect.DelegatingMethodAccessorImpl.invoke(DelegatingMethodAccessorImpl.java:43)
	at java.lang.reflect.Method.invoke(Method.java:497)
	at org.testng.internal.MethodInvocationHelper.invokeMethod(MethodInvocationHelper.java:86)
	at org.testng.internal.Invoker.invokeMethod(Invoker.java:643)
	at org.testng.internal.Invoker.invokeTestMethod(Invoker.java:820)
	at org.testng.internal.Invoker.invokeTestMethods(Invoker.java:1128)
	at org.testng.internal.TestMethodWorker.invokeTestMethods(TestMethodWorker.java:129)
	at org.testng.internal.TestMethodWorker.run(TestMethodWorker.java:112)
	at org.testng.TestRunner.privateRun(TestRunner.java:782)
	at org.testng.TestRunner.run(TestRunner.java:632)
	at org.testng.SuiteRunner.runTest(SuiteRunner.java:366)
	at org.testng.SuiteRunner.runSequentially(SuiteRunner.java:361)
	at org.testng.SuiteRunner.privateRun(SuiteRunner.java:319)
	at org.testng.SuiteRunner.run(SuiteRunner.java:268)
	at org.testng.SuiteRunnerWorker.runSuite(SuiteRunnerWorker.java:52)
	at org.testng.SuiteRunnerWorker.run(SuiteRunnerWorker.java:86)
	at org.testng.TestNG.runSuitesSequentially(TestNG.java:1244)
	at org.testng.TestNG.runSuitesLocally(TestNG.java:1169)
	at org.testng.TestNG.run(TestNG.java:1064)
	at org.apache.maven.surefire.testng.TestNGExecutor.run(TestNGExecutor.java:178)
	at org.apache.maven.surefire.testng.TestNGXmlTestSuite.execute(TestNGXmlTestSuite.java:92)
	at org.apache.maven.surefire.testng.TestNGProvider.invoke(TestNGProvider.java:96)
	at sun.reflect.NativeMethodAccessorImpl.invoke0(Native Method)
	at sun.reflect.NativeMethodAccessorImpl.invoke(NativeMethodAccessorImpl.java:62)
	at sun.reflect.DelegatingMethodAccessorImpl.invoke(DelegatingMethodAccessorImpl.java:43)
	at java.lang.reflect.Method.invoke(Method.java:497)
	at org.apache.maven.surefire.util.ReflectionUtils.invokeMethodWithArray2(ReflectionUtils.java:208)
	at org.apache.maven.surefire.booter.ProviderFactory$ProviderProxy.invoke(ProviderFactory.java:159)
	at org.apache.maven.surefire.booter.ProviderFactory.invokeProvider(ProviderFactory.java:87)
	at org.apache.maven.surefire.booter.ForkedBooter.runSuitesInProcess(ForkedBooter.java:153)
	at org.apache.maven.surefire.booter.ForkedBooter.main(ForkedBooter.java:95)
</pre></div></td>
<td>20</td>
<td>com.automation.ui.digitaldeployer.testcases.home.HomePageTest@a4b2d8f</td></tr>
<tr>
<td title='com.automation.ui.digitaldeployer.testcases.home.HomePageTest.launchAddNewWorkspacename_create_Test()'><b>launchAddNewWorkspacename_create_Test</b><br>Test class: com.automation.ui.digitaldeployer.testcases.home.HomePageTest<br>Test method: StarterRun<br>Parameters: <^&$$% >>><br/>
<a href="#Output-1003737182" onClick='toggleBox("Output-1003737182", this, "Show output", "Hide output");'>Show output</a>

<a href="#Output-1003737182" onClick="toggleAllBoxes();">Show all outputs</a>
<div class='log' id="Output-1003737182">
default constructor called<br/>
Entering  continuetogitlogin:<br/>
Exiting  continuetogitlogin<br/>
default constructor called<br/>
Entering  continueauth:<br/>
</div>
</td>
<td><div><pre>java.util.MissingResourceException: Can&apos;t find resource for bundle java.util.PropertyResourceBundle, key OPCUA_LOGIN_LOGINMSG
	at java.util.ResourceBundle.getObject(ResourceBundle.java:450)
	at java.util.ResourceBundle.getString(ResourceBundle.java:407)
	at com.automation.ui.base.common.prpreaders.AssertDataReader.getValue(AssertDataReader.java:25)
	at com.automation.ui.digitaldeployer.pageobjectsfactory.pageobject.login.pages.LoginPage.continueauth(LoginPage.java:199)
	at com.automation.ui.digitaldeployer.testcases.home.HomePageTest.launchAddNewWorkspacename_create_Test(HomePageTest.java:95)
... Removed 33 stack frames</pre></div><a href='#' onClick='toggleBox("stack-trace1003737182", this, "Click to show all stack frames", "Click to hide stack frames")'>Click to show all stack frames</a>
<div class='stack-trace' id='stack-trace1003737182'><pre>java.util.MissingResourceException: Can&apos;t find resource for bundle java.util.PropertyResourceBundle, key OPCUA_LOGIN_LOGINMSG
	at java.util.ResourceBundle.getObject(ResourceBundle.java:450)
	at java.util.ResourceBundle.getString(ResourceBundle.java:407)
	at com.automation.ui.base.common.prpreaders.AssertDataReader.getValue(AssertDataReader.java:25)
	at com.automation.ui.digitaldeployer.pageobjectsfactory.pageobject.login.pages.LoginPage.continueauth(LoginPage.java:199)
	at com.automation.ui.digitaldeployer.testcases.home.HomePageTest.launchAddNewWorkspacename_create_Test(HomePageTest.java:95)
	at sun.reflect.NativeMethodAccessorImpl.invoke0(Native Method)
	at sun.reflect.NativeMethodAccessorImpl.invoke(NativeMethodAccessorImpl.java:62)
	at sun.reflect.DelegatingMethodAccessorImpl.invoke(DelegatingMethodAccessorImpl.java:43)
	at java.lang.reflect.Method.invoke(Method.java:497)
	at org.testng.internal.MethodInvocationHelper.invokeMethod(MethodInvocationHelper.java:86)
	at org.testng.internal.Invoker.invokeMethod(Invoker.java:643)
	at org.testng.internal.Invoker.invokeTestMethod(Invoker.java:820)
	at org.testng.internal.Invoker.invokeTestMethods(Invoker.java:1128)
	at org.testng.internal.TestMethodWorker.invokeTestMethods(TestMethodWorker.java:129)
	at org.testng.internal.TestMethodWorker.run(TestMethodWorker.java:112)
	at org.testng.TestRunner.privateRun(TestRunner.java:782)
	at org.testng.TestRunner.run(TestRunner.java:632)
	at org.testng.SuiteRunner.runTest(SuiteRunner.java:366)
	at org.testng.SuiteRunner.runSequentially(SuiteRunner.java:361)
	at org.testng.SuiteRunner.privateRun(SuiteRunner.java:319)
	at org.testng.SuiteRunner.run(SuiteRunner.java:268)
	at org.testng.SuiteRunnerWorker.runSuite(SuiteRunnerWorker.java:52)
	at org.testng.SuiteRunnerWorker.run(SuiteRunnerWorker.java:86)
	at org.testng.TestNG.runSuitesSequentially(TestNG.java:1244)
	at org.testng.TestNG.runSuitesLocally(TestNG.java:1169)
	at org.testng.TestNG.run(TestNG.java:1064)
	at org.apache.maven.surefire.testng.TestNGExecutor.run(TestNGExecutor.java:178)
	at org.apache.maven.surefire.testng.TestNGXmlTestSuite.execute(TestNGXmlTestSuite.java:92)
	at org.apache.maven.surefire.testng.TestNGProvider.invoke(TestNGProvider.java:96)
	at sun.reflect.NativeMethodAccessorImpl.invoke0(Native Method)
	at sun.reflect.NativeMethodAccessorImpl.invoke(NativeMethodAccessorImpl.java:62)
	at sun.reflect.DelegatingMethodAccessorImpl.invoke(DelegatingMethodAccessorImpl.java:43)
	at java.lang.reflect.Method.invoke(Method.java:497)
	at org.apache.maven.surefire.util.ReflectionUtils.invokeMethodWithArray2(ReflectionUtils.java:208)
	at org.apache.maven.surefire.booter.ProviderFactory$ProviderProxy.invoke(ProviderFactory.java:159)
	at org.apache.maven.surefire.booter.ProviderFactory.invokeProvider(ProviderFactory.java:87)
	at org.apache.maven.surefire.booter.ForkedBooter.runSuitesInProcess(ForkedBooter.java:153)
	at org.apache.maven.surefire.booter.ForkedBooter.main(ForkedBooter.java:95)
</pre></div></td>
<td>20</td>
<td>com.automation.ui.digitaldeployer.testcases.home.HomePageTest@a4b2d8f</td></tr>
<tr>
<td title='com.automation.ui.digitaldeployer.testcases.home.HomePageTest.launchAddNewWorkspacename_create_Test()'><b>launchAddNewWorkspacename_create_Test</b><br>Test class: com.automation.ui.digitaldeployer.testcases.home.HomePageTest<br>Test method: StarterRun<br>Parameters: ~~```:";;<br/>
<a href="#Output-102709691" onClick='toggleBox("Output-102709691", this, "Show output", "Hide output");'>Show output</a>

<a href="#Output-102709691" onClick="toggleAllBoxes();">Show all outputs</a>
<div class='log' id="Output-102709691">
default constructor called<br/>
Entering  continuetogitlogin:<br/>
Exiting  continuetogitlogin<br/>
default constructor called<br/>
Entering  continueauth:<br/>
</div>
</td>
<td><div><pre>java.util.MissingResourceException: Can&apos;t find resource for bundle java.util.PropertyResourceBundle, key OPCUA_LOGIN_LOGINMSG
	at java.util.ResourceBundle.getObject(ResourceBundle.java:450)
	at java.util.ResourceBundle.getString(ResourceBundle.java:407)
	at com.automation.ui.base.common.prpreaders.AssertDataReader.getValue(AssertDataReader.java:25)
	at com.automation.ui.digitaldeployer.pageobjectsfactory.pageobject.login.pages.LoginPage.continueauth(LoginPage.java:199)
	at com.automation.ui.digitaldeployer.testcases.home.HomePageTest.launchAddNewWorkspacename_create_Test(HomePageTest.java:95)
... Removed 33 stack frames</pre></div><a href='#' onClick='toggleBox("stack-trace102709691", this, "Click to show all stack frames", "Click to hide stack frames")'>Click to show all stack frames</a>
<div class='stack-trace' id='stack-trace102709691'><pre>java.util.MissingResourceException: Can&apos;t find resource for bundle java.util.PropertyResourceBundle, key OPCUA_LOGIN_LOGINMSG
	at java.util.ResourceBundle.getObject(ResourceBundle.java:450)
	at java.util.ResourceBundle.getString(ResourceBundle.java:407)
	at com.automation.ui.base.common.prpreaders.AssertDataReader.getValue(AssertDataReader.java:25)
	at com.automation.ui.digitaldeployer.pageobjectsfactory.pageobject.login.pages.LoginPage.continueauth(LoginPage.java:199)
	at com.automation.ui.digitaldeployer.testcases.home.HomePageTest.launchAddNewWorkspacename_create_Test(HomePageTest.java:95)
	at sun.reflect.NativeMethodAccessorImpl.invoke0(Native Method)
	at sun.reflect.NativeMethodAccessorImpl.invoke(NativeMethodAccessorImpl.java:62)
	at sun.reflect.DelegatingMethodAccessorImpl.invoke(DelegatingMethodAccessorImpl.java:43)
	at java.lang.reflect.Method.invoke(Method.java:497)
	at org.testng.internal.MethodInvocationHelper.invokeMethod(MethodInvocationHelper.java:86)
	at org.testng.internal.Invoker.invokeMethod(Invoker.java:643)
	at org.testng.internal.Invoker.invokeTestMethod(Invoker.java:820)
	at org.testng.internal.Invoker.invokeTestMethods(Invoker.java:1128)
	at org.testng.internal.TestMethodWorker.invokeTestMethods(TestMethodWorker.java:129)
	at org.testng.internal.TestMethodWorker.run(TestMethodWorker.java:112)
	at org.testng.TestRunner.privateRun(TestRunner.java:782)
	at org.testng.TestRunner.run(TestRunner.java:632)
	at org.testng.SuiteRunner.runTest(SuiteRunner.java:366)
	at org.testng.SuiteRunner.runSequentially(SuiteRunner.java:361)
	at org.testng.SuiteRunner.privateRun(SuiteRunner.java:319)
	at org.testng.SuiteRunner.run(SuiteRunner.java:268)
	at org.testng.SuiteRunnerWorker.runSuite(SuiteRunnerWorker.java:52)
	at org.testng.SuiteRunnerWorker.run(SuiteRunnerWorker.java:86)
	at org.testng.TestNG.runSuitesSequentially(TestNG.java:1244)
	at org.testng.TestNG.runSuitesLocally(TestNG.java:1169)
	at org.testng.TestNG.run(TestNG.java:1064)
	at org.apache.maven.surefire.testng.TestNGExecutor.run(TestNGExecutor.java:178)
	at org.apache.maven.surefire.testng.TestNGXmlTestSuite.execute(TestNGXmlTestSuite.java:92)
	at org.apache.maven.surefire.testng.TestNGProvider.invoke(TestNGProvider.java:96)
	at sun.reflect.NativeMethodAccessorImpl.invoke0(Native Method)
	at sun.reflect.NativeMethodAccessorImpl.invoke(NativeMethodAccessorImpl.java:62)
	at sun.reflect.DelegatingMethodAccessorImpl.invoke(DelegatingMethodAccessorImpl.java:43)
	at java.lang.reflect.Method.invoke(Method.java:497)
	at org.apache.maven.surefire.util.ReflectionUtils.invokeMethodWithArray2(ReflectionUtils.java:208)
	at org.apache.maven.surefire.booter.ProviderFactory$ProviderProxy.invoke(ProviderFactory.java:159)
	at org.apache.maven.surefire.booter.ProviderFactory.invokeProvider(ProviderFactory.java:87)
	at org.apache.maven.surefire.booter.ForkedBooter.runSuitesInProcess(ForkedBooter.java:153)
	at org.apache.maven.surefire.booter.ForkedBooter.main(ForkedBooter.java:95)
</pre></div></td>
<td>20</td>
<td>com.automation.ui.digitaldeployer.testcases.home.HomePageTest@a4b2d8f</td></tr>
<tr>
<td title='com.automation.ui.digitaldeployer.testcases.home.HomePageTest.launchAddNewWorkspacename_create_Test()'><b>launchAddNewWorkspacename_create_Test</b><br>Test class: com.automation.ui.digitaldeployer.testcases.home.HomePageTest<br>Test method: StarterRun<br>Parameters: !@#$%^&*():  :<br/>
<a href="#Output-1538593345" onClick='toggleBox("Output-1538593345", this, "Show output", "Hide output");'>Show output</a>

<a href="#Output-1538593345" onClick="toggleAllBoxes();">Show all outputs</a>
<div class='log' id="Output-1538593345">
default constructor called<br/>
Entering  continuetogitlogin:<br/>
Exiting  continuetogitlogin<br/>
default constructor called<br/>
Entering  continueauth:<br/>
</div>
</td>
<td><div><pre>java.util.MissingResourceException: Can&apos;t find resource for bundle java.util.PropertyResourceBundle, key OPCUA_LOGIN_LOGINMSG
	at java.util.ResourceBundle.getObject(ResourceBundle.java:450)
	at java.util.ResourceBundle.getString(ResourceBundle.java:407)
	at com.automation.ui.base.common.prpreaders.AssertDataReader.getValue(AssertDataReader.java:25)
	at com.automation.ui.digitaldeployer.pageobjectsfactory.pageobject.login.pages.LoginPage.continueauth(LoginPage.java:199)
	at com.automation.ui.digitaldeployer.testcases.home.HomePageTest.launchAddNewWorkspacename_create_Test(HomePageTest.java:95)
... Removed 33 stack frames</pre></div><a href='#' onClick='toggleBox("stack-trace1538593345", this, "Click to show all stack frames", "Click to hide stack frames")'>Click to show all stack frames</a>
<div class='stack-trace' id='stack-trace1538593345'><pre>java.util.MissingResourceException: Can&apos;t find resource for bundle java.util.PropertyResourceBundle, key OPCUA_LOGIN_LOGINMSG
	at java.util.ResourceBundle.getObject(ResourceBundle.java:450)
	at java.util.ResourceBundle.getString(ResourceBundle.java:407)
	at com.automation.ui.base.common.prpreaders.AssertDataReader.getValue(AssertDataReader.java:25)
	at com.automation.ui.digitaldeployer.pageobjectsfactory.pageobject.login.pages.LoginPage.continueauth(LoginPage.java:199)
	at com.automation.ui.digitaldeployer.testcases.home.HomePageTest.launchAddNewWorkspacename_create_Test(HomePageTest.java:95)
	at sun.reflect.NativeMethodAccessorImpl.invoke0(Native Method)
	at sun.reflect.NativeMethodAccessorImpl.invoke(NativeMethodAccessorImpl.java:62)
	at sun.reflect.DelegatingMethodAccessorImpl.invoke(DelegatingMethodAccessorImpl.java:43)
	at java.lang.reflect.Method.invoke(Method.java:497)
	at org.testng.internal.MethodInvocationHelper.invokeMethod(MethodInvocationHelper.java:86)
	at org.testng.internal.Invoker.invokeMethod(Invoker.java:643)
	at org.testng.internal.Invoker.invokeTestMethod(Invoker.java:820)
	at org.testng.internal.Invoker.invokeTestMethods(Invoker.java:1128)
	at org.testng.internal.TestMethodWorker.invokeTestMethods(TestMethodWorker.java:129)
	at org.testng.internal.TestMethodWorker.run(TestMethodWorker.java:112)
	at org.testng.TestRunner.privateRun(TestRunner.java:782)
	at org.testng.TestRunner.run(TestRunner.java:632)
	at org.testng.SuiteRunner.runTest(SuiteRunner.java:366)
	at org.testng.SuiteRunner.runSequentially(SuiteRunner.java:361)
	at org.testng.SuiteRunner.privateRun(SuiteRunner.java:319)
	at org.testng.SuiteRunner.run(SuiteRunner.java:268)
	at org.testng.SuiteRunnerWorker.runSuite(SuiteRunnerWorker.java:52)
	at org.testng.SuiteRunnerWorker.run(SuiteRunnerWorker.java:86)
	at org.testng.TestNG.runSuitesSequentially(TestNG.java:1244)
	at org.testng.TestNG.runSuitesLocally(TestNG.java:1169)
	at org.testng.TestNG.run(TestNG.java:1064)
	at org.apache.maven.surefire.testng.TestNGExecutor.run(TestNGExecutor.java:178)
	at org.apache.maven.surefire.testng.TestNGXmlTestSuite.execute(TestNGXmlTestSuite.java:92)
	at org.apache.maven.surefire.testng.TestNGProvider.invoke(TestNGProvider.java:96)
	at sun.reflect.NativeMethodAccessorImpl.invoke0(Native Method)
	at sun.reflect.NativeMethodAccessorImpl.invoke(NativeMethodAccessorImpl.java:62)
	at sun.reflect.DelegatingMethodAccessorImpl.invoke(DelegatingMethodAccessorImpl.java:43)
	at java.lang.reflect.Method.invoke(Method.java:497)
	at org.apache.maven.surefire.util.ReflectionUtils.invokeMethodWithArray2(ReflectionUtils.java:208)
	at org.apache.maven.surefire.booter.ProviderFactory$ProviderProxy.invoke(ProviderFactory.java:159)
	at org.apache.maven.surefire.booter.ProviderFactory.invokeProvider(ProviderFactory.java:87)
	at org.apache.maven.surefire.booter.ForkedBooter.runSuitesInProcess(ForkedBooter.java:153)
	at org.apache.maven.surefire.booter.ForkedBooter.main(ForkedBooter.java:95)
</pre></div></td>
<td>20</td>
<td>com.automation.ui.digitaldeployer.testcases.home.HomePageTest@a4b2d8f</td></tr>
</table><p>
<table width='100%' border='1' class='invocation-passed'>
<tr><td colspan='4' align='center'><b>PASSED TESTS</b></td></tr>
<tr><td><b>Test method</b></td>
<td width="30%"><b>Exception</b></td>
<td width="10%"><b>Time (seconds)</b></td>
<td><b>Instance</b></td>
</tr>
<tr>
<td title='com.automation.ui.digitaldeployer.testcases.index.IndexPageTest.launchHomePage_Test()'><b>launchHomePage_Test</b><br>Test class: com.automation.ui.digitaldeployer.testcases.index.IndexPageTest<br>Test method: StarterRun<br>Parameters: com.automation.ui.digitaldeployer.pageobjectsfactory.pageobject.index.vo.InitialSearchVO@2e52fb3e</td>
<td></td>
<td>1</td>
<td>com.automation.ui.digitaldeployer.testcases.index.IndexPageTest@5b07730f</td></tr>
<tr>
<td title='com.automation.ui.digitaldeployer.testcases.login.LoginTest.verifyValidLogin()'><b>verifyValidLogin</b><br>Test class: com.automation.ui.digitaldeployer.testcases.login.LoginTest<br>Test method: home  list info<br>Parameters: com.automation.ui.digitaldeployer.pageobjectsfactory.pageobject.login.vo.LoginVO@4a5905d9<br/>
<a href="#Output-1471633238" onClick='toggleBox("Output-1471633238", this, "Show output", "Hide output");'>Show output</a>

<a href="#Output-1471633238" onClick="toggleAllBoxes();">Show all outputs</a>
<div class='log' id="Output-1471633238">
Entering verifyValidLogin<br/>
default constructor called<br/>
default constructor called<br/>
Entering  continuetogitlogin:<br/>
Exiting  continuetogitlogin<br/>
default constructor called<br/>
Entering  enterUser login:<br/>
Exiting  enterUser login<br/>
Entering  enterPassword:<br/>
Exiting  enterPassword<br/>
Entering  login:<br/>
Exiting  login<br/>
</div>
</td>
<td></td>
<td>15</td>
<td>com.automation.ui.digitaldeployer.testcases.login.LoginTest@1fdfafd2</td></tr>
</table><p>
</body>
</html>