<?xml version="1.0" encoding="UTF-8"?>
<!-- Generated by org.testng.reporters.JUnitXMLReporter -->
<testsuite hostname="DESKTOP-4VG4ENC" name="Home" tests="12" failures="10" timestamp="13 Jan 2023 09:00:04 GMT" time="255.359" errors="0">
  <testcase name="@BeforeMethod initTestContext" time="0.0" classname="com.automation.ui.digitaldeployer.testcases.home.HomePageTest">
    <failure type="org.openqa.selenium.NoSuchWindowException" message="no such window: target window already closed
from unknown error: web view not found
  (Session info: chrome=109.0.5414.75)
Build info: version: &amp;apos;3.141.59&amp;apos;, revision: &amp;apos;e82be7d358&amp;apos;, time: &amp;apos;2018-11-14T08:17:03&amp;apos;
System info: host: &amp;apos;DESKTOP-4VG4ENC&amp;apos;, ip: &amp;apos;192.168.184.1&amp;apos;, os.name: &amp;apos;Windows 10&amp;apos;, os.arch: &amp;apos;amd64&amp;apos;, os.version: &amp;apos;10.0&amp;apos;, java.version: &amp;apos;1.8.0_60&amp;apos;
Driver info: org.openqa.selenium.chrome.ChromeDriver
Capabilities {acceptInsecureCerts: false, browserName: chrome, browserVersion: 109.0.5414.75, chrome: {chromedriverVersion: 108.0.5359.71 (1e0e3868ee06..., userDataDir: C:\Users\kkscl\AppData\Loca...}, goog:chromeOptions: {debuggerAddress: localhost:50352}, javascriptEnabled: true, networkConnectionEnabled: false, pageLoadStrategy: normal, platform: WINDOWS, platformName: WINDOWS, proxy: Proxy(), setWindowRect: true, strictFileInteractability: false, timeouts: {implicit: 0, pageLoad: 300000, script: 30000}, unhandledPromptBehavior: dismiss and notify, webauthn:extension:credBlob: true, webauthn:extension:largeBlob: true, webauthn:virtualAuthenticators: true}
Session ID: 9813f22548953d25b9aa6826bfbaf185">
      <![CDATA[org.openqa.selenium.NoSuchWindowException: no such window: target window already closed
from unknown error: web view not found
  (Session info: chrome=109.0.5414.75)
Build info: version: '3.141.59', revision: 'e82be7d358', time: '2018-11-14T08:17:03'
System info: host: 'DESKTOP-4VG4ENC', ip: '192.168.184.1', os.name: 'Windows 10', os.arch: 'amd64', os.version: '10.0', java.version: '1.8.0_60'
Driver info: org.openqa.selenium.chrome.ChromeDriver
Capabilities {acceptInsecureCerts: false, browserName: chrome, browserVersion: 109.0.5414.75, chrome: {chromedriverVersion: 108.0.5359.71 (1e0e3868ee06..., userDataDir: C:\Users\kkscl\AppData\Loca...}, goog:chromeOptions: {debuggerAddress: localhost:50352}, javascriptEnabled: true, networkConnectionEnabled: false, pageLoadStrategy: normal, platform: WINDOWS, platformName: WINDOWS, proxy: Proxy(), setWindowRect: true, strictFileInteractability: false, timeouts: {implicit: 0, pageLoad: 300000, script: 30000}, unhandledPromptBehavior: dismiss and notify, webauthn:extension:credBlob: true, webauthn:extension:largeBlob: true, webauthn:virtualAuthenticators: true}
Session ID: 9813f22548953d25b9aa6826bfbaf185
	at org.openqa.selenium.remote.http.W3CHttpResponseCodec.createException(W3CHttpResponseCodec.java:187)
	at org.openqa.selenium.remote.http.W3CHttpResponseCodec.decode(W3CHttpResponseCodec.java:122)
	at org.openqa.selenium.remote.http.W3CHttpResponseCodec.decode(W3CHttpResponseCodec.java:49)
	at org.openqa.selenium.remote.HttpCommandExecutor.execute(HttpCommandExecutor.java:158)
	at org.openqa.selenium.remote.service.DriverCommandExecutor.execute(DriverCommandExecutor.java:83)
	at org.openqa.selenium.remote.RemoteWebDriver.execute(RemoteWebDriver.java:545)
	at org.openqa.selenium.remote.RemoteWebDriver.execute(RemoteWebDriver.java:602)
	at org.openqa.selenium.remote.RemoteWebDriver.getScreenshotAs(RemoteWebDriver.java:291)
	at org.openqa.selenium.support.events.EventFiringWebDriver.lambda$new$1(EventFiringWebDriver.java:105)
	at com.sun.proxy.$Proxy8.getScreenshotAs(Unknown Source)
	at org.openqa.selenium.support.events.EventFiringWebDriver.getScreenshotAs(EventFiringWebDriver.java:302)
	at com.automation.ui.base.common.core.imageutilities.Shooter.capturePage(Shooter.java:36)
	at com.automation.ui.base.common.core.imageutilities.Shooter.savePageScreenshot(Shooter.java:31)
	at com.automation.ui.base.common.logging.Log.log(Log.java:114)
	at com.automation.ui.base.common.logging.Log.logError(Log.java:188)
	at com.automation.ui.base.common.testnglisteners.InvokeMethodAdapter.afterInvocation(InvokeMethodAdapter.java:41)
... Removed 40 stack frames]]>
    </failure>
  </testcase> <!-- @BeforeMethod initTestContext -->
  <testcase name="launchHomePage_Test" time="1.653" classname="com.automation.ui.digitaldeployer.testcases.index.IndexPageTest"/>
  <testcase name="verifyValidLogin" time="15.72" classname="com.automation.ui.digitaldeployer.testcases.login.LoginTest"/>
  <testcase name="launchAddNewWorkspacename_create_Test" time="20.584" classname="com.automation.ui.digitaldeployer.testcases.home.HomePageTest">
    <failure type="java.util.MissingResourceException" message="Can&amp;apos;t find resource for bundle java.util.PropertyResourceBundle, key OPCUA_LOGIN_LOGINMSG">
      <![CDATA[java.util.MissingResourceException: Can't find resource for bundle java.util.PropertyResourceBundle, key OPCUA_LOGIN_LOGINMSG
	at java.util.ResourceBundle.getObject(ResourceBundle.java:450)
	at java.util.ResourceBundle.getString(ResourceBundle.java:407)
	at com.automation.ui.base.common.prpreaders.AssertDataReader.getValue(AssertDataReader.java:25)
	at com.automation.ui.digitaldeployer.pageobjectsfactory.pageobject.login.pages.LoginPage.continueauth(LoginPage.java:199)
	at com.automation.ui.digitaldeployer.testcases.home.HomePageTest.launchAddNewWorkspacename_create_Test(HomePageTest.java:95)
... Removed 33 stack frames]]>
    </failure>
  </testcase> <!-- launchAddNewWorkspacename_create_Test -->
  <testcase name="launchAddNewWorkspacename_create_Test" time="20.703" classname="com.automation.ui.digitaldeployer.testcases.home.HomePageTest">
    <failure type="java.util.MissingResourceException" message="Can&amp;apos;t find resource for bundle java.util.PropertyResourceBundle, key OPCUA_LOGIN_LOGINMSG">
      <![CDATA[java.util.MissingResourceException: Can't find resource for bundle java.util.PropertyResourceBundle, key OPCUA_LOGIN_LOGINMSG
	at java.util.ResourceBundle.getObject(ResourceBundle.java:450)
	at java.util.ResourceBundle.getString(ResourceBundle.java:407)
	at com.automation.ui.base.common.prpreaders.AssertDataReader.getValue(AssertDataReader.java:25)
	at com.automation.ui.digitaldeployer.pageobjectsfactory.pageobject.login.pages.LoginPage.continueauth(LoginPage.java:199)
	at com.automation.ui.digitaldeployer.testcases.home.HomePageTest.launchAddNewWorkspacename_create_Test(HomePageTest.java:95)
... Removed 33 stack frames]]>
    </failure>
  </testcase> <!-- launchAddNewWorkspacename_create_Test -->
  <testcase name="launchAddNewWorkspacename_create_Test" time="20.393" classname="com.automation.ui.digitaldeployer.testcases.home.HomePageTest">
    <failure type="java.util.MissingResourceException" message="Can&amp;apos;t find resource for bundle java.util.PropertyResourceBundle, key OPCUA_LOGIN_LOGINMSG">
      <![CDATA[java.util.MissingResourceException: Can't find resource for bundle java.util.PropertyResourceBundle, key OPCUA_LOGIN_LOGINMSG
	at java.util.ResourceBundle.getObject(ResourceBundle.java:450)
	at java.util.ResourceBundle.getString(ResourceBundle.java:407)
	at com.automation.ui.base.common.prpreaders.AssertDataReader.getValue(AssertDataReader.java:25)
	at com.automation.ui.digitaldeployer.pageobjectsfactory.pageobject.login.pages.LoginPage.continueauth(LoginPage.java:199)
	at com.automation.ui.digitaldeployer.testcases.home.HomePageTest.launchAddNewWorkspacename_create_Test(HomePageTest.java:95)
... Removed 33 stack frames]]>
    </failure>
  </testcase> <!-- launchAddNewWorkspacename_create_Test -->
  <testcase name="launchAddNewWorkspacename_create_Test" time="20.38" classname="com.automation.ui.digitaldeployer.testcases.home.HomePageTest">
    <failure type="java.util.MissingResourceException" message="Can&amp;apos;t find resource for bundle java.util.PropertyResourceBundle, key OPCUA_LOGIN_LOGINMSG">
      <![CDATA[java.util.MissingResourceException: Can't find resource for bundle java.util.PropertyResourceBundle, key OPCUA_LOGIN_LOGINMSG
	at java.util.ResourceBundle.getObject(ResourceBundle.java:450)
	at java.util.ResourceBundle.getString(ResourceBundle.java:407)
	at com.automation.ui.base.common.prpreaders.AssertDataReader.getValue(AssertDataReader.java:25)
	at com.automation.ui.digitaldeployer.pageobjectsfactory.pageobject.login.pages.LoginPage.continueauth(LoginPage.java:199)
	at com.automation.ui.digitaldeployer.testcases.home.HomePageTest.launchAddNewWorkspacename_create_Test(HomePageTest.java:95)
... Removed 33 stack frames]]>
    </failure>
  </testcase> <!-- launchAddNewWorkspacename_create_Test -->
  <testcase name="launchAddNewWorkspacename_create_Test" time="20.357" classname="com.automation.ui.digitaldeployer.testcases.home.HomePageTest">
    <failure type="java.util.MissingResourceException" message="Can&amp;apos;t find resource for bundle java.util.PropertyResourceBundle, key OPCUA_LOGIN_LOGINMSG">
      <![CDATA[java.util.MissingResourceException: Can't find resource for bundle java.util.PropertyResourceBundle, key OPCUA_LOGIN_LOGINMSG
	at java.util.ResourceBundle.getObject(ResourceBundle.java:450)
	at java.util.ResourceBundle.getString(ResourceBundle.java:407)
	at com.automation.ui.base.common.prpreaders.AssertDataReader.getValue(AssertDataReader.java:25)
	at com.automation.ui.digitaldeployer.pageobjectsfactory.pageobject.login.pages.LoginPage.continueauth(LoginPage.java:199)
	at com.automation.ui.digitaldeployer.testcases.home.HomePageTest.launchAddNewWorkspacename_create_Test(HomePageTest.java:95)
... Removed 33 stack frames]]>
    </failure>
  </testcase> <!-- launchAddNewWorkspacename_create_Test -->
  <testcase name="launchAddNewWorkspacename_create_Test" time="20.47" classname="com.automation.ui.digitaldeployer.testcases.home.HomePageTest">
    <failure type="java.util.MissingResourceException" message="Can&amp;apos;t find resource for bundle java.util.PropertyResourceBundle, key OPCUA_LOGIN_LOGINMSG">
      <![CDATA[java.util.MissingResourceException: Can't find resource for bundle java.util.PropertyResourceBundle, key OPCUA_LOGIN_LOGINMSG
	at java.util.ResourceBundle.getObject(ResourceBundle.java:450)
	at java.util.ResourceBundle.getString(ResourceBundle.java:407)
	at com.automation.ui.base.common.prpreaders.AssertDataReader.getValue(AssertDataReader.java:25)
	at com.automation.ui.digitaldeployer.pageobjectsfactory.pageobject.login.pages.LoginPage.continueauth(LoginPage.java:199)
	at com.automation.ui.digitaldeployer.testcases.home.HomePageTest.launchAddNewWorkspacename_create_Test(HomePageTest.java:95)
... Removed 33 stack frames]]>
    </failure>
  </testcase> <!-- launchAddNewWorkspacename_create_Test -->
  <testcase name="launchAddNewWorkspacename_create_Test" time="20.533" classname="com.automation.ui.digitaldeployer.testcases.home.HomePageTest">
    <failure type="java.util.MissingResourceException" message="Can&amp;apos;t find resource for bundle java.util.PropertyResourceBundle, key OPCUA_LOGIN_LOGINMSG">
      <![CDATA[java.util.MissingResourceException: Can't find resource for bundle java.util.PropertyResourceBundle, key OPCUA_LOGIN_LOGINMSG
	at java.util.ResourceBundle.getObject(ResourceBundle.java:450)
	at java.util.ResourceBundle.getString(ResourceBundle.java:407)
	at com.automation.ui.base.common.prpreaders.AssertDataReader.getValue(AssertDataReader.java:25)
	at com.automation.ui.digitaldeployer.pageobjectsfactory.pageobject.login.pages.LoginPage.continueauth(LoginPage.java:199)
	at com.automation.ui.digitaldeployer.testcases.home.HomePageTest.launchAddNewWorkspacename_create_Test(HomePageTest.java:95)
... Removed 33 stack frames]]>
    </failure>
  </testcase> <!-- launchAddNewWorkspacename_create_Test -->
  <testcase name="launchAddNewWorkspacename_create_Test" time="20.559" classname="com.automation.ui.digitaldeployer.testcases.home.HomePageTest">
    <failure type="java.util.MissingResourceException" message="Can&amp;apos;t find resource for bundle java.util.PropertyResourceBundle, key OPCUA_LOGIN_LOGINMSG">
      <![CDATA[java.util.MissingResourceException: Can't find resource for bundle java.util.PropertyResourceBundle, key OPCUA_LOGIN_LOGINMSG
	at java.util.ResourceBundle.getObject(ResourceBundle.java:450)
	at java.util.ResourceBundle.getString(ResourceBundle.java:407)
	at com.automation.ui.base.common.prpreaders.AssertDataReader.getValue(AssertDataReader.java:25)
	at com.automation.ui.digitaldeployer.pageobjectsfactory.pageobject.login.pages.LoginPage.continueauth(LoginPage.java:199)
	at com.automation.ui.digitaldeployer.testcases.home.HomePageTest.launchAddNewWorkspacename_create_Test(HomePageTest.java:95)
... Removed 33 stack frames]]>
    </failure>
  </testcase> <!-- launchAddNewWorkspacename_create_Test -->
  <testcase name="launchAddNewWorkspacename_create_Test" time="20.675" classname="com.automation.ui.digitaldeployer.testcases.home.HomePageTest">
    <failure type="java.util.MissingResourceException" message="Can&amp;apos;t find resource for bundle java.util.PropertyResourceBundle, key OPCUA_LOGIN_LOGINMSG">
      <![CDATA[java.util.MissingResourceException: Can't find resource for bundle java.util.PropertyResourceBundle, key OPCUA_LOGIN_LOGINMSG
	at java.util.ResourceBundle.getObject(ResourceBundle.java:450)
	at java.util.ResourceBundle.getString(ResourceBundle.java:407)
	at com.automation.ui.base.common.prpreaders.AssertDataReader.getValue(AssertDataReader.java:25)
	at com.automation.ui.digitaldeployer.pageobjectsfactory.pageobject.login.pages.LoginPage.continueauth(LoginPage.java:199)
	at com.automation.ui.digitaldeployer.testcases.home.HomePageTest.launchAddNewWorkspacename_create_Test(HomePageTest.java:95)
... Removed 33 stack frames]]>
    </failure>
  </testcase> <!-- launchAddNewWorkspacename_create_Test -->
  <testcase name="launchAddNewWorkspacename_create_Test" time="20.644" classname="com.automation.ui.digitaldeployer.testcases.home.HomePageTest">
    <failure type="java.util.MissingResourceException" message="Can&amp;apos;t find resource for bundle java.util.PropertyResourceBundle, key OPCUA_LOGIN_LOGINMSG">
      <![CDATA[java.util.MissingResourceException: Can't find resource for bundle java.util.PropertyResourceBundle, key OPCUA_LOGIN_LOGINMSG
	at java.util.ResourceBundle.getObject(ResourceBundle.java:450)
	at java.util.ResourceBundle.getString(ResourceBundle.java:407)
	at com.automation.ui.base.common.prpreaders.AssertDataReader.getValue(AssertDataReader.java:25)
	at com.automation.ui.digitaldeployer.pageobjectsfactory.pageobject.login.pages.LoginPage.continueauth(LoginPage.java:199)
	at com.automation.ui.digitaldeployer.testcases.home.HomePageTest.launchAddNewWorkspacename_create_Test(HomePageTest.java:95)
... Removed 33 stack frames]]>
    </failure>
  </testcase> <!-- launchAddNewWorkspacename_create_Test -->
</testsuite> <!-- Home -->
