<?xml version="1.0" encoding="UTF-8"?>
<!-- Generated by org.testng.reporters.JUnitXMLReporter -->
<testsuite hostname="DESKTOP-4VG4ENC" name="Home" tests="3" failures="1" timestamp="9 Jan 2023 09:04:11 GMT" time="45.595" errors="0">
  <testcase name="launchHomePage_Test" time="1.419" classname="com.automation.ui.digitaldeployer.testcases.index.IndexPageTest"/>
  <testcase name="verifyContinueBeforeLogin" time="6.715" classname="com.automation.ui.digitaldeployer.testcases.login.LoginTest"/>
  <testcase name="launchAddNewWorkspace_Test" time="29.323" classname="com.automation.ui.digitaldeployer.testcases.home.HomePageTest">
    <failure type="java.lang.AssertionError" message="ERROR WHILE EXECUTION ">
      <![CDATA[java.lang.AssertionError: ERROR WHILE EXECUTION 
	at com.automation.ui.digitaldeployer.pageobjectsfactory.pageobject.home.pages.HomePage.addws(HomePage.java:88)
	at com.automation.ui.digitaldeployer.testcases.home.HomePageTest.launchAddNewWorkspace_Test(HomePageTest.java:81)
... Removed 34 stack frames]]>
    </failure>
  </testcase> <!-- launchAddNewWorkspace_Test -->
</testsuite> <!-- Home -->
