<html>
<head>
<title>TestNG:  Home</title>
<link href="../testng.css" rel="stylesheet" type="text/css" />
<link href="../my-testng.css" rel="stylesheet" type="text/css" />

<style type="text/css">
.log { display: none;} 
.stack-trace { display: none;} 
</style>
<script type="text/javascript">
<!--
function flip(e) {
  current = e.style.display;
  if (current == 'block') {
    e.style.display = 'none';
    return 0;
  }
  else {
    e.style.display = 'block';
    return 1;
  }
}

function toggleBox(szDivId, elem, msg1, msg2)
{
  var res = -1;  if (document.getElementById) {
    res = flip(document.getElementById(szDivId));
  }
  else if (document.all) {
    // this is the way old msie versions work
    res = flip(document.all[szDivId]);
  }
  if(elem) {
    if(res == 0) elem.innerHTML = msg1; else elem.innerHTML = msg2;
  }

}

function toggleAllBoxes() {
  if (document.getElementsByTagName) {
    d = document.getElementsByTagName('div');
    for (i = 0; i < d.length; i++) {
      if (d[i].className == 'log') {
        flip(d[i]);
      }
    }
  }
}

// -->
</script>

</head>
<body>
<h2 align='center'>Home</h2><table border='1' align="center">
<tr>
<td>Tests passed/Failed/Skipped:</td><td>8/5/0</td>
</tr><tr>
<td>Started on:</td><td>Thu Jan 12 21:18:38 IST 2023</td>
</tr>
<tr><td>Total time:</td><td>155 seconds (155784 ms)</td>
</tr><tr>
<td>Included groups:</td><td></td>
</tr><tr>
<td>Excluded groups:</td><td></td>
</tr>
</table><p/>
<small><i>(Hover the method name to see the test class name)</i></small><p/>
<table width='100%' border='1' class='invocation-failed'>
<tr><td colspan='4' align='center'><b>FAILED TESTS</b></td></tr>
<tr><td><b>Test method</b></td>
<td width="30%"><b>Exception</b></td>
<td width="10%"><b>Time (seconds)</b></td>
<td><b>Instance</b></td>
</tr>
<tr>
<td title='com.automation.ui.digitaldeployer.testcases.home.HomePageTest.launchAddNewWorkspace_Test()'><b>launchAddNewWorkspace_Test</b><br>Test class: com.automation.ui.digitaldeployer.testcases.home.HomePageTest<br>Test method: StarterRun<br>Parameters: com.automation.ui.digitaldeployer.pageobjectsfactory.pageobject.home.vo.InitialVO@66e8997c<br/>
<a href="#Output-36707189" onClick='toggleBox("Output-36707189", this, "Show output", "Hide output");'>Show output</a>

<a href="#Output-36707189" onClick="toggleAllBoxes();">Show all outputs</a>
<div class='log' id="Output-36707189">
default constructor called<br/>
default constructor called<br/>
Entering  continue:<br/>
Exiting  continue<br/>
Entering  enterUser login:<br/>
Exiting  enterUser login<br/>
Entering  enterPassword:<br/>
Exiting  enterPassword<br/>
Entering  login:<br/>
Exiting  login<br/>
Entering  continueauth:<br/>
</div>
</td>
<td><div><pre>java.util.MissingResourceException: Can&apos;t find resource for bundle java.util.PropertyResourceBundle, key OPCUA_LOGIN_LOGINMSG
	at java.util.ResourceBundle.getObject(ResourceBundle.java:450)
	at java.util.ResourceBundle.getString(ResourceBundle.java:407)
	at com.automation.ui.base.common.prpreaders.AssertDataReader.getValue(AssertDataReader.java:25)
	at com.automation.ui.digitaldeployer.pageobjectsfactory.pageobject.login.pages.LoginPage.continueauth(LoginPage.java:186)
	at com.automation.ui.digitaldeployer.testcases.home.HomePageTest.launchAddNewWorkspace_Test(HomePageTest.java:87)
... Removed 33 stack frames</pre></div><a href='#' onClick='toggleBox("stack-trace36707189", this, "Click to show all stack frames", "Click to hide stack frames")'>Click to show all stack frames</a>
<div class='stack-trace' id='stack-trace36707189'><pre>java.util.MissingResourceException: Can&apos;t find resource for bundle java.util.PropertyResourceBundle, key OPCUA_LOGIN_LOGINMSG
	at java.util.ResourceBundle.getObject(ResourceBundle.java:450)
	at java.util.ResourceBundle.getString(ResourceBundle.java:407)
	at com.automation.ui.base.common.prpreaders.AssertDataReader.getValue(AssertDataReader.java:25)
	at com.automation.ui.digitaldeployer.pageobjectsfactory.pageobject.login.pages.LoginPage.continueauth(LoginPage.java:186)
	at com.automation.ui.digitaldeployer.testcases.home.HomePageTest.launchAddNewWorkspace_Test(HomePageTest.java:87)
	at sun.reflect.NativeMethodAccessorImpl.invoke0(Native Method)
	at sun.reflect.NativeMethodAccessorImpl.invoke(NativeMethodAccessorImpl.java:62)
	at sun.reflect.DelegatingMethodAccessorImpl.invoke(DelegatingMethodAccessorImpl.java:43)
	at java.lang.reflect.Method.invoke(Method.java:497)
	at org.testng.internal.MethodInvocationHelper.invokeMethod(MethodInvocationHelper.java:86)
	at org.testng.internal.Invoker.invokeMethod(Invoker.java:643)
	at org.testng.internal.Invoker.invokeTestMethod(Invoker.java:820)
	at org.testng.internal.Invoker.invokeTestMethods(Invoker.java:1128)
	at org.testng.internal.TestMethodWorker.invokeTestMethods(TestMethodWorker.java:129)
	at org.testng.internal.TestMethodWorker.run(TestMethodWorker.java:112)
	at org.testng.TestRunner.privateRun(TestRunner.java:782)
	at org.testng.TestRunner.run(TestRunner.java:632)
	at org.testng.SuiteRunner.runTest(SuiteRunner.java:366)
	at org.testng.SuiteRunner.runSequentially(SuiteRunner.java:361)
	at org.testng.SuiteRunner.privateRun(SuiteRunner.java:319)
	at org.testng.SuiteRunner.run(SuiteRunner.java:268)
	at org.testng.SuiteRunnerWorker.runSuite(SuiteRunnerWorker.java:52)
	at org.testng.SuiteRunnerWorker.run(SuiteRunnerWorker.java:86)
	at org.testng.TestNG.runSuitesSequentially(TestNG.java:1244)
	at org.testng.TestNG.runSuitesLocally(TestNG.java:1169)
	at org.testng.TestNG.run(TestNG.java:1064)
	at org.apache.maven.surefire.testng.TestNGExecutor.run(TestNGExecutor.java:178)
	at org.apache.maven.surefire.testng.TestNGXmlTestSuite.execute(TestNGXmlTestSuite.java:92)
	at org.apache.maven.surefire.testng.TestNGProvider.invoke(TestNGProvider.java:96)
	at sun.reflect.NativeMethodAccessorImpl.invoke0(Native Method)
	at sun.reflect.NativeMethodAccessorImpl.invoke(NativeMethodAccessorImpl.java:62)
	at sun.reflect.DelegatingMethodAccessorImpl.invoke(DelegatingMethodAccessorImpl.java:43)
	at java.lang.reflect.Method.invoke(Method.java:497)
	at org.apache.maven.surefire.util.ReflectionUtils.invokeMethodWithArray2(ReflectionUtils.java:208)
	at org.apache.maven.surefire.booter.ProviderFactory$ProviderProxy.invoke(ProviderFactory.java:159)
	at org.apache.maven.surefire.booter.ProviderFactory.invokeProvider(ProviderFactory.java:87)
	at org.apache.maven.surefire.booter.ForkedBooter.runSuitesInProcess(ForkedBooter.java:153)
	at org.apache.maven.surefire.booter.ForkedBooter.main(ForkedBooter.java:95)
</pre></div></td>
<td>30</td>
<td>com.automation.ui.digitaldeployer.testcases.home.HomePageTest@1080b026</td></tr>
<tr>
<td title='com.automation.ui.digitaldeployer.testcases.home.HomePageTest.launchAddNewWorkspacename_Test()'><b>launchAddNewWorkspacename_Test</b><br>Test class: com.automation.ui.digitaldeployer.testcases.home.HomePageTest<br>Test method: StarterRun<br>Parameters: com.automation.ui.digitaldeployer.pageobjectsfactory.pageobject.home.vo.InitialVO@49cf9028<br/>
<a href="#Output-1678889928" onClick='toggleBox("Output-1678889928", this, "Show output", "Hide output");'>Show output</a>

<a href="#Output-1678889928" onClick="toggleAllBoxes();">Show all outputs</a>
<div class='log' id="Output-1678889928">
Entering  addws:<br/>
</div>
</td>
<td><div><pre>java.lang.AssertionError: ERROR WHILE EXECUTION 
	at com.automation.ui.digitaldeployer.pageobjectsfactory.pageobject.home.pages.HomePage.addws(HomePage.java:133)
	at com.automation.ui.digitaldeployer.testcases.home.HomePageTest.launchAddNewWorkspacename_Test(HomePageTest.java:101)
... Removed 34 stack frames</pre></div><a href='#' onClick='toggleBox("stack-trace1678889928", this, "Click to show all stack frames", "Click to hide stack frames")'>Click to show all stack frames</a>
<div class='stack-trace' id='stack-trace1678889928'><pre>java.lang.AssertionError: ERROR WHILE EXECUTION 
	at org.testng.Assert.fail(Assert.java:94)
	at com.automation.ui.digitaldeployer.pageobjectsfactory.pageobject.home.pages.HomePage.addws(HomePage.java:133)
	at com.automation.ui.digitaldeployer.testcases.home.HomePageTest.launchAddNewWorkspacename_Test(HomePageTest.java:101)
	at sun.reflect.NativeMethodAccessorImpl.invoke0(Native Method)
	at sun.reflect.NativeMethodAccessorImpl.invoke(NativeMethodAccessorImpl.java:62)
	at sun.reflect.DelegatingMethodAccessorImpl.invoke(DelegatingMethodAccessorImpl.java:43)
	at java.lang.reflect.Method.invoke(Method.java:497)
	at org.testng.internal.MethodInvocationHelper.invokeMethod(MethodInvocationHelper.java:86)
	at org.testng.internal.Invoker.invokeMethod(Invoker.java:643)
	at org.testng.internal.Invoker.invokeTestMethod(Invoker.java:820)
	at org.testng.internal.Invoker.invokeTestMethods(Invoker.java:1128)
	at org.testng.internal.TestMethodWorker.invokeTestMethods(TestMethodWorker.java:129)
	at org.testng.internal.TestMethodWorker.run(TestMethodWorker.java:112)
	at org.testng.TestRunner.privateRun(TestRunner.java:782)
	at org.testng.TestRunner.run(TestRunner.java:632)
	at org.testng.SuiteRunner.runTest(SuiteRunner.java:366)
	at org.testng.SuiteRunner.runSequentially(SuiteRunner.java:361)
	at org.testng.SuiteRunner.privateRun(SuiteRunner.java:319)
	at org.testng.SuiteRunner.run(SuiteRunner.java:268)
	at org.testng.SuiteRunnerWorker.runSuite(SuiteRunnerWorker.java:52)
	at org.testng.SuiteRunnerWorker.run(SuiteRunnerWorker.java:86)
	at org.testng.TestNG.runSuitesSequentially(TestNG.java:1244)
	at org.testng.TestNG.runSuitesLocally(TestNG.java:1169)
	at org.testng.TestNG.run(TestNG.java:1064)
	at org.apache.maven.surefire.testng.TestNGExecutor.run(TestNGExecutor.java:178)
	at org.apache.maven.surefire.testng.TestNGXmlTestSuite.execute(TestNGXmlTestSuite.java:92)
	at org.apache.maven.surefire.testng.TestNGProvider.invoke(TestNGProvider.java:96)
	at sun.reflect.NativeMethodAccessorImpl.invoke0(Native Method)
	at sun.reflect.NativeMethodAccessorImpl.invoke(NativeMethodAccessorImpl.java:62)
	at sun.reflect.DelegatingMethodAccessorImpl.invoke(DelegatingMethodAccessorImpl.java:43)
	at java.lang.reflect.Method.invoke(Method.java:497)
	at org.apache.maven.surefire.util.ReflectionUtils.invokeMethodWithArray2(ReflectionUtils.java:208)
	at org.apache.maven.surefire.booter.ProviderFactory$ProviderProxy.invoke(ProviderFactory.java:159)
	at org.apache.maven.surefire.booter.ProviderFactory.invokeProvider(ProviderFactory.java:87)
	at org.apache.maven.surefire.booter.ForkedBooter.runSuitesInProcess(ForkedBooter.java:153)
	at org.apache.maven.surefire.booter.ForkedBooter.main(ForkedBooter.java:95)
</pre></div></td>
<td>18</td>
<td>com.automation.ui.digitaldeployer.testcases.home.HomePageTest@1080b026</td></tr>
<tr>
<td title='com.automation.ui.digitaldeployer.testcases.home.HomePageTest.launchClearall_Test()'><b>launchClearall_Test</b><br>Test class: com.automation.ui.digitaldeployer.testcases.home.HomePageTest<br>Test method: StarterRun<br>Parameters: com.automation.ui.digitaldeployer.pageobjectsfactory.pageobject.home.vo.InitialVO@3157e4c0</td>
<td><div><pre>java.lang.AssertionError: ERROR WHILE EXECUTION 
	at com.automation.ui.digitaldeployer.pageobjectsfactory.pageobject.home.pages.HomePage.clearall(HomePage.java:231)
	at com.automation.ui.digitaldeployer.testcases.home.HomePageTest.launchClearall_Test(HomePageTest.java:116)
... Removed 34 stack frames</pre></div><a href='#' onClick='toggleBox("stack-trace1689717017", this, "Click to show all stack frames", "Click to hide stack frames")'>Click to show all stack frames</a>
<div class='stack-trace' id='stack-trace1689717017'><pre>java.lang.AssertionError: ERROR WHILE EXECUTION 
	at org.testng.Assert.fail(Assert.java:94)
	at com.automation.ui.digitaldeployer.pageobjectsfactory.pageobject.home.pages.HomePage.clearall(HomePage.java:231)
	at com.automation.ui.digitaldeployer.testcases.home.HomePageTest.launchClearall_Test(HomePageTest.java:116)
	at sun.reflect.NativeMethodAccessorImpl.invoke0(Native Method)
	at sun.reflect.NativeMethodAccessorImpl.invoke(NativeMethodAccessorImpl.java:62)
	at sun.reflect.DelegatingMethodAccessorImpl.invoke(DelegatingMethodAccessorImpl.java:43)
	at java.lang.reflect.Method.invoke(Method.java:497)
	at org.testng.internal.MethodInvocationHelper.invokeMethod(MethodInvocationHelper.java:86)
	at org.testng.internal.Invoker.invokeMethod(Invoker.java:643)
	at org.testng.internal.Invoker.invokeTestMethod(Invoker.java:820)
	at org.testng.internal.Invoker.invokeTestMethods(Invoker.java:1128)
	at org.testng.internal.TestMethodWorker.invokeTestMethods(TestMethodWorker.java:129)
	at org.testng.internal.TestMethodWorker.run(TestMethodWorker.java:112)
	at org.testng.TestRunner.privateRun(TestRunner.java:782)
	at org.testng.TestRunner.run(TestRunner.java:632)
	at org.testng.SuiteRunner.runTest(SuiteRunner.java:366)
	at org.testng.SuiteRunner.runSequentially(SuiteRunner.java:361)
	at org.testng.SuiteRunner.privateRun(SuiteRunner.java:319)
	at org.testng.SuiteRunner.run(SuiteRunner.java:268)
	at org.testng.SuiteRunnerWorker.runSuite(SuiteRunnerWorker.java:52)
	at org.testng.SuiteRunnerWorker.run(SuiteRunnerWorker.java:86)
	at org.testng.TestNG.runSuitesSequentially(TestNG.java:1244)
	at org.testng.TestNG.runSuitesLocally(TestNG.java:1169)
	at org.testng.TestNG.run(TestNG.java:1064)
	at org.apache.maven.surefire.testng.TestNGExecutor.run(TestNGExecutor.java:178)
	at org.apache.maven.surefire.testng.TestNGXmlTestSuite.execute(TestNGXmlTestSuite.java:92)
	at org.apache.maven.surefire.testng.TestNGProvider.invoke(TestNGProvider.java:96)
	at sun.reflect.NativeMethodAccessorImpl.invoke0(Native Method)
	at sun.reflect.NativeMethodAccessorImpl.invoke(NativeMethodAccessorImpl.java:62)
	at sun.reflect.DelegatingMethodAccessorImpl.invoke(DelegatingMethodAccessorImpl.java:43)
	at java.lang.reflect.Method.invoke(Method.java:497)
	at org.apache.maven.surefire.util.ReflectionUtils.invokeMethodWithArray2(ReflectionUtils.java:208)
	at org.apache.maven.surefire.booter.ProviderFactory$ProviderProxy.invoke(ProviderFactory.java:159)
	at org.apache.maven.surefire.booter.ProviderFactory.invokeProvider(ProviderFactory.java:87)
	at org.apache.maven.surefire.booter.ForkedBooter.runSuitesInProcess(ForkedBooter.java:153)
	at org.apache.maven.surefire.booter.ForkedBooter.main(ForkedBooter.java:95)
</pre></div></td>
<td>15</td>
<td>com.automation.ui.digitaldeployer.testcases.home.HomePageTest@1080b026</td></tr>
<tr>
<td title='com.automation.ui.digitaldeployer.testcases.home.HomePageTest.launchSearchText_Test()'><b>launchSearchText_Test</b><br>Test class: com.automation.ui.digitaldeployer.testcases.home.HomePageTest<br>Test method: StarterRun<br>Parameters: com.automation.ui.digitaldeployer.pageobjectsfactory.pageobject.home.vo.InitialVO@348d18a3</td>
<td><div><pre>java.lang.AssertionError: ERROR WHILE EXECUTION 
	at com.automation.ui.digitaldeployer.pageobjectsfactory.pageobject.home.pages.HomePage.searchtext(HomePage.java:215)
	at com.automation.ui.digitaldeployer.testcases.home.HomePageTest.launchSearchText_Test(HomePageTest.java:110)
... Removed 34 stack frames</pre></div><a href='#' onClick='toggleBox("stack-trace741191984", this, "Click to show all stack frames", "Click to hide stack frames")'>Click to show all stack frames</a>
<div class='stack-trace' id='stack-trace741191984'><pre>java.lang.AssertionError: ERROR WHILE EXECUTION 
	at org.testng.Assert.fail(Assert.java:94)
	at com.automation.ui.digitaldeployer.pageobjectsfactory.pageobject.home.pages.HomePage.searchtext(HomePage.java:215)
	at com.automation.ui.digitaldeployer.testcases.home.HomePageTest.launchSearchText_Test(HomePageTest.java:110)
	at sun.reflect.NativeMethodAccessorImpl.invoke0(Native Method)
	at sun.reflect.NativeMethodAccessorImpl.invoke(NativeMethodAccessorImpl.java:62)
	at sun.reflect.DelegatingMethodAccessorImpl.invoke(DelegatingMethodAccessorImpl.java:43)
	at java.lang.reflect.Method.invoke(Method.java:497)
	at org.testng.internal.MethodInvocationHelper.invokeMethod(MethodInvocationHelper.java:86)
	at org.testng.internal.Invoker.invokeMethod(Invoker.java:643)
	at org.testng.internal.Invoker.invokeTestMethod(Invoker.java:820)
	at org.testng.internal.Invoker.invokeTestMethods(Invoker.java:1128)
	at org.testng.internal.TestMethodWorker.invokeTestMethods(TestMethodWorker.java:129)
	at org.testng.internal.TestMethodWorker.run(TestMethodWorker.java:112)
	at org.testng.TestRunner.privateRun(TestRunner.java:782)
	at org.testng.TestRunner.run(TestRunner.java:632)
	at org.testng.SuiteRunner.runTest(SuiteRunner.java:366)
	at org.testng.SuiteRunner.runSequentially(SuiteRunner.java:361)
	at org.testng.SuiteRunner.privateRun(SuiteRunner.java:319)
	at org.testng.SuiteRunner.run(SuiteRunner.java:268)
	at org.testng.SuiteRunnerWorker.runSuite(SuiteRunnerWorker.java:52)
	at org.testng.SuiteRunnerWorker.run(SuiteRunnerWorker.java:86)
	at org.testng.TestNG.runSuitesSequentially(TestNG.java:1244)
	at org.testng.TestNG.runSuitesLocally(TestNG.java:1169)
	at org.testng.TestNG.run(TestNG.java:1064)
	at org.apache.maven.surefire.testng.TestNGExecutor.run(TestNGExecutor.java:178)
	at org.apache.maven.surefire.testng.TestNGXmlTestSuite.execute(TestNGXmlTestSuite.java:92)
	at org.apache.maven.surefire.testng.TestNGProvider.invoke(TestNGProvider.java:96)
	at sun.reflect.NativeMethodAccessorImpl.invoke0(Native Method)
	at sun.reflect.NativeMethodAccessorImpl.invoke(NativeMethodAccessorImpl.java:62)
	at sun.reflect.DelegatingMethodAccessorImpl.invoke(DelegatingMethodAccessorImpl.java:43)
	at java.lang.reflect.Method.invoke(Method.java:497)
	at org.apache.maven.surefire.util.ReflectionUtils.invokeMethodWithArray2(ReflectionUtils.java:208)
	at org.apache.maven.surefire.booter.ProviderFactory$ProviderProxy.invoke(ProviderFactory.java:159)
	at org.apache.maven.surefire.booter.ProviderFactory.invokeProvider(ProviderFactory.java:87)
	at org.apache.maven.surefire.booter.ForkedBooter.runSuitesInProcess(ForkedBooter.java:153)
	at org.apache.maven.surefire.booter.ForkedBooter.main(ForkedBooter.java:95)
</pre></div></td>
<td>15</td>
<td>com.automation.ui.digitaldeployer.testcases.home.HomePageTest@1080b026</td></tr>
<tr>
<td title='com.automation.ui.digitaldeployer.testcases.home.HomePageTest.launchwsdropdown_Test()'><b>launchwsdropdown_Test</b><br>Test class: com.automation.ui.digitaldeployer.testcases.home.HomePageTest<br>Test method: StarterRun<br>Parameters: com.automation.ui.digitaldeployer.pageobjectsfactory.pageobject.home.vo.InitialVO@7f572c37</td>
<td><div><pre>java.lang.AssertionError: ERROR WHILE EXECUTION 
	at com.automation.ui.digitaldeployer.pageobjectsfactory.pageobject.home.pages.HomePage.wsdropdown(HomePage.java:168)
	at com.automation.ui.digitaldeployer.testcases.home.HomePageTest.launchwsdropdown_Test(HomePageTest.java:122)
... Removed 34 stack frames</pre></div><a href='#' onClick='toggleBox("stack-trace48428832", this, "Click to show all stack frames", "Click to hide stack frames")'>Click to show all stack frames</a>
<div class='stack-trace' id='stack-trace48428832'><pre>java.lang.AssertionError: ERROR WHILE EXECUTION 
	at org.testng.Assert.fail(Assert.java:94)
	at com.automation.ui.digitaldeployer.pageobjectsfactory.pageobject.home.pages.HomePage.wsdropdown(HomePage.java:168)
	at com.automation.ui.digitaldeployer.testcases.home.HomePageTest.launchwsdropdown_Test(HomePageTest.java:122)
	at sun.reflect.NativeMethodAccessorImpl.invoke0(Native Method)
	at sun.reflect.NativeMethodAccessorImpl.invoke(NativeMethodAccessorImpl.java:62)
	at sun.reflect.DelegatingMethodAccessorImpl.invoke(DelegatingMethodAccessorImpl.java:43)
	at java.lang.reflect.Method.invoke(Method.java:497)
	at org.testng.internal.MethodInvocationHelper.invokeMethod(MethodInvocationHelper.java:86)
	at org.testng.internal.Invoker.invokeMethod(Invoker.java:643)
	at org.testng.internal.Invoker.invokeTestMethod(Invoker.java:820)
	at org.testng.internal.Invoker.invokeTestMethods(Invoker.java:1128)
	at org.testng.internal.TestMethodWorker.invokeTestMethods(TestMethodWorker.java:129)
	at org.testng.internal.TestMethodWorker.run(TestMethodWorker.java:112)
	at org.testng.TestRunner.privateRun(TestRunner.java:782)
	at org.testng.TestRunner.run(TestRunner.java:632)
	at org.testng.SuiteRunner.runTest(SuiteRunner.java:366)
	at org.testng.SuiteRunner.runSequentially(SuiteRunner.java:361)
	at org.testng.SuiteRunner.privateRun(SuiteRunner.java:319)
	at org.testng.SuiteRunner.run(SuiteRunner.java:268)
	at org.testng.SuiteRunnerWorker.runSuite(SuiteRunnerWorker.java:52)
	at org.testng.SuiteRunnerWorker.run(SuiteRunnerWorker.java:86)
	at org.testng.TestNG.runSuitesSequentially(TestNG.java:1244)
	at org.testng.TestNG.runSuitesLocally(TestNG.java:1169)
	at org.testng.TestNG.run(TestNG.java:1064)
	at org.apache.maven.surefire.testng.TestNGExecutor.run(TestNGExecutor.java:178)
	at org.apache.maven.surefire.testng.TestNGXmlTestSuite.execute(TestNGXmlTestSuite.java:92)
	at org.apache.maven.surefire.testng.TestNGProvider.invoke(TestNGProvider.java:96)
	at sun.reflect.NativeMethodAccessorImpl.invoke0(Native Method)
	at sun.reflect.NativeMethodAccessorImpl.invoke(NativeMethodAccessorImpl.java:62)
	at sun.reflect.DelegatingMethodAccessorImpl.invoke(DelegatingMethodAccessorImpl.java:43)
	at java.lang.reflect.Method.invoke(Method.java:497)
	at org.apache.maven.surefire.util.ReflectionUtils.invokeMethodWithArray2(ReflectionUtils.java:208)
	at org.apache.maven.surefire.booter.ProviderFactory$ProviderProxy.invoke(ProviderFactory.java:159)
	at org.apache.maven.surefire.booter.ProviderFactory.invokeProvider(ProviderFactory.java:87)
	at org.apache.maven.surefire.booter.ForkedBooter.runSuitesInProcess(ForkedBooter.java:153)
	at org.apache.maven.surefire.booter.ForkedBooter.main(ForkedBooter.java:95)
</pre></div></td>
<td>15</td>
<td>com.automation.ui.digitaldeployer.testcases.home.HomePageTest@1080b026</td></tr>
</table><p>
<table width='100%' border='1' class='invocation-passed'>
<tr><td colspan='4' align='center'><b>PASSED TESTS</b></td></tr>
<tr><td><b>Test method</b></td>
<td width="30%"><b>Exception</b></td>
<td width="10%"><b>Time (seconds)</b></td>
<td><b>Instance</b></td>
</tr>
<tr>
<td title='com.automation.ui.digitaldeployer.testcases.home.HomePageTest.launchApi_Test()'><b>launchApi_Test</b><br>Test class: com.automation.ui.digitaldeployer.testcases.home.HomePageTest<br>Test method: StarterRun<br>Parameters: com.automation.ui.digitaldeployer.pageobjectsfactory.pageobject.home.vo.InitialVO@34819867<br/>
<a href="#Output-724736957" onClick='toggleBox("Output-724736957", this, "Show output", "Hide output");'>Show output</a>

<a href="#Output-724736957" onClick="toggleAllBoxes();">Show all outputs</a>
<div class='log' id="Output-724736957">
default constructor called<br/>
</div>
</td>
<td></td>
<td>6</td>
<td>com.automation.ui.digitaldeployer.testcases.home.HomePageTest@1080b026</td></tr>
<tr>
<td title='com.automation.ui.digitaldeployer.testcases.index.IndexPageTest.launchHomePage_Test()'><b>launchHomePage_Test</b><br>Test class: com.automation.ui.digitaldeployer.testcases.index.IndexPageTest<br>Test method: StarterRun<br>Parameters: com.automation.ui.digitaldeployer.pageobjectsfactory.pageobject.index.vo.InitialSearchVO@2c779e5</td>
<td></td>
<td>1</td>
<td>com.automation.ui.digitaldeployer.testcases.index.IndexPageTest@5b43fbf6</td></tr>
<tr>
<td title='com.automation.ui.digitaldeployer.testcases.home.HomePageTest.launchOverview_Test()'><b>launchOverview_Test</b><br>Test class: com.automation.ui.digitaldeployer.testcases.home.HomePageTest<br>Test method: StarterRun<br>Parameters: com.automation.ui.digitaldeployer.pageobjectsfactory.pageobject.home.vo.InitialVO@14dc3f89<br/>
<a href="#Output-501650218" onClick='toggleBox("Output-501650218", this, "Show output", "Hide output");'>Show output</a>

<a href="#Output-501650218" onClick="toggleAllBoxes();">Show all outputs</a>
<div class='log' id="Output-501650218">
default constructor called<br/>
</div>
</td>
<td></td>
<td>6</td>
<td>com.automation.ui.digitaldeployer.testcases.home.HomePageTest@1080b026</td></tr>
<tr>
<td title='com.automation.ui.digitaldeployer.testcases.home.HomePageTest.launchdocumentation_Test()'><b>launchdocumentation_Test</b><br>Test class: com.automation.ui.digitaldeployer.testcases.home.HomePageTest<br>Test method: StarterRun<br>Parameters: com.automation.ui.digitaldeployer.pageobjectsfactory.pageobject.home.vo.InitialVO@6869a3b3<br/>
<a href="#Output-1970707120" onClick='toggleBox("Output-1970707120", this, "Show output", "Hide output");'>Show output</a>

<a href="#Output-1970707120" onClick="toggleAllBoxes();">Show all outputs</a>
<div class='log' id="Output-1970707120">
default constructor called<br/>
</div>
</td>
<td></td>
<td>5</td>
<td>com.automation.ui.digitaldeployer.testcases.home.HomePageTest@1080b026</td></tr>
<tr>
<td title='com.automation.ui.digitaldeployer.testcases.home.HomePageTest.launchhealth_Test()'><b>launchhealth_Test</b><br>Test class: com.automation.ui.digitaldeployer.testcases.home.HomePageTest<br>Test method: StarterRun<br>Parameters: com.automation.ui.digitaldeployer.pageobjectsfactory.pageobject.home.vo.InitialVO@1c758545<br/>
<a href="#Output-1684615718" onClick='toggleBox("Output-1684615718", this, "Show output", "Hide output");'>Show output</a>

<a href="#Output-1684615718" onClick="toggleAllBoxes();">Show all outputs</a>
<div class='log' id="Output-1684615718">
default constructor called<br/>
</div>
</td>
<td></td>
<td>5</td>
<td>com.automation.ui.digitaldeployer.testcases.home.HomePageTest@1080b026</td></tr>
<tr>
<td title='com.automation.ui.digitaldeployer.testcases.home.HomePageTest.launchhelp_Test()'><b>launchhelp_Test</b><br>Test class: com.automation.ui.digitaldeployer.testcases.home.HomePageTest<br>Test method: StarterRun<br>Parameters: com.automation.ui.digitaldeployer.pageobjectsfactory.pageobject.home.vo.InitialVO@10ef5fa0<br/>
<a href="#Output-1529303412" onClick='toggleBox("Output-1529303412", this, "Show output", "Hide output");'>Show output</a>

<a href="#Output-1529303412" onClick="toggleAllBoxes();">Show all outputs</a>
<div class='log' id="Output-1529303412">
default constructor called<br/>
</div>
</td>
<td></td>
<td>5</td>
<td>com.automation.ui.digitaldeployer.testcases.home.HomePageTest@1080b026</td></tr>
<tr>
<td title='com.automation.ui.digitaldeployer.testcases.home.HomePageTest.launchlangselect_Test()'><b>launchlangselect_Test</b><br>Test class: com.automation.ui.digitaldeployer.testcases.home.HomePageTest<br>Test method: StarterRun<br>Parameters: com.automation.ui.digitaldeployer.pageobjectsfactory.pageobject.home.vo.InitialVO@1cb7936c<br/>
<a href="#Output-577682023" onClick='toggleBox("Output-577682023", this, "Show output", "Hide output");'>Show output</a>

<a href="#Output-577682023" onClick="toggleAllBoxes();">Show all outputs</a>
<div class='log' id="Output-577682023">
default constructor called<br/>
</div>
</td>
<td></td>
<td>6</td>
<td>com.automation.ui.digitaldeployer.testcases.home.HomePageTest@1080b026</td></tr>
<tr>
<td title='com.automation.ui.digitaldeployer.testcases.home.HomePageTest.launchnotification_Test()'><b>launchnotification_Test</b><br>Test class: com.automation.ui.digitaldeployer.testcases.home.HomePageTest<br>Test method: StarterRun<br>Parameters: com.automation.ui.digitaldeployer.pageobjectsfactory.pageobject.home.vo.InitialVO@12ffd1de<br/>
<a href="#Output-1470295349" onClick='toggleBox("Output-1470295349", this, "Show output", "Hide output");'>Show output</a>

<a href="#Output-1470295349" onClick="toggleAllBoxes();">Show all outputs</a>
<div class='log' id="Output-1470295349">
default constructor called<br/>
</div>
</td>
<td></td>
<td>5</td>
<td>com.automation.ui.digitaldeployer.testcases.home.HomePageTest@1080b026</td></tr>
</table><p>
</body>
</html>