<!DOCTYPE html PUBLIC "-//W3C//DTD XHTML 1.1//EN" "http://www.w3.org/TR/xhtml11/DTD/xhtml11.dtd">
<html xmlns="http://www.w3.org/1999/xhtml"><head><title>TestNG Report</title><style type="text/css">table {margin-bottom:10px;border-collapse:collapse;empty-cells:show}th,td {border:1px solid #009;padding:.25em .5em}th {vertical-align:bottom}td {vertical-align:top}table a {font-weight:bold}.stripe td {background-color: #E6EBF9}.num {text-align:right}.passedodd td {background-color: #3F3}.passedeven td {background-color: #0A0}.skippedodd td {background-color: #DDD}.skippedeven td {background-color: #CCC}.failedodd td,.attn {background-color: #F33}.failedeven td,.stripe .attn {background-color: #D00}.stacktrace {white-space:pre;font-family:monospace}.totop {font-size:85%;text-align:center;border-bottom:2px solid #000}</style></head><body><table><tr><th>Test</th><th># Passed</th><th># Skipped</th><th># Failed</th><th>Time (ms)</th><th>Included Groups</th><th>Excluded Groups</th></tr><tr><th colspan="7">portalautomation</th></tr><tr><td><a href="#t0">Home</a></td><td class="num">0</td><td class="num attn">4</td><td class="num">0</td><td class="num">2,346</td><td></td><td></td></tr></table><table><thead><tr><th>Class</th><th>Method</th><th>Start</th><th>Time (ms)</th></tr></thead><tbody><tr><th colspan="4">portalautomation</th></tr></tbody><tbody id="t0"><tr><th colspan="4">Home &#8212; failed (configuration methods)</th></tr><tr class="failedeven"><td rowspan="1">com.automation.ui.digitaldeployer.testcases.context.ContextPageTest</td><td><a href="#m0">initTestContext</a></td><td rowspan="1">1673239354478</td><td rowspan="1">0</td></tr><tr class="failedodd"><td rowspan="3">com.automation.ui.digitaldeployer.testcases.index.HomePageTest</td><td><a href="#m1">initTestContext</a></td><td rowspan="3">1673239352767</td><td rowspan="3">0</td></tr><tr class="failedodd"><td><a href="#m2">initTestContext</a></td></tr><tr class="failedodd"><td><a href="#m3">initTestContext</a></td></tr><tr><th colspan="4">Home &#8212; skipped (configuration methods)</th></tr><tr class="skippedeven"><td rowspan="1">com.automation.ui.digitaldeployer.testcases.index.HomePageTest</td><td><a href="#m4">tearDownAfterTestSuite</a></td><td rowspan="1">1673239356249</td><td rowspan="1">0</td></tr><tr><th colspan="4">Home &#8212; skipped</th></tr><tr class="skippedeven"><td rowspan="1">com.automation.ui.digitaldeployer.testcases.context.ContextPageTest</td><td><a href="#m5">clickEmail_Test</a></td><td rowspan="1">1673239354725</td><td rowspan="1">0</td></tr><tr class="skippedodd"><td rowspan="3">com.automation.ui.digitaldeployer.testcases.index.HomePageTest</td><td><a href="#m6">continue_Test</a></td><td rowspan="1">1673239353765</td><td rowspan="1">0</td></tr><tr class="skippedodd"><td><a href="#m7">launchHomePage_Test</a></td><td rowspan="1">1673239353302</td><td rowspan="1">2</td></tr><tr class="skippedodd"><td><a href="#m8">search_Test</a></td><td rowspan="1">1673239354234</td><td rowspan="1">0</td></tr></tbody></table><h2>Home</h2><h3 id="m0">com.automation.ui.digitaldeployer.testcases.context.ContextPageTest#initTestContext</h3><table class="result"><tr class="param"><th>Parameter #1</th></tr><tr class="param stripe"><td>public void com.automation.ui.digitaldeployer.testcases.context.ContextPageTest.clickEmail_Test(com.automation.ui.digitaldeployer.pageobjectsfactory.pageobject.context.vo.ContextVO) throws java.lang.Throwable</td></tr><tr><th>Exception</th></tr><tr><td><div class="stacktrace">java.lang.NullPointerException
	at com.automation.ui.base.common.core.url.UrlBuilder.getSiteGlobalURL(UrlBuilder.java:303)
	at com.automation.ui.digitaldeployer.testcases.base.templates.DigitalDeployerTestTemplate.prepareURLs(DigitalDeployerTestTemplate.java:17)
	at com.automation.ui.base.common.templates.core.CoreTestTemplate.initTestContext(CoreTestTemplate.java:130)
... Removed 35 stack frames</div></td></tr></table><p class="totop"><a href="#summary">back to summary</a></p><h3 id="m1">com.automation.ui.digitaldeployer.testcases.index.HomePageTest#initTestContext</h3><table class="result"><tr class="param"><th>Parameter #1</th></tr><tr class="param stripe"><td>public
    void
    com.automation.ui.digitaldeployer.testcases.index.HomePageTest.launchHomePage_Test(com.automation.ui.digitaldeployer.pageobjectsfactory.pageobject.index.vo.InitialSearchVO)
    throws java.lang.Throwable</td></tr><tr><th>Exception</th></tr><tr><td><div class="stacktrace">java.lang.NullPointerException
	at com.automation.ui.base.common.core.url.UrlBuilder.getSiteGlobalURL(UrlBuilder.java:303)
	at com.automation.ui.digitaldeployer.testcases.base.templates.DigitalDeployerTestTemplate.prepareURLs(DigitalDeployerTestTemplate.java:17)
	at com.automation.ui.base.common.templates.core.CoreTestTemplate.initTestContext(CoreTestTemplate.java:130)
... Removed 35 stack frames</div></td></tr></table><p class="totop"><a href="#summary">back to summary</a></p><h3 id="m2">com.automation.ui.digitaldeployer.testcases.index.HomePageTest#initTestContext</h3><table class="result"><tr class="param"><th>Parameter #1</th></tr><tr class="param stripe"><td>public
    void
    com.automation.ui.digitaldeployer.testcases.index.HomePageTest.continue_Test(com.automation.ui.digitaldeployer.pageobjectsfactory.pageobject.index.vo.InitialSearchVO)
    throws java.lang.Throwable</td></tr><tr><th>Exception</th></tr><tr><td><div class="stacktrace">java.lang.NullPointerException
	at com.automation.ui.base.common.core.url.UrlBuilder.getSiteGlobalURL(UrlBuilder.java:303)
	at com.automation.ui.digitaldeployer.testcases.base.templates.DigitalDeployerTestTemplate.prepareURLs(DigitalDeployerTestTemplate.java:17)
	at com.automation.ui.base.common.templates.core.CoreTestTemplate.initTestContext(CoreTestTemplate.java:130)
... Removed 35 stack frames</div></td></tr></table><p class="totop"><a href="#summary">back to summary</a></p><h3 id="m3">com.automation.ui.digitaldeployer.testcases.index.HomePageTest#initTestContext</h3><table class="result"><tr class="param"><th>Parameter #1</th></tr><tr class="param stripe"><td>public
    void
    com.automation.ui.digitaldeployer.testcases.index.HomePageTest.search_Test(com.automation.ui.digitaldeployer.pageobjectsfactory.pageobject.index.vo.InitialSearchVO)
    throws java.lang.Throwable</td></tr><tr><th>Exception</th></tr><tr><td><div class="stacktrace">java.lang.NullPointerException
	at com.automation.ui.base.common.core.url.UrlBuilder.getSiteGlobalURL(UrlBuilder.java:303)
	at com.automation.ui.digitaldeployer.testcases.base.templates.DigitalDeployerTestTemplate.prepareURLs(DigitalDeployerTestTemplate.java:17)
	at com.automation.ui.base.common.templates.core.CoreTestTemplate.initTestContext(CoreTestTemplate.java:130)
... Removed 35 stack frames</div></td></tr></table><p class="totop"><a href="#summary">back to summary</a></p><h3 id="m4">com.automation.ui.digitaldeployer.testcases.index.HomePageTest#tearDownAfterTestSuite</h3><table class="result"></table><p class="totop"><a href="#summary">back to summary</a></p><h3 id="m5">com.automation.ui.digitaldeployer.testcases.context.ContextPageTest#clickEmail_Test</h3><table class="result"><tr class="param"><th>Parameter #1</th></tr><tr class="param stripe"><td>com.automation.ui.digitaldeployer.pageobjectsfactory.pageobject.context.vo.ContextVO@2257fadf</td></tr><tr><th>Exception</th></tr><tr><td><div class="stacktrace">org.testng.SkipException: TEST SKIPPED
	at com.automation.ui.base.common.testnglisteners.BrowserAndTestEventListener.onTestSkipped(BrowserAndTestEventListener.java:294)
... Removed 30 stack frames</div></td></tr></table><p class="totop"><a href="#summary">back to summary</a></p><h3 id="m6">com.automation.ui.digitaldeployer.testcases.index.HomePageTest#continue_Test</h3><table class="result"><tr class="param"><th>Parameter #1</th></tr><tr class="param stripe"><td>com.automation.ui.digitaldeployer.pageobjectsfactory.pageobject.index.vo.InitialSearchVO@29a4f594</td></tr><tr><th>Exception</th></tr><tr><td><div class="stacktrace">org.testng.SkipException: TEST SKIPPED
	at com.automation.ui.base.common.testnglisteners.BrowserAndTestEventListener.onTestSkipped(BrowserAndTestEventListener.java:294)
... Removed 30 stack frames</div></td></tr></table><p class="totop"><a href="#summary">back to summary</a></p><h3 id="m7">com.automation.ui.digitaldeployer.testcases.index.HomePageTest#launchHomePage_Test</h3><table class="result"><tr class="param"><th>Parameter #1</th></tr><tr class="param stripe"><td>com.automation.ui.digitaldeployer.pageobjectsfactory.pageobject.index.vo.InitialSearchVO@336365bc</td></tr><tr><th>Exception</th></tr><tr><td><div class="stacktrace">org.testng.SkipException: TEST SKIPPED
	at com.automation.ui.base.common.testnglisteners.BrowserAndTestEventListener.onTestSkipped(BrowserAndTestEventListener.java:294)
... Removed 30 stack frames</div></td></tr></table><p class="totop"><a href="#summary">back to summary</a></p><h3 id="m8">com.automation.ui.digitaldeployer.testcases.index.HomePageTest#search_Test</h3><table class="result"><tr class="param"><th>Parameter #1</th></tr><tr class="param stripe"><td>com.automation.ui.digitaldeployer.pageobjectsfactory.pageobject.index.vo.InitialSearchVO@59532566</td></tr><tr><th>Exception</th></tr><tr><td><div class="stacktrace">org.testng.SkipException: TEST SKIPPED
	at com.automation.ui.base.common.testnglisteners.BrowserAndTestEventListener.onTestSkipped(BrowserAndTestEventListener.java:294)
... Removed 30 stack frames</div></td></tr></table><p class="totop"><a href="#summary">back to summary</a></p></body></html>