<?xml version="1.0" encoding="UTF-8"?>
<!-- Generated by org.testng.reporters.JUnitXMLReporter -->
<testsuite hostname="DESKTOP-4VG4ENC" name="Home" tests="5" failures="3" timestamp="13 Jan 2023 08:11:18 GMT" time="139.717" errors="0">
  <testcase name="launchHomePage_Test" time="1.388" classname="com.automation.ui.digitaldeployer.testcases.index.IndexPageTest"/>
  <testcase name="verifyValidLogin" time="13.851" classname="com.automation.ui.digitaldeployer.testcases.login.LoginTest"/>
  <testcase name="launchAddNewWorkspacename_create_Test" time="19.535" classname="com.automation.ui.digitaldeployer.testcases.home.HomePageTest">
    <failure type="java.util.MissingResourceException" message="Can&amp;apos;t find resource for bundle java.util.PropertyResourceBundle, key OPCUA_LOGIN_LOGINMSG">
      <![CDATA[java.util.MissingResourceException: Can't find resource for bundle java.util.PropertyResourceBundle, key OPCUA_LOGIN_LOGINMSG
	at java.util.ResourceBundle.getObject(ResourceBundle.java:450)
	at java.util.ResourceBundle.getString(ResourceBundle.java:407)
	at com.automation.ui.base.common.prpreaders.AssertDataReader.getValue(AssertDataReader.java:25)
	at com.automation.ui.digitaldeployer.pageobjectsfactory.pageobject.login.pages.LoginPage.continueauth(LoginPage.java:199)
	at com.automation.ui.digitaldeployer.testcases.home.HomePageTest.launchAddNewWorkspacename_create_Test(HomePageTest.java:96)
... Removed 33 stack frames]]>
    </failure>
  </testcase> <!-- launchAddNewWorkspacename_create_Test -->
  <testcase name="launchAddNewWorkspacename_create_Test" time="19.651" classname="com.automation.ui.digitaldeployer.testcases.home.HomePageTest">
    <failure type="java.util.MissingResourceException" message="Can&amp;apos;t find resource for bundle java.util.PropertyResourceBundle, key OPCUA_LOGIN_LOGINMSG">
      <![CDATA[java.util.MissingResourceException: Can't find resource for bundle java.util.PropertyResourceBundle, key OPCUA_LOGIN_LOGINMSG
	at java.util.ResourceBundle.getObject(ResourceBundle.java:450)
	at java.util.ResourceBundle.getString(ResourceBundle.java:407)
	at com.automation.ui.base.common.prpreaders.AssertDataReader.getValue(AssertDataReader.java:25)
	at com.automation.ui.digitaldeployer.pageobjectsfactory.pageobject.login.pages.LoginPage.continueauth(LoginPage.java:199)
	at com.automation.ui.digitaldeployer.testcases.home.HomePageTest.launchAddNewWorkspacename_create_Test(HomePageTest.java:96)
... Removed 33 stack frames]]>
    </failure>
  </testcase> <!-- launchAddNewWorkspacename_create_Test -->
  <testcase name="launchAddNewWorkspacename_create_Test" time="26.379" classname="com.automation.ui.digitaldeployer.testcases.home.HomePageTest">
    <failure type="java.lang.AssertionError" message="ERROR WHILE EXECUTION ">
      <![CDATA[java.lang.AssertionError: ERROR WHILE EXECUTION 
	at com.automation.ui.digitaldeployer.pageobjectsfactory.pageobject.home.pages.HomePage.addws(HomePage.java:135)
	at com.automation.ui.digitaldeployer.testcases.home.HomePageTest.launchAddNewWorkspacename_create_Test(HomePageTest.java:102)
... Removed 34 stack frames]]>
    </failure>
  </testcase> <!-- launchAddNewWorkspacename_create_Test -->
</testsuite> <!-- Home -->
