<?xml version="1.0" encoding="UTF-8"?>
<!-- Generated by org.testng.reporters.JUnitXMLReporter -->
<testsuite hostname="DESKTOP-4VG4ENC" name="Home" tests="17" failures="0" timestamp="13 Jan 2023 06:54:00 GMT" time="252.423" errors="0">
  <testcase name="@BeforeMethod initTestContext" time="0.0" classname="com.automation.ui.digitaldeployer.testcases.login.LoginTest">
    <failure type="org.openqa.selenium.NoSuchWindowException" message="no such window: target window already closed
from unknown error: web view not found
  (Session info: chrome=108.0.5359.126)
Build info: version: &amp;apos;3.141.59&amp;apos;, revision: &amp;apos;e82be7d358&amp;apos;, time: &amp;apos;2018-11-14T08:17:03&amp;apos;
System info: host: &amp;apos;DESKTOP-4VG4ENC&amp;apos;, ip: &amp;apos;192.168.184.1&amp;apos;, os.name: &amp;apos;Windows 10&amp;apos;, os.arch: &amp;apos;amd64&amp;apos;, os.version: &amp;apos;10.0&amp;apos;, java.version: &amp;apos;1.8.0_60&amp;apos;
Driver info: org.openqa.selenium.chrome.ChromeDriver
Capabilities {acceptInsecureCerts: false, browserName: chrome, browserVersion: 108.0.5359.126, chrome: {chromedriverVersion: 108.0.5359.71 (1e0e3868ee06..., userDataDir: C:\Users\kkscl\AppData\Loca...}, goog:chromeOptions: {debuggerAddress: localhost:60104}, javascriptEnabled: true, networkConnectionEnabled: false, pageLoadStrategy: normal, platform: WINDOWS, platformName: WINDOWS, proxy: Proxy(), setWindowRect: true, strictFileInteractability: false, timeouts: {implicit: 0, pageLoad: 300000, script: 30000}, unhandledPromptBehavior: dismiss and notify, webauthn:extension:credBlob: true, webauthn:extension:largeBlob: true, webauthn:virtualAuthenticators: true}
Session ID: 72c07489aea1319fe7d87f0513a5d119">
      <![CDATA[org.openqa.selenium.NoSuchWindowException: no such window: target window already closed
from unknown error: web view not found
  (Session info: chrome=108.0.5359.126)
Build info: version: '3.141.59', revision: 'e82be7d358', time: '2018-11-14T08:17:03'
System info: host: 'DESKTOP-4VG4ENC', ip: '192.168.184.1', os.name: 'Windows 10', os.arch: 'amd64', os.version: '10.0', java.version: '1.8.0_60'
Driver info: org.openqa.selenium.chrome.ChromeDriver
Capabilities {acceptInsecureCerts: false, browserName: chrome, browserVersion: 108.0.5359.126, chrome: {chromedriverVersion: 108.0.5359.71 (1e0e3868ee06..., userDataDir: C:\Users\kkscl\AppData\Loca...}, goog:chromeOptions: {debuggerAddress: localhost:60104}, javascriptEnabled: true, networkConnectionEnabled: false, pageLoadStrategy: normal, platform: WINDOWS, platformName: WINDOWS, proxy: Proxy(), setWindowRect: true, strictFileInteractability: false, timeouts: {implicit: 0, pageLoad: 300000, script: 30000}, unhandledPromptBehavior: dismiss and notify, webauthn:extension:credBlob: true, webauthn:extension:largeBlob: true, webauthn:virtualAuthenticators: true}
Session ID: 72c07489aea1319fe7d87f0513a5d119
	at org.openqa.selenium.remote.http.W3CHttpResponseCodec.createException(W3CHttpResponseCodec.java:187)
	at org.openqa.selenium.remote.http.W3CHttpResponseCodec.decode(W3CHttpResponseCodec.java:122)
	at org.openqa.selenium.remote.http.W3CHttpResponseCodec.decode(W3CHttpResponseCodec.java:49)
	at org.openqa.selenium.remote.HttpCommandExecutor.execute(HttpCommandExecutor.java:158)
	at org.openqa.selenium.remote.service.DriverCommandExecutor.execute(DriverCommandExecutor.java:83)
	at org.openqa.selenium.remote.RemoteWebDriver.execute(RemoteWebDriver.java:545)
	at org.openqa.selenium.remote.RemoteWebDriver.execute(RemoteWebDriver.java:602)
	at org.openqa.selenium.remote.RemoteWebDriver.getScreenshotAs(RemoteWebDriver.java:291)
	at org.openqa.selenium.support.events.EventFiringWebDriver.lambda$new$1(EventFiringWebDriver.java:105)
	at com.sun.proxy.$Proxy8.getScreenshotAs(Unknown Source)
	at org.openqa.selenium.support.events.EventFiringWebDriver.getScreenshotAs(EventFiringWebDriver.java:302)
	at com.automation.ui.base.common.core.imageutilities.Shooter.capturePage(Shooter.java:36)
	at com.automation.ui.base.common.core.imageutilities.Shooter.savePageScreenshot(Shooter.java:31)
	at com.automation.ui.base.common.logging.Log.log(Log.java:114)
	at com.automation.ui.base.common.logging.Log.logError(Log.java:188)
	at com.automation.ui.base.common.testnglisteners.InvokeMethodAdapter.afterInvocation(InvokeMethodAdapter.java:41)
... Removed 41 stack frames]]>
    </failure>
  </testcase> <!-- @BeforeMethod initTestContext -->
  <testcase name="launchHomePage_Test" time="1.373" classname="com.automation.ui.digitaldeployer.testcases.index.IndexPageTest"/>
  <testcase name="verifyValidLogin" time="14.681" classname="com.automation.ui.digitaldeployer.testcases.login.LoginTest"/>
  <testcase name="verifyValidLogin" time="14.059" classname="com.automation.ui.digitaldeployer.testcases.login.LoginTest"/>
  <testcase name="verifyValidLogin" time="13.963" classname="com.automation.ui.digitaldeployer.testcases.login.LoginTest"/>
  <testcase name="verifyValidLogin" time="13.338" classname="com.automation.ui.digitaldeployer.testcases.login.LoginTest"/>
  <testcase name="verifyValidLogin" time="13.663" classname="com.automation.ui.digitaldeployer.testcases.login.LoginTest"/>
  <testcase name="verifyValidLogin" time="13.379" classname="com.automation.ui.digitaldeployer.testcases.login.LoginTest"/>
  <testcase name="verifyValidLogin" time="13.846" classname="com.automation.ui.digitaldeployer.testcases.login.LoginTest"/>
  <testcase name="verifyValidLogin" time="13.601" classname="com.automation.ui.digitaldeployer.testcases.login.LoginTest"/>
  <testcase name="verifyValidLogin" time="13.567" classname="com.automation.ui.digitaldeployer.testcases.login.LoginTest"/>
  <testcase name="verifyValidLogin" time="13.551" classname="com.automation.ui.digitaldeployer.testcases.login.LoginTest"/>
  <testcase name="verifyValidLogin" time="13.436" classname="com.automation.ui.digitaldeployer.testcases.login.LoginTest"/>
  <testcase name="verifyValidLogin" time="13.499" classname="com.automation.ui.digitaldeployer.testcases.login.LoginTest"/>
  <testcase name="verifyValidLogin" time="13.474" classname="com.automation.ui.digitaldeployer.testcases.login.LoginTest"/>
  <testcase name="verifyValidLogin" time="13.371" classname="com.automation.ui.digitaldeployer.testcases.login.LoginTest"/>
  <testcase name="verifyValidLogin" time="13.761" classname="com.automation.ui.digitaldeployer.testcases.login.LoginTest"/>
  <testcase name="verifyValidLogin" time="13.432" classname="com.automation.ui.digitaldeployer.testcases.login.LoginTest"/>
</testsuite> <!-- Home -->
