<html>
<head>
<title>TestNG:  Home</title>
<link href="../testng.css" rel="stylesheet" type="text/css" />
<link href="../my-testng.css" rel="stylesheet" type="text/css" />

<style type="text/css">
.log { display: none;} 
.stack-trace { display: none;} 
</style>
<script type="text/javascript">
<!--
function flip(e) {
  current = e.style.display;
  if (current == 'block') {
    e.style.display = 'none';
    return 0;
  }
  else {
    e.style.display = 'block';
    return 1;
  }
}

function toggleBox(szDivId, elem, msg1, msg2)
{
  var res = -1;  if (document.getElementById) {
    res = flip(document.getElementById(szDivId));
  }
  else if (document.all) {
    // this is the way old msie versions work
    res = flip(document.all[szDivId]);
  }
  if(elem) {
    if(res == 0) elem.innerHTML = msg1; else elem.innerHTML = msg2;
  }

}

function toggleAllBoxes() {
  if (document.getElementsByTagName) {
    d = document.getElementsByTagName('div');
    for (i = 0; i < d.length; i++) {
      if (d[i].className == 'log') {
        flip(d[i]);
      }
    }
  }
}

// -->
</script>

</head>
<body>
<h2 align='center'>Home</h2><table border='1' align="center">
<tr>
<td>Tests passed/Failed/Skipped:</td><td>17/0/1</td>
</tr><tr>
<td>Started on:</td><td>Fri Jan 13 12:19:48 IST 2023</td>
</tr>
<tr><td>Total time:</td><td>252 seconds (252423 ms)</td>
</tr><tr>
<td>Included groups:</td><td></td>
</tr><tr>
<td>Excluded groups:</td><td></td>
</tr>
</table><p/>
<small><i>(Hover the method name to see the test class name)</i></small><p/>
<table width='100%' border='1' class='invocation-failed'>
<tr><td colspan='4' align='center'><b>FAILED CONFIGURATIONS</b></td></tr>
<tr><td><b>Test method</b></td>
<td width="30%"><b>Exception</b></td>
<td width="10%"><b>Time (seconds)</b></td>
<td><b>Instance</b></td>
</tr>
<tr>
<td title='com.automation.ui.digitaldeployer.testcases.login.LoginTest.initTestContext()'><b>initTestContext</b><br>Test class: com.automation.ui.digitaldeployer.testcases.login.LoginTest<br>Parameters: public void com.automation.ui.digitaldeployer.testcases.login.LoginTest.verifyValidLogin(com.automation.ui.digitaldeployer.pageobjectsfactory.pageobject.login.vo.LoginVO) throws java.lang.Throwable</td>
<td><div><pre>org.openqa.selenium.NoSuchWindowException: no such window: target window already closed
from unknown error: web view not found
  (Session info: chrome=108.0.5359.126)
Build info: version: &apos;3.141.59&apos;, revision: &apos;e82be7d358&apos;, time: &apos;2018-11-14T08:17:03&apos;
System info: host: &apos;DESKTOP-4VG4ENC&apos;, ip: &apos;192.168.184.1&apos;, os.name: &apos;Windows 10&apos;, os.arch: &apos;amd64&apos;, os.version: &apos;10.0&apos;, java.version: &apos;1.8.0_60&apos;
Driver info: org.openqa.selenium.chrome.ChromeDriver
Capabilities {acceptInsecureCerts: false, browserName: chrome, browserVersion: 108.0.5359.126, chrome: {chromedriverVersion: 108.0.5359.71 (1e0e3868ee06..., userDataDir: C:\Users\kkscl\AppData\Loca...}, goog:chromeOptions: {debuggerAddress: localhost:60104}, javascriptEnabled: true, networkConnectionEnabled: false, pageLoadStrategy: normal, platform: WINDOWS, platformName: WINDOWS, proxy: Proxy(), setWindowRect: true, strictFileInteractability: false, timeouts: {implicit: 0, pageLoad: 300000, script: 30000}, unhandledPromptBehavior: dismiss and notify, webauthn:extension:credBlob: true, webauthn:extension:largeBlob: true, webauthn:virtualAuthenticators: true}
Session ID: 72c07489aea1319fe7d87f0513a5d119
	at org.openqa.selenium.remote.http.W3CHttpResponseCodec.createException(W3CHttpResponseCodec.java:187)
	at org.openqa.selenium.remote.http.W3CHttpResponseCodec.decode(W3CHttpResponseCodec.java:122)
	at org.openqa.selenium.remote.http.W3CHttpResponseCodec.decode(W3CHttpResponseCodec.java:49)
	at org.openqa.selenium.remote.HttpCommandExecutor.execute(HttpCommandExecutor.java:158)
	at org.openqa.selenium.remote.service.DriverCommandExecutor.execute(DriverCommandExecutor.java:83)
	at org.openqa.selenium.remote.RemoteWebDriver.execute(RemoteWebDriver.java:545)
	at org.openqa.selenium.remote.RemoteWebDriver.execute(RemoteWebDriver.java:602)
	at org.openqa.selenium.remote.RemoteWebDriver.getScreenshotAs(RemoteWebDriver.java:291)
	at org.openqa.selenium.support.events.EventFiringWebDriver.lambda$new$1(EventFiringWebDriver.java:105)
	at com.sun.proxy.$Proxy8.getScreenshotAs(Unknown Source)
	at org.openqa.selenium.support.events.EventFiringWebDriver.getScreenshotAs(EventFiringWebDriver.java:302)
	at com.automation.ui.base.common.core.imageutilities.Shooter.capturePage(Shooter.java:36)
	at com.automation.ui.base.common.core.imageutilities.Shooter.savePageScreenshot(Shooter.java:31)
	at com.automation.ui.base.common.logging.Log.log(Log.java:114)
	at com.automation.ui.base.common.logging.Log.logError(Log.java:188)
	at com.automation.ui.base.common.testnglisteners.InvokeMethodAdapter.afterInvocation(InvokeMethodAdapter.java:41)
... Removed 41 stack frames</pre></div><a href='#' onClick='toggleBox("stack-trace2099878104", this, "Click to show all stack frames", "Click to hide stack frames")'>Click to show all stack frames</a>
<div class='stack-trace' id='stack-trace2099878104'><pre>org.openqa.selenium.NoSuchWindowException: no such window: target window already closed
from unknown error: web view not found
  (Session info: chrome=108.0.5359.126)
Build info: version: &apos;3.141.59&apos;, revision: &apos;e82be7d358&apos;, time: &apos;2018-11-14T08:17:03&apos;
System info: host: &apos;DESKTOP-4VG4ENC&apos;, ip: &apos;192.168.184.1&apos;, os.name: &apos;Windows 10&apos;, os.arch: &apos;amd64&apos;, os.version: &apos;10.0&apos;, java.version: &apos;1.8.0_60&apos;
Driver info: org.openqa.selenium.chrome.ChromeDriver
Capabilities {acceptInsecureCerts: false, browserName: chrome, browserVersion: 108.0.5359.126, chrome: {chromedriverVersion: 108.0.5359.71 (1e0e3868ee06..., userDataDir: C:\Users\kkscl\AppData\Loca...}, goog:chromeOptions: {debuggerAddress: localhost:60104}, javascriptEnabled: true, networkConnectionEnabled: false, pageLoadStrategy: normal, platform: WINDOWS, platformName: WINDOWS, proxy: Proxy(), setWindowRect: true, strictFileInteractability: false, timeouts: {implicit: 0, pageLoad: 300000, script: 30000}, unhandledPromptBehavior: dismiss and notify, webauthn:extension:credBlob: true, webauthn:extension:largeBlob: true, webauthn:virtualAuthenticators: true}
Session ID: 72c07489aea1319fe7d87f0513a5d119
	at sun.reflect.NativeConstructorAccessorImpl.newInstance0(Native Method)
	at sun.reflect.NativeConstructorAccessorImpl.newInstance(NativeConstructorAccessorImpl.java:62)
	at sun.reflect.DelegatingConstructorAccessorImpl.newInstance(DelegatingConstructorAccessorImpl.java:45)
	at java.lang.reflect.Constructor.newInstance(Constructor.java:422)
	at org.openqa.selenium.remote.http.W3CHttpResponseCodec.createException(W3CHttpResponseCodec.java:187)
	at org.openqa.selenium.remote.http.W3CHttpResponseCodec.decode(W3CHttpResponseCodec.java:122)
	at org.openqa.selenium.remote.http.W3CHttpResponseCodec.decode(W3CHttpResponseCodec.java:49)
	at org.openqa.selenium.remote.HttpCommandExecutor.execute(HttpCommandExecutor.java:158)
	at org.openqa.selenium.remote.service.DriverCommandExecutor.execute(DriverCommandExecutor.java:83)
	at org.openqa.selenium.remote.RemoteWebDriver.execute(RemoteWebDriver.java:545)
	at org.openqa.selenium.remote.RemoteWebDriver.execute(RemoteWebDriver.java:602)
	at org.openqa.selenium.remote.RemoteWebDriver.getScreenshotAs(RemoteWebDriver.java:291)
	at sun.reflect.NativeMethodAccessorImpl.invoke0(Native Method)
	at sun.reflect.NativeMethodAccessorImpl.invoke(NativeMethodAccessorImpl.java:62)
	at sun.reflect.DelegatingMethodAccessorImpl.invoke(DelegatingMethodAccessorImpl.java:43)
	at java.lang.reflect.Method.invoke(Method.java:497)
	at org.openqa.selenium.support.events.EventFiringWebDriver.lambda$new$1(EventFiringWebDriver.java:105)
	at com.sun.proxy.$Proxy8.getScreenshotAs(Unknown Source)
	at org.openqa.selenium.support.events.EventFiringWebDriver.getScreenshotAs(EventFiringWebDriver.java:302)
	at com.automation.ui.base.common.core.imageutilities.Shooter.capturePage(Shooter.java:36)
	at com.automation.ui.base.common.core.imageutilities.Shooter.savePageScreenshot(Shooter.java:31)
	at com.automation.ui.base.common.logging.Log.log(Log.java:114)
	at com.automation.ui.base.common.logging.Log.logError(Log.java:188)
	at com.automation.ui.base.common.testnglisteners.InvokeMethodAdapter.afterInvocation(InvokeMethodAdapter.java:41)
	at org.testng.internal.invokers.InvokedMethodListenerInvoker$InvokeAfterInvocationWithoutContextStrategy.callMethod(InvokedMethodListenerInvoker.java:100)
	at org.testng.internal.invokers.InvokedMethodListenerInvoker.invokeListener(InvokedMethodListenerInvoker.java:62)
	at org.testng.internal.Invoker.runInvokedMethodListeners(Invoker.java:556)
	at org.testng.internal.Invoker.invokeConfigurationMethod(Invoker.java:535)
	at org.testng.internal.Invoker.invokeConfigurations(Invoker.java:215)
	at org.testng.internal.Invoker.invokeMethod(Invoker.java:589)
	at org.testng.internal.Invoker.invokeTestMethod(Invoker.java:820)
	at org.testng.internal.Invoker.invokeTestMethods(Invoker.java:1128)
	at org.testng.internal.TestMethodWorker.invokeTestMethods(TestMethodWorker.java:129)
	at org.testng.internal.TestMethodWorker.run(TestMethodWorker.java:112)
	at org.testng.TestRunner.privateRun(TestRunner.java:782)
	at org.testng.TestRunner.run(TestRunner.java:632)
	at org.testng.SuiteRunner.runTest(SuiteRunner.java:366)
	at org.testng.SuiteRunner.runSequentially(SuiteRunner.java:361)
	at org.testng.SuiteRunner.privateRun(SuiteRunner.java:319)
	at org.testng.SuiteRunner.run(SuiteRunner.java:268)
	at org.testng.SuiteRunnerWorker.runSuite(SuiteRunnerWorker.java:52)
	at org.testng.SuiteRunnerWorker.run(SuiteRunnerWorker.java:86)
	at org.testng.TestNG.runSuitesSequentially(TestNG.java:1244)
	at org.testng.TestNG.runSuitesLocally(TestNG.java:1169)
	at org.testng.TestNG.run(TestNG.java:1064)
	at org.apache.maven.surefire.testng.TestNGExecutor.run(TestNGExecutor.java:178)
	at org.apache.maven.surefire.testng.TestNGXmlTestSuite.execute(TestNGXmlTestSuite.java:92)
	at org.apache.maven.surefire.testng.TestNGProvider.invoke(TestNGProvider.java:96)
	at sun.reflect.NativeMethodAccessorImpl.invoke0(Native Method)
	at sun.reflect.NativeMethodAccessorImpl.invoke(NativeMethodAccessorImpl.java:62)
	at sun.reflect.DelegatingMethodAccessorImpl.invoke(DelegatingMethodAccessorImpl.java:43)
	at java.lang.reflect.Method.invoke(Method.java:497)
	at org.apache.maven.surefire.util.ReflectionUtils.invokeMethodWithArray2(ReflectionUtils.java:208)
	at org.apache.maven.surefire.booter.ProviderFactory$ProviderProxy.invoke(ProviderFactory.java:159)
	at org.apache.maven.surefire.booter.ProviderFactory.invokeProvider(ProviderFactory.java:87)
	at org.apache.maven.surefire.booter.ForkedBooter.runSuitesInProcess(ForkedBooter.java:153)
	at org.apache.maven.surefire.booter.ForkedBooter.main(ForkedBooter.java:95)
</pre></div></td>
<td>0</td>
<td>com.automation.ui.digitaldeployer.testcases.login.LoginTest@37b70343</td></tr>
</table><p>
<table width='100%' border='1' class='invocation-passed'>
<tr><td colspan='4' align='center'><b>PASSED TESTS</b></td></tr>
<tr><td><b>Test method</b></td>
<td width="30%"><b>Exception</b></td>
<td width="10%"><b>Time (seconds)</b></td>
<td><b>Instance</b></td>
</tr>
<tr>
<td title='com.automation.ui.digitaldeployer.testcases.index.IndexPageTest.launchHomePage_Test()'><b>launchHomePage_Test</b><br>Test class: com.automation.ui.digitaldeployer.testcases.index.IndexPageTest<br>Test method: StarterRun<br>Parameters: com.automation.ui.digitaldeployer.pageobjectsfactory.pageobject.index.vo.InitialSearchVO@60921b21</td>
<td></td>
<td>1</td>
<td>com.automation.ui.digitaldeployer.testcases.index.IndexPageTest@75f5fd58</td></tr>
<tr>
<td title='com.automation.ui.digitaldeployer.testcases.login.LoginTest.verifyValidLogin()'><b>verifyValidLogin</b><br>Test class: com.automation.ui.digitaldeployer.testcases.login.LoginTest<br>Test method: home  list info<br>Parameters: com.automation.ui.digitaldeployer.pageobjectsfactory.pageobject.login.vo.LoginVO@6818d900<br/>
<a href="#Output-1154172430" onClick='toggleBox("Output-1154172430", this, "Show output", "Hide output");'>Show output</a>

<a href="#Output-1154172430" onClick="toggleAllBoxes();">Show all outputs</a>
<div class='log' id="Output-1154172430">
Entering verifyValidLogin<br/>
default constructor called<br/>
default constructor called<br/>
Entering  continue:<br/>
Exiting  continue<br/>
Entering  enterUser login:<br/>
Exiting  enterUser login<br/>
Entering  enterPassword:<br/>
Exiting  enterPassword<br/>
Entering  login:<br/>
Exiting  login<br/>
</div>
</td>
<td></td>
<td>14</td>
<td>com.automation.ui.digitaldeployer.testcases.login.LoginTest@37b70343</td></tr>
<tr>
<td title='com.automation.ui.digitaldeployer.testcases.login.LoginTest.verifyValidLogin()'><b>verifyValidLogin</b><br>Test class: com.automation.ui.digitaldeployer.testcases.login.LoginTest<br>Test method: home  list info<br>Parameters: com.automation.ui.digitaldeployer.pageobjectsfactory.pageobject.login.vo.LoginVO@971e903<br/>
<a href="#Output-1851241961" onClick='toggleBox("Output-1851241961", this, "Show output", "Hide output");'>Show output</a>

<a href="#Output-1851241961" onClick="toggleAllBoxes();">Show all outputs</a>
<div class='log' id="Output-1851241961">
Entering verifyValidLogin<br/>
default constructor called<br/>
default constructor called<br/>
Entering  continue:<br/>
Exiting  continue<br/>
Entering  enterUser login:<br/>
Exiting  enterUser login<br/>
Entering  enterPassword:<br/>
Exiting  enterPassword<br/>
Entering  login:<br/>
Exiting  login<br/>
</div>
</td>
<td></td>
<td>14</td>
<td>com.automation.ui.digitaldeployer.testcases.login.LoginTest@37b70343</td></tr>
<tr>
<td title='com.automation.ui.digitaldeployer.testcases.login.LoginTest.verifyValidLogin()'><b>verifyValidLogin</b><br>Test class: com.automation.ui.digitaldeployer.testcases.login.LoginTest<br>Test method: home  list info<br>Parameters: com.automation.ui.digitaldeployer.pageobjectsfactory.pageobject.login.vo.LoginVO@30814f43<br/>
<a href="#Output-1013620810" onClick='toggleBox("Output-1013620810", this, "Show output", "Hide output");'>Show output</a>

<a href="#Output-1013620810" onClick="toggleAllBoxes();">Show all outputs</a>
<div class='log' id="Output-1013620810">
Entering verifyValidLogin<br/>
default constructor called<br/>
default constructor called<br/>
Entering  continue:<br/>
Exiting  continue<br/>
Entering  enterUser login:<br/>
Exiting  enterUser login<br/>
Entering  enterPassword:<br/>
Exiting  enterPassword<br/>
Entering  login:<br/>
Exiting  login<br/>
</div>
</td>
<td></td>
<td>13</td>
<td>com.automation.ui.digitaldeployer.testcases.login.LoginTest@37b70343</td></tr>
<tr>
<td title='com.automation.ui.digitaldeployer.testcases.login.LoginTest.verifyValidLogin()'><b>verifyValidLogin</b><br>Test class: com.automation.ui.digitaldeployer.testcases.login.LoginTest<br>Test method: home  list info<br>Parameters: com.automation.ui.digitaldeployer.pageobjectsfactory.pageobject.login.vo.LoginVO@78b41097<br/>
<a href="#Output-1174737066" onClick='toggleBox("Output-1174737066", this, "Show output", "Hide output");'>Show output</a>

<a href="#Output-1174737066" onClick="toggleAllBoxes();">Show all outputs</a>
<div class='log' id="Output-1174737066">
Entering verifyValidLogin<br/>
default constructor called<br/>
default constructor called<br/>
Entering  continue:<br/>
Exiting  continue<br/>
Entering  enterUser login:<br/>
Exiting  enterUser login<br/>
Entering  enterPassword:<br/>
Exiting  enterPassword<br/>
Entering  login:<br/>
Exiting  login<br/>
</div>
</td>
<td></td>
<td>13</td>
<td>com.automation.ui.digitaldeployer.testcases.login.LoginTest@37b70343</td></tr>
<tr>
<td title='com.automation.ui.digitaldeployer.testcases.login.LoginTest.verifyValidLogin()'><b>verifyValidLogin</b><br>Test class: com.automation.ui.digitaldeployer.testcases.login.LoginTest<br>Test method: home  list info<br>Parameters: com.automation.ui.digitaldeployer.pageobjectsfactory.pageobject.login.vo.LoginVO@77010a30<br/>
<a href="#Output-847839957" onClick='toggleBox("Output-847839957", this, "Show output", "Hide output");'>Show output</a>

<a href="#Output-847839957" onClick="toggleAllBoxes();">Show all outputs</a>
<div class='log' id="Output-847839957">
Entering verifyValidLogin<br/>
default constructor called<br/>
default constructor called<br/>
Entering  continue:<br/>
Exiting  continue<br/>
Entering  enterUser login:<br/>
Exiting  enterUser login<br/>
Entering  enterPassword:<br/>
Exiting  enterPassword<br/>
Entering  login:<br/>
Exiting  login<br/>
</div>
</td>
<td></td>
<td>13</td>
<td>com.automation.ui.digitaldeployer.testcases.login.LoginTest@37b70343</td></tr>
<tr>
<td title='com.automation.ui.digitaldeployer.testcases.login.LoginTest.verifyValidLogin()'><b>verifyValidLogin</b><br>Test class: com.automation.ui.digitaldeployer.testcases.login.LoginTest<br>Test method: home  list info<br>Parameters: com.automation.ui.digitaldeployer.pageobjectsfactory.pageobject.login.vo.LoginVO@2bef09c0<br/>
<a href="#Output-481525476" onClick='toggleBox("Output-481525476", this, "Show output", "Hide output");'>Show output</a>

<a href="#Output-481525476" onClick="toggleAllBoxes();">Show all outputs</a>
<div class='log' id="Output-481525476">
Entering verifyValidLogin<br/>
default constructor called<br/>
default constructor called<br/>
Entering  continue:<br/>
Exiting  continue<br/>
Entering  enterUser login:<br/>
Exiting  enterUser login<br/>
Entering  enterPassword:<br/>
Exiting  enterPassword<br/>
Entering  login:<br/>
Exiting  login<br/>
</div>
</td>
<td></td>
<td>13</td>
<td>com.automation.ui.digitaldeployer.testcases.login.LoginTest@37b70343</td></tr>
<tr>
<td title='com.automation.ui.digitaldeployer.testcases.login.LoginTest.verifyValidLogin()'><b>verifyValidLogin</b><br>Test class: com.automation.ui.digitaldeployer.testcases.login.LoginTest<br>Test method: home  list info<br>Parameters: com.automation.ui.digitaldeployer.pageobjectsfactory.pageobject.login.vo.LoginVO@30d25c03<br/>
<a href="#Output-577037372" onClick='toggleBox("Output-577037372", this, "Show output", "Hide output");'>Show output</a>

<a href="#Output-577037372" onClick="toggleAllBoxes();">Show all outputs</a>
<div class='log' id="Output-577037372">
Entering verifyValidLogin<br/>
default constructor called<br/>
default constructor called<br/>
Entering  continue:<br/>
Exiting  continue<br/>
Entering  enterUser login:<br/>
Exiting  enterUser login<br/>
Entering  enterPassword:<br/>
Exiting  enterPassword<br/>
Entering  login:<br/>
Exiting  login<br/>
</div>
</td>
<td></td>
<td>13</td>
<td>com.automation.ui.digitaldeployer.testcases.login.LoginTest@37b70343</td></tr>
<tr>
<td title='com.automation.ui.digitaldeployer.testcases.login.LoginTest.verifyValidLogin()'><b>verifyValidLogin</b><br>Test class: com.automation.ui.digitaldeployer.testcases.login.LoginTest<br>Test method: home  list info<br>Parameters: com.automation.ui.digitaldeployer.pageobjectsfactory.pageobject.login.vo.LoginVO@537c8c7e<br/>
<a href="#Output-1410008136" onClick='toggleBox("Output-1410008136", this, "Show output", "Hide output");'>Show output</a>

<a href="#Output-1410008136" onClick="toggleAllBoxes();">Show all outputs</a>
<div class='log' id="Output-1410008136">
Entering verifyValidLogin<br/>
default constructor called<br/>
default constructor called<br/>
Entering  continue:<br/>
Exiting  continue<br/>
Entering  enterUser login:<br/>
Exiting  enterUser login<br/>
Entering  enterPassword:<br/>
Exiting  enterPassword<br/>
Entering  login:<br/>
Exiting  login<br/>
</div>
</td>
<td></td>
<td>13</td>
<td>com.automation.ui.digitaldeployer.testcases.login.LoginTest@37b70343</td></tr>
<tr>
<td title='com.automation.ui.digitaldeployer.testcases.login.LoginTest.verifyValidLogin()'><b>verifyValidLogin</b><br>Test class: com.automation.ui.digitaldeployer.testcases.login.LoginTest<br>Test method: home  list info<br>Parameters: com.automation.ui.digitaldeployer.pageobjectsfactory.pageobject.login.vo.LoginVO@2b329bbd<br/>
<a href="#Output-576261694" onClick='toggleBox("Output-576261694", this, "Show output", "Hide output");'>Show output</a>

<a href="#Output-576261694" onClick="toggleAllBoxes();">Show all outputs</a>
<div class='log' id="Output-576261694">
Entering verifyValidLogin<br/>
default constructor called<br/>
default constructor called<br/>
Entering  continue:<br/>
Exiting  continue<br/>
Entering  enterUser login:<br/>
Exiting  enterUser login<br/>
Entering  enterPassword:<br/>
Exiting  enterPassword<br/>
Entering  login:<br/>
Exiting  login<br/>
</div>
</td>
<td></td>
<td>13</td>
<td>com.automation.ui.digitaldeployer.testcases.login.LoginTest@37b70343</td></tr>
<tr>
<td title='com.automation.ui.digitaldeployer.testcases.login.LoginTest.verifyValidLogin()'><b>verifyValidLogin</b><br>Test class: com.automation.ui.digitaldeployer.testcases.login.LoginTest<br>Test method: home  list info<br>Parameters: com.automation.ui.digitaldeployer.pageobjectsfactory.pageobject.login.vo.LoginVO@3d6a6bee<br/>
<a href="#Output-1440995011" onClick='toggleBox("Output-1440995011", this, "Show output", "Hide output");'>Show output</a>

<a href="#Output-1440995011" onClick="toggleAllBoxes();">Show all outputs</a>
<div class='log' id="Output-1440995011">
Entering verifyValidLogin<br/>
default constructor called<br/>
default constructor called<br/>
Entering  continue:<br/>
Exiting  continue<br/>
Entering  enterUser login:<br/>
Exiting  enterUser login<br/>
Entering  enterPassword:<br/>
Exiting  enterPassword<br/>
Entering  login:<br/>
Exiting  login<br/>
</div>
</td>
<td></td>
<td>13</td>
<td>com.automation.ui.digitaldeployer.testcases.login.LoginTest@37b70343</td></tr>
<tr>
<td title='com.automation.ui.digitaldeployer.testcases.login.LoginTest.verifyValidLogin()'><b>verifyValidLogin</b><br>Test class: com.automation.ui.digitaldeployer.testcases.login.LoginTest<br>Test method: home  list info<br>Parameters: com.automation.ui.digitaldeployer.pageobjectsfactory.pageobject.login.vo.LoginVO@d48673<br/>
<a href="#Output-750797656" onClick='toggleBox("Output-750797656", this, "Show output", "Hide output");'>Show output</a>

<a href="#Output-750797656" onClick="toggleAllBoxes();">Show all outputs</a>
<div class='log' id="Output-750797656">
Entering verifyValidLogin<br/>
default constructor called<br/>
default constructor called<br/>
Entering  continue:<br/>
Exiting  continue<br/>
Entering  enterUser login:<br/>
Exiting  enterUser login<br/>
Entering  enterPassword:<br/>
Exiting  enterPassword<br/>
Entering  login:<br/>
Exiting  login<br/>
</div>
</td>
<td></td>
<td>13</td>
<td>com.automation.ui.digitaldeployer.testcases.login.LoginTest@37b70343</td></tr>
<tr>
<td title='com.automation.ui.digitaldeployer.testcases.login.LoginTest.verifyValidLogin()'><b>verifyValidLogin</b><br>Test class: com.automation.ui.digitaldeployer.testcases.login.LoginTest<br>Test method: home  list info<br>Parameters: com.automation.ui.digitaldeployer.pageobjectsfactory.pageobject.login.vo.LoginVO@255e5e2e<br/>
<a href="#Output-726762476" onClick='toggleBox("Output-726762476", this, "Show output", "Hide output");'>Show output</a>

<a href="#Output-726762476" onClick="toggleAllBoxes();">Show all outputs</a>
<div class='log' id="Output-726762476">
Entering verifyValidLogin<br/>
default constructor called<br/>
default constructor called<br/>
Entering  continue:<br/>
Exiting  continue<br/>
Entering  enterUser login:<br/>
Exiting  enterUser login<br/>
Entering  enterPassword:<br/>
Exiting  enterPassword<br/>
Entering  login:<br/>
Exiting  login<br/>
</div>
</td>
<td></td>
<td>13</td>
<td>com.automation.ui.digitaldeployer.testcases.login.LoginTest@37b70343</td></tr>
<tr>
<td title='com.automation.ui.digitaldeployer.testcases.login.LoginTest.verifyValidLogin()'><b>verifyValidLogin</b><br>Test class: com.automation.ui.digitaldeployer.testcases.login.LoginTest<br>Test method: home  list info<br>Parameters: com.automation.ui.digitaldeployer.pageobjectsfactory.pageobject.login.vo.LoginVO@64f16277<br/>
<a href="#Output-277437206" onClick='toggleBox("Output-277437206", this, "Show output", "Hide output");'>Show output</a>

<a href="#Output-277437206" onClick="toggleAllBoxes();">Show all outputs</a>
<div class='log' id="Output-277437206">
Entering verifyValidLogin<br/>
default constructor called<br/>
default constructor called<br/>
Entering  continue:<br/>
Exiting  continue<br/>
Entering  enterUser login:<br/>
Exiting  enterUser login<br/>
Entering  enterPassword:<br/>
Exiting  enterPassword<br/>
Entering  login:<br/>
Exiting  login<br/>
</div>
</td>
<td></td>
<td>13</td>
<td>com.automation.ui.digitaldeployer.testcases.login.LoginTest@37b70343</td></tr>
<tr>
<td title='com.automation.ui.digitaldeployer.testcases.login.LoginTest.verifyValidLogin()'><b>verifyValidLogin</b><br>Test class: com.automation.ui.digitaldeployer.testcases.login.LoginTest<br>Test method: home  list info<br>Parameters: com.automation.ui.digitaldeployer.pageobjectsfactory.pageobject.login.vo.LoginVO@20e3c449<br/>
<a href="#Output-377957453" onClick='toggleBox("Output-377957453", this, "Show output", "Hide output");'>Show output</a>

<a href="#Output-377957453" onClick="toggleAllBoxes();">Show all outputs</a>
<div class='log' id="Output-377957453">
Entering verifyValidLogin<br/>
default constructor called<br/>
default constructor called<br/>
Entering  continue:<br/>
Exiting  continue<br/>
Entering  enterUser login:<br/>
Exiting  enterUser login<br/>
Entering  enterPassword:<br/>
Exiting  enterPassword<br/>
Entering  login:<br/>
Exiting  login<br/>
</div>
</td>
<td></td>
<td>13</td>
<td>com.automation.ui.digitaldeployer.testcases.login.LoginTest@37b70343</td></tr>
<tr>
<td title='com.automation.ui.digitaldeployer.testcases.login.LoginTest.verifyValidLogin()'><b>verifyValidLogin</b><br>Test class: com.automation.ui.digitaldeployer.testcases.login.LoginTest<br>Test method: home  list info<br>Parameters: com.automation.ui.digitaldeployer.pageobjectsfactory.pageobject.login.vo.LoginVO@37af1f93<br/>
<a href="#Output-1446238973" onClick='toggleBox("Output-1446238973", this, "Show output", "Hide output");'>Show output</a>

<a href="#Output-1446238973" onClick="toggleAllBoxes();">Show all outputs</a>
<div class='log' id="Output-1446238973">
Entering verifyValidLogin<br/>
default constructor called<br/>
default constructor called<br/>
Entering  continue:<br/>
Exiting  continue<br/>
Entering  enterUser login:<br/>
Exiting  enterUser login<br/>
Entering  enterPassword:<br/>
Exiting  enterPassword<br/>
Entering  login:<br/>
Exiting  login<br/>
</div>
</td>
<td></td>
<td>13</td>
<td>com.automation.ui.digitaldeployer.testcases.login.LoginTest@37b70343</td></tr>
<tr>
<td title='com.automation.ui.digitaldeployer.testcases.login.LoginTest.verifyValidLogin()'><b>verifyValidLogin</b><br>Test class: com.automation.ui.digitaldeployer.testcases.login.LoginTest<br>Test method: home  list info<br>Parameters: com.automation.ui.digitaldeployer.pageobjectsfactory.pageobject.login.vo.LoginVO@383864d5<br/>
<a href="#Output-336400944" onClick='toggleBox("Output-336400944", this, "Show output", "Hide output");'>Show output</a>

<a href="#Output-336400944" onClick="toggleAllBoxes();">Show all outputs</a>
<div class='log' id="Output-336400944">
Entering verifyValidLogin<br/>
default constructor called<br/>
default constructor called<br/>
Entering  continue:<br/>
Exiting  continue<br/>
Entering  enterUser login:<br/>
Exiting  enterUser login<br/>
Entering  enterPassword:<br/>
Exiting  enterPassword<br/>
Entering  login:<br/>
Exiting  login<br/>
</div>
</td>
<td></td>
<td>13</td>
<td>com.automation.ui.digitaldeployer.testcases.login.LoginTest@37b70343</td></tr>
</table><p>
</body>
</html>