<?xml version="1.0" encoding="UTF-8"?>
<!-- Generated by org.testng.reporters.JUnitXMLReporter -->
<testsuite hostname="DESKTOP-4VG4ENC" name="Home" tests="9" failures="1" timestamp="12 Jan 2023 14:08:34 GMT" time="99.016" errors="0">
  <testcase name="launchHomePage_Test" time="1.389" classname="com.automation.ui.digitaldeployer.testcases.index.IndexPageTest"/>
  <testcase name="launchAddNewWorkspace_Test" time="32.945" classname="com.automation.ui.digitaldeployer.testcases.home.HomePageTest"/>
  <testcase name="launchAddNewWorkspacename_Test" time="12.677" classname="com.automation.ui.digitaldeployer.testcases.home.HomePageTest"/>
  <testcase name="launchSearchText_Test" time="7.892" classname="com.automation.ui.digitaldeployer.testcases.home.HomePageTest"/>
  <testcase name="launchClearall_Test" time="1.727" classname="com.automation.ui.digitaldeployer.testcases.home.HomePageTest">
    <failure type="java.lang.AssertionError" message="ERROR WHILE EXECUTION ">
      <![CDATA[java.lang.AssertionError: ERROR WHILE EXECUTION 
	at com.automation.ui.digitaldeployer.pageobjectsfactory.pageobject.home.pages.HomePage.clearall(HomePage.java:223)
	at com.automation.ui.digitaldeployer.testcases.home.HomePageTest.launchClearall_Test(HomePageTest.java:115)
... Removed 34 stack frames]]>
    </failure>
  </testcase> <!-- launchClearall_Test -->
  <testcase name="launchApi_Test" time="6.244" classname="com.automation.ui.digitaldeployer.testcases.home.HomePageTest"/>
  <testcase name="launchOverview_Test" time="6.258" classname="com.automation.ui.digitaldeployer.testcases.home.HomePageTest"/>
  <testcase name="launchlangselect_Test" time="6.297" classname="com.automation.ui.digitaldeployer.testcases.home.HomePageTest"/>
  <testcase name="launchdocumentation_Test" time="6.53" classname="com.automation.ui.digitaldeployer.testcases.home.HomePageTest"/>
</testsuite> <!-- Home -->
