<?xml version="1.0" encoding="UTF-8"?>
<!-- Generated by org.testng.reporters.JUnitXMLReporter -->
<testsuite hostname="DESKTOP-4VG4ENC" name="Home" tests="4" failures="4" timestamp="9 Jan 2023 04:42:35 GMT" time="2.346" errors="0">
  <testcase name="@BeforeMethod initTestContext" time="0.0" classname="com.automation.ui.digitaldeployer.testcases.index.HomePageTest">
    <failure type="java.lang.NullPointerException">
      <![CDATA[java.lang.NullPointerException
	at com.automation.ui.base.common.core.url.UrlBuilder.getSiteGlobalURL(UrlBuilder.java:303)
	at com.automation.ui.digitaldeployer.testcases.base.templates.DigitalDeployerTestTemplate.prepareURLs(DigitalDeployerTestTemplate.java:17)
	at com.automation.ui.base.common.templates.core.CoreTestTemplate.initTestContext(CoreTestTemplate.java:130)
... Removed 35 stack frames]]>
    </failure>
  </testcase> <!-- @BeforeMethod initTestContext -->
  <testcase name="@BeforeMethod initTestContext" time="0.0" classname="com.automation.ui.digitaldeployer.testcases.index.HomePageTest">
    <failure type="java.lang.NullPointerException">
      <![CDATA[java.lang.NullPointerException
	at com.automation.ui.base.common.core.url.UrlBuilder.getSiteGlobalURL(UrlBuilder.java:303)
	at com.automation.ui.digitaldeployer.testcases.base.templates.DigitalDeployerTestTemplate.prepareURLs(DigitalDeployerTestTemplate.java:17)
	at com.automation.ui.base.common.templates.core.CoreTestTemplate.initTestContext(CoreTestTemplate.java:130)
... Removed 35 stack frames]]>
    </failure>
  </testcase> <!-- @BeforeMethod initTestContext -->
  <testcase name="@BeforeMethod initTestContext" time="0.0" classname="com.automation.ui.digitaldeployer.testcases.index.HomePageTest">
    <failure type="java.lang.NullPointerException">
      <![CDATA[java.lang.NullPointerException
	at com.automation.ui.base.common.core.url.UrlBuilder.getSiteGlobalURL(UrlBuilder.java:303)
	at com.automation.ui.digitaldeployer.testcases.base.templates.DigitalDeployerTestTemplate.prepareURLs(DigitalDeployerTestTemplate.java:17)
	at com.automation.ui.base.common.templates.core.CoreTestTemplate.initTestContext(CoreTestTemplate.java:130)
... Removed 35 stack frames]]>
    </failure>
  </testcase> <!-- @BeforeMethod initTestContext -->
  <testcase name="@BeforeMethod initTestContext" time="0.0" classname="com.automation.ui.digitaldeployer.testcases.context.ContextPageTest">
    <failure type="java.lang.NullPointerException">
      <![CDATA[java.lang.NullPointerException
	at com.automation.ui.base.common.core.url.UrlBuilder.getSiteGlobalURL(UrlBuilder.java:303)
	at com.automation.ui.digitaldeployer.testcases.base.templates.DigitalDeployerTestTemplate.prepareURLs(DigitalDeployerTestTemplate.java:17)
	at com.automation.ui.base.common.templates.core.CoreTestTemplate.initTestContext(CoreTestTemplate.java:130)
... Removed 35 stack frames]]>
    </failure>
  </testcase> <!-- @BeforeMethod initTestContext -->
  <testcase name="launchHomePage_Test" time="0.002" classname="com.automation.ui.digitaldeployer.testcases.index.HomePageTest">
    <failure type="org.testng.SkipException" message="TEST SKIPPED">
      <![CDATA[org.testng.SkipException: TEST SKIPPED
	at com.automation.ui.base.common.testnglisteners.BrowserAndTestEventListener.onTestSkipped(BrowserAndTestEventListener.java:294)
... Removed 30 stack frames]]>
    </failure>
  </testcase> <!-- launchHomePage_Test -->
  <testcase name="continue_Test" time="0.0" classname="com.automation.ui.digitaldeployer.testcases.index.HomePageTest">
    <failure type="org.testng.SkipException" message="TEST SKIPPED">
      <![CDATA[org.testng.SkipException: TEST SKIPPED
	at com.automation.ui.base.common.testnglisteners.BrowserAndTestEventListener.onTestSkipped(BrowserAndTestEventListener.java:294)
... Removed 30 stack frames]]>
    </failure>
  </testcase> <!-- continue_Test -->
  <testcase name="search_Test" time="0.0" classname="com.automation.ui.digitaldeployer.testcases.index.HomePageTest">
    <failure type="org.testng.SkipException" message="TEST SKIPPED">
      <![CDATA[org.testng.SkipException: TEST SKIPPED
	at com.automation.ui.base.common.testnglisteners.BrowserAndTestEventListener.onTestSkipped(BrowserAndTestEventListener.java:294)
... Removed 30 stack frames]]>
    </failure>
  </testcase> <!-- search_Test -->
  <testcase name="clickEmail_Test" time="0.0" classname="com.automation.ui.digitaldeployer.testcases.context.ContextPageTest">
    <failure type="org.testng.SkipException" message="TEST SKIPPED">
      <![CDATA[org.testng.SkipException: TEST SKIPPED
	at com.automation.ui.base.common.testnglisteners.BrowserAndTestEventListener.onTestSkipped(BrowserAndTestEventListener.java:294)
... Removed 30 stack frames]]>
    </failure>
  </testcase> <!-- clickEmail_Test -->
</testsuite> <!-- Home -->
