<?xml version="1.0" encoding="UTF-8"?>
<testng-results skipped="0" failed="2" total="13" passed="11">
  <reporter-output>
    <line>
      <![CDATA[default constructor called]]>
    </line>
    <line>
      <![CDATA[beforeSuite::CoreTestTemplate]]>
    </line>
    <line>
      <![CDATA[default constructor called]]>
    </line>
    <line>
      <![CDATA[default constructor called]]>
    </line>
    <line>
      <![CDATA[Entering  continue:]]>
    </line>
    <line>
      <![CDATA[Exiting  continue]]>
    </line>
    <line>
      <![CDATA[Entering  enterUser login:]]>
    </line>
    <line>
      <![CDATA[Exiting  enterUser login]]>
    </line>
    <line>
      <![CDATA[Entering  enterPassword:]]>
    </line>
    <line>
      <![CDATA[Exiting  enterPassword]]>
    </line>
    <line>
      <![CDATA[Entering  login:]]>
    </line>
    <line>
      <![CDATA[Exiting  login]]>
    </line>
    <line>
      <![CDATA[Entering  continueauth:]]>
    </line>
    <line>
      <![CDATA[Exiting  continueauth]]>
    </line>
    <line>
      <![CDATA[Entering  addws:]]>
    </line>
    <line>
      <![CDATA[Exiting  addws]]>
    </line>
    <line>
      <![CDATA[default constructor called]]>
    </line>
    <line>
      <![CDATA[default constructor called]]>
    </line>
    <line>
      <![CDATA[Entering  addws:]]>
    </line>
    <line>
      <![CDATA[default constructor called]]>
    </line>
    <line>
      <![CDATA[default constructor called]]>
    </line>
    <line>
      <![CDATA[default constructor called]]>
    </line>
    <line>
      <![CDATA[default constructor called]]>
    </line>
    <line>
      <![CDATA[default constructor called]]>
    </line>
    <line>
      <![CDATA[default constructor called]]>
    </line>
    <line>
      <![CDATA[default constructor called]]>
    </line>
    <line>
      <![CDATA[default constructor called]]>
    </line>
    <line>
      <![CDATA[default constructor called]]>
    </line>
  </reporter-output>
  <suite name="portalautomation" duration-ms="131351" started-at="2023-01-12T14:58:43Z" finished-at="2023-01-12T15:00:54Z">
    <groups>
      <group name="StarterRun">
        <method signature="HomePageTest.launchAddNewWorkspace_Test(com.automation.ui.digitaldeployer.pageobjectsfactory.pageobject.home.vo.InitialSearchVO)[pri:1, instance:com.automation.ui.digitaldeployer.testcases.home.HomePageTest@1080b026]" name="launchAddNewWorkspace_Test" class="com.automation.ui.digitaldeployer.testcases.home.HomePageTest"/>
        <method signature="HomePageTest.launchAddNewWorkspacename_Test(com.automation.ui.digitaldeployer.pageobjectsfactory.pageobject.home.vo.InitialSearchVO)[pri:2, instance:com.automation.ui.digitaldeployer.testcases.home.HomePageTest@1080b026]" name="launchAddNewWorkspacename_Test" class="com.automation.ui.digitaldeployer.testcases.home.HomePageTest"/>
        <method signature="HomePageTest.launchApi_Test(com.automation.ui.digitaldeployer.pageobjectsfactory.pageobject.home.vo.InitialSearchVO)[pri:8, instance:com.automation.ui.digitaldeployer.testcases.home.HomePageTest@1080b026]" name="launchApi_Test" class="com.automation.ui.digitaldeployer.testcases.home.HomePageTest"/>
        <method signature="HomePageTest.launchClearall_Test(com.automation.ui.digitaldeployer.pageobjectsfactory.pageobject.home.vo.InitialSearchVO)[pri:4, instance:com.automation.ui.digitaldeployer.testcases.home.HomePageTest@1080b026]" name="launchClearall_Test" class="com.automation.ui.digitaldeployer.testcases.home.HomePageTest"/>
        <method signature="HomePageTest.launchOverview_Test(com.automation.ui.digitaldeployer.pageobjectsfactory.pageobject.home.vo.InitialSearchVO)[pri:6, instance:com.automation.ui.digitaldeployer.testcases.home.HomePageTest@1080b026]" name="launchOverview_Test" class="com.automation.ui.digitaldeployer.testcases.home.HomePageTest"/>
        <method signature="HomePageTest.launchSearchText_Test(com.automation.ui.digitaldeployer.pageobjectsfactory.pageobject.home.vo.InitialSearchVO)[pri:3, instance:com.automation.ui.digitaldeployer.testcases.home.HomePageTest@1080b026]" name="launchSearchText_Test" class="com.automation.ui.digitaldeployer.testcases.home.HomePageTest"/>
        <method signature="HomePageTest.launchdocumentation_Test(com.automation.ui.digitaldeployer.pageobjectsfactory.pageobject.home.vo.InitialSearchVO)[pri:9, instance:com.automation.ui.digitaldeployer.testcases.home.HomePageTest@1080b026]" name="launchdocumentation_Test" class="com.automation.ui.digitaldeployer.testcases.home.HomePageTest"/>
        <method signature="HomePageTest.launchhealth_Test(com.automation.ui.digitaldeployer.pageobjectsfactory.pageobject.home.vo.InitialSearchVO)[pri:10, instance:com.automation.ui.digitaldeployer.testcases.home.HomePageTest@1080b026]" name="launchhealth_Test" class="com.automation.ui.digitaldeployer.testcases.home.HomePageTest"/>
        <method signature="HomePageTest.launchhelp_Test(com.automation.ui.digitaldeployer.pageobjectsfactory.pageobject.home.vo.InitialSearchVO)[pri:10, instance:com.automation.ui.digitaldeployer.testcases.home.HomePageTest@1080b026]" name="launchhelp_Test" class="com.automation.ui.digitaldeployer.testcases.home.HomePageTest"/>
        <method signature="HomePageTest.launchlangselect_Test(com.automation.ui.digitaldeployer.pageobjectsfactory.pageobject.home.vo.InitialSearchVO)[pri:7, instance:com.automation.ui.digitaldeployer.testcases.home.HomePageTest@1080b026]" name="launchlangselect_Test" class="com.automation.ui.digitaldeployer.testcases.home.HomePageTest"/>
        <method signature="HomePageTest.launchnotification_Test(com.automation.ui.digitaldeployer.pageobjectsfactory.pageobject.home.vo.InitialSearchVO)[pri:10, instance:com.automation.ui.digitaldeployer.testcases.home.HomePageTest@1080b026]" name="launchnotification_Test" class="com.automation.ui.digitaldeployer.testcases.home.HomePageTest"/>
        <method signature="HomePageTest.launchwsdropdown_Test(com.automation.ui.digitaldeployer.pageobjectsfactory.pageobject.home.vo.InitialSearchVO)[pri:5, instance:com.automation.ui.digitaldeployer.testcases.home.HomePageTest@1080b026]" name="launchwsdropdown_Test" class="com.automation.ui.digitaldeployer.testcases.home.HomePageTest"/>
        <method signature="IndexPageTest.launchHomePage_Test(com.automation.ui.digitaldeployer.pageobjectsfactory.pageobject.index.vo.InitialSearchVO)[pri:1, instance:com.automation.ui.digitaldeployer.testcases.index.IndexPageTest@5b43fbf6]" name="launchHomePage_Test" class="com.automation.ui.digitaldeployer.testcases.index.IndexPageTest"/>
      </group> <!-- StarterRun -->
    </groups>
    <test name="Home" duration-ms="131351" started-at="2023-01-12T14:58:43Z" finished-at="2023-01-12T15:00:54Z">
      <class name="com.automation.ui.digitaldeployer.testcases.home.HomePageTest">
        <test-method status="PASS" signature="initTestClass()[pri:0, instance:com.automation.ui.digitaldeployer.testcases.home.HomePageTest@1080b026]" name="initTestClass" is-config="true" duration-ms="1" started-at="2023-01-12T20:28:50Z" finished-at="2023-01-12T20:28:50Z">
          <reporter-output>
          </reporter-output>
        </test-method> <!-- initTestClass -->
        <test-method status="PASS" signature="initTestContext(java.lang.reflect.Method)[pri:0, instance:com.automation.ui.digitaldeployer.testcases.home.HomePageTest@1080b026]" name="initTestContext" is-config="true" duration-ms="1351" started-at="2023-01-12T20:28:50Z" finished-at="2023-01-12T20:28:51Z">
          <params>
            <param index="0">
              <value>
                <![CDATA[public void com.automation.ui.digitaldeployer.testcases.home.HomePageTest.launchAddNewWorkspace_Test(com.automation.ui.digitaldeployer.pageobjectsfactory.pageobject.home.vo.InitialSearchVO) throws java.lang.Throwable]]>
              </value>
            </param>
          </params>
          <reporter-output>
          </reporter-output>
        </test-method> <!-- initTestContext -->
        <test-method status="PASS" signature="launchAddNewWorkspace_Test(com.automation.ui.digitaldeployer.pageobjectsfactory.pageobject.home.vo.InitialSearchVO)[pri:1, instance:com.automation.ui.digitaldeployer.testcases.home.HomePageTest@1080b026]" name="launchAddNewWorkspace_Test" duration-ms="30610" started-at="2023-01-12T20:28:51Z" description="StarterRun" data-provider="initSearchStarter" finished-at="2023-01-12T20:29:22Z">
          <params>
            <param index="0">
              <value>
                <![CDATA[com.automation.ui.digitaldeployer.pageobjectsfactory.pageobject.home.vo.InitialSearchVO@34a0ef00]]>
              </value>
            </param>
          </params>
          <reporter-output>
            <line>
              <![CDATA[default constructor called]]>
            </line>
            <line>
              <![CDATA[default constructor called]]>
            </line>
            <line>
              <![CDATA[Entering  continue:]]>
            </line>
            <line>
              <![CDATA[Exiting  continue]]>
            </line>
            <line>
              <![CDATA[Entering  enterUser login:]]>
            </line>
            <line>
              <![CDATA[Exiting  enterUser login]]>
            </line>
            <line>
              <![CDATA[Entering  enterPassword:]]>
            </line>
            <line>
              <![CDATA[Exiting  enterPassword]]>
            </line>
            <line>
              <![CDATA[Entering  login:]]>
            </line>
            <line>
              <![CDATA[Exiting  login]]>
            </line>
            <line>
              <![CDATA[Entering  continueauth:]]>
            </line>
            <line>
              <![CDATA[Exiting  continueauth]]>
            </line>
            <line>
              <![CDATA[Entering  addws:]]>
            </line>
            <line>
              <![CDATA[Exiting  addws]]>
            </line>
            <line>
              <![CDATA[default constructor called]]>
            </line>
            <line>
              <![CDATA[default constructor called]]>
            </line>
          </reporter-output>
        </test-method> <!-- launchAddNewWorkspace_Test -->
        <test-method status="PASS" signature="initTestContext(java.lang.reflect.Method)[pri:0, instance:com.automation.ui.digitaldeployer.testcases.home.HomePageTest@1080b026]" name="initTestContext" is-config="true" duration-ms="1441" started-at="2023-01-12T20:29:22Z" finished-at="2023-01-12T20:29:24Z">
          <params>
            <param index="0">
              <value>
                <![CDATA[public void com.automation.ui.digitaldeployer.testcases.home.HomePageTest.launchAddNewWorkspacename_Test(com.automation.ui.digitaldeployer.pageobjectsfactory.pageobject.home.vo.InitialSearchVO) throws java.lang.Throwable]]>
              </value>
            </param>
          </params>
          <reporter-output>
          </reporter-output>
        </test-method> <!-- initTestContext -->
        <test-method status="FAIL" signature="launchAddNewWorkspacename_Test(com.automation.ui.digitaldeployer.pageobjectsfactory.pageobject.home.vo.InitialSearchVO)[pri:2, instance:com.automation.ui.digitaldeployer.testcases.home.HomePageTest@1080b026]" name="launchAddNewWorkspacename_Test" duration-ms="18774" started-at="2023-01-12T20:29:24Z" description="StarterRun" data-provider="initSearchStarter" finished-at="2023-01-12T20:29:42Z">
          <params>
            <param index="0">
              <value>
                <![CDATA[com.automation.ui.digitaldeployer.pageobjectsfactory.pageobject.home.vo.InitialSearchVO@79d743e6]]>
              </value>
            </param>
          </params>
          <exception class="java.lang.AssertionError">
            <message>
              <![CDATA[ERROR WHILE EXECUTION ]]>
            </message>
            <full-stacktrace>
              <![CDATA[java.lang.AssertionError: ERROR WHILE EXECUTION 
	at org.testng.Assert.fail(Assert.java:94)
	at com.automation.ui.digitaldeployer.pageobjectsfactory.pageobject.home.pages.HomePage.addws(HomePage.java:133)
	at com.automation.ui.digitaldeployer.testcases.home.HomePageTest.launchAddNewWorkspacename_Test(HomePageTest.java:102)
	at sun.reflect.NativeMethodAccessorImpl.invoke0(Native Method)
	at sun.reflect.NativeMethodAccessorImpl.invoke(NativeMethodAccessorImpl.java:62)
	at sun.reflect.DelegatingMethodAccessorImpl.invoke(DelegatingMethodAccessorImpl.java:43)
	at java.lang.reflect.Method.invoke(Method.java:497)
	at org.testng.internal.MethodInvocationHelper.invokeMethod(MethodInvocationHelper.java:86)
	at org.testng.internal.Invoker.invokeMethod(Invoker.java:643)
	at org.testng.internal.Invoker.invokeTestMethod(Invoker.java:820)
	at org.testng.internal.Invoker.invokeTestMethods(Invoker.java:1128)
	at org.testng.internal.TestMethodWorker.invokeTestMethods(TestMethodWorker.java:129)
	at org.testng.internal.TestMethodWorker.run(TestMethodWorker.java:112)
	at org.testng.TestRunner.privateRun(TestRunner.java:782)
	at org.testng.TestRunner.run(TestRunner.java:632)
	at org.testng.SuiteRunner.runTest(SuiteRunner.java:366)
	at org.testng.SuiteRunner.runSequentially(SuiteRunner.java:361)
	at org.testng.SuiteRunner.privateRun(SuiteRunner.java:319)
	at org.testng.SuiteRunner.run(SuiteRunner.java:268)
	at org.testng.SuiteRunnerWorker.runSuite(SuiteRunnerWorker.java:52)
	at org.testng.SuiteRunnerWorker.run(SuiteRunnerWorker.java:86)
	at org.testng.TestNG.runSuitesSequentially(TestNG.java:1244)
	at org.testng.TestNG.runSuitesLocally(TestNG.java:1169)
	at org.testng.TestNG.run(TestNG.java:1064)
	at org.apache.maven.surefire.testng.TestNGExecutor.run(TestNGExecutor.java:178)
	at org.apache.maven.surefire.testng.TestNGXmlTestSuite.execute(TestNGXmlTestSuite.java:92)
	at org.apache.maven.surefire.testng.TestNGProvider.invoke(TestNGProvider.java:96)
	at sun.reflect.NativeMethodAccessorImpl.invoke0(Native Method)
	at sun.reflect.NativeMethodAccessorImpl.invoke(NativeMethodAccessorImpl.java:62)
	at sun.reflect.DelegatingMethodAccessorImpl.invoke(DelegatingMethodAccessorImpl.java:43)
	at java.lang.reflect.Method.invoke(Method.java:497)
	at org.apache.maven.surefire.util.ReflectionUtils.invokeMethodWithArray2(ReflectionUtils.java:208)
	at org.apache.maven.surefire.booter.ProviderFactory$ProviderProxy.invoke(ProviderFactory.java:159)
	at org.apache.maven.surefire.booter.ProviderFactory.invokeProvider(ProviderFactory.java:87)
	at org.apache.maven.surefire.booter.ForkedBooter.runSuitesInProcess(ForkedBooter.java:153)
	at org.apache.maven.surefire.booter.ForkedBooter.main(ForkedBooter.java:95)
]]>
            </full-stacktrace>
          </exception> <!-- java.lang.AssertionError -->
          <reporter-output>
            <line>
              <![CDATA[Entering  addws:]]>
            </line>
          </reporter-output>
        </test-method> <!-- launchAddNewWorkspacename_Test -->
        <test-method status="PASS" signature="initTestContext(java.lang.reflect.Method)[pri:0, instance:com.automation.ui.digitaldeployer.testcases.home.HomePageTest@1080b026]" name="initTestContext" is-config="true" duration-ms="1422" started-at="2023-01-12T20:29:43Z" finished-at="2023-01-12T20:29:44Z">
          <params>
            <param index="0">
              <value>
                <![CDATA[public void com.automation.ui.digitaldeployer.testcases.home.HomePageTest.launchSearchText_Test(com.automation.ui.digitaldeployer.pageobjectsfactory.pageobject.home.vo.InitialSearchVO) throws java.lang.Throwable]]>
              </value>
            </param>
          </params>
          <reporter-output>
          </reporter-output>
        </test-method> <!-- initTestContext -->
        <test-method status="PASS" signature="launchSearchText_Test(com.automation.ui.digitaldeployer.pageobjectsfactory.pageobject.home.vo.InitialSearchVO)[pri:3, instance:com.automation.ui.digitaldeployer.testcases.home.HomePageTest@1080b026]" name="launchSearchText_Test" duration-ms="7982" started-at="2023-01-12T20:29:44Z" description="StarterRun" data-provider="initSearchStarter" finished-at="2023-01-12T20:29:52Z">
          <params>
            <param index="0">
              <value>
                <![CDATA[com.automation.ui.digitaldeployer.pageobjectsfactory.pageobject.home.vo.InitialSearchVO@1f6d27cc]]>
              </value>
            </param>
          </params>
          <reporter-output>
            <line>
              <![CDATA[default constructor called]]>
            </line>
          </reporter-output>
        </test-method> <!-- launchSearchText_Test -->
        <test-method status="PASS" signature="initTestContext(java.lang.reflect.Method)[pri:0, instance:com.automation.ui.digitaldeployer.testcases.home.HomePageTest@1080b026]" name="initTestContext" is-config="true" duration-ms="1391" started-at="2023-01-12T20:29:52Z" finished-at="2023-01-12T20:29:54Z">
          <params>
            <param index="0">
              <value>
                <![CDATA[public void com.automation.ui.digitaldeployer.testcases.home.HomePageTest.launchClearall_Test(com.automation.ui.digitaldeployer.pageobjectsfactory.pageobject.home.vo.InitialSearchVO) throws java.lang.Throwable]]>
              </value>
            </param>
          </params>
          <reporter-output>
          </reporter-output>
        </test-method> <!-- initTestContext -->
        <test-method status="FAIL" signature="launchClearall_Test(com.automation.ui.digitaldeployer.pageobjectsfactory.pageobject.home.vo.InitialSearchVO)[pri:4, instance:com.automation.ui.digitaldeployer.testcases.home.HomePageTest@1080b026]" name="launchClearall_Test" duration-ms="1609" started-at="2023-01-12T20:29:54Z" description="StarterRun" data-provider="initSearchStarter" finished-at="2023-01-12T20:29:55Z">
          <params>
            <param index="0">
              <value>
                <![CDATA[com.automation.ui.digitaldeployer.pageobjectsfactory.pageobject.home.vo.InitialSearchVO@23811a09]]>
              </value>
            </param>
          </params>
          <exception class="java.lang.AssertionError">
            <message>
              <![CDATA[ERROR WHILE EXECUTION ]]>
            </message>
            <full-stacktrace>
              <![CDATA[java.lang.AssertionError: ERROR WHILE EXECUTION 
	at org.testng.Assert.fail(Assert.java:94)
	at com.automation.ui.digitaldeployer.pageobjectsfactory.pageobject.home.pages.HomePage.clearall(HomePage.java:231)
	at com.automation.ui.digitaldeployer.testcases.home.HomePageTest.launchClearall_Test(HomePageTest.java:117)
	at sun.reflect.NativeMethodAccessorImpl.invoke0(Native Method)
	at sun.reflect.NativeMethodAccessorImpl.invoke(NativeMethodAccessorImpl.java:62)
	at sun.reflect.DelegatingMethodAccessorImpl.invoke(DelegatingMethodAccessorImpl.java:43)
	at java.lang.reflect.Method.invoke(Method.java:497)
	at org.testng.internal.MethodInvocationHelper.invokeMethod(MethodInvocationHelper.java:86)
	at org.testng.internal.Invoker.invokeMethod(Invoker.java:643)
	at org.testng.internal.Invoker.invokeTestMethod(Invoker.java:820)
	at org.testng.internal.Invoker.invokeTestMethods(Invoker.java:1128)
	at org.testng.internal.TestMethodWorker.invokeTestMethods(TestMethodWorker.java:129)
	at org.testng.internal.TestMethodWorker.run(TestMethodWorker.java:112)
	at org.testng.TestRunner.privateRun(TestRunner.java:782)
	at org.testng.TestRunner.run(TestRunner.java:632)
	at org.testng.SuiteRunner.runTest(SuiteRunner.java:366)
	at org.testng.SuiteRunner.runSequentially(SuiteRunner.java:361)
	at org.testng.SuiteRunner.privateRun(SuiteRunner.java:319)
	at org.testng.SuiteRunner.run(SuiteRunner.java:268)
	at org.testng.SuiteRunnerWorker.runSuite(SuiteRunnerWorker.java:52)
	at org.testng.SuiteRunnerWorker.run(SuiteRunnerWorker.java:86)
	at org.testng.TestNG.runSuitesSequentially(TestNG.java:1244)
	at org.testng.TestNG.runSuitesLocally(TestNG.java:1169)
	at org.testng.TestNG.run(TestNG.java:1064)
	at org.apache.maven.surefire.testng.TestNGExecutor.run(TestNGExecutor.java:178)
	at org.apache.maven.surefire.testng.TestNGXmlTestSuite.execute(TestNGXmlTestSuite.java:92)
	at org.apache.maven.surefire.testng.TestNGProvider.invoke(TestNGProvider.java:96)
	at sun.reflect.NativeMethodAccessorImpl.invoke0(Native Method)
	at sun.reflect.NativeMethodAccessorImpl.invoke(NativeMethodAccessorImpl.java:62)
	at sun.reflect.DelegatingMethodAccessorImpl.invoke(DelegatingMethodAccessorImpl.java:43)
	at java.lang.reflect.Method.invoke(Method.java:497)
	at org.apache.maven.surefire.util.ReflectionUtils.invokeMethodWithArray2(ReflectionUtils.java:208)
	at org.apache.maven.surefire.booter.ProviderFactory$ProviderProxy.invoke(ProviderFactory.java:159)
	at org.apache.maven.surefire.booter.ProviderFactory.invokeProvider(ProviderFactory.java:87)
	at org.apache.maven.surefire.booter.ForkedBooter.runSuitesInProcess(ForkedBooter.java:153)
	at org.apache.maven.surefire.booter.ForkedBooter.main(ForkedBooter.java:95)
]]>
            </full-stacktrace>
          </exception> <!-- java.lang.AssertionError -->
          <reporter-output>
          </reporter-output>
        </test-method> <!-- launchClearall_Test -->
        <test-method status="PASS" signature="initTestContext(java.lang.reflect.Method)[pri:0, instance:com.automation.ui.digitaldeployer.testcases.home.HomePageTest@1080b026]" name="initTestContext" is-config="true" duration-ms="1413" started-at="2023-01-12T20:29:55Z" finished-at="2023-01-12T20:29:57Z">
          <params>
            <param index="0">
              <value>
                <![CDATA[public void com.automation.ui.digitaldeployer.testcases.home.HomePageTest.launchwsdropdown_Test(com.automation.ui.digitaldeployer.pageobjectsfactory.pageobject.home.vo.InitialSearchVO) throws java.lang.Throwable]]>
              </value>
            </param>
          </params>
          <reporter-output>
          </reporter-output>
        </test-method> <!-- initTestContext -->
        <test-method status="PASS" signature="launchwsdropdown_Test(com.automation.ui.digitaldeployer.pageobjectsfactory.pageobject.home.vo.InitialSearchVO)[pri:5, instance:com.automation.ui.digitaldeployer.testcases.home.HomePageTest@1080b026]" name="launchwsdropdown_Test" duration-ms="7069" started-at="2023-01-12T20:29:57Z" description="StarterRun" data-provider="initSearchStarter" finished-at="2023-01-12T20:30:04Z">
          <params>
            <param index="0">
              <value>
                <![CDATA[com.automation.ui.digitaldeployer.pageobjectsfactory.pageobject.home.vo.InitialSearchVO@7ea08277]]>
              </value>
            </param>
          </params>
          <reporter-output>
            <line>
              <![CDATA[default constructor called]]>
            </line>
          </reporter-output>
        </test-method> <!-- launchwsdropdown_Test -->
        <test-method status="PASS" signature="initTestContext(java.lang.reflect.Method)[pri:0, instance:com.automation.ui.digitaldeployer.testcases.home.HomePageTest@1080b026]" name="initTestContext" is-config="true" duration-ms="1411" started-at="2023-01-12T20:30:04Z" finished-at="2023-01-12T20:30:05Z">
          <params>
            <param index="0">
              <value>
                <![CDATA[public void com.automation.ui.digitaldeployer.testcases.home.HomePageTest.launchOverview_Test(com.automation.ui.digitaldeployer.pageobjectsfactory.pageobject.home.vo.InitialSearchVO) throws java.lang.Throwable]]>
              </value>
            </param>
          </params>
          <reporter-output>
          </reporter-output>
        </test-method> <!-- initTestContext -->
        <test-method status="PASS" signature="launchOverview_Test(com.automation.ui.digitaldeployer.pageobjectsfactory.pageobject.home.vo.InitialSearchVO)[pri:6, instance:com.automation.ui.digitaldeployer.testcases.home.HomePageTest@1080b026]" name="launchOverview_Test" duration-ms="6252" started-at="2023-01-12T20:30:05Z" description="StarterRun" data-provider="initSearchStarter" finished-at="2023-01-12T20:30:12Z">
          <params>
            <param index="0">
              <value>
                <![CDATA[com.automation.ui.digitaldeployer.pageobjectsfactory.pageobject.home.vo.InitialSearchVO@40f8f5a8]]>
              </value>
            </param>
          </params>
          <reporter-output>
            <line>
              <![CDATA[default constructor called]]>
            </line>
          </reporter-output>
        </test-method> <!-- launchOverview_Test -->
        <test-method status="PASS" signature="initTestContext(java.lang.reflect.Method)[pri:0, instance:com.automation.ui.digitaldeployer.testcases.home.HomePageTest@1080b026]" name="initTestContext" is-config="true" duration-ms="1398" started-at="2023-01-12T20:30:12Z" finished-at="2023-01-12T20:30:13Z">
          <params>
            <param index="0">
              <value>
                <![CDATA[public void com.automation.ui.digitaldeployer.testcases.home.HomePageTest.launchlangselect_Test(com.automation.ui.digitaldeployer.pageobjectsfactory.pageobject.home.vo.InitialSearchVO) throws java.lang.Throwable]]>
              </value>
            </param>
          </params>
          <reporter-output>
          </reporter-output>
        </test-method> <!-- initTestContext -->
        <test-method status="PASS" signature="launchlangselect_Test(com.automation.ui.digitaldeployer.pageobjectsfactory.pageobject.home.vo.InitialSearchVO)[pri:7, instance:com.automation.ui.digitaldeployer.testcases.home.HomePageTest@1080b026]" name="launchlangselect_Test" duration-ms="6280" started-at="2023-01-12T20:30:13Z" description="StarterRun" data-provider="initSearchStarter" finished-at="2023-01-12T20:30:20Z">
          <params>
            <param index="0">
              <value>
                <![CDATA[com.automation.ui.digitaldeployer.pageobjectsfactory.pageobject.home.vo.InitialSearchVO@138caeca]]>
              </value>
            </param>
          </params>
          <reporter-output>
            <line>
              <![CDATA[default constructor called]]>
            </line>
          </reporter-output>
        </test-method> <!-- launchlangselect_Test -->
        <test-method status="PASS" signature="initTestContext(java.lang.reflect.Method)[pri:0, instance:com.automation.ui.digitaldeployer.testcases.home.HomePageTest@1080b026]" name="initTestContext" is-config="true" duration-ms="1391" started-at="2023-01-12T20:30:20Z" finished-at="2023-01-12T20:30:21Z">
          <params>
            <param index="0">
              <value>
                <![CDATA[public void com.automation.ui.digitaldeployer.testcases.home.HomePageTest.launchApi_Test(com.automation.ui.digitaldeployer.pageobjectsfactory.pageobject.home.vo.InitialSearchVO) throws java.lang.Throwable]]>
              </value>
            </param>
          </params>
          <reporter-output>
          </reporter-output>
        </test-method> <!-- initTestContext -->
        <test-method status="PASS" signature="launchApi_Test(com.automation.ui.digitaldeployer.pageobjectsfactory.pageobject.home.vo.InitialSearchVO)[pri:8, instance:com.automation.ui.digitaldeployer.testcases.home.HomePageTest@1080b026]" name="launchApi_Test" duration-ms="6205" started-at="2023-01-12T20:30:21Z" description="StarterRun" data-provider="initSearchStarter" finished-at="2023-01-12T20:30:27Z">
          <params>
            <param index="0">
              <value>
                <![CDATA[com.automation.ui.digitaldeployer.pageobjectsfactory.pageobject.home.vo.InitialSearchVO@226eba67]]>
              </value>
            </param>
          </params>
          <reporter-output>
            <line>
              <![CDATA[default constructor called]]>
            </line>
          </reporter-output>
        </test-method> <!-- launchApi_Test -->
        <test-method status="PASS" signature="initTestContext(java.lang.reflect.Method)[pri:0, instance:com.automation.ui.digitaldeployer.testcases.home.HomePageTest@1080b026]" name="initTestContext" is-config="true" duration-ms="1388" started-at="2023-01-12T20:30:27Z" finished-at="2023-01-12T20:30:29Z">
          <params>
            <param index="0">
              <value>
                <![CDATA[public void com.automation.ui.digitaldeployer.testcases.home.HomePageTest.launchdocumentation_Test(com.automation.ui.digitaldeployer.pageobjectsfactory.pageobject.home.vo.InitialSearchVO) throws java.lang.Throwable]]>
              </value>
            </param>
          </params>
          <reporter-output>
          </reporter-output>
        </test-method> <!-- initTestContext -->
        <test-method status="PASS" signature="launchdocumentation_Test(com.automation.ui.digitaldeployer.pageobjectsfactory.pageobject.home.vo.InitialSearchVO)[pri:9, instance:com.automation.ui.digitaldeployer.testcases.home.HomePageTest@1080b026]" name="launchdocumentation_Test" duration-ms="5524" started-at="2023-01-12T20:30:29Z" description="StarterRun" data-provider="initSearchStarter" finished-at="2023-01-12T20:30:34Z">
          <params>
            <param index="0">
              <value>
                <![CDATA[com.automation.ui.digitaldeployer.pageobjectsfactory.pageobject.home.vo.InitialSearchVO@2b329bbd]]>
              </value>
            </param>
          </params>
          <reporter-output>
            <line>
              <![CDATA[default constructor called]]>
            </line>
          </reporter-output>
        </test-method> <!-- launchdocumentation_Test -->
        <test-method status="PASS" signature="initTestContext(java.lang.reflect.Method)[pri:0, instance:com.automation.ui.digitaldeployer.testcases.home.HomePageTest@1080b026]" name="initTestContext" is-config="true" duration-ms="1163" started-at="2023-01-12T20:30:34Z" finished-at="2023-01-12T20:30:35Z">
          <params>
            <param index="0">
              <value>
                <![CDATA[public void com.automation.ui.digitaldeployer.testcases.home.HomePageTest.launchhealth_Test(com.automation.ui.digitaldeployer.pageobjectsfactory.pageobject.home.vo.InitialSearchVO) throws java.lang.Throwable]]>
              </value>
            </param>
          </params>
          <reporter-output>
          </reporter-output>
        </test-method> <!-- initTestContext -->
        <test-method status="PASS" signature="launchhealth_Test(com.automation.ui.digitaldeployer.pageobjectsfactory.pageobject.home.vo.InitialSearchVO)[pri:10, instance:com.automation.ui.digitaldeployer.testcases.home.HomePageTest@1080b026]" name="launchhealth_Test" duration-ms="5209" started-at="2023-01-12T20:30:35Z" description="StarterRun" data-provider="initSearchStarter" finished-at="2023-01-12T20:30:41Z">
          <params>
            <param index="0">
              <value>
                <![CDATA[com.automation.ui.digitaldeployer.pageobjectsfactory.pageobject.home.vo.InitialSearchVO@27ace0b1]]>
              </value>
            </param>
          </params>
          <reporter-output>
            <line>
              <![CDATA[default constructor called]]>
            </line>
          </reporter-output>
        </test-method> <!-- launchhealth_Test -->
        <test-method status="PASS" signature="initTestContext(java.lang.reflect.Method)[pri:0, instance:com.automation.ui.digitaldeployer.testcases.home.HomePageTest@1080b026]" name="initTestContext" is-config="true" duration-ms="1402" started-at="2023-01-12T20:30:41Z" finished-at="2023-01-12T20:30:42Z">
          <params>
            <param index="0">
              <value>
                <![CDATA[public void com.automation.ui.digitaldeployer.testcases.home.HomePageTest.launchhelp_Test(com.automation.ui.digitaldeployer.pageobjectsfactory.pageobject.home.vo.InitialSearchVO) throws java.lang.Throwable]]>
              </value>
            </param>
          </params>
          <reporter-output>
          </reporter-output>
        </test-method> <!-- initTestContext -->
        <test-method status="PASS" signature="launchhelp_Test(com.automation.ui.digitaldeployer.pageobjectsfactory.pageobject.home.vo.InitialSearchVO)[pri:10, instance:com.automation.ui.digitaldeployer.testcases.home.HomePageTest@1080b026]" name="launchhelp_Test" duration-ms="5246" started-at="2023-01-12T20:30:42Z" description="StarterRun" data-provider="initSearchStarter" finished-at="2023-01-12T20:30:47Z">
          <params>
            <param index="0">
              <value>
                <![CDATA[com.automation.ui.digitaldeployer.pageobjectsfactory.pageobject.home.vo.InitialSearchVO@6e1b9411]]>
              </value>
            </param>
          </params>
          <reporter-output>
            <line>
              <![CDATA[default constructor called]]>
            </line>
          </reporter-output>
        </test-method> <!-- launchhelp_Test -->
        <test-method status="PASS" signature="initTestContext(java.lang.reflect.Method)[pri:0, instance:com.automation.ui.digitaldeployer.testcases.home.HomePageTest@1080b026]" name="initTestContext" is-config="true" duration-ms="1403" started-at="2023-01-12T20:30:47Z" finished-at="2023-01-12T20:30:49Z">
          <params>
            <param index="0">
              <value>
                <![CDATA[public void com.automation.ui.digitaldeployer.testcases.home.HomePageTest.launchnotification_Test(com.automation.ui.digitaldeployer.pageobjectsfactory.pageobject.home.vo.InitialSearchVO) throws java.lang.Throwable]]>
              </value>
            </param>
          </params>
          <reporter-output>
          </reporter-output>
        </test-method> <!-- initTestContext -->
        <test-method status="PASS" signature="launchnotification_Test(com.automation.ui.digitaldeployer.pageobjectsfactory.pageobject.home.vo.InitialSearchVO)[pri:10, instance:com.automation.ui.digitaldeployer.testcases.home.HomePageTest@1080b026]" name="launchnotification_Test" duration-ms="5287" started-at="2023-01-12T20:30:49Z" description="StarterRun" data-provider="initSearchStarter" finished-at="2023-01-12T20:30:54Z">
          <params>
            <param index="0">
              <value>
                <![CDATA[com.automation.ui.digitaldeployer.pageobjectsfactory.pageobject.home.vo.InitialSearchVO@571a9686]]>
              </value>
            </param>
          </params>
          <reporter-output>
            <line>
              <![CDATA[default constructor called]]>
            </line>
          </reporter-output>
        </test-method> <!-- launchnotification_Test -->
      </class> <!-- com.automation.ui.digitaldeployer.testcases.home.HomePageTest -->
      <class name="com.automation.ui.digitaldeployer.testcases.index.IndexPageTest">
        <test-method status="PASS" signature="beforeSuite()[pri:0, instance:com.automation.ui.digitaldeployer.testcases.index.IndexPageTest@5b43fbf6]" name="beforeSuite" is-config="true" duration-ms="142" started-at="2023-01-12T20:28:43Z" finished-at="2023-01-12T20:28:43Z">
          <reporter-output>
            <line>
              <![CDATA[beforeSuite::CoreTestTemplate]]>
            </line>
          </reporter-output>
        </test-method> <!-- beforeSuite -->
        <test-method status="PASS" signature="initTestClass()[pri:0, instance:com.automation.ui.digitaldeployer.testcases.index.IndexPageTest@5b43fbf6]" name="initTestClass" is-config="true" duration-ms="1" started-at="2023-01-12T20:28:43Z" finished-at="2023-01-12T20:28:43Z">
          <reporter-output>
          </reporter-output>
        </test-method> <!-- initTestClass -->
        <test-method status="PASS" signature="initTestContext(java.lang.reflect.Method)[pri:0, instance:com.automation.ui.digitaldeployer.testcases.index.IndexPageTest@5b43fbf6]" name="initTestContext" is-config="true" duration-ms="5325" started-at="2023-01-12T20:28:43Z" finished-at="2023-01-12T20:28:48Z">
          <params>
            <param index="0">
              <value>
                <![CDATA[public void com.automation.ui.digitaldeployer.testcases.index.IndexPageTest.launchHomePage_Test(com.automation.ui.digitaldeployer.pageobjectsfactory.pageobject.index.vo.InitialSearchVO) throws java.lang.Throwable]]>
              </value>
            </param>
          </params>
          <reporter-output>
          </reporter-output>
        </test-method> <!-- initTestContext -->
        <test-method status="PASS" signature="launchHomePage_Test(com.automation.ui.digitaldeployer.pageobjectsfactory.pageobject.index.vo.InitialSearchVO)[pri:1, instance:com.automation.ui.digitaldeployer.testcases.index.IndexPageTest@5b43fbf6]" name="launchHomePage_Test" duration-ms="1401" started-at="2023-01-12T20:28:48Z" description="StarterRun" data-provider="initSearchStarter" finished-at="2023-01-12T20:28:50Z">
          <params>
            <param index="0">
              <value>
                <![CDATA[com.automation.ui.digitaldeployer.pageobjectsfactory.pageobject.index.vo.InitialSearchVO@5cbb84b1]]>
              </value>
            </param>
          </params>
          <reporter-output>
          </reporter-output>
        </test-method> <!-- launchHomePage_Test -->
        <test-method status="PASS" signature="stop()[pri:0, instance:com.automation.ui.digitaldeployer.testcases.index.IndexPageTest@5b43fbf6]" name="stop" is-config="true" duration-ms="641" started-at="2023-01-12T20:30:54Z" finished-at="2023-01-12T20:30:55Z">
          <reporter-output>
          </reporter-output>
        </test-method> <!-- stop -->
        <test-method status="PASS" signature="tearDownAfterTestSuite()[pri:0, instance:com.automation.ui.digitaldeployer.testcases.index.IndexPageTest@5b43fbf6]" name="tearDownAfterTestSuite" is-config="true" duration-ms="1" started-at="2023-01-12T20:30:55Z" finished-at="2023-01-12T20:30:55Z">
          <reporter-output>
          </reporter-output>
        </test-method> <!-- tearDownAfterTestSuite -->
      </class> <!-- com.automation.ui.digitaldeployer.testcases.index.IndexPageTest -->
    </test> <!-- Home -->
  </suite> <!-- portalautomation -->
</testng-results>
